[ 2015-08-14T10:07:13+08:00 ] 58.62.103.109 /
INFO: [ app_begin ] --START--
INFO: ReadHtmlCache Behavior ::run [ RunTime:0.008393s ]
INFO: [ app_begin ] --END-- [ RunTime:0.008647s ]
SQL: SHOW COLUMNS FROM `qq_relation` [ RunTime:0.001230s ]
SQL: SHOW COLUMNS FROM qq_user u [ RunTime:0.000476s ]
ERR: 1064:You have an error in your SQL syntax; check the manual that corresponds to your MySQL server version for the right syntax to use near 'u' at line 1
 [ SQL语句 ] : SHOW COLUMNS FROM qq_user u
SQL: SHOW COLUMNS FROM qq_relation r [ RunTime:0.000489s ]
ERR: 1064:You have an error in your SQL syntax; check the manual that corresponds to your MySQL server version for the right syntax to use near 'r' at line 1
 [ SQL语句 ] : SHOW COLUMNS FROM qq_relation r
SQL: SELECT u.user_name,u.logo,u.style_name,r.friend_id,r.remark,r.group_name FROM qq_user u LEFT JOIN qq_relation r on u.user_id=r.friend_id WHERE ( r.user_id=29 AND status=1 AND (u.user_name like '%%' OR r.remark like '%%') )  [ RunTime:0.000883s ]
SQL: SHOW COLUMNS FROM `qq_user` [ RunTime:0.000930s ]
SQL: SHOW COLUMNS FROM `qq_user` [ RunTime:0.001003s ]
SQL: SELECT `user_name`,`style_name`,`logo` FROM `qq_user` WHERE ( user_id=29 ) LIMIT 1   [ RunTime:0.000655s ]
SQL: SHOW COLUMNS FROM `qq_relation` [ RunTime:0.001060s ]
SQL: SELECT count(*) num FROM `qq_relation` WHERE ( friend_id=29 and status=0 ) LIMIT 1   [ RunTime:0.001061s ]
INFO: [ view_parse ] --START--
INFO: ParseTemplate Behavior ::run [ RunTime:0.029421s ]
INFO: [ view_parse ] --END-- [ RunTime:0.029529s ]
INFO: [ view_filter ] --START--
INFO: ContentReplace Behavior ::run [ RunTime:0.002030s ]
INFO: TokenBuild Behavior ::run [ RunTime:0.001814s ]
INFO: WriteHtmlCache Behavior ::run [ RunTime:0.001061s ]
INFO: ShowRuntime Behavior ::run [ RunTime:0.001564s ]
INFO: [ view_filter ] --END-- [ RunTime:0.006699s ]
NOTIC: [8] Constant THEME_NAME already defined /data/home/qxu1591180029/htdocs/ThinkPHP/Lib/Core/View.class.php 第 223 行.
NOTIC: [8] Constant THEME_PATH already defined /data/home/qxu1591180029/htdocs/ThinkPHP/Lib/Core/View.class.php 第 171 行.
NOTIC: [8] Constant APP_TMPL_PATH already defined /data/home/qxu1591180029/htdocs/ThinkPHP/Lib/Core/View.class.php 第 172 行.
INFO: [ view_parse ] --START--
INFO: ParseTemplate Behavior ::run [ RunTime:0.042200s ]
INFO: [ view_parse ] --END-- [ RunTime:-0.007084s ]
INFO: [ view_filter ] --START--
INFO: ContentReplace Behavior ::run [ RunTime:0.000118s ]
INFO: TokenBuild Behavior ::run [ RunTime:0.000046s ]
INFO: WriteHtmlCache Behavior ::run [ RunTime:0.000012s ]
INFO: ShowRuntime Behavior ::run [ RunTime:0.000063s ]
INFO: [ view_filter ] --END-- [ RunTime:-0.042702s ]
INFO: [ view_end ] --START--
INFO: ShowPageTrace Behavior ::run [ RunTime:0.002743s ]
INFO: [ view_end ] --END-- [ RunTime:0.002824s ]

[ 2015-08-14T10:10:16+08:00 ] 58.62.103.109 /
INFO: [ app_begin ] --START--
INFO: ReadHtmlCache Behavior ::run [ RunTime:0.000582s ]
INFO: [ app_begin ] --END-- [ RunTime:0.000779s ]
SQL: SHOW COLUMNS FROM `qq_relation` [ RunTime:0.001269s ]
SQL: SHOW COLUMNS FROM qq_user u [ RunTime:0.000483s ]
ERR: 1064:You have an error in your SQL syntax; check the manual that corresponds to your MySQL server version for the right syntax to use near 'u' at line 1
 [ SQL语句 ] : SHOW COLUMNS FROM qq_user u
SQL: SHOW COLUMNS FROM qq_relation r [ RunTime:0.000453s ]
ERR: 1064:You have an error in your SQL syntax; check the manual that corresponds to your MySQL server version for the right syntax to use near 'r' at line 1
 [ SQL语句 ] : SHOW COLUMNS FROM qq_relation r
SQL: SELECT u.user_name,u.logo,u.style_name,r.friend_id,r.remark,r.group_name FROM qq_user u LEFT JOIN qq_relation r on u.user_id=r.friend_id WHERE ( r.user_id=29 AND status=1 AND (u.user_name like '%%' OR r.remark like '%%') )  [ RunTime:0.000515s ]
SQL: SHOW COLUMNS FROM `qq_user` [ RunTime:0.001001s ]
SQL: SHOW COLUMNS FROM `qq_user` [ RunTime:0.000856s ]
SQL: SELECT `user_name`,`style_name`,`logo` FROM `qq_user` WHERE ( user_id=29 ) LIMIT 1   [ RunTime:0.000512s ]
SQL: SHOW COLUMNS FROM `qq_relation` [ RunTime:0.000825s ]
SQL: SELECT count(*) num FROM `qq_relation` WHERE ( friend_id=29 and status=0 ) LIMIT 1   [ RunTime:0.000551s ]
INFO: [ view_parse ] --START--
INFO: ParseTemplate Behavior ::run [ RunTime:0.013861s ]
INFO: [ view_parse ] --END-- [ RunTime:0.013968s ]
INFO: [ view_filter ] --START--
INFO: ContentReplace Behavior ::run [ RunTime:0.000412s ]
INFO: TokenBuild Behavior ::run [ RunTime:0.000378s ]
INFO: WriteHtmlCache Behavior ::run [ RunTime:0.000309s ]
INFO: ShowRuntime Behavior ::run [ RunTime:0.000427s ]
INFO: [ view_filter ] --END-- [ RunTime:0.001747s ]
NOTIC: [8] Constant THEME_NAME already defined /data/home/qxu1591180029/htdocs/ThinkPHP/Lib/Core/View.class.php 第 223 行.
NOTIC: [8] Constant THEME_PATH already defined /data/home/qxu1591180029/htdocs/ThinkPHP/Lib/Core/View.class.php 第 171 行.
NOTIC: [8] Constant APP_TMPL_PATH already defined /data/home/qxu1591180029/htdocs/ThinkPHP/Lib/Core/View.class.php 第 172 行.
INFO: [ view_parse ] --START--
INFO: ParseTemplate Behavior ::run [ RunTime:0.007209s ]
INFO: [ view_parse ] --END-- [ RunTime:-0.002139s ]
INFO: [ view_filter ] --START--
INFO: ContentReplace Behavior ::run [ RunTime:0.000148s ]
INFO: TokenBuild Behavior ::run [ RunTime:0.000078s ]
INFO: WriteHtmlCache Behavior ::run [ RunTime:0.000016s ]
INFO: ShowRuntime Behavior ::run [ RunTime:0.000097s ]
INFO: [ view_filter ] --END-- [ RunTime:-0.007719s ]
INFO: [ view_end ] --START--
INFO: ShowPageTrace Behavior ::run [ RunTime:0.000795s ]
INFO: [ view_end ] --END-- [ RunTime:0.000886s ]

[ 2015-08-14T10:10:18+08:00 ] 119.147.146.193 /
INFO: [ app_begin ] --START--
INFO: ReadHtmlCache Behavior ::run [ RunTime:0.000578s ]
INFO: [ app_begin ] --END-- [ RunTime:0.000749s ]

[ 2015-08-14T10:10:18+08:00 ] 119.147.146.193 /index.php/Index/Login/index
INFO: [ route_check ] --START--
INFO: CheckRoute Behavior ::run [ RunTime:0.022441s ]
INFO: [ route_check ] --END-- [ RunTime:0.022678s ]
INFO: [ app_begin ] --START--
INFO: ReadHtmlCache Behavior ::run [ RunTime:0.003519s ]
INFO: [ app_begin ] --END-- [ RunTime:0.003708s ]
INFO: [ view_parse ] --START--
INFO: ParseTemplate Behavior ::run [ RunTime:0.016164s ]
INFO: [ view_parse ] --END-- [ RunTime:0.016311s ]
INFO: [ view_filter ] --START--
INFO: ContentReplace Behavior ::run [ RunTime:0.000391s ]
INFO: TokenBuild Behavior ::run [ RunTime:0.000425s ]
INFO: WriteHtmlCache Behavior ::run [ RunTime:0.000254s ]
INFO: ShowRuntime Behavior ::run [ RunTime:0.000604s ]
INFO: [ view_filter ] --END-- [ RunTime:0.001875s ]
INFO: [ view_end ] --START--
INFO: ShowPageTrace Behavior ::run [ RunTime:0.000900s ]
INFO: [ view_end ] --END-- [ RunTime:0.000995s ]

[ 2015-08-14T10:10:19+08:00 ] 119.147.146.193 /index.php/Index/Login/index
INFO: [ route_check ] --START--
INFO: CheckRoute Behavior ::run [ RunTime:0.000797s ]
INFO: [ route_check ] --END-- [ RunTime:0.000953s ]
INFO: [ app_begin ] --START--
INFO: ReadHtmlCache Behavior ::run [ RunTime:0.000532s ]
INFO: [ app_begin ] --END-- [ RunTime:0.000606s ]
INFO: [ view_parse ] --START--
INFO: ParseTemplate Behavior ::run [ RunTime:0.008542s ]
INFO: [ view_parse ] --END-- [ RunTime:0.008635s ]
INFO: [ view_filter ] --START--
INFO: ContentReplace Behavior ::run [ RunTime:0.000386s ]
INFO: TokenBuild Behavior ::run [ RunTime:0.000353s ]
INFO: WriteHtmlCache Behavior ::run [ RunTime:0.000263s ]
INFO: ShowRuntime Behavior ::run [ RunTime:0.000442s ]
INFO: [ view_filter ] --END-- [ RunTime:0.001646s ]
INFO: [ view_end ] --START--
INFO: ShowPageTrace Behavior ::run [ RunTime:0.000600s ]
INFO: [ view_end ] --END-- [ RunTime:0.000663s ]

[ 2015-08-14T10:10:25+08:00 ] 58.62.103.109 /index.php/Index/Login/logout
INFO: [ route_check ] --START--
INFO: CheckRoute Behavior ::run [ RunTime:0.000790s ]
INFO: [ route_check ] --END-- [ RunTime:0.000952s ]
INFO: [ app_begin ] --START--
INFO: ReadHtmlCache Behavior ::run [ RunTime:0.000542s ]
INFO: [ app_begin ] --END-- [ RunTime:0.000616s ]
SQL: SHOW COLUMNS FROM `qq_user` [ RunTime:0.001112s ]
SQL: UPDATE `qq_user` SET `logout_time`=1439518225 WHERE ( `user_id` = 29 ) [ RunTime:0.000664s ]

[ 2015-08-14T10:10:25+08:00 ] 58.62.103.109 /index.php/Index/Login/index
INFO: [ route_check ] --START--
INFO: CheckRoute Behavior ::run [ RunTime:0.000739s ]
INFO: [ route_check ] --END-- [ RunTime:0.000889s ]
INFO: [ app_begin ] --START--
INFO: ReadHtmlCache Behavior ::run [ RunTime:0.000503s ]
INFO: [ app_begin ] --END-- [ RunTime:0.000578s ]
INFO: [ view_parse ] --START--
INFO: ParseTemplate Behavior ::run [ RunTime:0.007939s ]
INFO: [ view_parse ] --END-- [ RunTime:0.008036s ]
INFO: [ view_filter ] --START--
INFO: ContentReplace Behavior ::run [ RunTime:0.000451s ]
INFO: TokenBuild Behavior ::run [ RunTime:0.000437s ]
INFO: WriteHtmlCache Behavior ::run [ RunTime:0.000333s ]
INFO: ShowRuntime Behavior ::run [ RunTime:0.000505s ]
INFO: [ view_filter ] --END-- [ RunTime:0.001952s ]
INFO: [ view_end ] --START--
INFO: ShowPageTrace Behavior ::run [ RunTime:0.000605s ]
INFO: [ view_end ] --END-- [ RunTime:0.000677s ]

[ 2015-08-14T10:10:27+08:00 ] 58.62.103.109 /index.php/Index/Login/qq_login
INFO: [ route_check ] --START--
INFO: CheckRoute Behavior ::run [ RunTime:0.001195s ]
INFO: [ route_check ] --END-- [ RunTime:0.001440s ]
INFO: [ app_begin ] --START--
INFO: ReadHtmlCache Behavior ::run [ RunTime:0.000587s ]
INFO: [ app_begin ] --END-- [ RunTime:0.000691s ]
NOTIC: [8] A session had already been started - ignoring session_start() /data/home/qxu1591180029/htdocs/Class/Connect2.0/API/qqConnectAPI.php 第 2 行.

[ 2015-08-14T10:10:31+08:00 ] 58.62.103.109 /index.php/Index/Login/callback?code=787B593207687A32A4DE41D5D7F93087&state=d1b02762c72793f359dd3f2c1127e8cd
INFO: [ route_check ] --START--
INFO: CheckRoute Behavior ::run [ RunTime:0.000764s ]
INFO: [ route_check ] --END-- [ RunTime:0.000922s ]
INFO: [ app_begin ] --START--
INFO: ReadHtmlCache Behavior ::run [ RunTime:0.000547s ]
INFO: [ app_begin ] --END-- [ RunTime:0.000618s ]
NOTIC: [8] A session had already been started - ignoring session_start() /data/home/qxu1591180029/htdocs/Class/Connect2.0/API/qqConnectAPI.php 第 2 行.
SQL: SHOW COLUMNS FROM `qq_user` [ RunTime:0.001127s ]
SQL: SELECT * FROM `qq_user` WHERE ( qq_openid="37CA14FCEC5D8A3A0946D5E89DAAE1CB" ) LIMIT 1   [ RunTime:0.000636s ]
SQL: UPDATE `qq_user` SET `login_time`=1439518231 WHERE ( user_id=29 ) [ RunTime:0.000852s ]
INFO: [ view_parse ] --START--
INFO: ParseTemplate Behavior ::run [ RunTime:0.029460s ]
INFO: [ view_parse ] --END-- [ RunTime:0.029573s ]
INFO: [ view_filter ] --START--
INFO: ContentReplace Behavior ::run [ RunTime:0.000439s ]
INFO: TokenBuild Behavior ::run [ RunTime:0.000363s ]
INFO: WriteHtmlCache Behavior ::run [ RunTime:0.000283s ]
INFO: ShowRuntime Behavior ::run [ RunTime:0.000450s ]
INFO: [ view_filter ] --END-- [ RunTime:0.001726s ]
INFO: [ view_end ] --START--
INFO: ShowPageTrace Behavior ::run [ RunTime:0.000661s ]
INFO: [ view_end ] --END-- [ RunTime:0.000729s ]

[ 2015-08-14T10:10:32+08:00 ] 58.62.103.109 /index.php/Index/Index/index
INFO: [ route_check ] --START--
INFO: CheckRoute Behavior ::run [ RunTime:0.000748s ]
INFO: [ route_check ] --END-- [ RunTime:0.000938s ]
INFO: [ app_begin ] --START--
INFO: ReadHtmlCache Behavior ::run [ RunTime:0.000549s ]
INFO: [ app_begin ] --END-- [ RunTime:0.000624s ]
SQL: SHOW COLUMNS FROM `qq_relation` [ RunTime:0.001095s ]
SQL: SHOW COLUMNS FROM qq_user u [ RunTime:0.000516s ]
ERR: 1064:You have an error in your SQL syntax; check the manual that corresponds to your MySQL server version for the right syntax to use near 'u' at line 1
 [ SQL语句 ] : SHOW COLUMNS FROM qq_user u
SQL: SHOW COLUMNS FROM qq_relation r [ RunTime:0.000533s ]
ERR: 1064:You have an error in your SQL syntax; check the manual that corresponds to your MySQL server version for the right syntax to use near 'r' at line 1
 [ SQL语句 ] : SHOW COLUMNS FROM qq_relation r
SQL: SELECT u.user_name,u.logo,u.style_name,r.friend_id,r.remark,r.group_name FROM qq_user u LEFT JOIN qq_relation r on u.user_id=r.friend_id WHERE ( r.user_id=29 AND status=1 AND (u.user_name like '%%' OR r.remark like '%%') )  [ RunTime:0.000811s ]
SQL: SHOW COLUMNS FROM `qq_user` [ RunTime:0.000885s ]
SQL: SHOW COLUMNS FROM `qq_user` [ RunTime:0.000924s ]
SQL: SELECT `user_name`,`style_name`,`logo` FROM `qq_user` WHERE ( user_id=29 ) LIMIT 1   [ RunTime:0.000637s ]
SQL: SHOW COLUMNS FROM `qq_relation` [ RunTime:0.000821s ]
SQL: SELECT count(*) num FROM `qq_relation` WHERE ( friend_id=29 and status=0 ) LIMIT 1   [ RunTime:0.000508s ]
INFO: [ view_parse ] --START--
INFO: ParseTemplate Behavior ::run [ RunTime:0.010643s ]
INFO: [ view_parse ] --END-- [ RunTime:0.010785s ]
INFO: [ view_filter ] --START--
INFO: ContentReplace Behavior ::run [ RunTime:0.000347s ]
INFO: TokenBuild Behavior ::run [ RunTime:0.000374s ]
INFO: WriteHtmlCache Behavior ::run [ RunTime:0.000278s ]
INFO: ShowRuntime Behavior ::run [ RunTime:0.000417s ]
INFO: [ view_filter ] --END-- [ RunTime:0.001598s ]
NOTIC: [8] Constant THEME_NAME already defined /data/home/qxu1591180029/htdocs/ThinkPHP/Lib/Core/View.class.php 第 223 行.
NOTIC: [8] Constant THEME_PATH already defined /data/home/qxu1591180029/htdocs/ThinkPHP/Lib/Core/View.class.php 第 171 行.
NOTIC: [8] Constant APP_TMPL_PATH already defined /data/home/qxu1591180029/htdocs/ThinkPHP/Lib/Core/View.class.php 第 172 行.
INFO: [ view_parse ] --START--
INFO: ParseTemplate Behavior ::run [ RunTime:0.005075s ]
INFO: [ view_parse ] --END-- [ RunTime:-0.001985s ]
INFO: [ view_filter ] --START--
INFO: ContentReplace Behavior ::run [ RunTime:0.000097s ]
INFO: TokenBuild Behavior ::run [ RunTime:0.000044s ]
INFO: WriteHtmlCache Behavior ::run [ RunTime:0.000010s ]
INFO: ShowRuntime Behavior ::run [ RunTime:0.000073s ]
INFO: [ view_filter ] --END-- [ RunTime:-0.005537s ]
INFO: [ view_end ] --START--
INFO: ShowPageTrace Behavior ::run [ RunTime:0.000610s ]
INFO: [ view_end ] --END-- [ RunTime:0.000668s ]

[ 2015-08-14T10:10:36+08:00 ] 58.62.103.109 /index.php/Index/Index/addFriend
INFO: [ route_check ] --START--
INFO: CheckRoute Behavior ::run [ RunTime:0.000752s ]
INFO: [ route_check ] --END-- [ RunTime:0.000904s ]
INFO: [ app_begin ] --START--
INFO: ReadHtmlCache Behavior ::run [ RunTime:0.000563s ]
INFO: [ app_begin ] --END-- [ RunTime:0.000648s ]
SQL: SHOW COLUMNS FROM `qq_user` [ RunTime:0.001020s ]
SQL: SHOW COLUMNS FROM `qq_user` [ RunTime:0.000863s ]
SQL: SELECT `user_name`,`style_name`,`logo` FROM `qq_user` WHERE ( user_id=29 ) LIMIT 1   [ RunTime:0.000479s ]
SQL: SHOW COLUMNS FROM `qq_relation` [ RunTime:0.000823s ]
SQL: SELECT count(*) num FROM `qq_relation` WHERE ( friend_id=29 and status=0 ) LIMIT 1   [ RunTime:0.000471s ]
SQL: SHOW COLUMNS FROM `qq_relation` [ RunTime:0.000841s ]
SQL: SHOW COLUMNS FROM qq_relation r [ RunTime:0.000485s ]
ERR: 1064:You have an error in your SQL syntax; check the manual that corresponds to your MySQL server version for the right syntax to use near 'r' at line 1
 [ SQL语句 ] : SHOW COLUMNS FROM qq_relation r
SQL: SHOW COLUMNS FROM qq_user u [ RunTime:0.000468s ]
ERR: 1064:You have an error in your SQL syntax; check the manual that corresponds to your MySQL server version for the right syntax to use near 'u' at line 1
 [ SQL语句 ] : SHOW COLUMNS FROM qq_user u
SQL: SELECT distinct(u.user_id),u.style_name,u.user_name,u.logo FROM qq_relation r LEFT JOIN qq_user u on r.friend_id=u.user_id WHERE ( r.user_id in ( SELECT r.friend_id FROM qq_relation r WHERE ( r.status=1 and r.user_id=29 )  ) and r.status=1 and r.friend_id not in ( SELECT r.friend_id FROM qq_relation r WHERE ( r.status=1 and r.user_id=29 )  ) and r.friend_id<>29 ) LIMIT 5   [ RunTime:0.002006s ]
SQL: SELECT `user_id`,`style_name`,`user_name`,`logo` FROM qq_user u WHERE ( user_id<>29 and user_id not in ( SELECT `friend_id` FROM qq_relation r WHERE ( user_id=29 and status=1 )  ) ) ORDER BY rand() LIMIT 5   [ RunTime:0.001228s ]
INFO: [ view_parse ] --START--
INFO: ParseTemplate Behavior ::run [ RunTime:0.011023s ]
INFO: [ view_parse ] --END-- [ RunTime:0.011112s ]
INFO: [ view_filter ] --START--
INFO: ContentReplace Behavior ::run [ RunTime:0.000403s ]
INFO: TokenBuild Behavior ::run [ RunTime:0.000398s ]
INFO: WriteHtmlCache Behavior ::run [ RunTime:0.000293s ]
INFO: ShowRuntime Behavior ::run [ RunTime:0.000414s ]
INFO: [ view_filter ] --END-- [ RunTime:0.001701s ]
NOTIC: [8] Constant THEME_NAME already defined /data/home/qxu1591180029/htdocs/ThinkPHP/Lib/Core/View.class.php 第 223 行.
NOTIC: [8] Constant THEME_PATH already defined /data/home/qxu1591180029/htdocs/ThinkPHP/Lib/Core/View.class.php 第 171 行.
NOTIC: [8] Constant APP_TMPL_PATH already defined /data/home/qxu1591180029/htdocs/ThinkPHP/Lib/Core/View.class.php 第 172 行.
INFO: [ view_parse ] --START--
INFO: ParseTemplate Behavior ::run [ RunTime:0.005131s ]
INFO: [ view_parse ] --END-- [ RunTime:-0.002165s ]
INFO: [ view_filter ] --START--
INFO: ContentReplace Behavior ::run [ RunTime:0.000106s ]
INFO: TokenBuild Behavior ::run [ RunTime:0.000043s ]
INFO: WriteHtmlCache Behavior ::run [ RunTime:0.000009s ]
INFO: ShowRuntime Behavior ::run [ RunTime:0.000070s ]
INFO: [ view_filter ] --END-- [ RunTime:-0.005661s ]
INFO: [ view_end ] --START--
INFO: ShowPageTrace Behavior ::run [ RunTime:0.000576s ]
INFO: [ view_end ] --END-- [ RunTime:0.000643s ]

[ 2015-08-14T10:10:38+08:00 ] 58.62.103.109 /index.php/Index/Index/dialog
INFO: [ route_check ] --START--
INFO: CheckRoute Behavior ::run [ RunTime:0.000800s ]
INFO: [ route_check ] --END-- [ RunTime:0.001007s ]
INFO: [ app_begin ] --START--
INFO: ReadHtmlCache Behavior ::run [ RunTime:0.000754s ]
INFO: [ app_begin ] --END-- [ RunTime:0.000864s ]
SQL: SHOW COLUMNS FROM `qq_user` [ RunTime:0.001142s ]
SQL: SHOW COLUMNS FROM `qq_user` [ RunTime:0.000864s ]
SQL: SELECT `user_name`,`style_name`,`logo` FROM `qq_user` WHERE ( user_id=29 ) LIMIT 1   [ RunTime:0.000498s ]
SQL: SHOW COLUMNS FROM `qq_relation` [ RunTime:0.000940s ]
SQL: SELECT count(*) num FROM `qq_relation` WHERE ( friend_id=29 and status=0 ) LIMIT 1   [ RunTime:0.000489s ]
SQL: SHOW COLUMNS FROM `qq_content` [ RunTime:0.001102s ]
SQL: SHOW COLUMNS FROM `qq_content` [ RunTime:0.000847s ]
SQL: SHOW COLUMNS FROM qq_content q1 [ RunTime:0.000511s ]
ERR: 1064:You have an error in your SQL syntax; check the manual that corresponds to your MySQL server version for the right syntax to use near 'q1' at line 1
 [ SQL语句 ] : SHOW COLUMNS FROM qq_content q1
SQL: SELECT q1.id,q1.user_id,q1.pid,q1.content,q1.time FROM qq_content q1 inner join ( SELECT `pid`,MAX(time) AS t FROM `qq_content` WHERE ( user_id=29 ) GROUP BY pid  ) AS q2 ON q1.time=q2.t AND q1.pid=q2.pid  [ RunTime:0.001092s ]
SQL: SELECT q1.id,q1.user_id,q1.pid,q1.content,q1.time FROM qq_content q1 inner join ( SELECT `user_id`,MAX(time) AS t FROM `qq_content` WHERE ( pid=29 ) GROUP BY user_id  ) AS q2 ON q1.time=q2.t AND q1.user_id=q2.user_id  [ RunTime:0.000867s ]
SQL: SELECT `user_name`,`logo`,`style_name` FROM `qq_user` WHERE ( user_id=1 ) LIMIT 1   [ RunTime:0.002844s ]
SQL: SELECT `remark` FROM `qq_relation` WHERE ( user_id=29 AND friend_id=1 ) LIMIT 1   [ RunTime:0.001066s ]
SQL: SELECT `user_name` FROM `qq_user` WHERE ( user_id=29 ) LIMIT 1   [ RunTime:0.000613s ]
SQL: SELECT `user_name`,`logo`,`style_name` FROM `qq_user` WHERE ( user_id=14 ) LIMIT 1   [ RunTime:0.000576s ]
SQL: SELECT `remark` FROM `qq_relation` WHERE ( user_id=29 AND friend_id=14 ) LIMIT 1   [ RunTime:0.000566s ]
SQL: SELECT `user_name` FROM `qq_user` WHERE ( user_id=29 ) LIMIT 1   [ RunTime:0.000410s ]
SQL: SELECT `user_name`,`logo`,`style_name` FROM `qq_user` WHERE ( user_id=11 ) LIMIT 1   [ RunTime:0.000519s ]
SQL: SELECT `remark` FROM `qq_relation` WHERE ( user_id=29 AND friend_id=11 ) LIMIT 1   [ RunTime:0.000563s ]
SQL: SELECT `user_name` FROM `qq_user` WHERE ( user_id=11 ) LIMIT 1   [ RunTime:0.000575s ]
SQL: SELECT `user_name`,`logo`,`style_name` FROM `qq_user` WHERE ( user_id=15 ) LIMIT 1   [ RunTime:0.000567s ]
SQL: SELECT `remark` FROM `qq_relation` WHERE ( user_id=29 AND friend_id=15 ) LIMIT 1   [ RunTime:0.000581s ]
SQL: SELECT `user_name` FROM `qq_user` WHERE ( user_id=15 ) LIMIT 1   [ RunTime:0.000566s ]
INFO: [ view_parse ] --START--
INFO: ParseTemplate Behavior ::run [ RunTime:0.024085s ]
INFO: [ view_parse ] --END-- [ RunTime:0.024213s ]
INFO: [ view_filter ] --START--
INFO: ContentReplace Behavior ::run [ RunTime:0.000490s ]
INFO: TokenBuild Behavior ::run [ RunTime:0.000477s ]
INFO: WriteHtmlCache Behavior ::run [ RunTime:0.000332s ]
INFO: ShowRuntime Behavior ::run [ RunTime:0.000568s ]
INFO: [ view_filter ] --END-- [ RunTime:0.002147s ]
NOTIC: [8] Constant THEME_NAME already defined /data/home/qxu1591180029/htdocs/ThinkPHP/Lib/Core/View.class.php 第 223 行.
NOTIC: [8] Constant THEME_PATH already defined /data/home/qxu1591180029/htdocs/ThinkPHP/Lib/Core/View.class.php 第 171 行.
NOTIC: [8] Constant APP_TMPL_PATH already defined /data/home/qxu1591180029/htdocs/ThinkPHP/Lib/Core/View.class.php 第 172 行.
INFO: [ view_parse ] --START--
INFO: ParseTemplate Behavior ::run [ RunTime:0.004872s ]
INFO: [ view_parse ] --END-- [ RunTime:-0.002696s ]
INFO: [ view_filter ] --START--
INFO: ContentReplace Behavior ::run [ RunTime:0.000101s ]
INFO: TokenBuild Behavior ::run [ RunTime:0.000047s ]
INFO: WriteHtmlCache Behavior ::run [ RunTime:0.000025s ]
INFO: ShowRuntime Behavior ::run [ RunTime:0.000061s ]
INFO: [ view_filter ] --END-- [ RunTime:-0.005483s ]
INFO: [ view_end ] --START--
INFO: ShowPageTrace Behavior ::run [ RunTime:0.000573s ]
INFO: [ view_end ] --END-- [ RunTime:0.000630s ]

[ 2015-08-14T10:10:42+08:00 ] 58.62.103.109 /index.php/Index/Index/dialog
INFO: [ route_check ] --START--
INFO: CheckRoute Behavior ::run [ RunTime:0.000736s ]
INFO: [ route_check ] --END-- [ RunTime:0.000910s ]
INFO: [ app_begin ] --START--
INFO: ReadHtmlCache Behavior ::run [ RunTime:0.000541s ]
INFO: [ app_begin ] --END-- [ RunTime:0.000613s ]
SQL: SHOW COLUMNS FROM `qq_user` [ RunTime:0.001374s ]
SQL: SHOW COLUMNS FROM `qq_user` [ RunTime:0.000848s ]
SQL: SELECT `user_name`,`style_name`,`logo` FROM `qq_user` WHERE ( user_id=29 ) LIMIT 1   [ RunTime:0.000505s ]
SQL: SHOW COLUMNS FROM `qq_relation` [ RunTime:0.000793s ]
SQL: SELECT count(*) num FROM `qq_relation` WHERE ( friend_id=29 and status=0 ) LIMIT 1   [ RunTime:0.000480s ]
SQL: SHOW COLUMNS FROM `qq_content` [ RunTime:0.000809s ]
SQL: SHOW COLUMNS FROM `qq_content` [ RunTime:0.000778s ]
SQL: SHOW COLUMNS FROM qq_content q1 [ RunTime:0.000475s ]
ERR: 1064:You have an error in your SQL syntax; check the manual that corresponds to your MySQL server version for the right syntax to use near 'q1' at line 1
 [ SQL语句 ] : SHOW COLUMNS FROM qq_content q1
SQL: SELECT q1.id,q1.user_id,q1.pid,q1.content,q1.time FROM qq_content q1 inner join ( SELECT `pid`,MAX(time) AS t FROM `qq_content` WHERE ( user_id=29 ) GROUP BY pid  ) AS q2 ON q1.time=q2.t AND q1.pid=q2.pid  [ RunTime:0.000560s ]
SQL: SELECT q1.id,q1.user_id,q1.pid,q1.content,q1.time FROM qq_content q1 inner join ( SELECT `user_id`,MAX(time) AS t FROM `qq_content` WHERE ( pid=29 ) GROUP BY user_id  ) AS q2 ON q1.time=q2.t AND q1.user_id=q2.user_id  [ RunTime:0.000887s ]
SQL: SELECT `user_name`,`logo`,`style_name` FROM `qq_user` WHERE ( user_id=1 ) LIMIT 1   [ RunTime:0.000454s ]
SQL: SELECT `remark` FROM `qq_relation` WHERE ( user_id=29 AND friend_id=1 ) LIMIT 1   [ RunTime:0.000472s ]
SQL: SELECT `user_name` FROM `qq_user` WHERE ( user_id=29 ) LIMIT 1   [ RunTime:0.000444s ]
SQL: SELECT `user_name`,`logo`,`style_name` FROM `qq_user` WHERE ( user_id=14 ) LIMIT 1   [ RunTime:0.000448s ]
SQL: SELECT `remark` FROM `qq_relation` WHERE ( user_id=29 AND friend_id=14 ) LIMIT 1   [ RunTime:0.000459s ]
SQL: SELECT `user_name` FROM `qq_user` WHERE ( user_id=29 ) LIMIT 1   [ RunTime:0.000478s ]
SQL: SELECT `user_name`,`logo`,`style_name` FROM `qq_user` WHERE ( user_id=11 ) LIMIT 1   [ RunTime:0.000472s ]
SQL: SELECT `remark` FROM `qq_relation` WHERE ( user_id=29 AND friend_id=11 ) LIMIT 1   [ RunTime:0.000515s ]
SQL: SELECT `user_name` FROM `qq_user` WHERE ( user_id=11 ) LIMIT 1   [ RunTime:0.000488s ]
SQL: SELECT `user_name`,`logo`,`style_name` FROM `qq_user` WHERE ( user_id=15 ) LIMIT 1   [ RunTime:0.000466s ]
SQL: SELECT `remark` FROM `qq_relation` WHERE ( user_id=29 AND friend_id=15 ) LIMIT 1   [ RunTime:0.000449s ]
SQL: SELECT `user_name` FROM `qq_user` WHERE ( user_id=15 ) LIMIT 1   [ RunTime:0.000444s ]
INFO: [ view_parse ] --START--
INFO: ParseTemplate Behavior ::run [ RunTime:0.012047s ]
INFO: [ view_parse ] --END-- [ RunTime:0.012214s ]
INFO: [ view_filter ] --START--
INFO: ContentReplace Behavior ::run [ RunTime:0.000376s ]
INFO: TokenBuild Behavior ::run [ RunTime:0.000372s ]
INFO: WriteHtmlCache Behavior ::run [ RunTime:0.000285s ]
INFO: ShowRuntime Behavior ::run [ RunTime:0.000426s ]
INFO: [ view_filter ] --END-- [ RunTime:0.001645s ]
NOTIC: [8] Constant THEME_NAME already defined /data/home/qxu1591180029/htdocs/ThinkPHP/Lib/Core/View.class.php 第 223 行.
NOTIC: [8] Constant THEME_PATH already defined /data/home/qxu1591180029/htdocs/ThinkPHP/Lib/Core/View.class.php 第 171 行.
NOTIC: [8] Constant APP_TMPL_PATH already defined /data/home/qxu1591180029/htdocs/ThinkPHP/Lib/Core/View.class.php 第 172 行.
INFO: [ view_parse ] --START--
INFO: ParseTemplate Behavior ::run [ RunTime:0.005144s ]
INFO: [ view_parse ] --END-- [ RunTime:-0.002099s ]
INFO: [ view_filter ] --START--
INFO: ContentReplace Behavior ::run [ RunTime:0.000116s ]
INFO: TokenBuild Behavior ::run [ RunTime:0.000076s ]
INFO: WriteHtmlCache Behavior ::run [ RunTime:0.000011s ]
INFO: ShowRuntime Behavior ::run [ RunTime:0.000062s ]
INFO: [ view_filter ] --END-- [ RunTime:-0.005661s ]
INFO: [ view_end ] --START--
INFO: ShowPageTrace Behavior ::run [ RunTime:0.000614s ]
INFO: [ view_end ] --END-- [ RunTime:0.000690s ]

[ 2015-08-14T10:10:43+08:00 ] 58.62.103.109 /index.php/Index/Index/index
INFO: [ route_check ] --START--
INFO: CheckRoute Behavior ::run [ RunTime:0.000817s ]
INFO: [ route_check ] --END-- [ RunTime:0.001023s ]
INFO: [ app_begin ] --START--
INFO: ReadHtmlCache Behavior ::run [ RunTime:0.000538s ]
INFO: [ app_begin ] --END-- [ RunTime:0.000615s ]
SQL: SHOW COLUMNS FROM `qq_relation` [ RunTime:0.001093s ]
SQL: SHOW COLUMNS FROM qq_user u [ RunTime:0.000485s ]
ERR: 1064:You have an error in your SQL syntax; check the manual that corresponds to your MySQL server version for the right syntax to use near 'u' at line 1
 [ SQL语句 ] : SHOW COLUMNS FROM qq_user u
SQL: SHOW COLUMNS FROM qq_relation r [ RunTime:0.000508s ]
ERR: 1064:You have an error in your SQL syntax; check the manual that corresponds to your MySQL server version for the right syntax to use near 'r' at line 1
 [ SQL语句 ] : SHOW COLUMNS FROM qq_relation r
SQL: SELECT u.user_name,u.logo,u.style_name,r.friend_id,r.remark,r.group_name FROM qq_user u LEFT JOIN qq_relation r on u.user_id=r.friend_id WHERE ( r.user_id=29 AND status=1 AND (u.user_name like '%%' OR r.remark like '%%') )  [ RunTime:0.000506s ]
SQL: SHOW COLUMNS FROM `qq_user` [ RunTime:0.000831s ]
SQL: SHOW COLUMNS FROM `qq_user` [ RunTime:0.000833s ]
SQL: SELECT `user_name`,`style_name`,`logo` FROM `qq_user` WHERE ( user_id=29 ) LIMIT 1   [ RunTime:0.000466s ]
SQL: SHOW COLUMNS FROM `qq_relation` [ RunTime:0.000953s ]
SQL: SELECT count(*) num FROM `qq_relation` WHERE ( friend_id=29 and status=0 ) LIMIT 1   [ RunTime:0.000607s ]
INFO: [ view_parse ] --START--
INFO: ParseTemplate Behavior ::run [ RunTime:0.010075s ]
INFO: [ view_parse ] --END-- [ RunTime:0.010195s ]
INFO: [ view_filter ] --START--
INFO: ContentReplace Behavior ::run [ RunTime:0.000466s ]
INFO: TokenBuild Behavior ::run [ RunTime:0.000412s ]
INFO: WriteHtmlCache Behavior ::run [ RunTime:0.000279s ]
INFO: ShowRuntime Behavior ::run [ RunTime:0.000414s ]
INFO: [ view_filter ] --END-- [ RunTime:0.001767s ]
NOTIC: [8] Constant THEME_NAME already defined /data/home/qxu1591180029/htdocs/ThinkPHP/Lib/Core/View.class.php 第 223 行.
NOTIC: [8] Constant THEME_PATH already defined /data/home/qxu1591180029/htdocs/ThinkPHP/Lib/Core/View.class.php 第 171 行.
NOTIC: [8] Constant APP_TMPL_PATH already defined /data/home/qxu1591180029/htdocs/ThinkPHP/Lib/Core/View.class.php 第 172 行.
INFO: [ view_parse ] --START--
INFO: ParseTemplate Behavior ::run [ RunTime:0.005227s ]
INFO: [ view_parse ] --END-- [ RunTime:-0.002160s ]
INFO: [ view_filter ] --START--
INFO: ContentReplace Behavior ::run [ RunTime:0.000101s ]
INFO: TokenBuild Behavior ::run [ RunTime:0.000043s ]
INFO: WriteHtmlCache Behavior ::run [ RunTime:0.000009s ]
INFO: ShowRuntime Behavior ::run [ RunTime:0.000060s ]
INFO: [ view_filter ] --END-- [ RunTime:-0.005732s ]
INFO: [ view_end ] --START--
INFO: ShowPageTrace Behavior ::run [ RunTime:0.000593s ]
INFO: [ view_end ] --END-- [ RunTime:0.000652s ]

[ 2015-08-14T10:10:45+08:00 ] 58.62.103.109 /index.php/Index/Index/addFriend
INFO: [ route_check ] --START--
INFO: CheckRoute Behavior ::run [ RunTime:0.001115s ]
INFO: [ route_check ] --END-- [ RunTime:0.001357s ]
INFO: [ app_begin ] --START--
INFO: ReadHtmlCache Behavior ::run [ RunTime:0.000559s ]
INFO: [ app_begin ] --END-- [ RunTime:0.000655s ]
SQL: SHOW COLUMNS FROM `qq_user` [ RunTime:0.001118s ]
SQL: SHOW COLUMNS FROM `qq_user` [ RunTime:0.000877s ]
SQL: SELECT `user_name`,`style_name`,`logo` FROM `qq_user` WHERE ( user_id=29 ) LIMIT 1   [ RunTime:0.000466s ]
SQL: SHOW COLUMNS FROM `qq_relation` [ RunTime:0.000812s ]
SQL: SELECT count(*) num FROM `qq_relation` WHERE ( friend_id=29 and status=0 ) LIMIT 1   [ RunTime:0.000481s ]
SQL: SHOW COLUMNS FROM `qq_relation` [ RunTime:0.000764s ]
SQL: SHOW COLUMNS FROM qq_relation r [ RunTime:0.000491s ]
ERR: 1064:You have an error in your SQL syntax; check the manual that corresponds to your MySQL server version for the right syntax to use near 'r' at line 1
 [ SQL语句 ] : SHOW COLUMNS FROM qq_relation r
SQL: SHOW COLUMNS FROM qq_user u [ RunTime:0.000449s ]
ERR: 1064:You have an error in your SQL syntax; check the manual that corresponds to your MySQL server version for the right syntax to use near 'u' at line 1
 [ SQL语句 ] : SHOW COLUMNS FROM qq_user u
SQL: SELECT distinct(u.user_id),u.style_name,u.user_name,u.logo FROM qq_relation r LEFT JOIN qq_user u on r.friend_id=u.user_id WHERE ( r.user_id in ( SELECT r.friend_id FROM qq_relation r WHERE ( r.status=1 and r.user_id=29 )  ) and r.status=1 and r.friend_id not in ( SELECT r.friend_id FROM qq_relation r WHERE ( r.status=1 and r.user_id=29 )  ) and r.friend_id<>29 ) LIMIT 5   [ RunTime:0.000461s ]
SQL: SELECT `user_id`,`style_name`,`user_name`,`logo` FROM qq_user u WHERE ( user_id<>29 and user_id not in ( SELECT `friend_id` FROM qq_relation r WHERE ( user_id=29 and status=1 )  ) ) ORDER BY rand() LIMIT 5   [ RunTime:0.001320s ]
INFO: [ view_parse ] --START--
INFO: ParseTemplate Behavior ::run [ RunTime:0.010643s ]
INFO: [ view_parse ] --END-- [ RunTime:0.010767s ]
INFO: [ view_filter ] --START--
INFO: ContentReplace Behavior ::run [ RunTime:0.000388s ]
INFO: TokenBuild Behavior ::run [ RunTime:0.000430s ]
INFO: WriteHtmlCache Behavior ::run [ RunTime:0.000248s ]
INFO: ShowRuntime Behavior ::run [ RunTime:0.000453s ]
INFO: [ view_filter ] --END-- [ RunTime:0.001732s ]
NOTIC: [8] Constant THEME_NAME already defined /data/home/qxu1591180029/htdocs/ThinkPHP/Lib/Core/View.class.php 第 223 行.
NOTIC: [8] Constant THEME_PATH already defined /data/home/qxu1591180029/htdocs/ThinkPHP/Lib/Core/View.class.php 第 171 行.
NOTIC: [8] Constant APP_TMPL_PATH already defined /data/home/qxu1591180029/htdocs/ThinkPHP/Lib/Core/View.class.php 第 172 行.
INFO: [ view_parse ] --START--
INFO: ParseTemplate Behavior ::run [ RunTime:0.005189s ]
INFO: [ view_parse ] --END-- [ RunTime:-0.002159s ]
INFO: [ view_filter ] --START--
INFO: ContentReplace Behavior ::run [ RunTime:0.000123s ]
INFO: TokenBuild Behavior ::run [ RunTime:0.000044s ]
INFO: WriteHtmlCache Behavior ::run [ RunTime:0.000011s ]
INFO: ShowRuntime Behavior ::run [ RunTime:0.000063s ]
INFO: [ view_filter ] --END-- [ RunTime:-0.005707s ]
INFO: [ view_end ] --START--
INFO: ShowPageTrace Behavior ::run [ RunTime:0.000687s ]
INFO: [ view_end ] --END-- [ RunTime:0.000752s ]

[ 2015-08-14T10:10:57+08:00 ] 58.62.103.109 /index.php/Index/Index/addFriendAjax
INFO: [ route_check ] --START--
INFO: CheckRoute Behavior ::run [ RunTime:0.000785s ]
INFO: [ route_check ] --END-- [ RunTime:0.000948s ]
INFO: [ app_begin ] --START--
INFO: ReadHtmlCache Behavior ::run [ RunTime:0.000550s ]
INFO: [ app_begin ] --END-- [ RunTime:0.000614s ]
SQL: SHOW COLUMNS FROM `qq_relation` [ RunTime:0.001077s ]
SQL: SELECT * FROM `qq_relation` WHERE ( user_id=29 AND friend_id=4 AND friend_id<>29 AND status=0 ) LIMIT 1   [ RunTime:0.000616s ]
SQL: SELECT * FROM `qq_relation` WHERE ( user_id=4 AND friend_id=29 AND status=0 ) LIMIT 1   [ RunTime:0.000558s ]
SQL: SHOW COLUMNS FROM `qq_relation` [ RunTime:0.000802s ]
SQL: INSERT INTO `qq_relation` (`friend_id`,`user_id`,`status`,`group_name`,`ps`) VALUES (4,29,0,'我的好友','我是') [ RunTime:0.000922s ]

[ 2015-08-14T10:11:00+08:00 ] 101.226.66.177 /
INFO: [ app_begin ] --START--
INFO: ReadHtmlCache Behavior ::run [ RunTime:0.000737s ]
INFO: [ app_begin ] --END-- [ RunTime:0.000964s ]

[ 2015-08-14T10:11:00+08:00 ] 101.226.66.177 /index.php/Index/Login/index
INFO: [ route_check ] --START--
INFO: CheckRoute Behavior ::run [ RunTime:0.000914s ]
INFO: [ route_check ] --END-- [ RunTime:0.001136s ]
INFO: [ app_begin ] --START--
INFO: ReadHtmlCache Behavior ::run [ RunTime:0.000592s ]
INFO: [ app_begin ] --END-- [ RunTime:0.000687s ]
INFO: [ view_parse ] --START--
INFO: ParseTemplate Behavior ::run [ RunTime:0.009399s ]
INFO: [ view_parse ] --END-- [ RunTime:0.009517s ]
INFO: [ view_filter ] --START--
INFO: ContentReplace Behavior ::run [ RunTime:0.000520s ]
INFO: TokenBuild Behavior ::run [ RunTime:0.000417s ]
INFO: WriteHtmlCache Behavior ::run [ RunTime:0.000353s ]
INFO: ShowRuntime Behavior ::run [ RunTime:0.000470s ]
INFO: [ view_filter ] --END-- [ RunTime:0.001970s ]
INFO: [ view_end ] --START--
INFO: ShowPageTrace Behavior ::run [ RunTime:0.000647s ]
INFO: [ view_end ] --END-- [ RunTime:0.000730s ]

[ 2015-08-14T10:11:00+08:00 ] 58.62.103.109 /index.php/Index/Index/addFriendAjax
INFO: [ route_check ] --START--
INFO: CheckRoute Behavior ::run [ RunTime:0.000841s ]
INFO: [ route_check ] --END-- [ RunTime:0.001030s ]
INFO: [ app_begin ] --START--
INFO: ReadHtmlCache Behavior ::run [ RunTime:0.000592s ]
INFO: [ app_begin ] --END-- [ RunTime:0.000676s ]
SQL: SHOW COLUMNS FROM `qq_relation` [ RunTime:0.001114s ]
SQL: SELECT * FROM `qq_relation` WHERE ( user_id=29 AND friend_id=2 AND friend_id<>29 AND status=0 ) LIMIT 1   [ RunTime:0.000749s ]
SQL: UPDATE `qq_relation` SET `ps`='我是' WHERE ( user_id=29 AND friend_id=2 AND friend_id<>29 AND status=0 ) [ RunTime:0.000721s ]

[ 2015-08-14T10:11:04+08:00 ] 58.62.103.109 /index.php/Index/Index/addFriendAjax
INFO: [ route_check ] --START--
INFO: CheckRoute Behavior ::run [ RunTime:0.000771s ]
INFO: [ route_check ] --END-- [ RunTime:0.000977s ]
INFO: [ app_begin ] --START--
INFO: ReadHtmlCache Behavior ::run [ RunTime:0.000610s ]
INFO: [ app_begin ] --END-- [ RunTime:0.000686s ]
SQL: SHOW COLUMNS FROM `qq_relation` [ RunTime:0.001091s ]
SQL: SELECT * FROM `qq_relation` WHERE ( user_id=29 AND friend_id=4 AND friend_id<>29 AND status=0 ) LIMIT 1   [ RunTime:0.000738s ]
SQL: UPDATE `qq_relation` SET `ps`='我是' WHERE ( user_id=29 AND friend_id=4 AND friend_id<>29 AND status=0 ) [ RunTime:0.000699s ]

[ 2015-08-14T10:11:05+08:00 ] 180.153.163.208 /index.php/Index/Index/addFriend
INFO: [ route_check ] --START--
INFO: CheckRoute Behavior ::run [ RunTime:0.000745s ]
INFO: [ route_check ] --END-- [ RunTime:0.000925s ]
INFO: [ app_begin ] --START--
INFO: ReadHtmlCache Behavior ::run [ RunTime:0.000582s ]
INFO: [ app_begin ] --END-- [ RunTime:0.000655s ]

[ 2015-08-14T10:11:05+08:00 ] 180.153.163.208 /index.php/Index/Login/index
INFO: [ route_check ] --START--
INFO: CheckRoute Behavior ::run [ RunTime:0.000767s ]
INFO: [ route_check ] --END-- [ RunTime:0.000972s ]
INFO: [ app_begin ] --START--
INFO: ReadHtmlCache Behavior ::run [ RunTime:0.000541s ]
INFO: [ app_begin ] --END-- [ RunTime:0.000624s ]
INFO: [ view_parse ] --START--
INFO: ParseTemplate Behavior ::run [ RunTime:0.008628s ]
INFO: [ view_parse ] --END-- [ RunTime:0.008729s ]
INFO: [ view_filter ] --START--
INFO: ContentReplace Behavior ::run [ RunTime:0.000448s ]
INFO: TokenBuild Behavior ::run [ RunTime:0.000392s ]
INFO: WriteHtmlCache Behavior ::run [ RunTime:0.000275s ]
INFO: ShowRuntime Behavior ::run [ RunTime:0.000462s ]
INFO: [ view_filter ] --END-- [ RunTime:0.001818s ]
INFO: [ view_end ] --START--
INFO: ShowPageTrace Behavior ::run [ RunTime:0.000588s ]
INFO: [ view_end ] --END-- [ RunTime:0.000651s ]

[ 2015-08-14T10:11:08+08:00 ] 58.62.103.109 /index.php/Index/Index/index
INFO: [ route_check ] --START--
INFO: CheckRoute Behavior ::run [ RunTime:0.001030s ]
INFO: [ route_check ] --END-- [ RunTime:0.001231s ]
INFO: [ app_begin ] --START--
INFO: ReadHtmlCache Behavior ::run [ RunTime:0.000546s ]
INFO: [ app_begin ] --END-- [ RunTime:0.000618s ]
SQL: SHOW COLUMNS FROM `qq_relation` [ RunTime:0.001177s ]
SQL: SHOW COLUMNS FROM qq_user u [ RunTime:0.000483s ]
ERR: 1064:You have an error in your SQL syntax; check the manual that corresponds to your MySQL server version for the right syntax to use near 'u' at line 1
 [ SQL语句 ] : SHOW COLUMNS FROM qq_user u
SQL: SHOW COLUMNS FROM qq_relation r [ RunTime:0.000450s ]
ERR: 1064:You have an error in your SQL syntax; check the manual that corresponds to your MySQL server version for the right syntax to use near 'r' at line 1
 [ SQL语句 ] : SHOW COLUMNS FROM qq_relation r
SQL: SELECT u.user_name,u.logo,u.style_name,r.friend_id,r.remark,r.group_name FROM qq_user u LEFT JOIN qq_relation r on u.user_id=r.friend_id WHERE ( r.user_id=29 AND status=1 AND (u.user_name like '%%' OR r.remark like '%%') )  [ RunTime:0.000795s ]
SQL: SHOW COLUMNS FROM `qq_user` [ RunTime:0.000881s ]
SQL: SHOW COLUMNS FROM `qq_user` [ RunTime:0.002854s ]
SQL: SELECT `user_name`,`style_name`,`logo` FROM `qq_user` WHERE ( user_id=29 ) LIMIT 1   [ RunTime:0.000539s ]
SQL: SHOW COLUMNS FROM `qq_relation` [ RunTime:0.000851s ]
SQL: SELECT count(*) num FROM `qq_relation` WHERE ( friend_id=29 and status=0 ) LIMIT 1   [ RunTime:0.000571s ]
INFO: [ view_parse ] --START--
INFO: ParseTemplate Behavior ::run [ RunTime:0.010602s ]
INFO: [ view_parse ] --END-- [ RunTime:0.010769s ]
INFO: [ view_filter ] --START--
INFO: ContentReplace Behavior ::run [ RunTime:0.000381s ]
INFO: TokenBuild Behavior ::run [ RunTime:0.000489s ]
INFO: WriteHtmlCache Behavior ::run [ RunTime:0.000253s ]
INFO: ShowRuntime Behavior ::run [ RunTime:0.000495s ]
INFO: [ view_filter ] --END-- [ RunTime:0.001846s ]
NOTIC: [8] Constant THEME_NAME already defined /data/home/qxu1591180029/htdocs/ThinkPHP/Lib/Core/View.class.php 第 223 行.
NOTIC: [8] Constant THEME_PATH already defined /data/home/qxu1591180029/htdocs/ThinkPHP/Lib/Core/View.class.php 第 171 行.
NOTIC: [8] Constant APP_TMPL_PATH already defined /data/home/qxu1591180029/htdocs/ThinkPHP/Lib/Core/View.class.php 第 172 行.
INFO: [ view_parse ] --START--
INFO: ParseTemplate Behavior ::run [ RunTime:0.006125s ]
INFO: [ view_parse ] --END-- [ RunTime:-0.002205s ]
INFO: [ view_filter ] --START--
INFO: ContentReplace Behavior ::run [ RunTime:0.000115s ]
INFO: TokenBuild Behavior ::run [ RunTime:0.000047s ]
INFO: WriteHtmlCache Behavior ::run [ RunTime:0.000014s ]
INFO: ShowRuntime Behavior ::run [ RunTime:0.000063s ]
INFO: [ view_filter ] --END-- [ RunTime:-0.006585s ]
INFO: [ view_end ] --START--
INFO: ShowPageTrace Behavior ::run [ RunTime:0.000620s ]
INFO: [ view_end ] --END-- [ RunTime:0.000677s ]

[ 2015-08-14T10:11:12+08:00 ] 58.62.103.109 /index.php/Index/Index/dialog
INFO: [ route_check ] --START--
INFO: CheckRoute Behavior ::run [ RunTime:0.000786s ]
INFO: [ route_check ] --END-- [ RunTime:0.000947s ]
INFO: [ app_begin ] --START--
INFO: ReadHtmlCache Behavior ::run [ RunTime:0.000518s ]
INFO: [ app_begin ] --END-- [ RunTime:0.000593s ]
SQL: SHOW COLUMNS FROM `qq_user` [ RunTime:0.001104s ]
SQL: SHOW COLUMNS FROM `qq_user` [ RunTime:0.000861s ]
SQL: SELECT `user_name`,`style_name`,`logo` FROM `qq_user` WHERE ( user_id=29 ) LIMIT 1   [ RunTime:0.000477s ]
SQL: SHOW COLUMNS FROM `qq_relation` [ RunTime:0.000959s ]
SQL: SELECT count(*) num FROM `qq_relation` WHERE ( friend_id=29 and status=0 ) LIMIT 1   [ RunTime:0.000454s ]
SQL: SHOW COLUMNS FROM `qq_content` [ RunTime:0.000849s ]
SQL: SHOW COLUMNS FROM `qq_content` [ RunTime:0.001127s ]
SQL: SHOW COLUMNS FROM qq_content q1 [ RunTime:0.000426s ]
ERR: 1064:You have an error in your SQL syntax; check the manual that corresponds to your MySQL server version for the right syntax to use near 'q1' at line 1
 [ SQL语句 ] : SHOW COLUMNS FROM qq_content q1
SQL: SELECT q1.id,q1.user_id,q1.pid,q1.content,q1.time FROM qq_content q1 inner join ( SELECT `pid`,MAX(time) AS t FROM `qq_content` WHERE ( user_id=29 ) GROUP BY pid  ) AS q2 ON q1.time=q2.t AND q1.pid=q2.pid  [ RunTime:0.000491s ]
SQL: SELECT q1.id,q1.user_id,q1.pid,q1.content,q1.time FROM qq_content q1 inner join ( SELECT `user_id`,MAX(time) AS t FROM `qq_content` WHERE ( pid=29 ) GROUP BY user_id  ) AS q2 ON q1.time=q2.t AND q1.user_id=q2.user_id  [ RunTime:0.000499s ]
SQL: SELECT `user_name`,`logo`,`style_name` FROM `qq_user` WHERE ( user_id=1 ) LIMIT 1   [ RunTime:0.000527s ]
SQL: SELECT `remark` FROM `qq_relation` WHERE ( user_id=29 AND friend_id=1 ) LIMIT 1   [ RunTime:0.000625s ]
SQL: SELECT `user_name` FROM `qq_user` WHERE ( user_id=29 ) LIMIT 1   [ RunTime:0.000437s ]
SQL: SELECT `user_name`,`logo`,`style_name` FROM `qq_user` WHERE ( user_id=14 ) LIMIT 1   [ RunTime:0.000438s ]
SQL: SELECT `remark` FROM `qq_relation` WHERE ( user_id=29 AND friend_id=14 ) LIMIT 1   [ RunTime:0.000558s ]
SQL: SELECT `user_name` FROM `qq_user` WHERE ( user_id=29 ) LIMIT 1   [ RunTime:0.000472s ]
SQL: SELECT `user_name`,`logo`,`style_name` FROM `qq_user` WHERE ( user_id=11 ) LIMIT 1   [ RunTime:0.000459s ]
SQL: SELECT `remark` FROM `qq_relation` WHERE ( user_id=29 AND friend_id=11 ) LIMIT 1   [ RunTime:0.000656s ]
SQL: SELECT `user_name` FROM `qq_user` WHERE ( user_id=11 ) LIMIT 1   [ RunTime:0.000554s ]
SQL: SELECT `user_name`,`logo`,`style_name` FROM `qq_user` WHERE ( user_id=15 ) LIMIT 1   [ RunTime:0.001487s ]
SQL: SELECT `remark` FROM `qq_relation` WHERE ( user_id=29 AND friend_id=15 ) LIMIT 1   [ RunTime:0.000590s ]
SQL: SELECT `user_name` FROM `qq_user` WHERE ( user_id=15 ) LIMIT 1   [ RunTime:0.000473s ]
INFO: [ view_parse ] --START--
INFO: ParseTemplate Behavior ::run [ RunTime:0.011213s ]
INFO: [ view_parse ] --END-- [ RunTime:0.011316s ]
INFO: [ view_filter ] --START--
INFO: ContentReplace Behavior ::run [ RunTime:0.000393s ]
INFO: TokenBuild Behavior ::run [ RunTime:0.000342s ]
INFO: WriteHtmlCache Behavior ::run [ RunTime:0.000300s ]
INFO: ShowRuntime Behavior ::run [ RunTime:0.000428s ]
INFO: [ view_filter ] --END-- [ RunTime:0.001663s ]
NOTIC: [8] Constant THEME_NAME already defined /data/home/qxu1591180029/htdocs/ThinkPHP/Lib/Core/View.class.php 第 223 行.
NOTIC: [8] Constant THEME_PATH already defined /data/home/qxu1591180029/htdocs/ThinkPHP/Lib/Core/View.class.php 第 171 行.
NOTIC: [8] Constant APP_TMPL_PATH already defined /data/home/qxu1591180029/htdocs/ThinkPHP/Lib/Core/View.class.php 第 172 行.
INFO: [ view_parse ] --START--
INFO: ParseTemplate Behavior ::run [ RunTime:0.004806s ]
INFO: [ view_parse ] --END-- [ RunTime:-0.002074s ]
INFO: [ view_filter ] --START--
INFO: ContentReplace Behavior ::run [ RunTime:0.000106s ]
INFO: TokenBuild Behavior ::run [ RunTime:0.000057s ]
INFO: WriteHtmlCache Behavior ::run [ RunTime:0.000010s ]
INFO: ShowRuntime Behavior ::run [ RunTime:0.000061s ]
INFO: [ view_filter ] --END-- [ RunTime:-0.005284s ]
INFO: [ view_end ] --START--
INFO: ShowPageTrace Behavior ::run [ RunTime:0.000622s ]
INFO: [ view_end ] --END-- [ RunTime:0.000689s ]

[ 2015-08-14T10:11:14+08:00 ] 58.62.103.109 /index.php/Index/Index/index
INFO: [ route_check ] --START--
INFO: CheckRoute Behavior ::run [ RunTime:0.000928s ]
INFO: [ route_check ] --END-- [ RunTime:0.001131s ]
INFO: [ app_begin ] --START--
INFO: ReadHtmlCache Behavior ::run [ RunTime:0.000598s ]
INFO: [ app_begin ] --END-- [ RunTime:0.000678s ]
SQL: SHOW COLUMNS FROM `qq_relation` [ RunTime:0.001065s ]
SQL: SHOW COLUMNS FROM qq_user u [ RunTime:0.000510s ]
ERR: 1064:You have an error in your SQL syntax; check the manual that corresponds to your MySQL server version for the right syntax to use near 'u' at line 1
 [ SQL语句 ] : SHOW COLUMNS FROM qq_user u
SQL: SHOW COLUMNS FROM qq_relation r [ RunTime:0.000456s ]
ERR: 1064:You have an error in your SQL syntax; check the manual that corresponds to your MySQL server version for the right syntax to use near 'r' at line 1
 [ SQL语句 ] : SHOW COLUMNS FROM qq_relation r
SQL: SELECT u.user_name,u.logo,u.style_name,r.friend_id,r.remark,r.group_name FROM qq_user u LEFT JOIN qq_relation r on u.user_id=r.friend_id WHERE ( r.user_id=29 AND status=1 AND (u.user_name like '%%' OR r.remark like '%%') )  [ RunTime:0.000555s ]
SQL: SHOW COLUMNS FROM `qq_user` [ RunTime:0.000942s ]
SQL: SHOW COLUMNS FROM `qq_user` [ RunTime:0.001012s ]
SQL: SELECT `user_name`,`style_name`,`logo` FROM `qq_user` WHERE ( user_id=29 ) LIMIT 1   [ RunTime:0.000540s ]
SQL: SHOW COLUMNS FROM `qq_relation` [ RunTime:0.000906s ]
SQL: SELECT count(*) num FROM `qq_relation` WHERE ( friend_id=29 and status=0 ) LIMIT 1   [ RunTime:0.000525s ]
INFO: [ view_parse ] --START--
INFO: ParseTemplate Behavior ::run [ RunTime:0.010131s ]
INFO: [ view_parse ] --END-- [ RunTime:0.010240s ]
INFO: [ view_filter ] --START--
INFO: ContentReplace Behavior ::run [ RunTime:0.000390s ]
INFO: TokenBuild Behavior ::run [ RunTime:0.000432s ]
INFO: WriteHtmlCache Behavior ::run [ RunTime:0.000275s ]
INFO: ShowRuntime Behavior ::run [ RunTime:0.000490s ]
INFO: [ view_filter ] --END-- [ RunTime:0.001774s ]
NOTIC: [8] Constant THEME_NAME already defined /data/home/qxu1591180029/htdocs/ThinkPHP/Lib/Core/View.class.php 第 223 行.
NOTIC: [8] Constant THEME_PATH already defined /data/home/qxu1591180029/htdocs/ThinkPHP/Lib/Core/View.class.php 第 171 行.
NOTIC: [8] Constant APP_TMPL_PATH already defined /data/home/qxu1591180029/htdocs/ThinkPHP/Lib/Core/View.class.php 第 172 行.
INFO: [ view_parse ] --START--
INFO: ParseTemplate Behavior ::run [ RunTime:0.005112s ]
INFO: [ view_parse ] --END-- [ RunTime:-0.002129s ]
INFO: [ view_filter ] --START--
INFO: ContentReplace Behavior ::run [ RunTime:0.000102s ]
INFO: TokenBuild Behavior ::run [ RunTime:0.000047s ]
INFO: WriteHtmlCache Behavior ::run [ RunTime:0.000010s ]
INFO: ShowRuntime Behavior ::run [ RunTime:0.000062s ]
INFO: [ view_filter ] --END-- [ RunTime:-0.005546s ]
INFO: [ view_end ] --START--
INFO: ShowPageTrace Behavior ::run [ RunTime:0.000660s ]
INFO: [ view_end ] --END-- [ RunTime:0.000728s ]

[ 2015-08-14T10:11:15+08:00 ] 58.62.103.109 /index.php/Index/Index/dialog
INFO: [ route_check ] --START--
INFO: CheckRoute Behavior ::run [ RunTime:0.000776s ]
INFO: [ route_check ] --END-- [ RunTime:0.000927s ]
INFO: [ app_begin ] --START--
INFO: ReadHtmlCache Behavior ::run [ RunTime:0.000533s ]
INFO: [ app_begin ] --END-- [ RunTime:0.000602s ]
SQL: SHOW COLUMNS FROM `qq_user` [ RunTime:0.001047s ]
SQL: SHOW COLUMNS FROM `qq_user` [ RunTime:0.000843s ]
SQL: SELECT `user_name`,`style_name`,`logo` FROM `qq_user` WHERE ( user_id=29 ) LIMIT 1   [ RunTime:0.000501s ]
SQL: SHOW COLUMNS FROM `qq_relation` [ RunTime:0.000963s ]
SQL: SELECT count(*) num FROM `qq_relation` WHERE ( friend_id=29 and status=0 ) LIMIT 1   [ RunTime:0.000483s ]
SQL: SHOW COLUMNS FROM `qq_content` [ RunTime:0.000761s ]
SQL: SHOW COLUMNS FROM `qq_content` [ RunTime:0.000795s ]
SQL: SHOW COLUMNS FROM qq_content q1 [ RunTime:0.000492s ]
ERR: 1064:You have an error in your SQL syntax; check the manual that corresponds to your MySQL server version for the right syntax to use near 'q1' at line 1
 [ SQL语句 ] : SHOW COLUMNS FROM qq_content q1
SQL: SELECT q1.id,q1.user_id,q1.pid,q1.content,q1.time FROM qq_content q1 inner join ( SELECT `pid`,MAX(time) AS t FROM `qq_content` WHERE ( user_id=29 ) GROUP BY pid  ) AS q2 ON q1.time=q2.t AND q1.pid=q2.pid  [ RunTime:0.000504s ]
SQL: SELECT q1.id,q1.user_id,q1.pid,q1.content,q1.time FROM qq_content q1 inner join ( SELECT `user_id`,MAX(time) AS t FROM `qq_content` WHERE ( pid=29 ) GROUP BY user_id  ) AS q2 ON q1.time=q2.t AND q1.user_id=q2.user_id  [ RunTime:0.000491s ]
SQL: SELECT `user_name`,`logo`,`style_name` FROM `qq_user` WHERE ( user_id=1 ) LIMIT 1   [ RunTime:0.000466s ]
SQL: SELECT `remark` FROM `qq_relation` WHERE ( user_id=29 AND friend_id=1 ) LIMIT 1   [ RunTime:0.000462s ]
SQL: SELECT `user_name` FROM `qq_user` WHERE ( user_id=29 ) LIMIT 1   [ RunTime:0.000496s ]
SQL: SELECT `user_name`,`logo`,`style_name` FROM `qq_user` WHERE ( user_id=14 ) LIMIT 1   [ RunTime:0.000486s ]
SQL: SELECT `remark` FROM `qq_relation` WHERE ( user_id=29 AND friend_id=14 ) LIMIT 1   [ RunTime:0.000524s ]
SQL: SELECT `user_name` FROM `qq_user` WHERE ( user_id=29 ) LIMIT 1   [ RunTime:0.000497s ]
SQL: SELECT `user_name`,`logo`,`style_name` FROM `qq_user` WHERE ( user_id=11 ) LIMIT 1   [ RunTime:0.000504s ]
SQL: SELECT `remark` FROM `qq_relation` WHERE ( user_id=29 AND friend_id=11 ) LIMIT 1   [ RunTime:0.000475s ]
SQL: SELECT `user_name` FROM `qq_user` WHERE ( user_id=11 ) LIMIT 1   [ RunTime:0.000477s ]
SQL: SELECT `user_name`,`logo`,`style_name` FROM `qq_user` WHERE ( user_id=15 ) LIMIT 1   [ RunTime:0.000521s ]
SQL: SELECT `remark` FROM `qq_relation` WHERE ( user_id=29 AND friend_id=15 ) LIMIT 1   [ RunTime:0.000448s ]
SQL: SELECT `user_name` FROM `qq_user` WHERE ( user_id=15 ) LIMIT 1   [ RunTime:0.000483s ]
INFO: [ view_parse ] --START--
INFO: ParseTemplate Behavior ::run [ RunTime:0.009423s ]
INFO: [ view_parse ] --END-- [ RunTime:0.009516s ]
INFO: [ view_filter ] --START--
INFO: ContentReplace Behavior ::run [ RunTime:0.000358s ]
INFO: TokenBuild Behavior ::run [ RunTime:0.000418s ]
INFO: WriteHtmlCache Behavior ::run [ RunTime:0.000260s ]
INFO: ShowRuntime Behavior ::run [ RunTime:0.000445s ]
INFO: [ view_filter ] --END-- [ RunTime:0.001707s ]
NOTIC: [8] Constant THEME_NAME already defined /data/home/qxu1591180029/htdocs/ThinkPHP/Lib/Core/View.class.php 第 223 行.
NOTIC: [8] Constant THEME_PATH already defined /data/home/qxu1591180029/htdocs/ThinkPHP/Lib/Core/View.class.php 第 171 行.
NOTIC: [8] Constant APP_TMPL_PATH already defined /data/home/qxu1591180029/htdocs/ThinkPHP/Lib/Core/View.class.php 第 172 行.
INFO: [ view_parse ] --START--
INFO: ParseTemplate Behavior ::run [ RunTime:0.009357s ]
INFO: [ view_parse ] --END-- [ RunTime:-0.002120s ]
INFO: [ view_filter ] --START--
INFO: ContentReplace Behavior ::run [ RunTime:0.000122s ]
INFO: TokenBuild Behavior ::run [ RunTime:0.000046s ]
INFO: WriteHtmlCache Behavior ::run [ RunTime:0.000010s ]
INFO: ShowRuntime Behavior ::run [ RunTime:0.000062s ]
INFO: [ view_filter ] --END-- [ RunTime:-0.009866s ]
INFO: [ view_end ] --START--
INFO: ShowPageTrace Behavior ::run [ RunTime:0.000610s ]
INFO: [ view_end ] --END-- [ RunTime:0.000674s ]

[ 2015-08-14T10:11:17+08:00 ] 58.62.103.109 /index.php/Index/Index/index
INFO: [ route_check ] --START--
INFO: CheckRoute Behavior ::run [ RunTime:0.003658s ]
INFO: [ route_check ] --END-- [ RunTime:0.003872s ]
INFO: [ app_begin ] --START--
INFO: ReadHtmlCache Behavior ::run [ RunTime:0.000589s ]
INFO: [ app_begin ] --END-- [ RunTime:0.000677s ]
SQL: SHOW COLUMNS FROM `qq_relation` [ RunTime:0.001123s ]
SQL: SHOW COLUMNS FROM qq_user u [ RunTime:0.000478s ]
ERR: 1064:You have an error in your SQL syntax; check the manual that corresponds to your MySQL server version for the right syntax to use near 'u' at line 1
 [ SQL语句 ] : SHOW COLUMNS FROM qq_user u
SQL: SHOW COLUMNS FROM qq_relation r [ RunTime:0.000454s ]
ERR: 1064:You have an error in your SQL syntax; check the manual that corresponds to your MySQL server version for the right syntax to use near 'r' at line 1
 [ SQL语句 ] : SHOW COLUMNS FROM qq_relation r
SQL: SELECT u.user_name,u.logo,u.style_name,r.friend_id,r.remark,r.group_name FROM qq_user u LEFT JOIN qq_relation r on u.user_id=r.friend_id WHERE ( r.user_id=29 AND status=1 AND (u.user_name like '%%' OR r.remark like '%%') )  [ RunTime:0.000439s ]
SQL: SHOW COLUMNS FROM `qq_user` [ RunTime:0.000968s ]
SQL: SHOW COLUMNS FROM `qq_user` [ RunTime:0.000846s ]
SQL: SELECT `user_name`,`style_name`,`logo` FROM `qq_user` WHERE ( user_id=29 ) LIMIT 1   [ RunTime:0.000464s ]
SQL: SHOW COLUMNS FROM `qq_relation` [ RunTime:0.000804s ]
SQL: SELECT count(*) num FROM `qq_relation` WHERE ( friend_id=29 and status=0 ) LIMIT 1   [ RunTime:0.000492s ]
INFO: [ view_parse ] --START--
INFO: ParseTemplate Behavior ::run [ RunTime:0.010262s ]
INFO: [ view_parse ] --END-- [ RunTime:0.010367s ]
INFO: [ view_filter ] --START--
INFO: ContentReplace Behavior ::run [ RunTime:0.000368s ]
INFO: TokenBuild Behavior ::run [ RunTime:0.000437s ]
INFO: WriteHtmlCache Behavior ::run [ RunTime:0.000281s ]
INFO: ShowRuntime Behavior ::run [ RunTime:0.000609s ]
INFO: [ view_filter ] --END-- [ RunTime:0.001877s ]
NOTIC: [8] Constant THEME_NAME already defined /data/home/qxu1591180029/htdocs/ThinkPHP/Lib/Core/View.class.php 第 223 行.
NOTIC: [8] Constant THEME_PATH already defined /data/home/qxu1591180029/htdocs/ThinkPHP/Lib/Core/View.class.php 第 171 行.
NOTIC: [8] Constant APP_TMPL_PATH already defined /data/home/qxu1591180029/htdocs/ThinkPHP/Lib/Core/View.class.php 第 172 行.
INFO: [ view_parse ] --START--
INFO: ParseTemplate Behavior ::run [ RunTime:0.005529s ]
INFO: [ view_parse ] --END-- [ RunTime:-0.002230s ]
INFO: [ view_filter ] --START--
INFO: ContentReplace Behavior ::run [ RunTime:0.000106s ]
INFO: TokenBuild Behavior ::run [ RunTime:0.000045s ]
INFO: WriteHtmlCache Behavior ::run [ RunTime:0.000009s ]
INFO: ShowRuntime Behavior ::run [ RunTime:0.000062s ]
INFO: [ view_filter ] --END-- [ RunTime:-0.005989s ]
INFO: [ view_end ] --START--
INFO: ShowPageTrace Behavior ::run [ RunTime:0.000660s ]
INFO: [ view_end ] --END-- [ RunTime:0.000719s ]

[ 2015-08-14T10:11:18+08:00 ] 58.62.103.109 /index.php/Index/Index/chat/user_id/1
INFO: [ route_check ] --START--
INFO: CheckRoute Behavior ::run [ RunTime:0.000781s ]
INFO: [ route_check ] --END-- [ RunTime:0.000956s ]
INFO: [ app_begin ] --START--
INFO: ReadHtmlCache Behavior ::run [ RunTime:0.000532s ]
INFO: [ app_begin ] --END-- [ RunTime:0.000606s ]
SQL: SHOW COLUMNS FROM `qq_user` [ RunTime:0.001084s ]
SQL: SELECT `user_id`,`user_name`,`logo`,`style_name` FROM `qq_user` WHERE ( `user_id` = 1 ) LIMIT 1   [ RunTime:0.000602s ]
INFO: [ view_parse ] --START--
INFO: ParseTemplate Behavior ::run [ RunTime:0.035550s ]
INFO: [ view_parse ] --END-- [ RunTime:0.035685s ]
INFO: [ view_filter ] --START--
INFO: ContentReplace Behavior ::run [ RunTime:0.000527s ]
INFO: TokenBuild Behavior ::run [ RunTime:0.000485s ]
INFO: WriteHtmlCache Behavior ::run [ RunTime:0.000348s ]
INFO: ShowRuntime Behavior ::run [ RunTime:0.000586s ]
INFO: [ view_filter ] --END-- [ RunTime:0.002283s ]
INFO: [ view_end ] --START--
INFO: ShowPageTrace Behavior ::run [ RunTime:0.001476s ]
INFO: [ view_end ] --END-- [ RunTime:0.001563s ]

[ 2015-08-14T10:11:19+08:00 ] 58.62.103.109 /index.php/Index/Index/runChat
INFO: [ route_check ] --START--
INFO: CheckRoute Behavior ::run [ RunTime:0.000899s ]
INFO: [ route_check ] --END-- [ RunTime:0.001097s ]
INFO: [ app_begin ] --START--
INFO: ReadHtmlCache Behavior ::run [ RunTime:0.000566s ]
INFO: [ app_begin ] --END-- [ RunTime:0.000644s ]
SQL: SHOW COLUMNS FROM `qq_content` [ RunTime:0.001100s ]
SQL: SELECT * FROM `qq_content` WHERE ( (user_id=29 and pid=1) or (user_id=1 and pid=29) ) ORDER BY time  [ RunTime:0.000842s ]
SQL: SHOW COLUMNS FROM `qq_user` [ RunTime:0.000853s ]
SQL: SELECT `user_name` FROM `qq_user` WHERE ( user_id=29 ) LIMIT 1   [ RunTime:0.000489s ]

[ 2015-08-14T10:11:20+08:00 ] 58.62.103.109 /index.php/Index/Index/runChat
INFO: [ route_check ] --START--
INFO: CheckRoute Behavior ::run [ RunTime:0.000845s ]
INFO: [ route_check ] --END-- [ RunTime:0.001049s ]
INFO: [ app_begin ] --START--
INFO: ReadHtmlCache Behavior ::run [ RunTime:0.000562s ]
INFO: [ app_begin ] --END-- [ RunTime:0.000648s ]
SQL: SHOW COLUMNS FROM `qq_content` [ RunTime:0.001107s ]
SQL: SELECT * FROM `qq_content` WHERE ( (user_id=29 and pid=1) or (user_id=1 and pid=29) ) ORDER BY time  [ RunTime:0.000489s ]
SQL: SHOW COLUMNS FROM `qq_user` [ RunTime:0.000826s ]
SQL: SELECT `user_name` FROM `qq_user` WHERE ( user_id=29 ) LIMIT 1   [ RunTime:0.000449s ]

[ 2015-08-14T10:11:20+08:00 ] 58.62.103.109 /index.php/Index/Index/runChat
INFO: [ route_check ] --START--
INFO: CheckRoute Behavior ::run [ RunTime:0.000987s ]
INFO: [ route_check ] --END-- [ RunTime:0.001224s ]
INFO: [ app_begin ] --START--
INFO: ReadHtmlCache Behavior ::run [ RunTime:0.000788s ]
INFO: [ app_begin ] --END-- [ RunTime:0.000879s ]
SQL: SHOW COLUMNS FROM `qq_content` [ RunTime:0.001098s ]
SQL: SELECT * FROM `qq_content` WHERE ( (user_id=29 and pid=1) or (user_id=1 and pid=29) ) ORDER BY time  [ RunTime:0.000545s ]
SQL: SHOW COLUMNS FROM `qq_user` [ RunTime:0.000897s ]
SQL: SELECT `user_name` FROM `qq_user` WHERE ( user_id=29 ) LIMIT 1   [ RunTime:0.000497s ]

[ 2015-08-14T10:11:21+08:00 ] 58.62.103.109 /index.php/Index/Index/runChat
INFO: [ route_check ] --START--
INFO: CheckRoute Behavior ::run [ RunTime:0.001126s ]
INFO: [ route_check ] --END-- [ RunTime:0.001481s ]
INFO: [ app_begin ] --START--
INFO: ReadHtmlCache Behavior ::run [ RunTime:0.000734s ]
INFO: [ app_begin ] --END-- [ RunTime:0.000813s ]
SQL: SHOW COLUMNS FROM `qq_content` [ RunTime:0.001162s ]
SQL: SELECT * FROM `qq_content` WHERE ( (user_id=29 and pid=1) or (user_id=1 and pid=29) ) ORDER BY time  [ RunTime:0.000561s ]
SQL: SHOW COLUMNS FROM `qq_user` [ RunTime:0.001015s ]
SQL: SELECT `user_name` FROM `qq_user` WHERE ( user_id=29 ) LIMIT 1   [ RunTime:0.000592s ]

[ 2015-08-14T10:11:21+08:00 ] 58.62.103.109 /index.php/Index/Index/runChat
INFO: [ route_check ] --START--
INFO: CheckRoute Behavior ::run [ RunTime:0.000857s ]
INFO: [ route_check ] --END-- [ RunTime:0.001012s ]
INFO: [ app_begin ] --START--
INFO: ReadHtmlCache Behavior ::run [ RunTime:0.000655s ]
INFO: [ app_begin ] --END-- [ RunTime:0.000735s ]
SQL: SHOW COLUMNS FROM `qq_content` [ RunTime:0.001189s ]
SQL: SELECT * FROM `qq_content` WHERE ( (user_id=29 and pid=1) or (user_id=1 and pid=29) ) ORDER BY time  [ RunTime:0.000626s ]
SQL: SHOW COLUMNS FROM `qq_user` [ RunTime:0.000866s ]
SQL: SELECT `user_name` FROM `qq_user` WHERE ( user_id=29 ) LIMIT 1   [ RunTime:0.000555s ]

[ 2015-08-14T10:11:22+08:00 ] 58.62.103.109 /index.php/Index/Index/runChat
INFO: [ route_check ] --START--
INFO: CheckRoute Behavior ::run [ RunTime:0.000874s ]
INFO: [ route_check ] --END-- [ RunTime:0.001069s ]
INFO: [ app_begin ] --START--
INFO: ReadHtmlCache Behavior ::run [ RunTime:0.000556s ]
INFO: [ app_begin ] --END-- [ RunTime:0.000630s ]
SQL: SHOW COLUMNS FROM `qq_content` [ RunTime:0.001067s ]
SQL: SELECT * FROM `qq_content` WHERE ( (user_id=29 and pid=1) or (user_id=1 and pid=29) ) ORDER BY time  [ RunTime:0.000518s ]
SQL: SHOW COLUMNS FROM `qq_user` [ RunTime:0.000846s ]
SQL: SELECT `user_name` FROM `qq_user` WHERE ( user_id=29 ) LIMIT 1   [ RunTime:0.000515s ]

[ 2015-08-14T10:11:22+08:00 ] 58.62.103.109 /index.php/Index/Index/runChat
INFO: [ route_check ] --START--
INFO: CheckRoute Behavior ::run [ RunTime:0.000763s ]
INFO: [ route_check ] --END-- [ RunTime:0.000909s ]
INFO: [ app_begin ] --START--
INFO: ReadHtmlCache Behavior ::run [ RunTime:0.000518s ]
INFO: [ app_begin ] --END-- [ RunTime:0.000588s ]
SQL: SHOW COLUMNS FROM `qq_content` [ RunTime:0.001114s ]
SQL: SELECT * FROM `qq_content` WHERE ( (user_id=29 and pid=1) or (user_id=1 and pid=29) ) ORDER BY time  [ RunTime:0.000553s ]
SQL: SHOW COLUMNS FROM `qq_user` [ RunTime:0.000966s ]
SQL: SELECT `user_name` FROM `qq_user` WHERE ( user_id=29 ) LIMIT 1   [ RunTime:0.000575s ]

[ 2015-08-14T10:11:23+08:00 ] 58.62.103.109 /index.php/Index/Index/runChat
INFO: [ route_check ] --START--
INFO: CheckRoute Behavior ::run [ RunTime:0.000778s ]
INFO: [ route_check ] --END-- [ RunTime:0.000948s ]
INFO: [ app_begin ] --START--
INFO: ReadHtmlCache Behavior ::run [ RunTime:0.000566s ]
INFO: [ app_begin ] --END-- [ RunTime:0.000631s ]
SQL: SHOW COLUMNS FROM `qq_content` [ RunTime:0.001065s ]
SQL: SELECT * FROM `qq_content` WHERE ( (user_id=29 and pid=1) or (user_id=1 and pid=29) ) ORDER BY time  [ RunTime:0.003117s ]
SQL: SHOW COLUMNS FROM `qq_user` [ RunTime:0.000832s ]
SQL: SELECT `user_name` FROM `qq_user` WHERE ( user_id=29 ) LIMIT 1   [ RunTime:0.000463s ]

[ 2015-08-14T10:11:23+08:00 ] 58.62.103.109 /index.php/Index/Index/runChat
INFO: [ route_check ] --START--
INFO: CheckRoute Behavior ::run [ RunTime:0.000790s ]
INFO: [ route_check ] --END-- [ RunTime:0.000993s ]
INFO: [ app_begin ] --START--
INFO: ReadHtmlCache Behavior ::run [ RunTime:0.000588s ]
INFO: [ app_begin ] --END-- [ RunTime:0.000657s ]
SQL: SHOW COLUMNS FROM `qq_content` [ RunTime:0.001028s ]
SQL: SELECT * FROM `qq_content` WHERE ( (user_id=29 and pid=1) or (user_id=1 and pid=29) ) ORDER BY time  [ RunTime:0.000624s ]
SQL: SHOW COLUMNS FROM `qq_user` [ RunTime:0.000898s ]
SQL: SELECT `user_name` FROM `qq_user` WHERE ( user_id=29 ) LIMIT 1   [ RunTime:0.000461s ]

[ 2015-08-14T10:11:23+08:00 ] 58.62.103.109 /index.php/Index/Index/runChat
INFO: [ route_check ] --START--
INFO: CheckRoute Behavior ::run [ RunTime:0.000899s ]
INFO: [ route_check ] --END-- [ RunTime:0.001070s ]
INFO: [ app_begin ] --START--
INFO: ReadHtmlCache Behavior ::run [ RunTime:0.000599s ]
INFO: [ app_begin ] --END-- [ RunTime:0.000680s ]
SQL: SHOW COLUMNS FROM `qq_content` [ RunTime:0.001017s ]
SQL: INSERT INTO `qq_content` (`user_id`,`pid`,`content`,`time`) VALUES (29,1,'震荡',1439518283) [ RunTime:0.005980s ]
SQL: SELECT * FROM `qq_content` WHERE ( (user_id=29 and pid=1) or (user_id=1 and pid=29) ) ORDER BY time  [ RunTime:0.001152s ]
SQL: SHOW COLUMNS FROM `qq_user` [ RunTime:0.000942s ]
SQL: SELECT `user_name` FROM `qq_user` WHERE ( user_id=29 ) LIMIT 1   [ RunTime:0.000628s ]
SQL: SELECT `user_name` FROM `qq_user` WHERE ( user_id=29 ) LIMIT 1   [ RunTime:0.000547s ]

[ 2015-08-14T10:11:24+08:00 ] 58.62.103.109 /index.php/Index/Index/runChat
INFO: [ route_check ] --START--
INFO: CheckRoute Behavior ::run [ RunTime:0.001117s ]
INFO: [ route_check ] --END-- [ RunTime:0.001341s ]
INFO: [ app_begin ] --START--
INFO: ReadHtmlCache Behavior ::run [ RunTime:0.000544s ]
INFO: [ app_begin ] --END-- [ RunTime:0.000614s ]
SQL: SHOW COLUMNS FROM `qq_content` [ RunTime:0.001035s ]
SQL: SELECT * FROM `qq_content` WHERE ( (user_id=29 and pid=1) or (user_id=1 and pid=29) ) ORDER BY time  [ RunTime:0.001117s ]
SQL: SHOW COLUMNS FROM `qq_user` [ RunTime:0.000846s ]
SQL: SELECT `user_name` FROM `qq_user` WHERE ( user_id=29 ) LIMIT 1   [ RunTime:0.000433s ]
SQL: SELECT `user_name` FROM `qq_user` WHERE ( user_id=29 ) LIMIT 1   [ RunTime:0.000444s ]

[ 2015-08-14T10:11:24+08:00 ] 58.62.103.109 /index.php/Index/Index/runChat
INFO: [ route_check ] --START--
INFO: CheckRoute Behavior ::run [ RunTime:0.000757s ]
INFO: [ route_check ] --END-- [ RunTime:0.000925s ]
INFO: [ app_begin ] --START--
INFO: ReadHtmlCache Behavior ::run [ RunTime:0.000522s ]
INFO: [ app_begin ] --END-- [ RunTime:0.000587s ]
SQL: SHOW COLUMNS FROM `qq_content` [ RunTime:0.001001s ]
SQL: SELECT * FROM `qq_content` WHERE ( (user_id=29 and pid=1) or (user_id=1 and pid=29) ) ORDER BY time  [ RunTime:0.000508s ]
SQL: SHOW COLUMNS FROM `qq_user` [ RunTime:0.000956s ]
SQL: SELECT `user_name` FROM `qq_user` WHERE ( user_id=29 ) LIMIT 1   [ RunTime:0.000470s ]
SQL: SELECT `user_name` FROM `qq_user` WHERE ( user_id=29 ) LIMIT 1   [ RunTime:0.000631s ]

[ 2015-08-14T10:11:25+08:00 ] 58.62.103.109 /index.php/Index/Index/runChat
INFO: [ route_check ] --START--
INFO: CheckRoute Behavior ::run [ RunTime:0.000802s ]
INFO: [ route_check ] --END-- [ RunTime:0.000969s ]
INFO: [ app_begin ] --START--
INFO: ReadHtmlCache Behavior ::run [ RunTime:0.000546s ]
INFO: [ app_begin ] --END-- [ RunTime:0.000612s ]
SQL: SHOW COLUMNS FROM `qq_content` [ RunTime:0.000944s ]
SQL: SELECT * FROM `qq_content` WHERE ( (user_id=29 and pid=1) or (user_id=1 and pid=29) ) ORDER BY time  [ RunTime:0.000425s ]
SQL: SHOW COLUMNS FROM `qq_user` [ RunTime:0.000793s ]
SQL: SELECT `user_name` FROM `qq_user` WHERE ( user_id=29 ) LIMIT 1   [ RunTime:0.000448s ]
SQL: SELECT `user_name` FROM `qq_user` WHERE ( user_id=29 ) LIMIT 1   [ RunTime:0.000469s ]

[ 2015-08-14T10:11:26+08:00 ] 58.62.103.109 /index.php/Index/Index/dialog
INFO: [ route_check ] --START--
INFO: CheckRoute Behavior ::run [ RunTime:0.000968s ]
INFO: [ route_check ] --END-- [ RunTime:0.001175s ]
INFO: [ app_begin ] --START--
INFO: ReadHtmlCache Behavior ::run [ RunTime:0.000853s ]
INFO: [ app_begin ] --END-- [ RunTime:0.000960s ]
SQL: SHOW COLUMNS FROM `qq_user` [ RunTime:0.001397s ]
SQL: SHOW COLUMNS FROM `qq_user` [ RunTime:0.000918s ]
SQL: SELECT `user_name`,`style_name`,`logo` FROM `qq_user` WHERE ( user_id=29 ) LIMIT 1   [ RunTime:0.000517s ]
SQL: SHOW COLUMNS FROM `qq_relation` [ RunTime:0.000866s ]
SQL: SELECT count(*) num FROM `qq_relation` WHERE ( friend_id=29 and status=0 ) LIMIT 1   [ RunTime:0.000446s ]
SQL: SHOW COLUMNS FROM `qq_content` [ RunTime:0.000807s ]
SQL: SHOW COLUMNS FROM `qq_content` [ RunTime:0.000891s ]
SQL: SHOW COLUMNS FROM qq_content q1 [ RunTime:0.000503s ]
ERR: 1064:You have an error in your SQL syntax; check the manual that corresponds to your MySQL server version for the right syntax to use near 'q1' at line 1
 [ SQL语句 ] : SHOW COLUMNS FROM qq_content q1
SQL: SELECT q1.id,q1.user_id,q1.pid,q1.content,q1.time FROM qq_content q1 inner join ( SELECT `pid`,MAX(time) AS t FROM `qq_content` WHERE ( user_id=29 ) GROUP BY pid  ) AS q2 ON q1.time=q2.t AND q1.pid=q2.pid  [ RunTime:0.001026s ]
SQL: SELECT q1.id,q1.user_id,q1.pid,q1.content,q1.time FROM qq_content q1 inner join ( SELECT `user_id`,MAX(time) AS t FROM `qq_content` WHERE ( pid=29 ) GROUP BY user_id  ) AS q2 ON q1.time=q2.t AND q1.user_id=q2.user_id  [ RunTime:0.000813s ]
SQL: SELECT `user_name`,`logo`,`style_name` FROM `qq_user` WHERE ( user_id=14 ) LIMIT 1   [ RunTime:0.000550s ]
SQL: SELECT `remark` FROM `qq_relation` WHERE ( user_id=29 AND friend_id=14 ) LIMIT 1   [ RunTime:0.000472s ]
SQL: SELECT `user_name` FROM `qq_user` WHERE ( user_id=29 ) LIMIT 1   [ RunTime:0.000467s ]
SQL: SELECT `user_name`,`logo`,`style_name` FROM `qq_user` WHERE ( user_id=1 ) LIMIT 1   [ RunTime:0.000492s ]
SQL: SELECT `remark` FROM `qq_relation` WHERE ( user_id=29 AND friend_id=1 ) LIMIT 1   [ RunTime:0.000836s ]
SQL: SELECT `user_name` FROM `qq_user` WHERE ( user_id=29 ) LIMIT 1   [ RunTime:0.000469s ]
SQL: SELECT `user_name`,`logo`,`style_name` FROM `qq_user` WHERE ( user_id=11 ) LIMIT 1   [ RunTime:0.000502s ]
SQL: SELECT `remark` FROM `qq_relation` WHERE ( user_id=29 AND friend_id=11 ) LIMIT 1   [ RunTime:0.000505s ]
SQL: SELECT `user_name` FROM `qq_user` WHERE ( user_id=11 ) LIMIT 1   [ RunTime:0.000470s ]
SQL: SELECT `user_name`,`logo`,`style_name` FROM `qq_user` WHERE ( user_id=15 ) LIMIT 1   [ RunTime:0.002413s ]
SQL: SELECT `remark` FROM `qq_relation` WHERE ( user_id=29 AND friend_id=15 ) LIMIT 1   [ RunTime:0.000753s ]
SQL: SELECT `user_name` FROM `qq_user` WHERE ( user_id=15 ) LIMIT 1   [ RunTime:0.000513s ]
INFO: [ view_parse ] --START--
INFO: ParseTemplate Behavior ::run [ RunTime:0.013235s ]
INFO: [ view_parse ] --END-- [ RunTime:0.013405s ]
INFO: [ view_filter ] --START--
INFO: ContentReplace Behavior ::run [ RunTime:0.000520s ]
INFO: TokenBuild Behavior ::run [ RunTime:0.000511s ]
INFO: WriteHtmlCache Behavior ::run [ RunTime:0.000386s ]
INFO: ShowRuntime Behavior ::run [ RunTime:0.000613s ]
INFO: [ view_filter ] --END-- [ RunTime:0.002327s ]
NOTIC: [8] Constant THEME_NAME already defined /data/home/qxu1591180029/htdocs/ThinkPHP/Lib/Core/View.class.php 第 223 行.
NOTIC: [8] Constant THEME_PATH already defined /data/home/qxu1591180029/htdocs/ThinkPHP/Lib/Core/View.class.php 第 171 行.
NOTIC: [8] Constant APP_TMPL_PATH already defined /data/home/qxu1591180029/htdocs/ThinkPHP/Lib/Core/View.class.php 第 172 行.
INFO: [ view_parse ] --START--
INFO: ParseTemplate Behavior ::run [ RunTime:0.006262s ]
INFO: [ view_parse ] --END-- [ RunTime:-0.003000s ]
INFO: [ view_filter ] --START--
INFO: ContentReplace Behavior ::run [ RunTime:0.000126s ]
INFO: TokenBuild Behavior ::run [ RunTime:0.000053s ]
INFO: WriteHtmlCache Behavior ::run [ RunTime:0.000010s ]
INFO: ShowRuntime Behavior ::run [ RunTime:0.000084s ]
INFO: [ view_filter ] --END-- [ RunTime:-0.007039s ]
INFO: [ view_end ] --START--
INFO: ShowPageTrace Behavior ::run [ RunTime:0.000739s ]
INFO: [ view_end ] --END-- [ RunTime:0.000824s ]

[ 2015-08-14T10:11:37+08:00 ] 58.62.103.109 /index.php/Index/Index/addFriend
INFO: [ route_check ] --START--
INFO: CheckRoute Behavior ::run [ RunTime:0.000806s ]
INFO: [ route_check ] --END-- [ RunTime:0.000973s ]
INFO: [ app_begin ] --START--
INFO: ReadHtmlCache Behavior ::run [ RunTime:0.000602s ]
INFO: [ app_begin ] --END-- [ RunTime:0.000675s ]
SQL: SHOW COLUMNS FROM `qq_user` [ RunTime:0.001273s ]
SQL: SHOW COLUMNS FROM `qq_user` [ RunTime:0.000994s ]
SQL: SELECT `user_name`,`style_name`,`logo` FROM `qq_user` WHERE ( user_id=29 ) LIMIT 1   [ RunTime:0.000474s ]
SQL: SHOW COLUMNS FROM `qq_relation` [ RunTime:0.001020s ]
SQL: SELECT count(*) num FROM `qq_relation` WHERE ( friend_id=29 and status=0 ) LIMIT 1   [ RunTime:0.000470s ]
SQL: SHOW COLUMNS FROM `qq_relation` [ RunTime:0.000785s ]
SQL: SHOW COLUMNS FROM qq_relation r [ RunTime:0.000457s ]
ERR: 1064:You have an error in your SQL syntax; check the manual that corresponds to your MySQL server version for the right syntax to use near 'r' at line 1
 [ SQL语句 ] : SHOW COLUMNS FROM qq_relation r
SQL: SHOW COLUMNS FROM qq_user u [ RunTime:0.000492s ]
ERR: 1064:You have an error in your SQL syntax; check the manual that corresponds to your MySQL server version for the right syntax to use near 'u' at line 1
 [ SQL语句 ] : SHOW COLUMNS FROM qq_user u
SQL: SELECT distinct(u.user_id),u.style_name,u.user_name,u.logo FROM qq_relation r LEFT JOIN qq_user u on r.friend_id=u.user_id WHERE ( r.user_id in ( SELECT r.friend_id FROM qq_relation r WHERE ( r.status=1 and r.user_id=29 )  ) and r.status=1 and r.friend_id not in ( SELECT r.friend_id FROM qq_relation r WHERE ( r.status=1 and r.user_id=29 )  ) and r.friend_id<>29 ) LIMIT 5   [ RunTime:0.001916s ]
SQL: SELECT `user_id`,`style_name`,`user_name`,`logo` FROM qq_user u WHERE ( user_id<>29 and user_id not in ( SELECT `friend_id` FROM qq_relation r WHERE ( user_id=29 and status=1 )  ) ) ORDER BY rand() LIMIT 5   [ RunTime:0.001092s ]
INFO: [ view_parse ] --START--
INFO: ParseTemplate Behavior ::run [ RunTime:0.010078s ]
INFO: [ view_parse ] --END-- [ RunTime:0.010189s ]
INFO: [ view_filter ] --START--
INFO: ContentReplace Behavior ::run [ RunTime:0.000489s ]
INFO: TokenBuild Behavior ::run [ RunTime:0.000440s ]
INFO: WriteHtmlCache Behavior ::run [ RunTime:0.000381s ]
INFO: ShowRuntime Behavior ::run [ RunTime:0.000515s ]
INFO: [ view_filter ] --END-- [ RunTime:0.002042s ]
NOTIC: [8] Constant THEME_NAME already defined /data/home/qxu1591180029/htdocs/ThinkPHP/Lib/Core/View.class.php 第 223 行.
NOTIC: [8] Constant THEME_PATH already defined /data/home/qxu1591180029/htdocs/ThinkPHP/Lib/Core/View.class.php 第 171 行.
NOTIC: [8] Constant APP_TMPL_PATH already defined /data/home/qxu1591180029/htdocs/ThinkPHP/Lib/Core/View.class.php 第 172 行.
INFO: [ view_parse ] --START--
INFO: ParseTemplate Behavior ::run [ RunTime:0.005158s ]
INFO: [ view_parse ] --END-- [ RunTime:-0.002494s ]
INFO: [ view_filter ] --START--
INFO: ContentReplace Behavior ::run [ RunTime:0.000119s ]
INFO: TokenBuild Behavior ::run [ RunTime:0.000042s ]
INFO: WriteHtmlCache Behavior ::run [ RunTime:0.000010s ]
INFO: ShowRuntime Behavior ::run [ RunTime:0.000061s ]
INFO: [ view_filter ] --END-- [ RunTime:-0.005697s ]
INFO: [ view_end ] --START--
INFO: ShowPageTrace Behavior ::run [ RunTime:0.000927s ]
INFO: [ view_end ] --END-- [ RunTime:0.000985s ]

[ 2015-08-14T10:11:41+08:00 ] 101.226.33.226 /index.php/Index/Login/index
INFO: [ route_check ] --START--
INFO: CheckRoute Behavior ::run [ RunTime:0.000821s ]
INFO: [ route_check ] --END-- [ RunTime:0.000996s ]
INFO: [ app_begin ] --START--
INFO: ReadHtmlCache Behavior ::run [ RunTime:0.000579s ]
INFO: [ app_begin ] --END-- [ RunTime:0.000660s ]
INFO: [ view_parse ] --START--
INFO: ParseTemplate Behavior ::run [ RunTime:0.012344s ]
INFO: [ view_parse ] --END-- [ RunTime:0.012438s ]
INFO: [ view_filter ] --START--
INFO: ContentReplace Behavior ::run [ RunTime:0.000353s ]
INFO: TokenBuild Behavior ::run [ RunTime:0.000385s ]
INFO: WriteHtmlCache Behavior ::run [ RunTime:0.000248s ]
INFO: ShowRuntime Behavior ::run [ RunTime:0.000432s ]
INFO: [ view_filter ] --END-- [ RunTime:0.001601s ]
INFO: [ view_end ] --START--
INFO: ShowPageTrace Behavior ::run [ RunTime:0.000773s ]
INFO: [ view_end ] --END-- [ RunTime:0.000862s ]

[ 2015-08-14T10:11:51+08:00 ] 180.153.201.64 /index.php/Index/Index/index
INFO: [ route_check ] --START--
INFO: CheckRoute Behavior ::run [ RunTime:0.000975s ]
INFO: [ route_check ] --END-- [ RunTime:0.001194s ]
INFO: [ app_begin ] --START--
INFO: ReadHtmlCache Behavior ::run [ RunTime:0.000560s ]
INFO: [ app_begin ] --END-- [ RunTime:0.000639s ]

[ 2015-08-14T10:11:51+08:00 ] 180.153.201.64 /index.php/Index/Login/index
INFO: [ route_check ] --START--
INFO: CheckRoute Behavior ::run [ RunTime:0.000774s ]
INFO: [ route_check ] --END-- [ RunTime:0.000955s ]
INFO: [ app_begin ] --START--
INFO: ReadHtmlCache Behavior ::run [ RunTime:0.000567s ]
INFO: [ app_begin ] --END-- [ RunTime:0.000660s ]
INFO: [ view_parse ] --START--
INFO: ParseTemplate Behavior ::run [ RunTime:0.008225s ]
INFO: [ view_parse ] --END-- [ RunTime:0.008319s ]
INFO: [ view_filter ] --START--
INFO: ContentReplace Behavior ::run [ RunTime:0.000517s ]
INFO: TokenBuild Behavior ::run [ RunTime:0.000507s ]
INFO: WriteHtmlCache Behavior ::run [ RunTime:0.000376s ]
INFO: ShowRuntime Behavior ::run [ RunTime:0.000610s ]
INFO: [ view_filter ] --END-- [ RunTime:0.002324s ]
INFO: [ view_end ] --START--
INFO: ShowPageTrace Behavior ::run [ RunTime:0.000599s ]
INFO: [ view_end ] --END-- [ RunTime:0.000678s ]

[ 2015-08-14T10:11:52+08:00 ] 180.153.206.24 /index.php/Index/Login/qq_login
INFO: [ route_check ] --START--
INFO: CheckRoute Behavior ::run [ RunTime:0.000814s ]
INFO: [ route_check ] --END-- [ RunTime:0.000988s ]
INFO: [ app_begin ] --START--
INFO: ReadHtmlCache Behavior ::run [ RunTime:0.000571s ]
INFO: [ app_begin ] --END-- [ RunTime:0.000652s ]
NOTIC: [8] A session had already been started - ignoring session_start() /data/home/qxu1591180029/htdocs/Class/Connect2.0/API/qqConnectAPI.php 第 2 行.

[ 2015-08-14T10:11:54+08:00 ] 101.226.33.200 /index.php/Index/Index/dialog
INFO: [ route_check ] --START--
INFO: CheckRoute Behavior ::run [ RunTime:0.000784s ]
INFO: [ route_check ] --END-- [ RunTime:0.000939s ]
INFO: [ app_begin ] --START--
INFO: ReadHtmlCache Behavior ::run [ RunTime:0.000535s ]
INFO: [ app_begin ] --END-- [ RunTime:0.000614s ]

[ 2015-08-14T10:11:55+08:00 ] 101.226.33.200 /index.php/Index/Login/index
INFO: [ route_check ] --START--
INFO: CheckRoute Behavior ::run [ RunTime:0.000764s ]
INFO: [ route_check ] --END-- [ RunTime:0.000943s ]
INFO: [ app_begin ] --START--
INFO: ReadHtmlCache Behavior ::run [ RunTime:0.000559s ]
INFO: [ app_begin ] --END-- [ RunTime:0.000662s ]
INFO: [ view_parse ] --START--
INFO: ParseTemplate Behavior ::run [ RunTime:0.008002s ]
INFO: [ view_parse ] --END-- [ RunTime:0.008098s ]
INFO: [ view_filter ] --START--
INFO: ContentReplace Behavior ::run [ RunTime:0.000400s ]
INFO: TokenBuild Behavior ::run [ RunTime:0.000349s ]
INFO: WriteHtmlCache Behavior ::run [ RunTime:0.000253s ]
INFO: ShowRuntime Behavior ::run [ RunTime:0.000477s ]
INFO: [ view_filter ] --END-- [ RunTime:0.001688s ]
INFO: [ view_end ] --START--
INFO: ShowPageTrace Behavior ::run [ RunTime:0.000640s ]
INFO: [ view_end ] --END-- [ RunTime:0.000706s ]

[ 2015-08-14T10:13:04+08:00 ] 58.62.103.109 /index.php/Index/Index/index
INFO: [ route_check ] --START--
INFO: CheckRoute Behavior ::run [ RunTime:0.001602s ]
INFO: [ route_check ] --END-- [ RunTime:0.001819s ]
INFO: [ app_begin ] --START--
INFO: ReadHtmlCache Behavior ::run [ RunTime:0.000585s ]
INFO: [ app_begin ] --END-- [ RunTime:0.000661s ]
SQL: SHOW COLUMNS FROM `qq_relation` [ RunTime:0.001169s ]
SQL: SHOW COLUMNS FROM qq_user u [ RunTime:0.001850s ]
ERR: 1064:You have an error in your SQL syntax; check the manual that corresponds to your MySQL server version for the right syntax to use near 'u' at line 1
 [ SQL语句 ] : SHOW COLUMNS FROM qq_user u
SQL: SHOW COLUMNS FROM qq_relation r [ RunTime:0.000537s ]
ERR: 1064:You have an error in your SQL syntax; check the manual that corresponds to your MySQL server version for the right syntax to use near 'r' at line 1
 [ SQL语句 ] : SHOW COLUMNS FROM qq_relation r
SQL: SELECT u.user_name,u.logo,u.style_name,r.friend_id,r.remark,r.group_name FROM qq_user u LEFT JOIN qq_relation r on u.user_id=r.friend_id WHERE ( r.user_id=29 AND status=1 AND (u.user_name like '%w%' OR r.remark like '%w%') )  [ RunTime:0.000866s ]
NOTIC: [2] Invalid argument supplied for foreach() /data/home/qxu1591180029/htdocs/APP/Modules/Index/Model/RelationModel.class.php 第 35 行.
SQL: SHOW COLUMNS FROM `qq_user` [ RunTime:0.001078s ]
SQL: SHOW COLUMNS FROM `qq_user` [ RunTime:0.000866s ]
SQL: SELECT `user_name`,`style_name`,`logo` FROM `qq_user` WHERE ( user_id=29 ) LIMIT 1   [ RunTime:0.000491s ]
SQL: SHOW COLUMNS FROM `qq_relation` [ RunTime:0.001514s ]
SQL: SELECT count(*) num FROM `qq_relation` WHERE ( friend_id=29 and status=0 ) LIMIT 1   [ RunTime:0.000503s ]
INFO: [ view_parse ] --START--
INFO: ParseTemplate Behavior ::run [ RunTime:0.010814s ]
INFO: [ view_parse ] --END-- [ RunTime:0.010935s ]
INFO: [ view_filter ] --START--
INFO: ContentReplace Behavior ::run [ RunTime:0.000499s ]
INFO: TokenBuild Behavior ::run [ RunTime:0.000462s ]
INFO: WriteHtmlCache Behavior ::run [ RunTime:0.000322s ]
INFO: ShowRuntime Behavior ::run [ RunTime:0.000537s ]
INFO: [ view_filter ] --END-- [ RunTime:0.002057s ]
NOTIC: [8] Constant THEME_NAME already defined /data/home/qxu1591180029/htdocs/ThinkPHP/Lib/Core/View.class.php 第 223 行.
NOTIC: [8] Constant THEME_PATH already defined /data/home/qxu1591180029/htdocs/ThinkPHP/Lib/Core/View.class.php 第 171 行.
NOTIC: [8] Constant APP_TMPL_PATH already defined /data/home/qxu1591180029/htdocs/ThinkPHP/Lib/Core/View.class.php 第 172 行.
INFO: [ view_parse ] --START--
INFO: ParseTemplate Behavior ::run [ RunTime:0.006417s ]
INFO: [ view_parse ] --END-- [ RunTime:-0.002596s ]
INFO: [ view_filter ] --START--
INFO: ContentReplace Behavior ::run [ RunTime:0.000110s ]
INFO: TokenBuild Behavior ::run [ RunTime:0.000061s ]
INFO: WriteHtmlCache Behavior ::run [ RunTime:0.000013s ]
INFO: ShowRuntime Behavior ::run [ RunTime:0.000076s ]
INFO: [ view_filter ] --END-- [ RunTime:-0.007057s ]
INFO: [ view_end ] --START--
INFO: ShowPageTrace Behavior ::run [ RunTime:0.000743s ]
INFO: [ view_end ] --END-- [ RunTime:0.000832s ]

[ 2015-08-14T10:13:10+08:00 ] 58.62.103.109 /index.php/Index/Index/index
INFO: [ route_check ] --START--
INFO: CheckRoute Behavior ::run [ RunTime:0.000965s ]
INFO: [ route_check ] --END-- [ RunTime:0.001192s ]
INFO: [ app_begin ] --START--
INFO: ReadHtmlCache Behavior ::run [ RunTime:0.000549s ]
INFO: [ app_begin ] --END-- [ RunTime:0.000626s ]
SQL: SHOW COLUMNS FROM `qq_relation` [ RunTime:0.001103s ]
SQL: SHOW COLUMNS FROM qq_user u [ RunTime:0.000553s ]
ERR: 1064:You have an error in your SQL syntax; check the manual that corresponds to your MySQL server version for the right syntax to use near 'u' at line 1
 [ SQL语句 ] : SHOW COLUMNS FROM qq_user u
SQL: SHOW COLUMNS FROM qq_relation r [ RunTime:0.000486s ]
ERR: 1064:You have an error in your SQL syntax; check the manual that corresponds to your MySQL server version for the right syntax to use near 'r' at line 1
 [ SQL语句 ] : SHOW COLUMNS FROM qq_relation r
SQL: SELECT u.user_name,u.logo,u.style_name,r.friend_id,r.remark,r.group_name FROM qq_user u LEFT JOIN qq_relation r on u.user_id=r.friend_id WHERE ( r.user_id=29 AND status=1 AND (u.user_name like '%晴%' OR r.remark like '%晴%') )  [ RunTime:0.000878s ]
SQL: SHOW COLUMNS FROM `qq_user` [ RunTime:0.000923s ]
SQL: SHOW COLUMNS FROM `qq_user` [ RunTime:0.000895s ]
SQL: SELECT `user_name`,`style_name`,`logo` FROM `qq_user` WHERE ( user_id=29 ) LIMIT 1   [ RunTime:0.000518s ]
SQL: SHOW COLUMNS FROM `qq_relation` [ RunTime:0.000821s ]
SQL: SELECT count(*) num FROM `qq_relation` WHERE ( friend_id=29 and status=0 ) LIMIT 1   [ RunTime:0.000538s ]
INFO: [ view_parse ] --START--
INFO: ParseTemplate Behavior ::run [ RunTime:0.012345s ]
INFO: [ view_parse ] --END-- [ RunTime:0.012489s ]
INFO: [ view_filter ] --START--
INFO: ContentReplace Behavior ::run [ RunTime:0.000512s ]
INFO: TokenBuild Behavior ::run [ RunTime:0.000448s ]
INFO: WriteHtmlCache Behavior ::run [ RunTime:0.000378s ]
INFO: ShowRuntime Behavior ::run [ RunTime:0.000580s ]
INFO: [ view_filter ] --END-- [ RunTime:0.002172s ]
NOTIC: [8] Constant THEME_NAME already defined /data/home/qxu1591180029/htdocs/ThinkPHP/Lib/Core/View.class.php 第 223 行.
NOTIC: [8] Constant THEME_PATH already defined /data/home/qxu1591180029/htdocs/ThinkPHP/Lib/Core/View.class.php 第 171 行.
NOTIC: [8] Constant APP_TMPL_PATH already defined /data/home/qxu1591180029/htdocs/ThinkPHP/Lib/Core/View.class.php 第 172 行.
INFO: [ view_parse ] --START--
INFO: ParseTemplate Behavior ::run [ RunTime:0.006815s ]
INFO: [ view_parse ] --END-- [ RunTime:-0.002750s ]
INFO: [ view_filter ] --START--
INFO: ContentReplace Behavior ::run [ RunTime:0.000094s ]
INFO: TokenBuild Behavior ::run [ RunTime:0.000044s ]
INFO: WriteHtmlCache Behavior ::run [ RunTime:0.000010s ]
INFO: ShowRuntime Behavior ::run [ RunTime:0.000063s ]
INFO: [ view_filter ] --END-- [ RunTime:-0.007433s ]
INFO: [ view_end ] --START--
INFO: ShowPageTrace Behavior ::run [ RunTime:0.000689s ]
INFO: [ view_end ] --END-- [ RunTime:0.000747s ]

[ 2015-08-14T10:13:14+08:00 ] 58.62.103.109 /index.php/Index/Index/addFriend
INFO: [ route_check ] --START--
INFO: CheckRoute Behavior ::run [ RunTime:0.000741s ]
INFO: [ route_check ] --END-- [ RunTime:0.000917s ]
INFO: [ app_begin ] --START--
INFO: ReadHtmlCache Behavior ::run [ RunTime:0.000546s ]
INFO: [ app_begin ] --END-- [ RunTime:0.000618s ]
SQL: SHOW COLUMNS FROM `qq_user` [ RunTime:0.001037s ]
SQL: SHOW COLUMNS FROM `qq_user` [ RunTime:0.001104s ]
SQL: SELECT `user_name`,`style_name`,`logo` FROM `qq_user` WHERE ( user_id=29 ) LIMIT 1   [ RunTime:0.000480s ]
SQL: SHOW COLUMNS FROM `qq_relation` [ RunTime:0.000831s ]
SQL: SELECT count(*) num FROM `qq_relation` WHERE ( friend_id=29 and status=0 ) LIMIT 1   [ RunTime:0.000464s ]
SQL: SHOW COLUMNS FROM `qq_relation` [ RunTime:0.000882s ]
SQL: SHOW COLUMNS FROM qq_relation r [ RunTime:0.000511s ]
ERR: 1064:You have an error in your SQL syntax; check the manual that corresponds to your MySQL server version for the right syntax to use near 'r' at line 1
 [ SQL语句 ] : SHOW COLUMNS FROM qq_relation r
SQL: SHOW COLUMNS FROM qq_user u [ RunTime:0.000476s ]
ERR: 1064:You have an error in your SQL syntax; check the manual that corresponds to your MySQL server version for the right syntax to use near 'u' at line 1
 [ SQL语句 ] : SHOW COLUMNS FROM qq_user u
SQL: SELECT distinct(u.user_id),u.style_name,u.user_name,u.logo FROM qq_relation r LEFT JOIN qq_user u on r.friend_id=u.user_id WHERE ( r.user_id in ( SELECT r.friend_id FROM qq_relation r WHERE ( r.status=1 and r.user_id=29 )  ) and r.status=1 and r.friend_id not in ( SELECT r.friend_id FROM qq_relation r WHERE ( r.status=1 and r.user_id=29 )  ) and r.friend_id<>29 ) LIMIT 5   [ RunTime:0.000514s ]
SQL: SELECT `user_id`,`style_name`,`user_name`,`logo` FROM qq_user u WHERE ( user_id<>29 and user_id not in ( SELECT `friend_id` FROM qq_relation r WHERE ( user_id=29 and status=1 )  ) ) ORDER BY rand() LIMIT 5   [ RunTime:0.001292s ]
INFO: [ view_parse ] --START--
INFO: ParseTemplate Behavior ::run [ RunTime:0.009378s ]
INFO: [ view_parse ] --END-- [ RunTime:0.009465s ]
INFO: [ view_filter ] --START--
INFO: ContentReplace Behavior ::run [ RunTime:0.002748s ]
INFO: TokenBuild Behavior ::run [ RunTime:0.000432s ]
INFO: WriteHtmlCache Behavior ::run [ RunTime:0.000292s ]
INFO: ShowRuntime Behavior ::run [ RunTime:0.000466s ]
INFO: [ view_filter ] --END-- [ RunTime:0.004130s ]
NOTIC: [8] Constant THEME_NAME already defined /data/home/qxu1591180029/htdocs/ThinkPHP/Lib/Core/View.class.php 第 223 行.
NOTIC: [8] Constant THEME_PATH already defined /data/home/qxu1591180029/htdocs/ThinkPHP/Lib/Core/View.class.php 第 171 行.
NOTIC: [8] Constant APP_TMPL_PATH already defined /data/home/qxu1591180029/htdocs/ThinkPHP/Lib/Core/View.class.php 第 172 行.
INFO: [ view_parse ] --START--
INFO: ParseTemplate Behavior ::run [ RunTime:0.005025s ]
INFO: [ view_parse ] --END-- [ RunTime:-0.004520s ]
INFO: [ view_filter ] --START--
INFO: ContentReplace Behavior ::run [ RunTime:0.000115s ]
INFO: TokenBuild Behavior ::run [ RunTime:0.000041s ]
INFO: WriteHtmlCache Behavior ::run [ RunTime:0.000009s ]
INFO: ShowRuntime Behavior ::run [ RunTime:0.000060s ]
INFO: [ view_filter ] --END-- [ RunTime:-0.005550s ]
INFO: [ view_end ] --START--
INFO: ShowPageTrace Behavior ::run [ RunTime:0.000597s ]
INFO: [ view_end ] --END-- [ RunTime:0.000655s ]

[ 2015-08-14T10:13:31+08:00 ] 58.62.103.109 /index.php/Index/Index/style_name_ajax
INFO: [ route_check ] --START--
INFO: CheckRoute Behavior ::run [ RunTime:0.000865s ]
INFO: [ route_check ] --END-- [ RunTime:0.001096s ]
INFO: [ app_begin ] --START--
INFO: ReadHtmlCache Behavior ::run [ RunTime:0.000726s ]
INFO: [ app_begin ] --END-- [ RunTime:0.000823s ]
SQL: SHOW COLUMNS FROM `qq_user` [ RunTime:0.001131s ]
SQL: UPDATE `qq_user` SET `style_name`='彩云' WHERE ( `user_id` = '29' ) [ RunTime:0.001977s ]

[ 2015-08-14T10:13:36+08:00 ] 58.62.103.109 /index.php/Index/Index/style_name_ajax
INFO: [ route_check ] --START--
INFO: CheckRoute Behavior ::run [ RunTime:0.000981s ]
INFO: [ route_check ] --END-- [ RunTime:0.001175s ]
INFO: [ app_begin ] --START--
INFO: ReadHtmlCache Behavior ::run [ RunTime:0.000680s ]
INFO: [ app_begin ] --END-- [ RunTime:0.000766s ]
SQL: SHOW COLUMNS FROM `qq_user` [ RunTime:0.002801s ]
SQL: UPDATE `qq_user` SET `style_name`='彩云' WHERE ( `user_id` = '29' ) [ RunTime:0.000539s ]

[ 2015-08-14T10:13:38+08:00 ] 58.62.103.109 /index.php/Index/Index/addFriend
INFO: [ route_check ] --START--
INFO: CheckRoute Behavior ::run [ RunTime:0.000748s ]
INFO: [ route_check ] --END-- [ RunTime:0.000936s ]
INFO: [ app_begin ] --START--
INFO: ReadHtmlCache Behavior ::run [ RunTime:0.000593s ]
INFO: [ app_begin ] --END-- [ RunTime:0.000683s ]
SQL: SHOW COLUMNS FROM `qq_user` [ RunTime:0.001089s ]
SQL: SHOW COLUMNS FROM `qq_user` [ RunTime:0.000802s ]
SQL: SELECT `user_name`,`style_name`,`logo` FROM `qq_user` WHERE ( user_id=29 ) LIMIT 1   [ RunTime:0.000583s ]
SQL: SHOW COLUMNS FROM `qq_relation` [ RunTime:0.000794s ]
SQL: SELECT count(*) num FROM `qq_relation` WHERE ( friend_id=29 and status=0 ) LIMIT 1   [ RunTime:0.000457s ]
SQL: SHOW COLUMNS FROM `qq_relation` [ RunTime:0.001042s ]
SQL: SHOW COLUMNS FROM qq_relation r [ RunTime:0.000468s ]
ERR: 1064:You have an error in your SQL syntax; check the manual that corresponds to your MySQL server version for the right syntax to use near 'r' at line 1
 [ SQL语句 ] : SHOW COLUMNS FROM qq_relation r
SQL: SHOW COLUMNS FROM qq_user u [ RunTime:0.000492s ]
ERR: 1064:You have an error in your SQL syntax; check the manual that corresponds to your MySQL server version for the right syntax to use near 'u' at line 1
 [ SQL语句 ] : SHOW COLUMNS FROM qq_user u
SQL: SELECT distinct(u.user_id),u.style_name,u.user_name,u.logo FROM qq_relation r LEFT JOIN qq_user u on r.friend_id=u.user_id WHERE ( r.user_id in ( SELECT r.friend_id FROM qq_relation r WHERE ( r.status=1 and r.user_id=29 )  ) and r.status=1 and r.friend_id not in ( SELECT r.friend_id FROM qq_relation r WHERE ( r.status=1 and r.user_id=29 )  ) and r.friend_id<>29 ) LIMIT 5   [ RunTime:0.001869s ]
SQL: SELECT `user_id`,`style_name`,`user_name`,`logo` FROM qq_user u WHERE ( user_id<>29 and user_id not in ( SELECT `friend_id` FROM qq_relation r WHERE ( user_id=29 and status=1 )  ) ) ORDER BY rand() LIMIT 5   [ RunTime:0.001177s ]
INFO: [ view_parse ] --START--
INFO: ParseTemplate Behavior ::run [ RunTime:0.010443s ]
INFO: [ view_parse ] --END-- [ RunTime:0.010610s ]
INFO: [ view_filter ] --START--
INFO: ContentReplace Behavior ::run [ RunTime:0.000528s ]
INFO: TokenBuild Behavior ::run [ RunTime:0.000554s ]
INFO: WriteHtmlCache Behavior ::run [ RunTime:0.000363s ]
INFO: ShowRuntime Behavior ::run [ RunTime:0.000713s ]
INFO: [ view_filter ] --END-- [ RunTime:0.002423s ]
NOTIC: [8] Constant THEME_NAME already defined /data/home/qxu1591180029/htdocs/ThinkPHP/Lib/Core/View.class.php 第 223 行.
NOTIC: [8] Constant THEME_PATH already defined /data/home/qxu1591180029/htdocs/ThinkPHP/Lib/Core/View.class.php 第 171 行.
NOTIC: [8] Constant APP_TMPL_PATH already defined /data/home/qxu1591180029/htdocs/ThinkPHP/Lib/Core/View.class.php 第 172 行.
INFO: [ view_parse ] --START--
INFO: ParseTemplate Behavior ::run [ RunTime:0.007641s ]
INFO: [ view_parse ] --END-- [ RunTime:-0.003197s ]
INFO: [ view_filter ] --START--
INFO: ContentReplace Behavior ::run [ RunTime:0.000193s ]
INFO: TokenBuild Behavior ::run [ RunTime:0.000055s ]
INFO: WriteHtmlCache Behavior ::run [ RunTime:0.000010s ]
INFO: ShowRuntime Behavior ::run [ RunTime:0.000065s ]
INFO: [ view_filter ] --END-- [ RunTime:-0.008516s ]
INFO: [ view_end ] --START--
INFO: ShowPageTrace Behavior ::run [ RunTime:0.000730s ]
INFO: [ view_end ] --END-- [ RunTime:0.000790s ]

[ 2015-08-14T10:13:45+08:00 ] 58.62.103.109 /index.php/Index/Index/style_name_ajax
INFO: [ route_check ] --START--
INFO: CheckRoute Behavior ::run [ RunTime:0.000936s ]
INFO: [ route_check ] --END-- [ RunTime:0.001102s ]
INFO: [ app_begin ] --START--
INFO: ReadHtmlCache Behavior ::run [ RunTime:0.000611s ]
INFO: [ app_begin ] --END-- [ RunTime:0.000678s ]
SQL: SHOW COLUMNS FROM `qq_user` [ RunTime:0.002767s ]
SQL: UPDATE `qq_user` SET `style_name`='彩云' WHERE ( `user_id` = '29' ) [ RunTime:0.000616s ]

[ 2015-08-14T10:14:04+08:00 ] 58.62.103.109 /index.php/Index/Index/style_name_ajax
INFO: [ route_check ] --START--
INFO: CheckRoute Behavior ::run [ RunTime:0.000801s ]
INFO: [ route_check ] --END-- [ RunTime:0.000948s ]
INFO: [ app_begin ] --START--
INFO: ReadHtmlCache Behavior ::run [ RunTime:0.000520s ]
INFO: [ app_begin ] --END-- [ RunTime:0.000583s ]
SQL: SHOW COLUMNS FROM `qq_user` [ RunTime:0.001082s ]
SQL: UPDATE `qq_user` SET `style_name`='我的++我作\' WHERE ( `user_id` = '29' ) [ RunTime:0.001119s ]

[ 2015-08-14T13:40:45+08:00 ] 218.241.98.203 /
INFO: [ app_begin ] --START--
INFO: ReadHtmlCache Behavior ::run [ RunTime:0.000630s ]
INFO: [ app_begin ] --END-- [ RunTime:0.000820s ]

[ 2015-08-14T13:40:45+08:00 ] 218.241.98.203 /index.php/Index/Login/index
INFO: [ route_check ] --START--
INFO: CheckRoute Behavior ::run [ RunTime:0.000793s ]
INFO: [ route_check ] --END-- [ RunTime:0.000974s ]
INFO: [ app_begin ] --START--
INFO: ReadHtmlCache Behavior ::run [ RunTime:0.000605s ]
INFO: [ app_begin ] --END-- [ RunTime:0.000692s ]
INFO: [ view_parse ] --START--
INFO: ParseTemplate Behavior ::run [ RunTime:0.008455s ]
INFO: [ view_parse ] --END-- [ RunTime:0.008591s ]
INFO: [ view_filter ] --START--
INFO: ContentReplace Behavior ::run [ RunTime:0.000393s ]
INFO: TokenBuild Behavior ::run [ RunTime:0.000389s ]
INFO: WriteHtmlCache Behavior ::run [ RunTime:0.000245s ]
INFO: ShowRuntime Behavior ::run [ RunTime:0.000463s ]
INFO: [ view_filter ] --END-- [ RunTime:0.001676s ]
INFO: [ view_end ] --START--
INFO: ShowPageTrace Behavior ::run [ RunTime:0.000658s ]
INFO: [ view_end ] --END-- [ RunTime:0.000741s ]

[ 2015-08-14T19:31:39+08:00 ] 216.145.11.94 /
INFO: [ app_begin ] --START--
INFO: ReadHtmlCache Behavior ::run [ RunTime:0.000497s ]
INFO: [ app_begin ] --END-- [ RunTime:0.000654s ]

[ 2015-08-14T19:31:40+08:00 ] 216.145.11.94 /index.php/Index/Login/index
INFO: [ route_check ] --START--
INFO: CheckRoute Behavior ::run [ RunTime:0.000765s ]
INFO: [ route_check ] --END-- [ RunTime:0.000915s ]
INFO: [ app_begin ] --START--
INFO: ReadHtmlCache Behavior ::run [ RunTime:0.000511s ]
INFO: [ app_begin ] --END-- [ RunTime:0.000580s ]
INFO: [ view_parse ] --START--
INFO: ParseTemplate Behavior ::run [ RunTime:0.007750s ]
INFO: [ view_parse ] --END-- [ RunTime:0.007826s ]
INFO: [ view_filter ] --START--
INFO: ContentReplace Behavior ::run [ RunTime:0.000348s ]
INFO: TokenBuild Behavior ::run [ RunTime:0.000408s ]
INFO: WriteHtmlCache Behavior ::run [ RunTime:0.000243s ]
INFO: ShowRuntime Behavior ::run [ RunTime:0.000441s ]
INFO: [ view_filter ] --END-- [ RunTime:0.001624s ]
INFO: [ view_end ] --START--
INFO: ShowPageTrace Behavior ::run [ RunTime:0.000526s ]
INFO: [ view_end ] --END-- [ RunTime:0.000587s ]

[ 2015-08-14T21:48:20+08:00 ] 58.62.255.58 /
INFO: [ app_begin ] --START--
INFO: ReadHtmlCache Behavior ::run [ RunTime:0.000574s ]
INFO: [ app_begin ] --END-- [ RunTime:0.000751s ]

[ 2015-08-14T21:48:21+08:00 ] 58.62.255.58 /index.php/Index/Login/index
INFO: [ route_check ] --START--
INFO: CheckRoute Behavior ::run [ RunTime:0.000829s ]
INFO: [ route_check ] --END-- [ RunTime:0.000989s ]
INFO: [ app_begin ] --START--
INFO: ReadHtmlCache Behavior ::run [ RunTime:0.000796s ]
INFO: [ app_begin ] --END-- [ RunTime:0.000870s ]
INFO: [ view_parse ] --START--
INFO: ParseTemplate Behavior ::run [ RunTime:0.008206s ]
INFO: [ view_parse ] --END-- [ RunTime:0.008281s ]
INFO: [ view_filter ] --START--
INFO: ContentReplace Behavior ::run [ RunTime:0.000416s ]
INFO: TokenBuild Behavior ::run [ RunTime:0.000350s ]
INFO: WriteHtmlCache Behavior ::run [ RunTime:0.000327s ]
INFO: ShowRuntime Behavior ::run [ RunTime:0.000409s ]
INFO: [ view_filter ] --END-- [ RunTime:0.001695s ]
INFO: [ view_end ] --START--
INFO: ShowPageTrace Behavior ::run [ RunTime:0.000616s ]
INFO: [ view_end ] --END-- [ RunTime:0.000684s ]

[ 2015-08-14T21:48:23+08:00 ] 58.62.255.58 /
INFO: [ app_begin ] --START--
INFO: ReadHtmlCache Behavior ::run [ RunTime:0.000589s ]
INFO: [ app_begin ] --END-- [ RunTime:0.000742s ]

[ 2015-08-14T21:48:23+08:00 ] 58.62.255.58 /index.php/Index/Login/index
INFO: [ route_check ] --START--
INFO: CheckRoute Behavior ::run [ RunTime:0.000778s ]
INFO: [ route_check ] --END-- [ RunTime:0.000955s ]
INFO: [ app_begin ] --START--
INFO: ReadHtmlCache Behavior ::run [ RunTime:0.000562s ]
INFO: [ app_begin ] --END-- [ RunTime:0.000643s ]
INFO: [ view_parse ] --START--
INFO: ParseTemplate Behavior ::run [ RunTime:0.008140s ]
INFO: [ view_parse ] --END-- [ RunTime:0.008239s ]
INFO: [ view_filter ] --START--
INFO: ContentReplace Behavior ::run [ RunTime:0.000403s ]
INFO: TokenBuild Behavior ::run [ RunTime:0.000379s ]
INFO: WriteHtmlCache Behavior ::run [ RunTime:0.000290s ]
INFO: ShowRuntime Behavior ::run [ RunTime:0.000484s ]
INFO: [ view_filter ] --END-- [ RunTime:0.001774s ]
INFO: [ view_end ] --START--
INFO: ShowPageTrace Behavior ::run [ RunTime:0.000606s ]
INFO: [ view_end ] --END-- [ RunTime:0.000670s ]

