[ 2015-09-10T14:48:16+08:00 ] 210.51.215.38 /
INFO: [ app_begin ] --START--
INFO: ReadHtmlCache Behavior ::run [ RunTime:0.001841s ]
INFO: [ app_begin ] --END-- [ RunTime:0.002071s ]

[ 2015-09-10T17:25:31+08:00 ] 218.241.98.202 /
INFO: [ app_begin ] --START--
INFO: ReadHtmlCache Behavior ::run [ RunTime:0.000545s ]
INFO: [ app_begin ] --END-- [ RunTime:0.000694s ]

[ 2015-09-10T17:25:32+08:00 ] 218.241.98.202 /index.php/Index/Login/index
INFO: [ route_check ] --START--
INFO: CheckRoute Behavior ::run [ RunTime:0.031287s ]
INFO: [ route_check ] --END-- [ RunTime:0.031520s ]
INFO: [ app_begin ] --START--
INFO: ReadHtmlCache Behavior ::run [ RunTime:0.000691s ]
INFO: [ app_begin ] --END-- [ RunTime:0.000797s ]
INFO: [ view_parse ] --START--
INFO: ParseTemplate Behavior ::run [ RunTime:0.069492s ]
INFO: [ view_parse ] --END-- [ RunTime:0.069656s ]
INFO: [ view_filter ] --START--
INFO: ContentReplace Behavior ::run [ RunTime:0.001465s ]
INFO: TokenBuild Behavior ::run [ RunTime:0.008401s ]
INFO: WriteHtmlCache Behavior ::run [ RunTime:0.003874s ]
INFO: ShowRuntime Behavior ::run [ RunTime:0.004145s ]
INFO: [ view_filter ] --END-- [ RunTime:0.018140s ]
INFO: [ view_end ] --START--
INFO: ShowPageTrace Behavior ::run [ RunTime:0.011155s ]
INFO: [ view_end ] --END-- [ RunTime:0.011255s ]

