[ 2015-09-14T12:58:21+08:00 ] 183.136.190.62 /
INFO: [ app_begin ] --START--
INFO: ReadHtmlCache Behavior ::run [ RunTime:0.000527s ]
INFO: [ app_begin ] --END-- [ RunTime:0.000699s ]

[ 2015-09-14T17:35:13+08:00 ] 218.241.98.202 /
INFO: [ app_begin ] --START--
INFO: ReadHtmlCache Behavior ::run [ RunTime:0.000647s ]
INFO: [ app_begin ] --END-- [ RunTime:0.000867s ]

[ 2015-09-14T17:35:16+08:00 ] 218.241.98.202 /index.php/Index/Login/index
INFO: [ route_check ] --START--
INFO: CheckRoute Behavior ::run [ RunTime:0.017291s ]
INFO: [ route_check ] --END-- [ RunTime:0.017510s ]
INFO: [ app_begin ] --START--
INFO: ReadHtmlCache Behavior ::run [ RunTime:0.000798s ]
INFO: [ app_begin ] --END-- [ RunTime:0.000894s ]
INFO: [ view_parse ] --START--
INFO: ParseTemplate Behavior ::run [ RunTime:0.064705s ]
INFO: [ view_parse ] --END-- [ RunTime:0.064868s ]
INFO: [ view_filter ] --START--
INFO: ContentReplace Behavior ::run [ RunTime:0.001488s ]
INFO: TokenBuild Behavior ::run [ RunTime:0.019302s ]
INFO: WriteHtmlCache Behavior ::run [ RunTime:0.002352s ]
INFO: ShowRuntime Behavior ::run [ RunTime:0.002871s ]
INFO: [ view_filter ] --END-- [ RunTime:0.026453s ]
INFO: [ view_end ] --START--
INFO: ShowPageTrace Behavior ::run [ RunTime:0.010690s ]
INFO: [ view_end ] --END-- [ RunTime:0.010814s ]

