[ 2015-08-23T13:48:15+08:00 ] 218.241.98.203 /
INFO: [ app_begin ] --START--
INFO: ReadHtmlCache Behavior ::run [ RunTime:0.000929s ]
INFO: [ app_begin ] --END-- [ RunTime:0.001279s ]

[ 2015-08-23T13:48:15+08:00 ] 218.241.98.203 /index.php/Index/Login/index
INFO: [ route_check ] --START--
INFO: CheckRoute Behavior ::run [ RunTime:0.001150s ]
INFO: [ route_check ] --END-- [ RunTime:0.001339s ]
INFO: [ app_begin ] --START--
INFO: ReadHtmlCache Behavior ::run [ RunTime:0.000552s ]
INFO: [ app_begin ] --END-- [ RunTime:0.000633s ]
INFO: [ view_parse ] --START--
INFO: ParseTemplate Behavior ::run [ RunTime:0.008272s ]
INFO: [ view_parse ] --END-- [ RunTime:0.008376s ]
INFO: [ view_filter ] --START--
INFO: ContentReplace Behavior ::run [ RunTime:0.000417s ]
INFO: TokenBuild Behavior ::run [ RunTime:0.000414s ]
INFO: WriteHtmlCache Behavior ::run [ RunTime:0.000262s ]
INFO: ShowRuntime Behavior ::run [ RunTime:0.000470s ]
INFO: [ view_filter ] --END-- [ RunTime:0.001771s ]
INFO: [ view_end ] --START--
INFO: ShowPageTrace Behavior ::run [ RunTime:0.000620s ]
INFO: [ view_end ] --END-- [ RunTime:0.000705s ]

