[ 2015-09-24T04:05:31+08:00 ] 183.136.190.40 /
INFO: [ app_begin ] --START--
INFO: ReadHtmlCache Behavior ::run [ RunTime:0.000611s ]
INFO: [ app_begin ] --END-- [ RunTime:0.000775s ]

[ 2015-09-24T05:20:25+08:00 ] 183.136.190.62 /
INFO: [ app_begin ] --START--
INFO: ReadHtmlCache Behavior ::run [ RunTime:0.000585s ]
INFO: [ app_begin ] --END-- [ RunTime:0.000787s ]

[ 2015-09-24T09:00:26+08:00 ] 183.48.87.150 /
INFO: [ app_begin ] --START--
INFO: ReadHtmlCache Behavior ::run [ RunTime:0.000672s ]
INFO: [ app_begin ] --END-- [ RunTime:0.000887s ]
SQL: SHOW COLUMNS FROM `qq_relation` [ RunTime:0.001248s ]
SQL: SHOW COLUMNS FROM qq_user u [ RunTime:0.000482s ]
ERR: 1064:You have an error in your SQL syntax; check the manual that corresponds to your MySQL server version for the right syntax to use near 'u' at line 1
 [ SQL语句 ] : SHOW COLUMNS FROM qq_user u
SQL: SHOW COLUMNS FROM qq_relation r [ RunTime:0.000484s ]
ERR: 1064:You have an error in your SQL syntax; check the manual that corresponds to your MySQL server version for the right syntax to use near 'r' at line 1
 [ SQL语句 ] : SHOW COLUMNS FROM qq_relation r
SQL: SELECT u.user_name,u.logo,u.style_name,r.friend_id,r.remark,r.group_name FROM qq_user u LEFT JOIN qq_relation r on u.user_id=r.friend_id WHERE ( r.user_id=1 AND status=1 AND (u.user_name like '%%' OR r.remark like '%%') )  [ RunTime:0.001046s ]
SQL: SHOW COLUMNS FROM `qq_user` [ RunTime:0.001051s ]
SQL: SHOW COLUMNS FROM `qq_user` [ RunTime:0.000879s ]
SQL: SELECT `user_name`,`style_name`,`logo` FROM `qq_user` WHERE ( user_id=1 ) LIMIT 1   [ RunTime:0.000685s ]
SQL: SHOW COLUMNS FROM `qq_relation` [ RunTime:0.000873s ]
SQL: SELECT count(*) num FROM `qq_relation` WHERE ( friend_id=1 and status=0 ) LIMIT 1   [ RunTime:0.000653s ]
INFO: [ view_parse ] --START--
INFO: ParseTemplate Behavior ::run [ RunTime:0.026867s ]
INFO: [ view_parse ] --END-- [ RunTime:0.026981s ]
INFO: [ view_filter ] --START--
INFO: ContentReplace Behavior ::run [ RunTime:0.000443s ]
INFO: TokenBuild Behavior ::run [ RunTime:0.000376s ]
INFO: WriteHtmlCache Behavior ::run [ RunTime:0.000285s ]
INFO: ShowRuntime Behavior ::run [ RunTime:0.000452s ]
INFO: [ view_filter ] --END-- [ RunTime:0.001745s ]
NOTIC: [8] Constant THEME_NAME already defined /data/home/qxu1591180029/htdocs/ThinkPHP/Lib/Core/View.class.php 第 223 行.
NOTIC: [8] Constant THEME_PATH already defined /data/home/qxu1591180029/htdocs/ThinkPHP/Lib/Core/View.class.php 第 171 行.
NOTIC: [8] Constant APP_TMPL_PATH already defined /data/home/qxu1591180029/htdocs/ThinkPHP/Lib/Core/View.class.php 第 172 行.
INFO: [ view_parse ] --START--
INFO: ParseTemplate Behavior ::run [ RunTime:0.005382s ]
INFO: [ view_parse ] --END-- [ RunTime:-0.002294s ]
INFO: [ view_filter ] --START--
INFO: ContentReplace Behavior ::run [ RunTime:0.000114s ]
INFO: TokenBuild Behavior ::run [ RunTime:0.000042s ]
INFO: WriteHtmlCache Behavior ::run [ RunTime:0.000014s ]
INFO: ShowRuntime Behavior ::run [ RunTime:0.000082s ]
INFO: [ view_filter ] --END-- [ RunTime:-0.006010s ]
INFO: [ view_end ] --START--
INFO: ShowPageTrace Behavior ::run [ RunTime:0.000582s ]
INFO: [ view_end ] --END-- [ RunTime:0.000644s ]

[ 2015-09-24T15:55:56+08:00 ] 183.136.190.62 /
INFO: [ app_begin ] --START--
INFO: ReadHtmlCache Behavior ::run [ RunTime:0.000770s ]
INFO: [ app_begin ] --END-- [ RunTime:0.000981s ]

[ 2015-09-24T17:13:56+08:00 ] 183.136.190.62 /
INFO: [ app_begin ] --START--
INFO: ReadHtmlCache Behavior ::run [ RunTime:0.000581s ]
INFO: [ app_begin ] --END-- [ RunTime:0.000746s ]

[ 2015-09-24T18:48:29+08:00 ] 218.241.98.202 /
INFO: [ app_begin ] --START--
INFO: ReadHtmlCache Behavior ::run [ RunTime:0.000830s ]
INFO: [ app_begin ] --END-- [ RunTime:0.001056s ]

[ 2015-09-24T18:48:29+08:00 ] 218.241.98.202 /index.php/Index/Login/index
INFO: [ route_check ] --START--
INFO: CheckRoute Behavior ::run [ RunTime:0.000932s ]
INFO: [ route_check ] --END-- [ RunTime:0.001154s ]
INFO: [ app_begin ] --START--
INFO: ReadHtmlCache Behavior ::run [ RunTime:0.000579s ]
INFO: [ app_begin ] --END-- [ RunTime:0.000665s ]
INFO: [ view_parse ] --START--
INFO: ParseTemplate Behavior ::run [ RunTime:0.010140s ]
INFO: [ view_parse ] --END-- [ RunTime:0.010239s ]
INFO: [ view_filter ] --START--
INFO: ContentReplace Behavior ::run [ RunTime:0.000410s ]
INFO: TokenBuild Behavior ::run [ RunTime:0.000406s ]
INFO: WriteHtmlCache Behavior ::run [ RunTime:0.000284s ]
INFO: ShowRuntime Behavior ::run [ RunTime:0.000898s ]
INFO: [ view_filter ] --END-- [ RunTime:0.002221s ]
INFO: [ view_end ] --START--
INFO: ShowPageTrace Behavior ::run [ RunTime:0.000986s ]
INFO: [ view_end ] --END-- [ RunTime:0.001105s ]

[ 2015-09-24T20:33:50+08:00 ] 121.42.0.16 /
INFO: [ app_begin ] --START--
INFO: ReadHtmlCache Behavior ::run [ RunTime:0.000694s ]
INFO: [ app_begin ] --END-- [ RunTime:0.000942s ]

[ 2015-09-24T20:33:50+08:00 ] 121.42.0.16 /index.php/Index/Login/index
INFO: [ route_check ] --START--
INFO: CheckRoute Behavior ::run [ RunTime:0.001034s ]
INFO: [ route_check ] --END-- [ RunTime:0.001278s ]
INFO: [ app_begin ] --START--
INFO: ReadHtmlCache Behavior ::run [ RunTime:0.000786s ]
INFO: [ app_begin ] --END-- [ RunTime:0.000895s ]
INFO: [ view_parse ] --START--
INFO: ParseTemplate Behavior ::run [ RunTime:0.010675s ]
INFO: [ view_parse ] --END-- [ RunTime:0.010795s ]
INFO: [ view_filter ] --START--
INFO: ContentReplace Behavior ::run [ RunTime:0.000512s ]
INFO: TokenBuild Behavior ::run [ RunTime:0.000502s ]
INFO: WriteHtmlCache Behavior ::run [ RunTime:0.000415s ]
INFO: ShowRuntime Behavior ::run [ RunTime:0.000565s ]
INFO: [ view_filter ] --END-- [ RunTime:0.002275s ]
INFO: [ view_end ] --START--
INFO: ShowPageTrace Behavior ::run [ RunTime:0.000782s ]
INFO: [ view_end ] --END-- [ RunTime:0.000892s ]

