[ 2015-09-15T17:34:24+08:00 ] 218.241.98.202 /
INFO: [ app_begin ] --START--
INFO: ReadHtmlCache Behavior ::run [ RunTime:0.000766s ]
INFO: [ app_begin ] --END-- [ RunTime:0.000995s ]

[ 2015-09-15T17:34:24+08:00 ] 218.241.98.202 /index.php/Index/Login/index
INFO: [ route_check ] --START--
INFO: CheckRoute Behavior ::run [ RunTime:0.018606s ]
INFO: [ route_check ] --END-- [ RunTime:0.018850s ]
INFO: [ app_begin ] --START--
INFO: ReadHtmlCache Behavior ::run [ RunTime:0.000583s ]
INFO: [ app_begin ] --END-- [ RunTime:0.000667s ]
INFO: [ view_parse ] --START--
INFO: ParseTemplate Behavior ::run [ RunTime:0.069481s ]
INFO: [ view_parse ] --END-- [ RunTime:0.069611s ]
INFO: [ view_filter ] --START--
INFO: ContentReplace Behavior ::run [ RunTime:0.001806s ]
INFO: TokenBuild Behavior ::run [ RunTime:0.026161s ]
INFO: WriteHtmlCache Behavior ::run [ RunTime:0.001686s ]
INFO: ShowRuntime Behavior ::run [ RunTime:0.001679s ]
INFO: [ view_filter ] --END-- [ RunTime:0.031666s ]
INFO: [ view_end ] --START--
INFO: ShowPageTrace Behavior ::run [ RunTime:0.042916s ]
INFO: [ view_end ] --END-- [ RunTime:0.043087s ]

[ 2015-09-15T23:25:24+08:00 ] 219.137.118.94 /
INFO: [ app_begin ] --START--
INFO: ReadHtmlCache Behavior ::run [ RunTime:0.000521s ]
INFO: [ app_begin ] --END-- [ RunTime:0.000687s ]

[ 2015-09-15T23:25:24+08:00 ] 219.137.118.94 /index.php/Index/Login/index
INFO: [ route_check ] --START--
INFO: CheckRoute Behavior ::run [ RunTime:0.000732s ]
INFO: [ route_check ] --END-- [ RunTime:0.000880s ]
INFO: [ app_begin ] --START--
INFO: ReadHtmlCache Behavior ::run [ RunTime:0.000578s ]
INFO: [ app_begin ] --END-- [ RunTime:0.000648s ]
INFO: [ view_parse ] --START--
INFO: ParseTemplate Behavior ::run [ RunTime:0.007621s ]
INFO: [ view_parse ] --END-- [ RunTime:0.007696s ]
INFO: [ view_filter ] --START--
INFO: ContentReplace Behavior ::run [ RunTime:0.000351s ]
INFO: TokenBuild Behavior ::run [ RunTime:0.000348s ]
INFO: WriteHtmlCache Behavior ::run [ RunTime:0.000261s ]
INFO: ShowRuntime Behavior ::run [ RunTime:0.000416s ]
INFO: [ view_filter ] --END-- [ RunTime:0.001561s ]
INFO: [ view_end ] --START--
INFO: ShowPageTrace Behavior ::run [ RunTime:0.000551s ]
INFO: [ view_end ] --END-- [ RunTime:0.000614s ]

[ 2015-09-15T23:38:37+08:00 ] 101.226.89.122 /index.php/Index/Login/index
INFO: [ route_check ] --START--
INFO: CheckRoute Behavior ::run [ RunTime:0.000839s ]
INFO: [ route_check ] --END-- [ RunTime:0.001004s ]
INFO: [ app_begin ] --START--
INFO: ReadHtmlCache Behavior ::run [ RunTime:0.000531s ]
INFO: [ app_begin ] --END-- [ RunTime:0.000614s ]
INFO: [ view_parse ] --START--
INFO: ParseTemplate Behavior ::run [ RunTime:0.007899s ]
INFO: [ view_parse ] --END-- [ RunTime:0.007986s ]
INFO: [ view_filter ] --START--
INFO: ContentReplace Behavior ::run [ RunTime:0.000371s ]
INFO: TokenBuild Behavior ::run [ RunTime:0.000341s ]
INFO: WriteHtmlCache Behavior ::run [ RunTime:0.000242s ]
INFO: ShowRuntime Behavior ::run [ RunTime:0.000446s ]
INFO: [ view_filter ] --END-- [ RunTime:0.001582s ]
INFO: [ view_end ] --START--
INFO: ShowPageTrace Behavior ::run [ RunTime:0.000552s ]
INFO: [ view_end ] --END-- [ RunTime:0.000614s ]

[ 2015-09-15T23:38:54+08:00 ] 101.226.33.204 /
INFO: [ app_begin ] --START--
INFO: ReadHtmlCache Behavior ::run [ RunTime:0.000624s ]
INFO: [ app_begin ] --END-- [ RunTime:0.000804s ]

[ 2015-09-15T23:38:55+08:00 ] 101.226.33.204 /index.php/Index/Login/index
INFO: [ route_check ] --START--
INFO: CheckRoute Behavior ::run [ RunTime:0.001264s ]
INFO: [ route_check ] --END-- [ RunTime:0.001577s ]
INFO: [ app_begin ] --START--
INFO: ReadHtmlCache Behavior ::run [ RunTime:0.000857s ]
INFO: [ app_begin ] --END-- [ RunTime:0.000979s ]
INFO: [ view_parse ] --START--
INFO: ParseTemplate Behavior ::run [ RunTime:0.012456s ]
INFO: [ view_parse ] --END-- [ RunTime:0.012575s ]
INFO: [ view_filter ] --START--
INFO: ContentReplace Behavior ::run [ RunTime:0.000425s ]
INFO: TokenBuild Behavior ::run [ RunTime:0.000404s ]
INFO: WriteHtmlCache Behavior ::run [ RunTime:0.000246s ]
INFO: ShowRuntime Behavior ::run [ RunTime:0.000450s ]
INFO: [ view_filter ] --END-- [ RunTime:0.001736s ]
INFO: [ view_end ] --START--
INFO: ShowPageTrace Behavior ::run [ RunTime:0.000593s ]
INFO: [ view_end ] --END-- [ RunTime:0.000660s ]

