[ 2015-08-16T07:49:19+08:00 ] 218.241.97.200 /
INFO: [ app_begin ] --START--
INFO: ReadHtmlCache Behavior ::run [ RunTime:0.000651s ]
INFO: [ app_begin ] --END-- [ RunTime:0.000835s ]

[ 2015-08-16T09:34:04+08:00 ] 58.62.252.30 /
INFO: [ app_begin ] --START--
INFO: ReadHtmlCache Behavior ::run [ RunTime:0.000694s ]
INFO: [ app_begin ] --END-- [ RunTime:0.000898s ]

[ 2015-08-16T09:34:05+08:00 ] 58.62.252.30 /index.php/Index/Login/index
INFO: [ route_check ] --START--
INFO: CheckRoute Behavior ::run [ RunTime:0.020401s ]
INFO: [ route_check ] --END-- [ RunTime:0.020606s ]
INFO: [ app_begin ] --START--
INFO: ReadHtmlCache Behavior ::run [ RunTime:0.000590s ]
INFO: [ app_begin ] --END-- [ RunTime:0.000669s ]
INFO: [ view_parse ] --START--
INFO: ParseTemplate Behavior ::run [ RunTime:0.044832s ]
INFO: [ view_parse ] --END-- [ RunTime:0.044945s ]
INFO: [ view_filter ] --START--
INFO: ContentReplace Behavior ::run [ RunTime:0.001846s ]
INFO: TokenBuild Behavior ::run [ RunTime:0.014444s ]
INFO: WriteHtmlCache Behavior ::run [ RunTime:0.001557s ]
INFO: ShowRuntime Behavior ::run [ RunTime:0.001662s ]
INFO: [ view_filter ] --END-- [ RunTime:0.019844s ]
INFO: [ view_end ] --START--
INFO: ShowPageTrace Behavior ::run [ RunTime:0.011175s ]
INFO: [ view_end ] --END-- [ RunTime:0.011292s ]

[ 2015-08-16T09:34:05+08:00 ] 101.226.65.106 /
INFO: [ app_begin ] --START--
INFO: ReadHtmlCache Behavior ::run [ RunTime:0.000552s ]
INFO: [ app_begin ] --END-- [ RunTime:0.000709s ]

[ 2015-08-16T09:34:05+08:00 ] 101.226.33.240 /index.php/Index/Login/index
INFO: [ route_check ] --START--
INFO: CheckRoute Behavior ::run [ RunTime:0.000817s ]
INFO: [ route_check ] --END-- [ RunTime:0.000975s ]
INFO: [ app_begin ] --START--
INFO: ReadHtmlCache Behavior ::run [ RunTime:0.000578s ]
INFO: [ app_begin ] --END-- [ RunTime:0.000651s ]
INFO: [ view_parse ] --START--
INFO: ParseTemplate Behavior ::run [ RunTime:0.008180s ]
INFO: [ view_parse ] --END-- [ RunTime:0.008269s ]
INFO: [ view_filter ] --START--
INFO: ContentReplace Behavior ::run [ RunTime:0.000443s ]
INFO: TokenBuild Behavior ::run [ RunTime:0.000411s ]
INFO: WriteHtmlCache Behavior ::run [ RunTime:0.000318s ]
INFO: ShowRuntime Behavior ::run [ RunTime:0.000489s ]
INFO: [ view_filter ] --END-- [ RunTime:0.001872s ]
INFO: [ view_end ] --START--
INFO: ShowPageTrace Behavior ::run [ RunTime:0.000613s ]
INFO: [ view_end ] --END-- [ RunTime:0.000692s ]

[ 2015-08-16T09:34:05+08:00 ] 101.226.65.106 /index.php/Index/Login/index
INFO: [ route_check ] --START--
INFO: CheckRoute Behavior ::run [ RunTime:0.000747s ]
INFO: [ route_check ] --END-- [ RunTime:0.000904s ]
INFO: [ app_begin ] --START--
INFO: ReadHtmlCache Behavior ::run [ RunTime:0.000521s ]
INFO: [ app_begin ] --END-- [ RunTime:0.000593s ]
INFO: [ view_parse ] --START--
INFO: ParseTemplate Behavior ::run [ RunTime:0.008958s ]
INFO: [ view_parse ] --END-- [ RunTime:0.009050s ]
INFO: [ view_filter ] --START--
INFO: ContentReplace Behavior ::run [ RunTime:0.000370s ]
INFO: TokenBuild Behavior ::run [ RunTime:0.000402s ]
INFO: WriteHtmlCache Behavior ::run [ RunTime:0.000247s ]
INFO: ShowRuntime Behavior ::run [ RunTime:0.000496s ]
INFO: [ view_filter ] --END-- [ RunTime:0.001720s ]
INFO: [ view_end ] --START--
INFO: ShowPageTrace Behavior ::run [ RunTime:0.000578s ]
INFO: [ view_end ] --END-- [ RunTime:0.000660s ]

[ 2015-08-16T09:34:12+08:00 ] 58.62.252.30 /index.php/Index/Login/index
INFO: [ route_check ] --START--
INFO: CheckRoute Behavior ::run [ RunTime:0.000817s ]
INFO: [ route_check ] --END-- [ RunTime:0.000973s ]
INFO: [ app_begin ] --START--
INFO: ReadHtmlCache Behavior ::run [ RunTime:0.000546s ]
INFO: [ app_begin ] --END-- [ RunTime:0.000621s ]
INFO: [ view_parse ] --START--
INFO: ParseTemplate Behavior ::run [ RunTime:0.007690s ]
INFO: [ view_parse ] --END-- [ RunTime:0.007767s ]
INFO: [ view_filter ] --START--
INFO: ContentReplace Behavior ::run [ RunTime:0.000372s ]
INFO: TokenBuild Behavior ::run [ RunTime:0.000360s ]
INFO: WriteHtmlCache Behavior ::run [ RunTime:0.000262s ]
INFO: ShowRuntime Behavior ::run [ RunTime:0.000415s ]
INFO: [ view_filter ] --END-- [ RunTime:0.001610s ]
INFO: [ view_end ] --START--
INFO: ShowPageTrace Behavior ::run [ RunTime:0.000611s ]
INFO: [ view_end ] --END-- [ RunTime:0.000673s ]

[ 2015-08-16T09:34:15+08:00 ] 58.62.252.30 /index.php/Index/Login/qq_login
INFO: [ route_check ] --START--
INFO: CheckRoute Behavior ::run [ RunTime:0.000800s ]
INFO: [ route_check ] --END-- [ RunTime:0.000973s ]
INFO: [ app_begin ] --START--
INFO: ReadHtmlCache Behavior ::run [ RunTime:0.000588s ]
INFO: [ app_begin ] --END-- [ RunTime:0.000668s ]
NOTIC: [8] A session had already been started - ignoring session_start() /data/home/qxu1591180029/htdocs/Class/Connect2.0/API/qqConnectAPI.php 第 2 行.

[ 2015-08-16T09:34:15+08:00 ] 101.226.69.246 /index.php/Index/Login/qq_login
INFO: [ route_check ] --START--
INFO: CheckRoute Behavior ::run [ RunTime:0.001110s ]
INFO: [ route_check ] --END-- [ RunTime:0.001333s ]
INFO: [ app_begin ] --START--
INFO: ReadHtmlCache Behavior ::run [ RunTime:0.000624s ]
INFO: [ app_begin ] --END-- [ RunTime:0.000713s ]
NOTIC: [8] A session had already been started - ignoring session_start() /data/home/qxu1591180029/htdocs/Class/Connect2.0/API/qqConnectAPI.php 第 2 行.

[ 2015-08-16T09:34:29+08:00 ] 58.62.252.30 /index.php/Index/Login/callback?code=673BFD3E72A95252AEBCAF9A9E463F52&state=7f5f6589e5ed50d8982031f79d59cff3
INFO: [ route_check ] --START--
INFO: CheckRoute Behavior ::run [ RunTime:0.000796s ]
INFO: [ route_check ] --END-- [ RunTime:0.000942s ]
INFO: [ app_begin ] --START--
INFO: ReadHtmlCache Behavior ::run [ RunTime:0.000536s ]
INFO: [ app_begin ] --END-- [ RunTime:0.000604s ]
NOTIC: [8] A session had already been started - ignoring session_start() /data/home/qxu1591180029/htdocs/Class/Connect2.0/API/qqConnectAPI.php 第 2 行.

[ 2015-08-16T09:34:30+08:00 ] 58.62.252.30 /
INFO: [ app_begin ] --START--
INFO: ReadHtmlCache Behavior ::run [ RunTime:0.000534s ]
INFO: [ app_begin ] --END-- [ RunTime:0.000681s ]

[ 2015-08-16T09:34:30+08:00 ] 58.62.252.30 /index.php/Index/Login/index
INFO: [ route_check ] --START--
INFO: CheckRoute Behavior ::run [ RunTime:0.000715s ]
INFO: [ route_check ] --END-- [ RunTime:0.000880s ]
INFO: [ app_begin ] --START--
INFO: ReadHtmlCache Behavior ::run [ RunTime:0.000514s ]
INFO: [ app_begin ] --END-- [ RunTime:0.000584s ]
INFO: [ view_parse ] --START--
INFO: ParseTemplate Behavior ::run [ RunTime:0.007489s ]
INFO: [ view_parse ] --END-- [ RunTime:0.007564s ]
INFO: [ view_filter ] --START--
INFO: ContentReplace Behavior ::run [ RunTime:0.000347s ]
INFO: TokenBuild Behavior ::run [ RunTime:0.000340s ]
INFO: WriteHtmlCache Behavior ::run [ RunTime:0.000270s ]
INFO: ShowRuntime Behavior ::run [ RunTime:0.000419s ]
INFO: [ view_filter ] --END-- [ RunTime:0.001556s ]
INFO: [ view_end ] --START--
INFO: ShowPageTrace Behavior ::run [ RunTime:0.000575s ]
INFO: [ view_end ] --END-- [ RunTime:0.000639s ]

[ 2015-08-16T10:27:21+08:00 ] 58.62.252.30 /
INFO: [ app_begin ] --START--
INFO: ReadHtmlCache Behavior ::run [ RunTime:0.000807s ]
INFO: [ app_begin ] --END-- [ RunTime:0.001048s ]

[ 2015-08-16T10:27:21+08:00 ] 58.62.252.30 /index.php/Index/Login/index
INFO: [ route_check ] --START--
INFO: CheckRoute Behavior ::run [ RunTime:0.001038s ]
INFO: [ route_check ] --END-- [ RunTime:0.001210s ]
INFO: [ app_begin ] --START--
INFO: ReadHtmlCache Behavior ::run [ RunTime:0.000671s ]
INFO: [ app_begin ] --END-- [ RunTime:0.000762s ]
INFO: [ view_parse ] --START--
INFO: ParseTemplate Behavior ::run [ RunTime:0.010106s ]
INFO: [ view_parse ] --END-- [ RunTime:0.010208s ]
INFO: [ view_filter ] --START--
INFO: ContentReplace Behavior ::run [ RunTime:0.000399s ]
INFO: TokenBuild Behavior ::run [ RunTime:0.000416s ]
INFO: WriteHtmlCache Behavior ::run [ RunTime:0.000305s ]
INFO: ShowRuntime Behavior ::run [ RunTime:0.000622s ]
INFO: [ view_filter ] --END-- [ RunTime:0.001970s ]
INFO: [ view_end ] --START--
INFO: ShowPageTrace Behavior ::run [ RunTime:0.000815s ]
INFO: [ view_end ] --END-- [ RunTime:0.000894s ]

[ 2015-08-16T10:27:46+08:00 ] 58.62.252.30 /index.php/Index/Login/runLogin
INFO: [ route_check ] --START--
INFO: CheckRoute Behavior ::run [ RunTime:0.000779s ]
INFO: [ route_check ] --END-- [ RunTime:0.000927s ]
INFO: [ app_begin ] --START--
INFO: ReadHtmlCache Behavior ::run [ RunTime:0.000561s ]
INFO: [ app_begin ] --END-- [ RunTime:0.000628s ]
SQL: SHOW COLUMNS FROM `qq_user` [ RunTime:0.001437s ]
SQL: SELECT * FROM `qq_user` WHERE ( `user_name` = 'aa' ) AND ( `password` = '4124bc0a9335c27f086f24ba207a4912' ) LIMIT 1   [ RunTime:0.000936s ]
INFO: [ view_parse ] --START--
INFO: ParseTemplate Behavior ::run [ RunTime:0.033699s ]
INFO: [ view_parse ] --END-- [ RunTime:0.033803s ]
INFO: [ view_filter ] --START--
INFO: ContentReplace Behavior ::run [ RunTime:0.000386s ]
INFO: TokenBuild Behavior ::run [ RunTime:0.000374s ]
INFO: WriteHtmlCache Behavior ::run [ RunTime:0.000275s ]
INFO: ShowRuntime Behavior ::run [ RunTime:0.000548s ]
INFO: [ view_filter ] --END-- [ RunTime:0.001807s ]
INFO: [ view_end ] --START--
INFO: ShowPageTrace Behavior ::run [ RunTime:0.000728s ]
INFO: [ view_end ] --END-- [ RunTime:0.000810s ]

[ 2015-08-16T10:27:47+08:00 ] 101.226.89.122 /index.php/Index/Login/runLogin
INFO: [ route_check ] --START--
INFO: CheckRoute Behavior ::run [ RunTime:0.000766s ]
INFO: [ route_check ] --END-- [ RunTime:0.000925s ]
INFO: [ app_begin ] --START--
INFO: ReadHtmlCache Behavior ::run [ RunTime:0.000537s ]
INFO: [ app_begin ] --END-- [ RunTime:0.000614s ]
SQL: SHOW COLUMNS FROM `qq_user` [ RunTime:0.001141s ]
SQL: SELECT * FROM `qq_user` WHERE ( `user_name` = '' ) AND ( `password` = 'd41d8cd98f00b204e9800998ecf8427e' ) LIMIT 1   [ RunTime:0.000805s ]
INFO: [ view_parse ] --START--
INFO: ParseTemplate Behavior ::run [ RunTime:0.010006s ]
INFO: [ view_parse ] --END-- [ RunTime:0.010090s ]
INFO: [ view_filter ] --START--
INFO: ContentReplace Behavior ::run [ RunTime:0.000374s ]
INFO: TokenBuild Behavior ::run [ RunTime:0.000518s ]
INFO: WriteHtmlCache Behavior ::run [ RunTime:0.000283s ]
INFO: ShowRuntime Behavior ::run [ RunTime:0.000634s ]
INFO: [ view_filter ] --END-- [ RunTime:0.001994s ]
INFO: [ view_end ] --START--
INFO: ShowPageTrace Behavior ::run [ RunTime:0.000749s ]
INFO: [ view_end ] --END-- [ RunTime:0.000813s ]

[ 2015-08-16T10:27:48+08:00 ] 58.62.252.30 /index.php/Index/Index/index
INFO: [ route_check ] --START--
INFO: CheckRoute Behavior ::run [ RunTime:0.000965s ]
INFO: [ route_check ] --END-- [ RunTime:0.001154s ]
INFO: [ app_begin ] --START--
INFO: ReadHtmlCache Behavior ::run [ RunTime:0.000548s ]
INFO: [ app_begin ] --END-- [ RunTime:0.000620s ]
SQL: SHOW COLUMNS FROM `qq_relation` [ RunTime:0.001358s ]
SQL: SHOW COLUMNS FROM qq_user u [ RunTime:0.000472s ]
ERR: 1064:You have an error in your SQL syntax; check the manual that corresponds to your MySQL server version for the right syntax to use near 'u' at line 1
 [ SQL语句 ] : SHOW COLUMNS FROM qq_user u
SQL: SHOW COLUMNS FROM qq_relation r [ RunTime:0.000489s ]
ERR: 1064:You have an error in your SQL syntax; check the manual that corresponds to your MySQL server version for the right syntax to use near 'r' at line 1
 [ SQL语句 ] : SHOW COLUMNS FROM qq_relation r
SQL: SELECT u.user_name,u.logo,u.style_name,r.friend_id,r.remark,r.group_name FROM qq_user u LEFT JOIN qq_relation r on u.user_id=r.friend_id WHERE ( r.user_id=1 AND status=1 AND (u.user_name like '%%' OR r.remark like '%%') )  [ RunTime:0.000793s ]
SQL: SHOW COLUMNS FROM `qq_user` [ RunTime:0.001132s ]
SQL: SHOW COLUMNS FROM `qq_user` [ RunTime:0.000839s ]
SQL: SELECT `user_name`,`style_name`,`logo` FROM `qq_user` WHERE ( user_id=1 ) LIMIT 1   [ RunTime:0.000642s ]
SQL: SHOW COLUMNS FROM `qq_relation` [ RunTime:0.000879s ]
SQL: SELECT count(*) num FROM `qq_relation` WHERE ( friend_id=1 and status=0 ) LIMIT 1   [ RunTime:0.000723s ]
INFO: [ view_parse ] --START--
INFO: ParseTemplate Behavior ::run [ RunTime:0.047004s ]
INFO: [ view_parse ] --END-- [ RunTime:0.047107s ]
INFO: [ view_filter ] --START--
INFO: ContentReplace Behavior ::run [ RunTime:0.000433s ]
INFO: TokenBuild Behavior ::run [ RunTime:0.000379s ]
INFO: WriteHtmlCache Behavior ::run [ RunTime:0.000402s ]
INFO: ShowRuntime Behavior ::run [ RunTime:0.000458s ]
INFO: [ view_filter ] --END-- [ RunTime:0.001879s ]
NOTIC: [8] Constant THEME_NAME already defined /data/home/qxu1591180029/htdocs/ThinkPHP/Lib/Core/View.class.php 第 223 行.
NOTIC: [8] Constant THEME_PATH already defined /data/home/qxu1591180029/htdocs/ThinkPHP/Lib/Core/View.class.php 第 171 行.
NOTIC: [8] Constant APP_TMPL_PATH already defined /data/home/qxu1591180029/htdocs/ThinkPHP/Lib/Core/View.class.php 第 172 行.
INFO: [ view_parse ] --START--
INFO: ParseTemplate Behavior ::run [ RunTime:0.020079s ]
INFO: [ view_parse ] --END-- [ RunTime:-0.002580s ]
INFO: [ view_filter ] --START--
INFO: ContentReplace Behavior ::run [ RunTime:0.000135s ]
INFO: TokenBuild Behavior ::run [ RunTime:0.000045s ]
INFO: WriteHtmlCache Behavior ::run [ RunTime:0.000012s ]
INFO: ShowRuntime Behavior ::run [ RunTime:0.000065s ]
INFO: [ view_filter ] --END-- [ RunTime:-0.020891s ]
INFO: [ view_end ] --START--
INFO: ShowPageTrace Behavior ::run [ RunTime:0.000640s ]
INFO: [ view_end ] --END-- [ RunTime:0.000698s ]

[ 2015-08-16T10:27:49+08:00 ] 101.226.66.181 /index.php/Index/Index/index
INFO: [ route_check ] --START--
INFO: CheckRoute Behavior ::run [ RunTime:0.000822s ]
INFO: [ route_check ] --END-- [ RunTime:0.000981s ]
INFO: [ app_begin ] --START--
INFO: ReadHtmlCache Behavior ::run [ RunTime:0.000697s ]
INFO: [ app_begin ] --END-- [ RunTime:0.000794s ]

[ 2015-08-16T10:27:49+08:00 ] 101.226.66.181 /index.php/Index/Login/index
INFO: [ route_check ] --START--
INFO: CheckRoute Behavior ::run [ RunTime:0.000895s ]
INFO: [ route_check ] --END-- [ RunTime:0.001103s ]
INFO: [ app_begin ] --START--
INFO: ReadHtmlCache Behavior ::run [ RunTime:0.000879s ]
INFO: [ app_begin ] --END-- [ RunTime:0.001022s ]
INFO: [ view_parse ] --START--
INFO: ParseTemplate Behavior ::run [ RunTime:0.010642s ]
INFO: [ view_parse ] --END-- [ RunTime:0.010749s ]
INFO: [ view_filter ] --START--
INFO: ContentReplace Behavior ::run [ RunTime:0.000381s ]
INFO: TokenBuild Behavior ::run [ RunTime:0.000387s ]
INFO: WriteHtmlCache Behavior ::run [ RunTime:0.000253s ]
INFO: ShowRuntime Behavior ::run [ RunTime:0.000456s ]
INFO: [ view_filter ] --END-- [ RunTime:0.001706s ]
INFO: [ view_end ] --START--
INFO: ShowPageTrace Behavior ::run [ RunTime:0.000620s ]
INFO: [ view_end ] --END-- [ RunTime:0.000693s ]

[ 2015-08-16T10:27:50+08:00 ] 58.62.252.30 /index.php/Index/Index/chat/user_id/29
INFO: [ route_check ] --START--
INFO: CheckRoute Behavior ::run [ RunTime:0.000779s ]
INFO: [ route_check ] --END-- [ RunTime:0.000988s ]
INFO: [ app_begin ] --START--
INFO: ReadHtmlCache Behavior ::run [ RunTime:0.000591s ]
INFO: [ app_begin ] --END-- [ RunTime:0.000665s ]
SQL: SHOW COLUMNS FROM `qq_user` [ RunTime:0.001322s ]
SQL: SELECT `user_id`,`user_name`,`logo`,`style_name` FROM `qq_user` WHERE ( `user_id` = 29 ) LIMIT 1   [ RunTime:0.000620s ]
INFO: [ view_parse ] --START--
INFO: ParseTemplate Behavior ::run [ RunTime:0.011684s ]
INFO: [ view_parse ] --END-- [ RunTime:0.011773s ]
INFO: [ view_filter ] --START--
INFO: ContentReplace Behavior ::run [ RunTime:0.000873s ]
INFO: TokenBuild Behavior ::run [ RunTime:0.000611s ]
INFO: WriteHtmlCache Behavior ::run [ RunTime:0.000300s ]
INFO: ShowRuntime Behavior ::run [ RunTime:0.002620s ]
INFO: [ view_filter ] --END-- [ RunTime:0.004642s ]
INFO: [ view_end ] --START--
INFO: ShowPageTrace Behavior ::run [ RunTime:0.000818s ]
INFO: [ view_end ] --END-- [ RunTime:0.000932s ]

[ 2015-08-16T10:27:51+08:00 ] 101.226.65.107 /index.php/Index/Index/chat/user_id/29
INFO: [ route_check ] --START--
INFO: CheckRoute Behavior ::run [ RunTime:0.000758s ]
INFO: [ route_check ] --END-- [ RunTime:0.000925s ]
INFO: [ app_begin ] --START--
INFO: ReadHtmlCache Behavior ::run [ RunTime:0.000550s ]
INFO: [ app_begin ] --END-- [ RunTime:0.000623s ]

[ 2015-08-16T10:27:51+08:00 ] 101.226.65.107 /index.php/Index/Login/index
INFO: [ route_check ] --START--
INFO: CheckRoute Behavior ::run [ RunTime:0.000778s ]
INFO: [ route_check ] --END-- [ RunTime:0.001013s ]
INFO: [ app_begin ] --START--
INFO: ReadHtmlCache Behavior ::run [ RunTime:0.000620s ]
INFO: [ app_begin ] --END-- [ RunTime:0.000696s ]
INFO: [ view_parse ] --START--
INFO: ParseTemplate Behavior ::run [ RunTime:0.008317s ]
INFO: [ view_parse ] --END-- [ RunTime:0.008400s ]
INFO: [ view_filter ] --START--
INFO: ContentReplace Behavior ::run [ RunTime:0.000367s ]
INFO: TokenBuild Behavior ::run [ RunTime:0.000404s ]
INFO: WriteHtmlCache Behavior ::run [ RunTime:0.000255s ]
INFO: ShowRuntime Behavior ::run [ RunTime:0.000466s ]
INFO: [ view_filter ] --END-- [ RunTime:0.001707s ]
INFO: [ view_end ] --START--
INFO: ShowPageTrace Behavior ::run [ RunTime:0.000595s ]
INFO: [ view_end ] --END-- [ RunTime:0.000669s ]

[ 2015-08-16T10:27:51+08:00 ] 58.62.252.30 /index.php/Index/Index/runChat
INFO: [ route_check ] --START--
INFO: CheckRoute Behavior ::run [ RunTime:0.000781s ]
INFO: [ route_check ] --END-- [ RunTime:0.000928s ]
INFO: [ app_begin ] --START--
INFO: ReadHtmlCache Behavior ::run [ RunTime:0.000550s ]
INFO: [ app_begin ] --END-- [ RunTime:0.000615s ]
SQL: SHOW COLUMNS FROM `qq_content` [ RunTime:0.001289s ]
SQL: SELECT * FROM `qq_content` WHERE ( (user_id=1 and pid=29) or (user_id=29 and pid=1) ) ORDER BY time  [ RunTime:0.000975s ]
SQL: SHOW COLUMNS FROM `qq_user` [ RunTime:0.000995s ]
SQL: SELECT `user_name` FROM `qq_user` WHERE ( user_id=29 ) LIMIT 1   [ RunTime:0.000631s ]
SQL: SELECT `user_name` FROM `qq_user` WHERE ( user_id=29 ) LIMIT 1   [ RunTime:0.000573s ]

[ 2015-08-16T10:27:51+08:00 ] 58.62.252.30 /index.php/Index/Index/runChat
INFO: [ route_check ] --START--
INFO: CheckRoute Behavior ::run [ RunTime:0.000758s ]
INFO: [ route_check ] --END-- [ RunTime:0.000925s ]
INFO: [ app_begin ] --START--
INFO: ReadHtmlCache Behavior ::run [ RunTime:0.000565s ]
INFO: [ app_begin ] --END-- [ RunTime:0.000626s ]
SQL: SHOW COLUMNS FROM `qq_content` [ RunTime:0.001251s ]
SQL: SELECT * FROM `qq_content` WHERE ( (user_id=1 and pid=29) or (user_id=29 and pid=1) ) ORDER BY time  [ RunTime:0.000537s ]
SQL: SHOW COLUMNS FROM `qq_user` [ RunTime:0.001019s ]
SQL: SELECT `user_name` FROM `qq_user` WHERE ( user_id=29 ) LIMIT 1   [ RunTime:0.000536s ]
SQL: SELECT `user_name` FROM `qq_user` WHERE ( user_id=29 ) LIMIT 1   [ RunTime:0.000469s ]

[ 2015-08-16T10:27:52+08:00 ] 58.62.252.30 /index.php/Index/Index/runChat
INFO: [ route_check ] --START--
INFO: CheckRoute Behavior ::run [ RunTime:0.000871s ]
INFO: [ route_check ] --END-- [ RunTime:0.001029s ]
INFO: [ app_begin ] --START--
INFO: ReadHtmlCache Behavior ::run [ RunTime:0.000688s ]
INFO: [ app_begin ] --END-- [ RunTime:0.000777s ]
SQL: SHOW COLUMNS FROM `qq_content` [ RunTime:0.001184s ]
SQL: SELECT * FROM `qq_content` WHERE ( (user_id=1 and pid=29) or (user_id=29 and pid=1) ) ORDER BY time  [ RunTime:0.000519s ]
SQL: SHOW COLUMNS FROM `qq_user` [ RunTime:0.000866s ]
SQL: SELECT `user_name` FROM `qq_user` WHERE ( user_id=29 ) LIMIT 1   [ RunTime:0.000482s ]
SQL: SELECT `user_name` FROM `qq_user` WHERE ( user_id=29 ) LIMIT 1   [ RunTime:0.000506s ]

[ 2015-08-16T10:27:52+08:00 ] 58.62.252.30 /index.php/Index/Index/runChat
INFO: [ route_check ] --START--
INFO: CheckRoute Behavior ::run [ RunTime:0.000894s ]
INFO: [ route_check ] --END-- [ RunTime:0.001040s ]
INFO: [ app_begin ] --START--
INFO: ReadHtmlCache Behavior ::run [ RunTime:0.000536s ]
INFO: [ app_begin ] --END-- [ RunTime:0.000602s ]
SQL: SHOW COLUMNS FROM `qq_content` [ RunTime:0.001118s ]
SQL: SELECT * FROM `qq_content` WHERE ( (user_id=1 and pid=29) or (user_id=29 and pid=1) ) ORDER BY time  [ RunTime:0.000544s ]
SQL: SHOW COLUMNS FROM `qq_user` [ RunTime:0.000995s ]
SQL: SELECT `user_name` FROM `qq_user` WHERE ( user_id=29 ) LIMIT 1   [ RunTime:0.002336s ]
SQL: SELECT `user_name` FROM `qq_user` WHERE ( user_id=29 ) LIMIT 1   [ RunTime:0.000505s ]

[ 2015-08-16T10:27:53+08:00 ] 58.62.252.30 /index.php/Index/Index/runChat
INFO: [ route_check ] --START--
INFO: CheckRoute Behavior ::run [ RunTime:0.000775s ]
INFO: [ route_check ] --END-- [ RunTime:0.000935s ]
INFO: [ app_begin ] --START--
INFO: ReadHtmlCache Behavior ::run [ RunTime:0.000544s ]
INFO: [ app_begin ] --END-- [ RunTime:0.000608s ]
SQL: SHOW COLUMNS FROM `qq_content` [ RunTime:0.001079s ]
SQL: SELECT * FROM `qq_content` WHERE ( (user_id=1 and pid=29) or (user_id=29 and pid=1) ) ORDER BY time  [ RunTime:0.000510s ]
SQL: SHOW COLUMNS FROM `qq_user` [ RunTime:0.000859s ]
SQL: SELECT `user_name` FROM `qq_user` WHERE ( user_id=29 ) LIMIT 1   [ RunTime:0.000462s ]
SQL: SELECT `user_name` FROM `qq_user` WHERE ( user_id=29 ) LIMIT 1   [ RunTime:0.000437s ]

[ 2015-08-16T10:27:53+08:00 ] 58.62.252.30 /index.php/Index/Index/runChat
INFO: [ route_check ] --START--
INFO: CheckRoute Behavior ::run [ RunTime:0.000885s ]
INFO: [ route_check ] --END-- [ RunTime:0.001028s ]
INFO: [ app_begin ] --START--
INFO: ReadHtmlCache Behavior ::run [ RunTime:0.000528s ]
INFO: [ app_begin ] --END-- [ RunTime:0.000591s ]
SQL: SHOW COLUMNS FROM `qq_content` [ RunTime:0.001175s ]
SQL: SELECT * FROM `qq_content` WHERE ( (user_id=1 and pid=29) or (user_id=29 and pid=1) ) ORDER BY time  [ RunTime:0.000565s ]
SQL: SHOW COLUMNS FROM `qq_user` [ RunTime:0.000914s ]
SQL: SELECT `user_name` FROM `qq_user` WHERE ( user_id=29 ) LIMIT 1   [ RunTime:0.000574s ]
SQL: SELECT `user_name` FROM `qq_user` WHERE ( user_id=29 ) LIMIT 1   [ RunTime:0.000452s ]

[ 2015-08-16T10:27:54+08:00 ] 58.62.252.30 /index.php/Index/Index/runChat
INFO: [ route_check ] --START--
INFO: CheckRoute Behavior ::run [ RunTime:0.000831s ]
INFO: [ route_check ] --END-- [ RunTime:0.001015s ]
INFO: [ app_begin ] --START--
INFO: ReadHtmlCache Behavior ::run [ RunTime:0.000639s ]
INFO: [ app_begin ] --END-- [ RunTime:0.000719s ]
SQL: SHOW COLUMNS FROM `qq_content` [ RunTime:0.001046s ]
SQL: SELECT * FROM `qq_content` WHERE ( (user_id=1 and pid=29) or (user_id=29 and pid=1) ) ORDER BY time  [ RunTime:0.000511s ]
SQL: SHOW COLUMNS FROM `qq_user` [ RunTime:0.000871s ]
SQL: SELECT `user_name` FROM `qq_user` WHERE ( user_id=29 ) LIMIT 1   [ RunTime:0.000464s ]
SQL: SELECT `user_name` FROM `qq_user` WHERE ( user_id=29 ) LIMIT 1   [ RunTime:0.000566s ]

[ 2015-08-16T10:27:54+08:00 ] 58.62.252.30 /index.php/Index/Index/runChat
INFO: [ route_check ] --START--
INFO: CheckRoute Behavior ::run [ RunTime:0.001066s ]
INFO: [ route_check ] --END-- [ RunTime:0.001267s ]
INFO: [ app_begin ] --START--
INFO: ReadHtmlCache Behavior ::run [ RunTime:0.000787s ]
INFO: [ app_begin ] --END-- [ RunTime:0.000881s ]
SQL: SHOW COLUMNS FROM `qq_content` [ RunTime:0.001147s ]
SQL: SELECT * FROM `qq_content` WHERE ( (user_id=1 and pid=29) or (user_id=29 and pid=1) ) ORDER BY time  [ RunTime:0.000541s ]
SQL: SHOW COLUMNS FROM `qq_user` [ RunTime:0.000983s ]
SQL: SELECT `user_name` FROM `qq_user` WHERE ( user_id=29 ) LIMIT 1   [ RunTime:0.000610s ]
SQL: SELECT `user_name` FROM `qq_user` WHERE ( user_id=29 ) LIMIT 1   [ RunTime:0.000566s ]

[ 2015-08-16T10:27:55+08:00 ] 58.62.252.30 /index.php/Index/Index/runChat
INFO: [ route_check ] --START--
INFO: CheckRoute Behavior ::run [ RunTime:0.000793s ]
INFO: [ route_check ] --END-- [ RunTime:0.000945s ]
INFO: [ app_begin ] --START--
INFO: ReadHtmlCache Behavior ::run [ RunTime:0.000563s ]
INFO: [ app_begin ] --END-- [ RunTime:0.000635s ]
SQL: SHOW COLUMNS FROM `qq_content` [ RunTime:0.001203s ]
SQL: SELECT * FROM `qq_content` WHERE ( (user_id=1 and pid=29) or (user_id=29 and pid=1) ) ORDER BY time  [ RunTime:0.000584s ]
SQL: SHOW COLUMNS FROM `qq_user` [ RunTime:0.000970s ]
SQL: SELECT `user_name` FROM `qq_user` WHERE ( user_id=29 ) LIMIT 1   [ RunTime:0.000482s ]
SQL: SELECT `user_name` FROM `qq_user` WHERE ( user_id=29 ) LIMIT 1   [ RunTime:0.000456s ]

[ 2015-08-16T10:27:55+08:00 ] 58.62.252.30 /index.php/Index/Index/runChat
INFO: [ route_check ] --START--
INFO: CheckRoute Behavior ::run [ RunTime:0.000976s ]
INFO: [ route_check ] --END-- [ RunTime:0.001158s ]
INFO: [ app_begin ] --START--
INFO: ReadHtmlCache Behavior ::run [ RunTime:0.000596s ]
INFO: [ app_begin ] --END-- [ RunTime:0.000667s ]
SQL: SHOW COLUMNS FROM `qq_content` [ RunTime:0.001069s ]
SQL: SELECT * FROM `qq_content` WHERE ( (user_id=1 and pid=29) or (user_id=29 and pid=1) ) ORDER BY time  [ RunTime:0.000546s ]
SQL: SHOW COLUMNS FROM `qq_user` [ RunTime:0.000988s ]
SQL: SELECT `user_name` FROM `qq_user` WHERE ( user_id=29 ) LIMIT 1   [ RunTime:0.000541s ]
SQL: SELECT `user_name` FROM `qq_user` WHERE ( user_id=29 ) LIMIT 1   [ RunTime:0.000550s ]

[ 2015-08-16T10:27:56+08:00 ] 58.62.252.30 /index.php/Index/Index/runChat
INFO: [ route_check ] --START--
INFO: CheckRoute Behavior ::run [ RunTime:0.000839s ]
INFO: [ route_check ] --END-- [ RunTime:0.001015s ]
INFO: [ app_begin ] --START--
INFO: ReadHtmlCache Behavior ::run [ RunTime:0.000562s ]
INFO: [ app_begin ] --END-- [ RunTime:0.000628s ]
SQL: SHOW COLUMNS FROM `qq_content` [ RunTime:0.001106s ]
SQL: SELECT * FROM `qq_content` WHERE ( (user_id=1 and pid=29) or (user_id=29 and pid=1) ) ORDER BY time  [ RunTime:0.000524s ]
SQL: SHOW COLUMNS FROM `qq_user` [ RunTime:0.000932s ]
SQL: SELECT `user_name` FROM `qq_user` WHERE ( user_id=29 ) LIMIT 1   [ RunTime:0.000478s ]
SQL: SELECT `user_name` FROM `qq_user` WHERE ( user_id=29 ) LIMIT 1   [ RunTime:0.000553s ]

[ 2015-08-16T10:27:56+08:00 ] 58.62.252.30 /index.php/Index/Index/runChat
INFO: [ route_check ] --START--
INFO: CheckRoute Behavior ::run [ RunTime:0.000789s ]
INFO: [ route_check ] --END-- [ RunTime:0.000935s ]
INFO: [ app_begin ] --START--
INFO: ReadHtmlCache Behavior ::run [ RunTime:0.000547s ]
INFO: [ app_begin ] --END-- [ RunTime:0.000608s ]
SQL: SHOW COLUMNS FROM `qq_content` [ RunTime:0.001058s ]
SQL: SELECT * FROM `qq_content` WHERE ( (user_id=1 and pid=29) or (user_id=29 and pid=1) ) ORDER BY time  [ RunTime:0.000507s ]
SQL: SHOW COLUMNS FROM `qq_user` [ RunTime:0.000898s ]
SQL: SELECT `user_name` FROM `qq_user` WHERE ( user_id=29 ) LIMIT 1   [ RunTime:0.000671s ]
SQL: SELECT `user_name` FROM `qq_user` WHERE ( user_id=29 ) LIMIT 1   [ RunTime:0.000481s ]

[ 2015-08-16T10:27:57+08:00 ] 58.62.252.30 /index.php/Index/Index/runChat
INFO: [ route_check ] --START--
INFO: CheckRoute Behavior ::run [ RunTime:0.000869s ]
INFO: [ route_check ] --END-- [ RunTime:0.001030s ]
INFO: [ app_begin ] --START--
INFO: ReadHtmlCache Behavior ::run [ RunTime:0.000542s ]
INFO: [ app_begin ] --END-- [ RunTime:0.000612s ]
SQL: SHOW COLUMNS FROM `qq_content` [ RunTime:0.001048s ]
SQL: SELECT * FROM `qq_content` WHERE ( (user_id=1 and pid=29) or (user_id=29 and pid=1) ) ORDER BY time  [ RunTime:0.000463s ]
SQL: SHOW COLUMNS FROM `qq_user` [ RunTime:0.000822s ]
SQL: SELECT `user_name` FROM `qq_user` WHERE ( user_id=29 ) LIMIT 1   [ RunTime:0.000421s ]
SQL: SELECT `user_name` FROM `qq_user` WHERE ( user_id=29 ) LIMIT 1   [ RunTime:0.000446s ]

[ 2015-08-16T10:27:57+08:00 ] 58.62.252.30 /index.php/Index/Index/runChat
INFO: [ route_check ] --START--
INFO: CheckRoute Behavior ::run [ RunTime:0.000780s ]
INFO: [ route_check ] --END-- [ RunTime:0.000921s ]
INFO: [ app_begin ] --START--
INFO: ReadHtmlCache Behavior ::run [ RunTime:0.000556s ]
INFO: [ app_begin ] --END-- [ RunTime:0.000619s ]
SQL: SHOW COLUMNS FROM `qq_content` [ RunTime:0.001066s ]
SQL: SELECT * FROM `qq_content` WHERE ( (user_id=1 and pid=29) or (user_id=29 and pid=1) ) ORDER BY time  [ RunTime:0.000660s ]
SQL: SHOW COLUMNS FROM `qq_user` [ RunTime:0.000868s ]
SQL: SELECT `user_name` FROM `qq_user` WHERE ( user_id=29 ) LIMIT 1   [ RunTime:0.001243s ]
SQL: SELECT `user_name` FROM `qq_user` WHERE ( user_id=29 ) LIMIT 1   [ RunTime:0.000533s ]

[ 2015-08-16T10:27:58+08:00 ] 58.62.252.30 /index.php/Index/Index/runChat
INFO: [ route_check ] --START--
INFO: CheckRoute Behavior ::run [ RunTime:0.000787s ]
INFO: [ route_check ] --END-- [ RunTime:0.000946s ]
INFO: [ app_begin ] --START--
INFO: ReadHtmlCache Behavior ::run [ RunTime:0.000539s ]
INFO: [ app_begin ] --END-- [ RunTime:0.000601s ]
SQL: SHOW COLUMNS FROM `qq_content` [ RunTime:0.001035s ]
SQL: SELECT * FROM `qq_content` WHERE ( (user_id=1 and pid=29) or (user_id=29 and pid=1) ) ORDER BY time  [ RunTime:0.000513s ]
SQL: SHOW COLUMNS FROM `qq_user` [ RunTime:0.000864s ]
SQL: SELECT `user_name` FROM `qq_user` WHERE ( user_id=29 ) LIMIT 1   [ RunTime:0.000465s ]
SQL: SELECT `user_name` FROM `qq_user` WHERE ( user_id=29 ) LIMIT 1   [ RunTime:0.000451s ]

[ 2015-08-16T10:27:58+08:00 ] 58.62.252.30 /index.php/Index/Index/runChat
INFO: [ route_check ] --START--
INFO: CheckRoute Behavior ::run [ RunTime:0.000795s ]
INFO: [ route_check ] --END-- [ RunTime:0.000948s ]
INFO: [ app_begin ] --START--
INFO: ReadHtmlCache Behavior ::run [ RunTime:0.000575s ]
INFO: [ app_begin ] --END-- [ RunTime:0.000639s ]
SQL: SHOW COLUMNS FROM `qq_content` [ RunTime:0.001234s ]
SQL: SELECT * FROM `qq_content` WHERE ( (user_id=1 and pid=29) or (user_id=29 and pid=1) ) ORDER BY time  [ RunTime:0.000489s ]
SQL: SHOW COLUMNS FROM `qq_user` [ RunTime:0.000858s ]
SQL: SELECT `user_name` FROM `qq_user` WHERE ( user_id=29 ) LIMIT 1   [ RunTime:0.000493s ]
SQL: SELECT `user_name` FROM `qq_user` WHERE ( user_id=29 ) LIMIT 1   [ RunTime:0.000492s ]

[ 2015-08-16T10:27:59+08:00 ] 58.62.252.30 /index.php/Index/Index/runChat
INFO: [ route_check ] --START--
INFO: CheckRoute Behavior ::run [ RunTime:0.001440s ]
INFO: [ route_check ] --END-- [ RunTime:0.001602s ]
INFO: [ app_begin ] --START--
INFO: ReadHtmlCache Behavior ::run [ RunTime:0.000611s ]
INFO: [ app_begin ] --END-- [ RunTime:0.000683s ]
SQL: SHOW COLUMNS FROM `qq_content` [ RunTime:0.001256s ]
SQL: SELECT * FROM `qq_content` WHERE ( (user_id=1 and pid=29) or (user_id=29 and pid=1) ) ORDER BY time  [ RunTime:0.002752s ]
SQL: SHOW COLUMNS FROM `qq_user` [ RunTime:0.001165s ]
SQL: SELECT `user_name` FROM `qq_user` WHERE ( user_id=29 ) LIMIT 1   [ RunTime:0.000554s ]
SQL: SELECT `user_name` FROM `qq_user` WHERE ( user_id=29 ) LIMIT 1   [ RunTime:0.000479s ]

[ 2015-08-16T10:27:59+08:00 ] 58.62.252.30 /index.php/Index/Index/runChat
INFO: [ route_check ] --START--
INFO: CheckRoute Behavior ::run [ RunTime:0.000776s ]
INFO: [ route_check ] --END-- [ RunTime:0.000954s ]
INFO: [ app_begin ] --START--
INFO: ReadHtmlCache Behavior ::run [ RunTime:0.000532s ]
INFO: [ app_begin ] --END-- [ RunTime:0.000601s ]
SQL: SHOW COLUMNS FROM `qq_content` [ RunTime:0.001268s ]
SQL: INSERT INTO `qq_content` (`user_id`,`pid`,`content`,`time`) VALUES (1,29,'java,php\n',1439692079) [ RunTime:0.008471s ]
SQL: SELECT * FROM `qq_content` WHERE ( (user_id=1 and pid=29) or (user_id=29 and pid=1) ) ORDER BY time  [ RunTime:0.000750s ]
SQL: SHOW COLUMNS FROM `qq_user` [ RunTime:0.001000s ]
SQL: SELECT `user_name` FROM `qq_user` WHERE ( user_id=29 ) LIMIT 1   [ RunTime:0.000471s ]
SQL: SELECT `user_name` FROM `qq_user` WHERE ( user_id=29 ) LIMIT 1   [ RunTime:0.000478s ]
SQL: SELECT `user_name` FROM `qq_user` WHERE ( user_id=1 ) LIMIT 1   [ RunTime:0.000609s ]

[ 2015-08-16T10:27:59+08:00 ] 58.62.252.30 /index.php/Index/Index/runChat
INFO: [ route_check ] --START--
INFO: CheckRoute Behavior ::run [ RunTime:0.000796s ]
INFO: [ route_check ] --END-- [ RunTime:0.000947s ]
INFO: [ app_begin ] --START--
INFO: ReadHtmlCache Behavior ::run [ RunTime:0.000536s ]
INFO: [ app_begin ] --END-- [ RunTime:0.000598s ]
SQL: SHOW COLUMNS FROM `qq_content` [ RunTime:0.001026s ]
SQL: SELECT * FROM `qq_content` WHERE ( (user_id=1 and pid=29) or (user_id=29 and pid=1) ) ORDER BY time  [ RunTime:0.000510s ]
SQL: SHOW COLUMNS FROM `qq_user` [ RunTime:0.000803s ]
SQL: SELECT `user_name` FROM `qq_user` WHERE ( user_id=29 ) LIMIT 1   [ RunTime:0.000582s ]
SQL: SELECT `user_name` FROM `qq_user` WHERE ( user_id=29 ) LIMIT 1   [ RunTime:0.000479s ]
SQL: SELECT `user_name` FROM `qq_user` WHERE ( user_id=1 ) LIMIT 1   [ RunTime:0.000438s ]

[ 2015-08-16T10:28:00+08:00 ] 58.62.252.30 /index.php/Index/Index/runChat
INFO: [ route_check ] --START--
INFO: CheckRoute Behavior ::run [ RunTime:0.000780s ]
INFO: [ route_check ] --END-- [ RunTime:0.000924s ]
INFO: [ app_begin ] --START--
INFO: ReadHtmlCache Behavior ::run [ RunTime:0.000530s ]
INFO: [ app_begin ] --END-- [ RunTime:0.000594s ]
SQL: SHOW COLUMNS FROM `qq_content` [ RunTime:0.001029s ]
SQL: SELECT * FROM `qq_content` WHERE ( (user_id=1 and pid=29) or (user_id=29 and pid=1) ) ORDER BY time  [ RunTime:0.000693s ]
SQL: SHOW COLUMNS FROM `qq_user` [ RunTime:0.000920s ]
SQL: SELECT `user_name` FROM `qq_user` WHERE ( user_id=29 ) LIMIT 1   [ RunTime:0.000454s ]
SQL: SELECT `user_name` FROM `qq_user` WHERE ( user_id=29 ) LIMIT 1   [ RunTime:0.000593s ]
SQL: SELECT `user_name` FROM `qq_user` WHERE ( user_id=1 ) LIMIT 1   [ RunTime:0.000462s ]

[ 2015-08-16T10:28:00+08:00 ] 58.62.252.30 /index.php/Index/Index/runChat
INFO: [ route_check ] --START--
INFO: CheckRoute Behavior ::run [ RunTime:0.000760s ]
INFO: [ route_check ] --END-- [ RunTime:0.000909s ]
INFO: [ app_begin ] --START--
INFO: ReadHtmlCache Behavior ::run [ RunTime:0.000690s ]
INFO: [ app_begin ] --END-- [ RunTime:0.000772s ]
SQL: SHOW COLUMNS FROM `qq_content` [ RunTime:0.003065s ]
SQL: SELECT * FROM `qq_content` WHERE ( (user_id=1 and pid=29) or (user_id=29 and pid=1) ) ORDER BY time  [ RunTime:0.000571s ]
SQL: SHOW COLUMNS FROM `qq_user` [ RunTime:0.000917s ]
SQL: SELECT `user_name` FROM `qq_user` WHERE ( user_id=29 ) LIMIT 1   [ RunTime:0.000490s ]
SQL: SELECT `user_name` FROM `qq_user` WHERE ( user_id=29 ) LIMIT 1   [ RunTime:0.000424s ]
SQL: SELECT `user_name` FROM `qq_user` WHERE ( user_id=1 ) LIMIT 1   [ RunTime:0.000573s ]

[ 2015-08-16T10:28:01+08:00 ] 58.62.252.30 /index.php/Index/Index/runChat
INFO: [ route_check ] --START--
INFO: CheckRoute Behavior ::run [ RunTime:0.000969s ]
INFO: [ route_check ] --END-- [ RunTime:0.001332s ]
INFO: [ app_begin ] --START--
INFO: ReadHtmlCache Behavior ::run [ RunTime:0.000624s ]
INFO: [ app_begin ] --END-- [ RunTime:0.000717s ]
SQL: SHOW COLUMNS FROM `qq_content` [ RunTime:0.001037s ]
SQL: SELECT * FROM `qq_content` WHERE ( (user_id=1 and pid=29) or (user_id=29 and pid=1) ) ORDER BY time  [ RunTime:0.000476s ]
SQL: SHOW COLUMNS FROM `qq_user` [ RunTime:0.000870s ]
SQL: SELECT `user_name` FROM `qq_user` WHERE ( user_id=29 ) LIMIT 1   [ RunTime:0.000469s ]
SQL: SELECT `user_name` FROM `qq_user` WHERE ( user_id=29 ) LIMIT 1   [ RunTime:0.000504s ]
SQL: SELECT `user_name` FROM `qq_user` WHERE ( user_id=1 ) LIMIT 1   [ RunTime:0.000832s ]

[ 2015-08-16T10:28:01+08:00 ] 58.62.252.30 /index.php/Index/Index/runChat
INFO: [ route_check ] --START--
INFO: CheckRoute Behavior ::run [ RunTime:0.000871s ]
INFO: [ route_check ] --END-- [ RunTime:0.001019s ]
INFO: [ app_begin ] --START--
INFO: ReadHtmlCache Behavior ::run [ RunTime:0.000618s ]
INFO: [ app_begin ] --END-- [ RunTime:0.000681s ]
SQL: SHOW COLUMNS FROM `qq_content` [ RunTime:0.001048s ]
SQL: SELECT * FROM `qq_content` WHERE ( (user_id=1 and pid=29) or (user_id=29 and pid=1) ) ORDER BY time  [ RunTime:0.000603s ]
SQL: SHOW COLUMNS FROM `qq_user` [ RunTime:0.000847s ]
SQL: SELECT `user_name` FROM `qq_user` WHERE ( user_id=29 ) LIMIT 1   [ RunTime:0.000505s ]
SQL: SELECT `user_name` FROM `qq_user` WHERE ( user_id=29 ) LIMIT 1   [ RunTime:0.000482s ]
SQL: SELECT `user_name` FROM `qq_user` WHERE ( user_id=1 ) LIMIT 1   [ RunTime:0.000516s ]

[ 2015-08-16T10:28:02+08:00 ] 58.62.252.30 /index.php/Index/Index/runChat
INFO: [ route_check ] --START--
INFO: CheckRoute Behavior ::run [ RunTime:0.000819s ]
INFO: [ route_check ] --END-- [ RunTime:0.000968s ]
INFO: [ app_begin ] --START--
INFO: ReadHtmlCache Behavior ::run [ RunTime:0.000610s ]
INFO: [ app_begin ] --END-- [ RunTime:0.000674s ]
SQL: SHOW COLUMNS FROM `qq_content` [ RunTime:0.001058s ]
SQL: SELECT * FROM `qq_content` WHERE ( (user_id=1 and pid=29) or (user_id=29 and pid=1) ) ORDER BY time  [ RunTime:0.000538s ]
SQL: SHOW COLUMNS FROM `qq_user` [ RunTime:0.000953s ]
SQL: SELECT `user_name` FROM `qq_user` WHERE ( user_id=29 ) LIMIT 1   [ RunTime:0.000411s ]
SQL: SELECT `user_name` FROM `qq_user` WHERE ( user_id=29 ) LIMIT 1   [ RunTime:0.000464s ]
SQL: SELECT `user_name` FROM `qq_user` WHERE ( user_id=1 ) LIMIT 1   [ RunTime:0.000479s ]

[ 2015-08-16T10:28:04+08:00 ] 58.62.252.30 /index.php/Index/Index/index
INFO: [ route_check ] --START--
INFO: CheckRoute Behavior ::run [ RunTime:0.000985s ]
INFO: [ route_check ] --END-- [ RunTime:0.001149s ]
INFO: [ app_begin ] --START--
INFO: ReadHtmlCache Behavior ::run [ RunTime:0.000535s ]
INFO: [ app_begin ] --END-- [ RunTime:0.000611s ]
SQL: SHOW COLUMNS FROM `qq_relation` [ RunTime:0.001339s ]
SQL: SHOW COLUMNS FROM qq_user u [ RunTime:0.000473s ]
ERR: 1064:You have an error in your SQL syntax; check the manual that corresponds to your MySQL server version for the right syntax to use near 'u' at line 1
 [ SQL语句 ] : SHOW COLUMNS FROM qq_user u
SQL: SHOW COLUMNS FROM qq_relation r [ RunTime:0.000489s ]
ERR: 1064:You have an error in your SQL syntax; check the manual that corresponds to your MySQL server version for the right syntax to use near 'r' at line 1
 [ SQL语句 ] : SHOW COLUMNS FROM qq_relation r
SQL: SELECT u.user_name,u.logo,u.style_name,r.friend_id,r.remark,r.group_name FROM qq_user u LEFT JOIN qq_relation r on u.user_id=r.friend_id WHERE ( r.user_id=1 AND status=1 AND (u.user_name like '%%' OR r.remark like '%%') )  [ RunTime:0.000633s ]
SQL: SHOW COLUMNS FROM `qq_user` [ RunTime:0.001760s ]
SQL: SHOW COLUMNS FROM `qq_user` [ RunTime:0.000915s ]
SQL: SELECT `user_name`,`style_name`,`logo` FROM `qq_user` WHERE ( user_id=1 ) LIMIT 1   [ RunTime:0.000494s ]
SQL: SHOW COLUMNS FROM `qq_relation` [ RunTime:0.000907s ]
SQL: SELECT count(*) num FROM `qq_relation` WHERE ( friend_id=1 and status=0 ) LIMIT 1   [ RunTime:0.000512s ]
INFO: [ view_parse ] --START--
INFO: ParseTemplate Behavior ::run [ RunTime:0.011648s ]
INFO: [ view_parse ] --END-- [ RunTime:0.011755s ]
INFO: [ view_filter ] --START--
INFO: ContentReplace Behavior ::run [ RunTime:0.000384s ]
INFO: TokenBuild Behavior ::run [ RunTime:0.000541s ]
INFO: WriteHtmlCache Behavior ::run [ RunTime:0.000265s ]
INFO: ShowRuntime Behavior ::run [ RunTime:0.000625s ]
INFO: [ view_filter ] --END-- [ RunTime:0.002204s ]
NOTIC: [8] Constant THEME_NAME already defined /data/home/qxu1591180029/htdocs/ThinkPHP/Lib/Core/View.class.php 第 223 行.
NOTIC: [8] Constant THEME_PATH already defined /data/home/qxu1591180029/htdocs/ThinkPHP/Lib/Core/View.class.php 第 171 行.
NOTIC: [8] Constant APP_TMPL_PATH already defined /data/home/qxu1591180029/htdocs/ThinkPHP/Lib/Core/View.class.php 第 172 行.
INFO: [ view_parse ] --START--
INFO: ParseTemplate Behavior ::run [ RunTime:0.005419s ]
INFO: [ view_parse ] --END-- [ RunTime:-0.003015s ]
INFO: [ view_filter ] --START--
INFO: ContentReplace Behavior ::run [ RunTime:0.000142s ]
INFO: TokenBuild Behavior ::run [ RunTime:0.000048s ]
INFO: WriteHtmlCache Behavior ::run [ RunTime:0.000011s ]
INFO: ShowRuntime Behavior ::run [ RunTime:0.000074s ]
INFO: [ view_filter ] --END-- [ RunTime:-0.006347s ]
INFO: [ view_end ] --START--
INFO: ShowPageTrace Behavior ::run [ RunTime:0.000872s ]
INFO: [ view_end ] --END-- [ RunTime:0.000932s ]

[ 2015-08-16T10:28:05+08:00 ] 58.62.252.30 /index.php/Index/Index/dialog
INFO: [ route_check ] --START--
INFO: CheckRoute Behavior ::run [ RunTime:0.000770s ]
INFO: [ route_check ] --END-- [ RunTime:0.000979s ]
INFO: [ app_begin ] --START--
INFO: ReadHtmlCache Behavior ::run [ RunTime:0.000562s ]
INFO: [ app_begin ] --END-- [ RunTime:0.000650s ]
SQL: SHOW COLUMNS FROM `qq_user` [ RunTime:0.001027s ]
SQL: SHOW COLUMNS FROM `qq_user` [ RunTime:0.001012s ]
SQL: SELECT `user_name`,`style_name`,`logo` FROM `qq_user` WHERE ( user_id=1 ) LIMIT 1   [ RunTime:0.000485s ]
SQL: SHOW COLUMNS FROM `qq_relation` [ RunTime:0.001071s ]
SQL: SELECT count(*) num FROM `qq_relation` WHERE ( friend_id=1 and status=0 ) LIMIT 1   [ RunTime:0.000518s ]
SQL: SHOW COLUMNS FROM `qq_content` [ RunTime:0.000986s ]
SQL: SHOW COLUMNS FROM `qq_content` [ RunTime:0.000768s ]
SQL: SHOW COLUMNS FROM qq_content q1 [ RunTime:0.000427s ]
ERR: 1064:You have an error in your SQL syntax; check the manual that corresponds to your MySQL server version for the right syntax to use near 'q1' at line 1
 [ SQL语句 ] : SHOW COLUMNS FROM qq_content q1
SQL: SELECT q1.id,q1.user_id,q1.pid,q1.content,q1.time FROM qq_content q1 inner join ( SELECT `pid`,MAX(time) AS t FROM `qq_content` WHERE ( user_id=1 ) GROUP BY pid  ) AS q2 ON q1.time=q2.t AND q1.pid=q2.pid  [ RunTime:0.001048s ]
SQL: SELECT q1.id,q1.user_id,q1.pid,q1.content,q1.time FROM qq_content q1 inner join ( SELECT `user_id`,MAX(time) AS t FROM `qq_content` WHERE ( pid=1 ) GROUP BY user_id  ) AS q2 ON q1.time=q2.t AND q1.user_id=q2.user_id  [ RunTime:0.000861s ]
SQL: SELECT `user_name`,`logo`,`style_name` FROM `qq_user` WHERE ( user_id=6 ) LIMIT 1   [ RunTime:0.000671s ]
SQL: SELECT `remark` FROM `qq_relation` WHERE ( user_id=1 AND friend_id=6 ) LIMIT 1   [ RunTime:0.000622s ]
SQL: SELECT `user_name` FROM `qq_user` WHERE ( user_id=1 ) LIMIT 1   [ RunTime:0.000453s ]
SQL: SELECT `user_name`,`logo`,`style_name` FROM `qq_user` WHERE ( user_id=3 ) LIMIT 1   [ RunTime:0.000708s ]
SQL: SELECT `remark` FROM `qq_relation` WHERE ( user_id=1 AND friend_id=3 ) LIMIT 1   [ RunTime:0.000655s ]
SQL: SELECT `user_name` FROM `qq_user` WHERE ( user_id=1 ) LIMIT 1   [ RunTime:0.000439s ]
SQL: SELECT `user_name`,`logo`,`style_name` FROM `qq_user` WHERE ( user_id=7 ) LIMIT 1   [ RunTime:0.000562s ]
SQL: SELECT `remark` FROM `qq_relation` WHERE ( user_id=1 AND friend_id=7 ) LIMIT 1   [ RunTime:0.000550s ]
SQL: SELECT `user_name` FROM `qq_user` WHERE ( user_id=1 ) LIMIT 1   [ RunTime:0.000447s ]
SQL: SELECT `user_name`,`logo`,`style_name` FROM `qq_user` WHERE ( user_id=2 ) LIMIT 1   [ RunTime:0.000544s ]
SQL: SELECT `remark` FROM `qq_relation` WHERE ( user_id=1 AND friend_id=2 ) LIMIT 1   [ RunTime:0.000540s ]
SQL: SELECT `user_name` FROM `qq_user` WHERE ( user_id=1 ) LIMIT 1   [ RunTime:0.000467s ]
SQL: SELECT `user_name`,`logo`,`style_name` FROM `qq_user` WHERE ( user_id=22 ) LIMIT 1   [ RunTime:0.000546s ]
SQL: SELECT `remark` FROM `qq_relation` WHERE ( user_id=1 AND friend_id=22 ) LIMIT 1   [ RunTime:0.000543s ]
SQL: SELECT `user_name` FROM `qq_user` WHERE ( user_id=1 ) LIMIT 1   [ RunTime:0.000501s ]
SQL: SELECT `user_name`,`logo`,`style_name` FROM `qq_user` WHERE ( user_id=29 ) LIMIT 1   [ RunTime:0.000534s ]
SQL: SELECT `remark` FROM `qq_relation` WHERE ( user_id=1 AND friend_id=29 ) LIMIT 1   [ RunTime:0.000538s ]
SQL: SELECT `user_name` FROM `qq_user` WHERE ( user_id=1 ) LIMIT 1   [ RunTime:0.000450s ]
INFO: [ view_parse ] --START--
INFO: ParseTemplate Behavior ::run [ RunTime:0.012505s ]
INFO: [ view_parse ] --END-- [ RunTime:0.012611s ]
INFO: [ view_filter ] --START--
INFO: ContentReplace Behavior ::run [ RunTime:0.000588s ]
INFO: TokenBuild Behavior ::run [ RunTime:0.000428s ]
INFO: WriteHtmlCache Behavior ::run [ RunTime:0.000442s ]
INFO: ShowRuntime Behavior ::run [ RunTime:0.000451s ]
INFO: [ view_filter ] --END-- [ RunTime:0.002132s ]
NOTIC: [8] Constant THEME_NAME already defined /data/home/qxu1591180029/htdocs/ThinkPHP/Lib/Core/View.class.php 第 223 行.
NOTIC: [8] Constant THEME_PATH already defined /data/home/qxu1591180029/htdocs/ThinkPHP/Lib/Core/View.class.php 第 171 行.
NOTIC: [8] Constant APP_TMPL_PATH already defined /data/home/qxu1591180029/htdocs/ThinkPHP/Lib/Core/View.class.php 第 172 行.
INFO: [ view_parse ] --START--
INFO: ParseTemplate Behavior ::run [ RunTime:0.005302s ]
INFO: [ view_parse ] --END-- [ RunTime:-0.002575s ]
INFO: [ view_filter ] --START--
INFO: ContentReplace Behavior ::run [ RunTime:0.000109s ]
INFO: TokenBuild Behavior ::run [ RunTime:0.000042s ]
INFO: WriteHtmlCache Behavior ::run [ RunTime:0.000139s ]
INFO: ShowRuntime Behavior ::run [ RunTime:0.000085s ]
INFO: [ view_filter ] --END-- [ RunTime:-0.005812s ]
INFO: [ view_end ] --START--
INFO: ShowPageTrace Behavior ::run [ RunTime:0.000613s ]
INFO: [ view_end ] --END-- [ RunTime:0.000683s ]

[ 2015-08-16T10:28:07+08:00 ] 112.65.193.15 /index.php/Index/Index/dialog
INFO: [ route_check ] --START--
INFO: CheckRoute Behavior ::run [ RunTime:0.000802s ]
INFO: [ route_check ] --END-- [ RunTime:0.001360s ]
INFO: [ app_begin ] --START--
INFO: ReadHtmlCache Behavior ::run [ RunTime:0.000572s ]
INFO: [ app_begin ] --END-- [ RunTime:0.000644s ]

[ 2015-08-16T10:28:07+08:00 ] 112.65.193.15 /index.php/Index/Login/index
INFO: [ route_check ] --START--
INFO: CheckRoute Behavior ::run [ RunTime:0.000833s ]
INFO: [ route_check ] --END-- [ RunTime:0.001100s ]
INFO: [ app_begin ] --START--
INFO: ReadHtmlCache Behavior ::run [ RunTime:0.000654s ]
INFO: [ app_begin ] --END-- [ RunTime:0.000733s ]
INFO: [ view_parse ] --START--
INFO: ParseTemplate Behavior ::run [ RunTime:0.008861s ]
INFO: [ view_parse ] --END-- [ RunTime:0.008948s ]
INFO: [ view_filter ] --START--
INFO: ContentReplace Behavior ::run [ RunTime:0.000991s ]
INFO: TokenBuild Behavior ::run [ RunTime:0.000531s ]
INFO: WriteHtmlCache Behavior ::run [ RunTime:0.000324s ]
INFO: ShowRuntime Behavior ::run [ RunTime:0.000447s ]
INFO: [ view_filter ] --END-- [ RunTime:0.002508s ]
INFO: [ view_end ] --START--
INFO: ShowPageTrace Behavior ::run [ RunTime:0.000623s ]
INFO: [ view_end ] --END-- [ RunTime:0.000693s ]

[ 2015-08-16T10:40:28+08:00 ] 58.62.252.30 /index.php/Index/Index/dialog
INFO: [ route_check ] --START--
INFO: CheckRoute Behavior ::run [ RunTime:0.000799s ]
INFO: [ route_check ] --END-- [ RunTime:0.000956s ]
INFO: [ app_begin ] --START--
INFO: ReadHtmlCache Behavior ::run [ RunTime:0.000570s ]
INFO: [ app_begin ] --END-- [ RunTime:0.000651s ]
SQL: SHOW COLUMNS FROM `qq_user` [ RunTime:0.001261s ]
SQL: SHOW COLUMNS FROM `qq_user` [ RunTime:0.000851s ]
SQL: SELECT `user_name`,`style_name`,`logo` FROM `qq_user` WHERE ( user_id=1 ) LIMIT 1   [ RunTime:0.000619s ]
SQL: SHOW COLUMNS FROM `qq_relation` [ RunTime:0.001006s ]
SQL: SELECT count(*) num FROM `qq_relation` WHERE ( friend_id=1 and status=0 ) LIMIT 1   [ RunTime:0.000642s ]
SQL: SHOW COLUMNS FROM `qq_content` [ RunTime:0.000992s ]
SQL: SHOW COLUMNS FROM `qq_content` [ RunTime:0.000785s ]
SQL: SHOW COLUMNS FROM qq_content q1 [ RunTime:0.000461s ]
ERR: 1064:You have an error in your SQL syntax; check the manual that corresponds to your MySQL server version for the right syntax to use near 'q1' at line 1
 [ SQL语句 ] : SHOW COLUMNS FROM qq_content q1
SQL: SELECT q1.id,q1.user_id,q1.pid,q1.content,q1.time FROM qq_content q1 inner join ( SELECT `pid`,MAX(time) AS t FROM `qq_content` WHERE ( user_id=1 ) GROUP BY pid  ) AS q2 ON q1.time=q2.t AND q1.pid=q2.pid  [ RunTime:0.001207s ]
SQL: SELECT q1.id,q1.user_id,q1.pid,q1.content,q1.time FROM qq_content q1 inner join ( SELECT `user_id`,MAX(time) AS t FROM `qq_content` WHERE ( pid=1 ) GROUP BY user_id  ) AS q2 ON q1.time=q2.t AND q1.user_id=q2.user_id  [ RunTime:0.000841s ]
SQL: SELECT `user_name`,`logo`,`style_name` FROM `qq_user` WHERE ( user_id=6 ) LIMIT 1   [ RunTime:0.000600s ]
SQL: SELECT `remark` FROM `qq_relation` WHERE ( user_id=1 AND friend_id=6 ) LIMIT 1   [ RunTime:0.000593s ]
SQL: SELECT `user_name` FROM `qq_user` WHERE ( user_id=1 ) LIMIT 1   [ RunTime:0.000520s ]
SQL: SELECT `user_name`,`logo`,`style_name` FROM `qq_user` WHERE ( user_id=3 ) LIMIT 1   [ RunTime:0.000465s ]
SQL: SELECT `remark` FROM `qq_relation` WHERE ( user_id=1 AND friend_id=3 ) LIMIT 1   [ RunTime:0.000556s ]
SQL: SELECT `user_name` FROM `qq_user` WHERE ( user_id=1 ) LIMIT 1   [ RunTime:0.000488s ]
SQL: SELECT `user_name`,`logo`,`style_name` FROM `qq_user` WHERE ( user_id=7 ) LIMIT 1   [ RunTime:0.000593s ]
SQL: SELECT `remark` FROM `qq_relation` WHERE ( user_id=1 AND friend_id=7 ) LIMIT 1   [ RunTime:0.000517s ]
SQL: SELECT `user_name` FROM `qq_user` WHERE ( user_id=1 ) LIMIT 1   [ RunTime:0.000451s ]
SQL: SELECT `user_name`,`logo`,`style_name` FROM `qq_user` WHERE ( user_id=2 ) LIMIT 1   [ RunTime:0.000535s ]
SQL: SELECT `remark` FROM `qq_relation` WHERE ( user_id=1 AND friend_id=2 ) LIMIT 1   [ RunTime:0.001210s ]
SQL: SELECT `user_name` FROM `qq_user` WHERE ( user_id=1 ) LIMIT 1   [ RunTime:0.003233s ]
SQL: SELECT `user_name`,`logo`,`style_name` FROM `qq_user` WHERE ( user_id=22 ) LIMIT 1   [ RunTime:0.000595s ]
SQL: SELECT `remark` FROM `qq_relation` WHERE ( user_id=1 AND friend_id=22 ) LIMIT 1   [ RunTime:0.000738s ]
SQL: SELECT `user_name` FROM `qq_user` WHERE ( user_id=1 ) LIMIT 1   [ RunTime:0.000486s ]
SQL: SELECT `user_name`,`logo`,`style_name` FROM `qq_user` WHERE ( user_id=29 ) LIMIT 1   [ RunTime:0.000547s ]
SQL: SELECT `remark` FROM `qq_relation` WHERE ( user_id=1 AND friend_id=29 ) LIMIT 1   [ RunTime:0.000553s ]
SQL: SELECT `user_name` FROM `qq_user` WHERE ( user_id=1 ) LIMIT 1   [ RunTime:0.000438s ]
INFO: [ view_parse ] --START--
INFO: ParseTemplate Behavior ::run [ RunTime:0.009055s ]
INFO: [ view_parse ] --END-- [ RunTime:0.009164s ]
INFO: [ view_filter ] --START--
INFO: ContentReplace Behavior ::run [ RunTime:0.000365s ]
INFO: TokenBuild Behavior ::run [ RunTime:0.000369s ]
INFO: WriteHtmlCache Behavior ::run [ RunTime:0.000340s ]
INFO: ShowRuntime Behavior ::run [ RunTime:0.000457s ]
INFO: [ view_filter ] --END-- [ RunTime:0.001717s ]
NOTIC: [8] Constant THEME_NAME already defined /data/home/qxu1591180029/htdocs/ThinkPHP/Lib/Core/View.class.php 第 223 行.
NOTIC: [8] Constant THEME_PATH already defined /data/home/qxu1591180029/htdocs/ThinkPHP/Lib/Core/View.class.php 第 171 行.
NOTIC: [8] Constant APP_TMPL_PATH already defined /data/home/qxu1591180029/htdocs/ThinkPHP/Lib/Core/View.class.php 第 172 行.
INFO: [ view_parse ] --START--
INFO: ParseTemplate Behavior ::run [ RunTime:0.005921s ]
INFO: [ view_parse ] --END-- [ RunTime:-0.002192s ]
INFO: [ view_filter ] --START--
INFO: ContentReplace Behavior ::run [ RunTime:0.000135s ]
INFO: TokenBuild Behavior ::run [ RunTime:0.000059s ]
INFO: WriteHtmlCache Behavior ::run [ RunTime:0.000011s ]
INFO: ShowRuntime Behavior ::run [ RunTime:0.000064s ]
INFO: [ view_filter ] --END-- [ RunTime:-0.006480s ]
INFO: [ view_end ] --START--
INFO: ShowPageTrace Behavior ::run [ RunTime:0.000619s ]
INFO: [ view_end ] --END-- [ RunTime:0.000687s ]

[ 2015-08-16T10:40:29+08:00 ] 58.62.252.30 /index.php/Index/Index/dialog
INFO: [ route_check ] --START--
INFO: CheckRoute Behavior ::run [ RunTime:0.000729s ]
INFO: [ route_check ] --END-- [ RunTime:0.000880s ]
INFO: [ app_begin ] --START--
INFO: ReadHtmlCache Behavior ::run [ RunTime:0.000515s ]
INFO: [ app_begin ] --END-- [ RunTime:0.000588s ]
SQL: SHOW COLUMNS FROM `qq_user` [ RunTime:0.001042s ]
SQL: SHOW COLUMNS FROM `qq_user` [ RunTime:0.000833s ]
SQL: SELECT `user_name`,`style_name`,`logo` FROM `qq_user` WHERE ( user_id=1 ) LIMIT 1   [ RunTime:0.000474s ]
SQL: SHOW COLUMNS FROM `qq_relation` [ RunTime:0.000758s ]
SQL: SELECT count(*) num FROM `qq_relation` WHERE ( friend_id=1 and status=0 ) LIMIT 1   [ RunTime:0.000472s ]
SQL: SHOW COLUMNS FROM `qq_content` [ RunTime:0.000778s ]
SQL: SHOW COLUMNS FROM `qq_content` [ RunTime:0.000984s ]
SQL: SHOW COLUMNS FROM qq_content q1 [ RunTime:0.000526s ]
ERR: 1064:You have an error in your SQL syntax; check the manual that corresponds to your MySQL server version for the right syntax to use near 'q1' at line 1
 [ SQL语句 ] : SHOW COLUMNS FROM qq_content q1
SQL: SELECT q1.id,q1.user_id,q1.pid,q1.content,q1.time FROM qq_content q1 inner join ( SELECT `pid`,MAX(time) AS t FROM `qq_content` WHERE ( user_id=1 ) GROUP BY pid  ) AS q2 ON q1.time=q2.t AND q1.pid=q2.pid  [ RunTime:0.000487s ]
SQL: SELECT q1.id,q1.user_id,q1.pid,q1.content,q1.time FROM qq_content q1 inner join ( SELECT `user_id`,MAX(time) AS t FROM `qq_content` WHERE ( pid=1 ) GROUP BY user_id  ) AS q2 ON q1.time=q2.t AND q1.user_id=q2.user_id  [ RunTime:0.000579s ]
SQL: SELECT `user_name`,`logo`,`style_name` FROM `qq_user` WHERE ( user_id=6 ) LIMIT 1   [ RunTime:0.000451s ]
SQL: SELECT `remark` FROM `qq_relation` WHERE ( user_id=1 AND friend_id=6 ) LIMIT 1   [ RunTime:0.000494s ]
SQL: SELECT `user_name` FROM `qq_user` WHERE ( user_id=1 ) LIMIT 1   [ RunTime:0.002829s ]
SQL: SELECT `user_name`,`logo`,`style_name` FROM `qq_user` WHERE ( user_id=3 ) LIMIT 1   [ RunTime:0.000525s ]
SQL: SELECT `remark` FROM `qq_relation` WHERE ( user_id=1 AND friend_id=3 ) LIMIT 1   [ RunTime:0.000502s ]
SQL: SELECT `user_name` FROM `qq_user` WHERE ( user_id=1 ) LIMIT 1   [ RunTime:0.000482s ]
SQL: SELECT `user_name`,`logo`,`style_name` FROM `qq_user` WHERE ( user_id=7 ) LIMIT 1   [ RunTime:0.000519s ]
SQL: SELECT `remark` FROM `qq_relation` WHERE ( user_id=1 AND friend_id=7 ) LIMIT 1   [ RunTime:0.000472s ]
SQL: SELECT `user_name` FROM `qq_user` WHERE ( user_id=1 ) LIMIT 1   [ RunTime:0.000463s ]
SQL: SELECT `user_name`,`logo`,`style_name` FROM `qq_user` WHERE ( user_id=2 ) LIMIT 1   [ RunTime:0.000516s ]
SQL: SELECT `remark` FROM `qq_relation` WHERE ( user_id=1 AND friend_id=2 ) LIMIT 1   [ RunTime:0.000424s ]
SQL: SELECT `user_name` FROM `qq_user` WHERE ( user_id=1 ) LIMIT 1   [ RunTime:0.000480s ]
SQL: SELECT `user_name`,`logo`,`style_name` FROM `qq_user` WHERE ( user_id=22 ) LIMIT 1   [ RunTime:0.000627s ]
SQL: SELECT `remark` FROM `qq_relation` WHERE ( user_id=1 AND friend_id=22 ) LIMIT 1   [ RunTime:0.000461s ]
SQL: SELECT `user_name` FROM `qq_user` WHERE ( user_id=1 ) LIMIT 1   [ RunTime:0.000466s ]
SQL: SELECT `user_name`,`logo`,`style_name` FROM `qq_user` WHERE ( user_id=29 ) LIMIT 1   [ RunTime:0.000451s ]
SQL: SELECT `remark` FROM `qq_relation` WHERE ( user_id=1 AND friend_id=29 ) LIMIT 1   [ RunTime:0.000461s ]
SQL: SELECT `user_name` FROM `qq_user` WHERE ( user_id=1 ) LIMIT 1   [ RunTime:0.000440s ]
INFO: [ view_parse ] --START--
INFO: ParseTemplate Behavior ::run [ RunTime:0.010599s ]
INFO: [ view_parse ] --END-- [ RunTime:0.010712s ]
INFO: [ view_filter ] --START--
INFO: ContentReplace Behavior ::run [ RunTime:0.000430s ]
INFO: TokenBuild Behavior ::run [ RunTime:0.000449s ]
INFO: WriteHtmlCache Behavior ::run [ RunTime:0.000281s ]
INFO: ShowRuntime Behavior ::run [ RunTime:0.000520s ]
INFO: [ view_filter ] --END-- [ RunTime:0.001878s ]
NOTIC: [8] Constant THEME_NAME already defined /data/home/qxu1591180029/htdocs/ThinkPHP/Lib/Core/View.class.php 第 223 行.
NOTIC: [8] Constant THEME_PATH already defined /data/home/qxu1591180029/htdocs/ThinkPHP/Lib/Core/View.class.php 第 171 行.
NOTIC: [8] Constant APP_TMPL_PATH already defined /data/home/qxu1591180029/htdocs/ThinkPHP/Lib/Core/View.class.php 第 172 行.
INFO: [ view_parse ] --START--
INFO: ParseTemplate Behavior ::run [ RunTime:0.005909s ]
INFO: [ view_parse ] --END-- [ RunTime:-0.002575s ]
INFO: [ view_filter ] --START--
INFO: ContentReplace Behavior ::run [ RunTime:0.000114s ]
INFO: TokenBuild Behavior ::run [ RunTime:0.000045s ]
INFO: WriteHtmlCache Behavior ::run [ RunTime:0.000010s ]
INFO: ShowRuntime Behavior ::run [ RunTime:0.000063s ]
INFO: [ view_filter ] --END-- [ RunTime:-0.006720s ]
INFO: [ view_end ] --START--
INFO: ShowPageTrace Behavior ::run [ RunTime:0.000651s ]
INFO: [ view_end ] --END-- [ RunTime:0.000755s ]

[ 2015-08-16T10:40:33+08:00 ] 58.62.252.30 /index.php/Index/Index/dialog
INFO: [ route_check ] --START--
INFO: CheckRoute Behavior ::run [ RunTime:0.000770s ]
INFO: [ route_check ] --END-- [ RunTime:0.000935s ]
INFO: [ app_begin ] --START--
INFO: ReadHtmlCache Behavior ::run [ RunTime:0.000559s ]
INFO: [ app_begin ] --END-- [ RunTime:0.000632s ]
SQL: SHOW COLUMNS FROM `qq_user` [ RunTime:0.001018s ]
SQL: SHOW COLUMNS FROM `qq_user` [ RunTime:0.000817s ]
SQL: SELECT `user_name`,`style_name`,`logo` FROM `qq_user` WHERE ( user_id=1 ) LIMIT 1   [ RunTime:0.000623s ]
SQL: SHOW COLUMNS FROM `qq_relation` [ RunTime:0.005903s ]
SQL: SELECT count(*) num FROM `qq_relation` WHERE ( friend_id=1 and status=0 ) LIMIT 1   [ RunTime:0.000440s ]
SQL: SHOW COLUMNS FROM `qq_content` [ RunTime:0.001026s ]
SQL: SHOW COLUMNS FROM `qq_content` [ RunTime:0.000890s ]
SQL: SHOW COLUMNS FROM qq_content q1 [ RunTime:0.000532s ]
ERR: 1064:You have an error in your SQL syntax; check the manual that corresponds to your MySQL server version for the right syntax to use near 'q1' at line 1
 [ SQL语句 ] : SHOW COLUMNS FROM qq_content q1
SQL: SELECT q1.id,q1.user_id,q1.pid,q1.content,q1.time FROM qq_content q1 inner join ( SELECT `pid`,MAX(time) AS t FROM `qq_content` WHERE ( user_id=1 ) GROUP BY pid  ) AS q2 ON q1.time=q2.t AND q1.pid=q2.pid  [ RunTime:0.000524s ]
SQL: SELECT q1.id,q1.user_id,q1.pid,q1.content,q1.time FROM qq_content q1 inner join ( SELECT `user_id`,MAX(time) AS t FROM `qq_content` WHERE ( pid=1 ) GROUP BY user_id  ) AS q2 ON q1.time=q2.t AND q1.user_id=q2.user_id  [ RunTime:0.000544s ]
SQL: SELECT `user_name`,`logo`,`style_name` FROM `qq_user` WHERE ( user_id=6 ) LIMIT 1   [ RunTime:0.000456s ]
SQL: SELECT `remark` FROM `qq_relation` WHERE ( user_id=1 AND friend_id=6 ) LIMIT 1   [ RunTime:0.000465s ]
SQL: SELECT `user_name` FROM `qq_user` WHERE ( user_id=1 ) LIMIT 1   [ RunTime:0.001044s ]
SQL: SELECT `user_name`,`logo`,`style_name` FROM `qq_user` WHERE ( user_id=3 ) LIMIT 1   [ RunTime:0.000472s ]
SQL: SELECT `remark` FROM `qq_relation` WHERE ( user_id=1 AND friend_id=3 ) LIMIT 1   [ RunTime:0.000488s ]
SQL: SELECT `user_name` FROM `qq_user` WHERE ( user_id=1 ) LIMIT 1   [ RunTime:0.000671s ]
SQL: SELECT `user_name`,`logo`,`style_name` FROM `qq_user` WHERE ( user_id=7 ) LIMIT 1   [ RunTime:0.000452s ]
SQL: SELECT `remark` FROM `qq_relation` WHERE ( user_id=1 AND friend_id=7 ) LIMIT 1   [ RunTime:0.000456s ]
SQL: SELECT `user_name` FROM `qq_user` WHERE ( user_id=1 ) LIMIT 1   [ RunTime:0.000417s ]
SQL: SELECT `user_name`,`logo`,`style_name` FROM `qq_user` WHERE ( user_id=2 ) LIMIT 1   [ RunTime:0.000451s ]
SQL: SELECT `remark` FROM `qq_relation` WHERE ( user_id=1 AND friend_id=2 ) LIMIT 1   [ RunTime:0.000502s ]
SQL: SELECT `user_name` FROM `qq_user` WHERE ( user_id=1 ) LIMIT 1   [ RunTime:0.000483s ]
SQL: SELECT `user_name`,`logo`,`style_name` FROM `qq_user` WHERE ( user_id=22 ) LIMIT 1   [ RunTime:0.000450s ]
SQL: SELECT `remark` FROM `qq_relation` WHERE ( user_id=1 AND friend_id=22 ) LIMIT 1   [ RunTime:0.000449s ]
SQL: SELECT `user_name` FROM `qq_user` WHERE ( user_id=1 ) LIMIT 1   [ RunTime:0.000467s ]
SQL: SELECT `user_name`,`logo`,`style_name` FROM `qq_user` WHERE ( user_id=29 ) LIMIT 1   [ RunTime:0.000487s ]
SQL: SELECT `remark` FROM `qq_relation` WHERE ( user_id=1 AND friend_id=29 ) LIMIT 1   [ RunTime:0.000444s ]
SQL: SELECT `user_name` FROM `qq_user` WHERE ( user_id=1 ) LIMIT 1   [ RunTime:0.000456s ]
INFO: [ view_parse ] --START--
INFO: ParseTemplate Behavior ::run [ RunTime:0.010538s ]
INFO: [ view_parse ] --END-- [ RunTime:0.010668s ]
INFO: [ view_filter ] --START--
INFO: ContentReplace Behavior ::run [ RunTime:0.000413s ]
INFO: TokenBuild Behavior ::run [ RunTime:0.000614s ]
INFO: WriteHtmlCache Behavior ::run [ RunTime:0.000282s ]
INFO: ShowRuntime Behavior ::run [ RunTime:0.001004s ]
INFO: [ view_filter ] --END-- [ RunTime:0.002580s ]
NOTIC: [8] Constant THEME_NAME already defined /data/home/qxu1591180029/htdocs/ThinkPHP/Lib/Core/View.class.php 第 223 行.
NOTIC: [8] Constant THEME_PATH already defined /data/home/qxu1591180029/htdocs/ThinkPHP/Lib/Core/View.class.php 第 171 行.
NOTIC: [8] Constant APP_TMPL_PATH already defined /data/home/qxu1591180029/htdocs/ThinkPHP/Lib/Core/View.class.php 第 172 行.
INFO: [ view_parse ] --START--
INFO: ParseTemplate Behavior ::run [ RunTime:0.005281s ]
INFO: [ view_parse ] --END-- [ RunTime:-0.003248s ]
INFO: [ view_filter ] --START--
INFO: ContentReplace Behavior ::run [ RunTime:0.000131s ]
INFO: TokenBuild Behavior ::run [ RunTime:0.000055s ]
INFO: WriteHtmlCache Behavior ::run [ RunTime:0.000010s ]
INFO: ShowRuntime Behavior ::run [ RunTime:0.000096s ]
INFO: [ view_filter ] --END-- [ RunTime:-0.005867s ]
INFO: [ view_end ] --START--
INFO: ShowPageTrace Behavior ::run [ RunTime:0.000721s ]
INFO: [ view_end ] --END-- [ RunTime:0.000785s ]

[ 2015-08-16T10:40:35+08:00 ] 58.62.252.30 /index.php/Index/Index/dialog
INFO: [ route_check ] --START--
INFO: CheckRoute Behavior ::run [ RunTime:0.000778s ]
INFO: [ route_check ] --END-- [ RunTime:0.000946s ]
INFO: [ app_begin ] --START--
INFO: ReadHtmlCache Behavior ::run [ RunTime:0.000606s ]
INFO: [ app_begin ] --END-- [ RunTime:0.000676s ]
SQL: SHOW COLUMNS FROM `qq_user` [ RunTime:0.000924s ]
SQL: SHOW COLUMNS FROM `qq_user` [ RunTime:0.000812s ]
SQL: SELECT `user_name`,`style_name`,`logo` FROM `qq_user` WHERE ( user_id=1 ) LIMIT 1   [ RunTime:0.000604s ]
SQL: SHOW COLUMNS FROM `qq_relation` [ RunTime:0.000874s ]
SQL: SELECT count(*) num FROM `qq_relation` WHERE ( friend_id=1 and status=0 ) LIMIT 1   [ RunTime:0.000450s ]
SQL: SHOW COLUMNS FROM `qq_content` [ RunTime:0.000795s ]
SQL: SHOW COLUMNS FROM `qq_content` [ RunTime:0.000753s ]
SQL: SHOW COLUMNS FROM qq_content q1 [ RunTime:0.000534s ]
ERR: 1064:You have an error in your SQL syntax; check the manual that corresponds to your MySQL server version for the right syntax to use near 'q1' at line 1
 [ SQL语句 ] : SHOW COLUMNS FROM qq_content q1
SQL: SELECT q1.id,q1.user_id,q1.pid,q1.content,q1.time FROM qq_content q1 inner join ( SELECT `pid`,MAX(time) AS t FROM `qq_content` WHERE ( user_id=1 ) GROUP BY pid  ) AS q2 ON q1.time=q2.t AND q1.pid=q2.pid  [ RunTime:0.000538s ]
SQL: SELECT q1.id,q1.user_id,q1.pid,q1.content,q1.time FROM qq_content q1 inner join ( SELECT `user_id`,MAX(time) AS t FROM `qq_content` WHERE ( pid=1 ) GROUP BY user_id  ) AS q2 ON q1.time=q2.t AND q1.user_id=q2.user_id  [ RunTime:0.003283s ]
SQL: SELECT `user_name`,`logo`,`style_name` FROM `qq_user` WHERE ( user_id=6 ) LIMIT 1   [ RunTime:0.000473s ]
SQL: SELECT `remark` FROM `qq_relation` WHERE ( user_id=1 AND friend_id=6 ) LIMIT 1   [ RunTime:0.000451s ]
SQL: SELECT `user_name` FROM `qq_user` WHERE ( user_id=1 ) LIMIT 1   [ RunTime:0.000469s ]
SQL: SELECT `user_name`,`logo`,`style_name` FROM `qq_user` WHERE ( user_id=3 ) LIMIT 1   [ RunTime:0.000450s ]
SQL: SELECT `remark` FROM `qq_relation` WHERE ( user_id=1 AND friend_id=3 ) LIMIT 1   [ RunTime:0.000445s ]
SQL: SELECT `user_name` FROM `qq_user` WHERE ( user_id=1 ) LIMIT 1   [ RunTime:0.000489s ]
SQL: SELECT `user_name`,`logo`,`style_name` FROM `qq_user` WHERE ( user_id=7 ) LIMIT 1   [ RunTime:0.000513s ]
SQL: SELECT `remark` FROM `qq_relation` WHERE ( user_id=1 AND friend_id=7 ) LIMIT 1   [ RunTime:0.000471s ]
SQL: SELECT `user_name` FROM `qq_user` WHERE ( user_id=1 ) LIMIT 1   [ RunTime:0.000860s ]
SQL: SELECT `user_name`,`logo`,`style_name` FROM `qq_user` WHERE ( user_id=2 ) LIMIT 1   [ RunTime:0.000605s ]
SQL: SELECT `remark` FROM `qq_relation` WHERE ( user_id=1 AND friend_id=2 ) LIMIT 1   [ RunTime:0.000475s ]
SQL: SELECT `user_name` FROM `qq_user` WHERE ( user_id=1 ) LIMIT 1   [ RunTime:0.000479s ]
SQL: SELECT `user_name`,`logo`,`style_name` FROM `qq_user` WHERE ( user_id=22 ) LIMIT 1   [ RunTime:0.000607s ]
SQL: SELECT `remark` FROM `qq_relation` WHERE ( user_id=1 AND friend_id=22 ) LIMIT 1   [ RunTime:0.000468s ]
SQL: SELECT `user_name` FROM `qq_user` WHERE ( user_id=1 ) LIMIT 1   [ RunTime:0.000462s ]
SQL: SELECT `user_name`,`logo`,`style_name` FROM `qq_user` WHERE ( user_id=29 ) LIMIT 1   [ RunTime:0.002413s ]
SQL: SELECT `remark` FROM `qq_relation` WHERE ( user_id=1 AND friend_id=29 ) LIMIT 1   [ RunTime:0.000508s ]
SQL: SELECT `user_name` FROM `qq_user` WHERE ( user_id=1 ) LIMIT 1   [ RunTime:0.000684s ]
INFO: [ view_parse ] --START--
INFO: ParseTemplate Behavior ::run [ RunTime:0.010306s ]
INFO: [ view_parse ] --END-- [ RunTime:0.010415s ]
INFO: [ view_filter ] --START--
INFO: ContentReplace Behavior ::run [ RunTime:0.000399s ]
INFO: TokenBuild Behavior ::run [ RunTime:0.000425s ]
INFO: WriteHtmlCache Behavior ::run [ RunTime:0.000261s ]
INFO: ShowRuntime Behavior ::run [ RunTime:0.000450s ]
INFO: [ view_filter ] --END-- [ RunTime:0.001736s ]
NOTIC: [8] Constant THEME_NAME already defined /data/home/qxu1591180029/htdocs/ThinkPHP/Lib/Core/View.class.php 第 223 行.
NOTIC: [8] Constant THEME_PATH already defined /data/home/qxu1591180029/htdocs/ThinkPHP/Lib/Core/View.class.php 第 171 行.
NOTIC: [8] Constant APP_TMPL_PATH already defined /data/home/qxu1591180029/htdocs/ThinkPHP/Lib/Core/View.class.php 第 172 行.
INFO: [ view_parse ] --START--
INFO: ParseTemplate Behavior ::run [ RunTime:0.005449s ]
INFO: [ view_parse ] --END-- [ RunTime:-0.002183s ]
INFO: [ view_filter ] --START--
INFO: ContentReplace Behavior ::run [ RunTime:0.000119s ]
INFO: TokenBuild Behavior ::run [ RunTime:0.000045s ]
INFO: WriteHtmlCache Behavior ::run [ RunTime:0.000012s ]
INFO: ShowRuntime Behavior ::run [ RunTime:0.000063s ]
INFO: [ view_filter ] --END-- [ RunTime:-0.005990s ]
INFO: [ view_end ] --START--
INFO: ShowPageTrace Behavior ::run [ RunTime:0.000686s ]
INFO: [ view_end ] --END-- [ RunTime:0.000743s ]

[ 2015-08-16T10:43:13+08:00 ] 58.62.252.30 /index.php/Index/Index/dialog
INFO: [ route_check ] --START--
INFO: CheckRoute Behavior ::run [ RunTime:0.000746s ]
INFO: [ route_check ] --END-- [ RunTime:0.000916s ]
INFO: [ app_begin ] --START--
INFO: ReadHtmlCache Behavior ::run [ RunTime:0.000537s ]
INFO: [ app_begin ] --END-- [ RunTime:0.000613s ]
SQL: SHOW COLUMNS FROM `qq_user` [ RunTime:0.001266s ]
SQL: SHOW COLUMNS FROM `qq_user` [ RunTime:0.000826s ]
SQL: SELECT `user_name`,`style_name`,`logo` FROM `qq_user` WHERE ( user_id=1 ) LIMIT 1   [ RunTime:0.000434s ]
SQL: SHOW COLUMNS FROM `qq_relation` [ RunTime:0.001114s ]
SQL: SELECT count(*) num FROM `qq_relation` WHERE ( friend_id=1 and status=0 ) LIMIT 1   [ RunTime:0.000449s ]
SQL: SHOW COLUMNS FROM `qq_content` [ RunTime:0.000865s ]
SQL: SHOW COLUMNS FROM `qq_content` [ RunTime:0.000929s ]
SQL: SHOW COLUMNS FROM qq_content q1 [ RunTime:0.000463s ]
ERR: 1064:You have an error in your SQL syntax; check the manual that corresponds to your MySQL server version for the right syntax to use near 'q1' at line 1
 [ SQL语句 ] : SHOW COLUMNS FROM qq_content q1
SQL: SELECT q1.id,q1.user_id,q1.pid,q1.content,q1.time FROM qq_content q1 inner join ( SELECT `pid`,MAX(time) AS t FROM `qq_content` WHERE ( user_id=1 ) GROUP BY pid  ) AS q2 ON q1.time=q2.t AND q1.pid=q2.pid  [ RunTime:0.000588s ]
SQL: SELECT q1.id,q1.user_id,q1.pid,q1.content,q1.time FROM qq_content q1 inner join ( SELECT `user_id`,MAX(time) AS t FROM `qq_content` WHERE ( pid=1 ) GROUP BY user_id  ) AS q2 ON q1.time=q2.t AND q1.user_id=q2.user_id  [ RunTime:0.000499s ]
SQL: SELECT `user_name`,`logo`,`style_name` FROM `qq_user` WHERE ( user_id=6 ) LIMIT 1   [ RunTime:0.000460s ]
SQL: SELECT `remark` FROM `qq_relation` WHERE ( user_id=1 AND friend_id=6 ) LIMIT 1   [ RunTime:0.000447s ]
SQL: SELECT `user_name` FROM `qq_user` WHERE ( user_id=1 ) LIMIT 1   [ RunTime:0.000440s ]
SQL: SELECT `user_name`,`logo`,`style_name` FROM `qq_user` WHERE ( user_id=3 ) LIMIT 1   [ RunTime:0.000465s ]
SQL: SELECT `remark` FROM `qq_relation` WHERE ( user_id=1 AND friend_id=3 ) LIMIT 1   [ RunTime:0.000545s ]
SQL: SELECT `user_name` FROM `qq_user` WHERE ( user_id=1 ) LIMIT 1   [ RunTime:0.000553s ]
SQL: SELECT `user_name`,`logo`,`style_name` FROM `qq_user` WHERE ( user_id=7 ) LIMIT 1   [ RunTime:0.000634s ]
SQL: SELECT `remark` FROM `qq_relation` WHERE ( user_id=1 AND friend_id=7 ) LIMIT 1   [ RunTime:0.000452s ]
SQL: SELECT `user_name` FROM `qq_user` WHERE ( user_id=1 ) LIMIT 1   [ RunTime:0.000409s ]
SQL: SELECT `user_name`,`logo`,`style_name` FROM `qq_user` WHERE ( user_id=2 ) LIMIT 1   [ RunTime:0.000482s ]
SQL: SELECT `remark` FROM `qq_relation` WHERE ( user_id=1 AND friend_id=2 ) LIMIT 1   [ RunTime:0.000424s ]
SQL: SELECT `user_name` FROM `qq_user` WHERE ( user_id=1 ) LIMIT 1   [ RunTime:0.000441s ]
SQL: SELECT `user_name`,`logo`,`style_name` FROM `qq_user` WHERE ( user_id=22 ) LIMIT 1   [ RunTime:0.000466s ]
SQL: SELECT `remark` FROM `qq_relation` WHERE ( user_id=1 AND friend_id=22 ) LIMIT 1   [ RunTime:0.000455s ]
SQL: SELECT `user_name` FROM `qq_user` WHERE ( user_id=1 ) LIMIT 1   [ RunTime:0.000445s ]
SQL: SELECT `user_name`,`logo`,`style_name` FROM `qq_user` WHERE ( user_id=29 ) LIMIT 1   [ RunTime:0.000435s ]
SQL: SELECT `remark` FROM `qq_relation` WHERE ( user_id=1 AND friend_id=29 ) LIMIT 1   [ RunTime:0.000601s ]
SQL: SELECT `user_name` FROM `qq_user` WHERE ( user_id=1 ) LIMIT 1   [ RunTime:0.000435s ]
INFO: [ view_parse ] --START--
INFO: ParseTemplate Behavior ::run [ RunTime:0.011128s ]
INFO: [ view_parse ] --END-- [ RunTime:0.011243s ]
INFO: [ view_filter ] --START--
INFO: ContentReplace Behavior ::run [ RunTime:0.000450s ]
INFO: TokenBuild Behavior ::run [ RunTime:0.000406s ]
INFO: WriteHtmlCache Behavior ::run [ RunTime:0.000278s ]
INFO: ShowRuntime Behavior ::run [ RunTime:0.000471s ]
INFO: [ view_filter ] --END-- [ RunTime:0.001801s ]
NOTIC: [8] Constant THEME_NAME already defined /data/home/qxu1591180029/htdocs/ThinkPHP/Lib/Core/View.class.php 第 223 行.
NOTIC: [8] Constant THEME_PATH already defined /data/home/qxu1591180029/htdocs/ThinkPHP/Lib/Core/View.class.php 第 171 行.
NOTIC: [8] Constant APP_TMPL_PATH already defined /data/home/qxu1591180029/htdocs/ThinkPHP/Lib/Core/View.class.php 第 172 行.
INFO: [ view_parse ] --START--
INFO: ParseTemplate Behavior ::run [ RunTime:0.005549s ]
INFO: [ view_parse ] --END-- [ RunTime:-0.002403s ]
INFO: [ view_filter ] --START--
INFO: ContentReplace Behavior ::run [ RunTime:0.000126s ]
INFO: TokenBuild Behavior ::run [ RunTime:0.000042s ]
INFO: WriteHtmlCache Behavior ::run [ RunTime:0.000010s ]
INFO: ShowRuntime Behavior ::run [ RunTime:0.000087s ]
INFO: [ view_filter ] --END-- [ RunTime:-0.006249s ]
INFO: [ view_end ] --START--
INFO: ShowPageTrace Behavior ::run [ RunTime:0.000610s ]
INFO: [ view_end ] --END-- [ RunTime:0.000849s ]

[ 2015-08-16T10:43:26+08:00 ] 58.62.252.30 /index.php/Index/Index/dialog
INFO: [ route_check ] --START--
INFO: CheckRoute Behavior ::run [ RunTime:0.000826s ]
INFO: [ route_check ] --END-- [ RunTime:0.000980s ]
INFO: [ app_begin ] --START--
INFO: ReadHtmlCache Behavior ::run [ RunTime:0.000528s ]
INFO: [ app_begin ] --END-- [ RunTime:0.000600s ]
SQL: SHOW COLUMNS FROM `qq_user` [ RunTime:0.001083s ]
SQL: SHOW COLUMNS FROM `qq_user` [ RunTime:0.000838s ]
SQL: SELECT `user_name`,`style_name`,`logo` FROM `qq_user` WHERE ( user_id=1 ) LIMIT 1   [ RunTime:0.000522s ]
SQL: SHOW COLUMNS FROM `qq_relation` [ RunTime:0.000966s ]
SQL: SELECT count(*) num FROM `qq_relation` WHERE ( friend_id=1 and status=0 ) LIMIT 1   [ RunTime:0.000431s ]
SQL: SHOW COLUMNS FROM `qq_content` [ RunTime:0.000749s ]
SQL: SHOW COLUMNS FROM `qq_content` [ RunTime:0.000782s ]
SQL: SHOW COLUMNS FROM qq_content q1 [ RunTime:0.000453s ]
ERR: 1064:You have an error in your SQL syntax; check the manual that corresponds to your MySQL server version for the right syntax to use near 'q1' at line 1
 [ SQL语句 ] : SHOW COLUMNS FROM qq_content q1
SQL: SELECT q1.id,q1.user_id,q1.pid,q1.content,q1.time FROM qq_content q1 inner join ( SELECT `pid`,MAX(time) AS t FROM `qq_content` WHERE ( user_id=1 ) GROUP BY pid  ) AS q2 ON q1.time=q2.t AND q1.pid=q2.pid  [ RunTime:0.000597s ]
SQL: SELECT q1.id,q1.user_id,q1.pid,q1.content,q1.time FROM qq_content q1 inner join ( SELECT `user_id`,MAX(time) AS t FROM `qq_content` WHERE ( pid=1 ) GROUP BY user_id  ) AS q2 ON q1.time=q2.t AND q1.user_id=q2.user_id  [ RunTime:0.000567s ]
SQL: SELECT `user_name`,`logo`,`style_name` FROM `qq_user` WHERE ( user_id=6 ) LIMIT 1   [ RunTime:0.000520s ]
SQL: SELECT `remark` FROM `qq_relation` WHERE ( user_id=1 AND friend_id=6 ) LIMIT 1   [ RunTime:0.000493s ]
SQL: SELECT `user_name` FROM `qq_user` WHERE ( user_id=1 ) LIMIT 1   [ RunTime:0.000504s ]
SQL: SELECT `user_name`,`logo`,`style_name` FROM `qq_user` WHERE ( user_id=3 ) LIMIT 1   [ RunTime:0.000547s ]
SQL: SELECT `remark` FROM `qq_relation` WHERE ( user_id=1 AND friend_id=3 ) LIMIT 1   [ RunTime:0.000474s ]
SQL: SELECT `user_name` FROM `qq_user` WHERE ( user_id=1 ) LIMIT 1   [ RunTime:0.000495s ]
SQL: SELECT `user_name`,`logo`,`style_name` FROM `qq_user` WHERE ( user_id=7 ) LIMIT 1   [ RunTime:0.000433s ]
SQL: SELECT `remark` FROM `qq_relation` WHERE ( user_id=1 AND friend_id=7 ) LIMIT 1   [ RunTime:0.000603s ]
SQL: SELECT `user_name` FROM `qq_user` WHERE ( user_id=1 ) LIMIT 1   [ RunTime:0.000490s ]
SQL: SELECT `user_name`,`logo`,`style_name` FROM `qq_user` WHERE ( user_id=2 ) LIMIT 1   [ RunTime:0.000482s ]
SQL: SELECT `remark` FROM `qq_relation` WHERE ( user_id=1 AND friend_id=2 ) LIMIT 1   [ RunTime:0.000437s ]
SQL: SELECT `user_name` FROM `qq_user` WHERE ( user_id=1 ) LIMIT 1   [ RunTime:0.000431s ]
SQL: SELECT `user_name`,`logo`,`style_name` FROM `qq_user` WHERE ( user_id=22 ) LIMIT 1   [ RunTime:0.000500s ]
SQL: SELECT `remark` FROM `qq_relation` WHERE ( user_id=1 AND friend_id=22 ) LIMIT 1   [ RunTime:0.000484s ]
SQL: SELECT `user_name` FROM `qq_user` WHERE ( user_id=1 ) LIMIT 1   [ RunTime:0.000453s ]
SQL: SELECT `user_name`,`logo`,`style_name` FROM `qq_user` WHERE ( user_id=29 ) LIMIT 1   [ RunTime:0.000498s ]
SQL: SELECT `remark` FROM `qq_relation` WHERE ( user_id=1 AND friend_id=29 ) LIMIT 1   [ RunTime:0.000440s ]
SQL: SELECT `user_name` FROM `qq_user` WHERE ( user_id=1 ) LIMIT 1   [ RunTime:0.000439s ]
INFO: [ view_parse ] --START--
INFO: ParseTemplate Behavior ::run [ RunTime:0.011800s ]
INFO: [ view_parse ] --END-- [ RunTime:0.011919s ]
INFO: [ view_filter ] --START--
INFO: ContentReplace Behavior ::run [ RunTime:0.000524s ]
INFO: TokenBuild Behavior ::run [ RunTime:0.000487s ]
INFO: WriteHtmlCache Behavior ::run [ RunTime:0.000329s ]
INFO: ShowRuntime Behavior ::run [ RunTime:0.000559s ]
INFO: [ view_filter ] --END-- [ RunTime:0.002183s ]
NOTIC: [8] Constant THEME_NAME already defined /data/home/qxu1591180029/htdocs/ThinkPHP/Lib/Core/View.class.php 第 223 行.
NOTIC: [8] Constant THEME_PATH already defined /data/home/qxu1591180029/htdocs/ThinkPHP/Lib/Core/View.class.php 第 171 行.
NOTIC: [8] Constant APP_TMPL_PATH already defined /data/home/qxu1591180029/htdocs/ThinkPHP/Lib/Core/View.class.php 第 172 行.
INFO: [ view_parse ] --START--
INFO: ParseTemplate Behavior ::run [ RunTime:0.006141s ]
INFO: [ view_parse ] --END-- [ RunTime:-0.002728s ]
INFO: [ view_filter ] --START--
INFO: ContentReplace Behavior ::run [ RunTime:0.000151s ]
INFO: TokenBuild Behavior ::run [ RunTime:0.000063s ]
INFO: WriteHtmlCache Behavior ::run [ RunTime:0.000018s ]
INFO: ShowRuntime Behavior ::run [ RunTime:0.000096s ]
INFO: [ view_filter ] --END-- [ RunTime:-0.006805s ]
INFO: [ view_end ] --START--
INFO: ShowPageTrace Behavior ::run [ RunTime:0.000688s ]
INFO: [ view_end ] --END-- [ RunTime:0.000762s ]

[ 2015-08-16T10:44:27+08:00 ] 58.62.252.30 /index.php/Index/Index/dialog
INFO: [ route_check ] --START--
INFO: CheckRoute Behavior ::run [ RunTime:0.000766s ]
INFO: [ route_check ] --END-- [ RunTime:0.000938s ]
INFO: [ app_begin ] --START--
INFO: ReadHtmlCache Behavior ::run [ RunTime:0.000736s ]
INFO: [ app_begin ] --END-- [ RunTime:0.000830s ]
SQL: SHOW COLUMNS FROM `qq_user` [ RunTime:0.001147s ]
SQL: SHOW COLUMNS FROM `qq_user` [ RunTime:0.000874s ]
SQL: SELECT `user_name`,`style_name`,`logo` FROM `qq_user` WHERE ( user_id=1 ) LIMIT 1   [ RunTime:0.000556s ]
SQL: SHOW COLUMNS FROM `qq_relation` [ RunTime:0.000846s ]
SQL: SELECT count(*) num FROM `qq_relation` WHERE ( friend_id=1 and status=0 ) LIMIT 1   [ RunTime:0.000504s ]
SQL: SHOW COLUMNS FROM `qq_content` [ RunTime:0.000935s ]
SQL: SHOW COLUMNS FROM `qq_content` [ RunTime:0.000883s ]
SQL: SHOW COLUMNS FROM qq_content q1 [ RunTime:0.000453s ]
ERR: 1064:You have an error in your SQL syntax; check the manual that corresponds to your MySQL server version for the right syntax to use near 'q1' at line 1
 [ SQL语句 ] : SHOW COLUMNS FROM qq_content q1
SQL: SELECT q1.id,q1.user_id,q1.pid,q1.content,q1.time FROM qq_content q1 inner join ( SELECT `pid`,MAX(time) AS t FROM `qq_content` WHERE ( user_id=1 ) GROUP BY pid  ) AS q2 ON q1.time=q2.t AND q1.pid=q2.pid  [ RunTime:0.000496s ]
SQL: SELECT q1.id,q1.user_id,q1.pid,q1.content,q1.time FROM qq_content q1 inner join ( SELECT `user_id`,MAX(time) AS t FROM `qq_content` WHERE ( pid=1 ) GROUP BY user_id  ) AS q2 ON q1.time=q2.t AND q1.user_id=q2.user_id  [ RunTime:0.000507s ]
SQL: SELECT `user_name`,`logo`,`style_name` FROM `qq_user` WHERE ( user_id=29 ) LIMIT 1   [ RunTime:0.000418s ]
SQL: SELECT `remark` FROM `qq_relation` WHERE ( user_id=1 AND friend_id=29 ) LIMIT 1   [ RunTime:0.000472s ]
SQL: SELECT `user_name` FROM `qq_user` WHERE ( user_id=1 ) LIMIT 1   [ RunTime:0.000562s ]
SQL: SELECT `user_name`,`logo`,`style_name` FROM `qq_user` WHERE ( user_id=22 ) LIMIT 1   [ RunTime:0.000477s ]
SQL: SELECT `remark` FROM `qq_relation` WHERE ( user_id=1 AND friend_id=22 ) LIMIT 1   [ RunTime:0.000487s ]
SQL: SELECT `user_name` FROM `qq_user` WHERE ( user_id=1 ) LIMIT 1   [ RunTime:0.000481s ]
SQL: SELECT `user_name`,`logo`,`style_name` FROM `qq_user` WHERE ( user_id=2 ) LIMIT 1   [ RunTime:0.000455s ]
SQL: SELECT `remark` FROM `qq_relation` WHERE ( user_id=1 AND friend_id=2 ) LIMIT 1   [ RunTime:0.000438s ]
SQL: SELECT `user_name` FROM `qq_user` WHERE ( user_id=1 ) LIMIT 1   [ RunTime:0.000750s ]
SQL: SELECT `user_name`,`logo`,`style_name` FROM `qq_user` WHERE ( user_id=7 ) LIMIT 1   [ RunTime:0.000469s ]
SQL: SELECT `remark` FROM `qq_relation` WHERE ( user_id=1 AND friend_id=7 ) LIMIT 1   [ RunTime:0.000410s ]
SQL: SELECT `user_name` FROM `qq_user` WHERE ( user_id=1 ) LIMIT 1   [ RunTime:0.000580s ]
SQL: SELECT `user_name`,`logo`,`style_name` FROM `qq_user` WHERE ( user_id=3 ) LIMIT 1   [ RunTime:0.000515s ]
SQL: SELECT `remark` FROM `qq_relation` WHERE ( user_id=1 AND friend_id=3 ) LIMIT 1   [ RunTime:0.000458s ]
SQL: SELECT `user_name` FROM `qq_user` WHERE ( user_id=1 ) LIMIT 1   [ RunTime:0.000474s ]
SQL: SELECT `user_name`,`logo`,`style_name` FROM `qq_user` WHERE ( user_id=6 ) LIMIT 1   [ RunTime:0.000485s ]
SQL: SELECT `remark` FROM `qq_relation` WHERE ( user_id=1 AND friend_id=6 ) LIMIT 1   [ RunTime:0.000491s ]
SQL: SELECT `user_name` FROM `qq_user` WHERE ( user_id=1 ) LIMIT 1   [ RunTime:0.000483s ]
INFO: [ view_parse ] --START--
INFO: ParseTemplate Behavior ::run [ RunTime:0.010016s ]
INFO: [ view_parse ] --END-- [ RunTime:0.010127s ]
INFO: [ view_filter ] --START--
INFO: ContentReplace Behavior ::run [ RunTime:0.000383s ]
INFO: TokenBuild Behavior ::run [ RunTime:0.000394s ]
INFO: WriteHtmlCache Behavior ::run [ RunTime:0.000279s ]
INFO: ShowRuntime Behavior ::run [ RunTime:0.000461s ]
INFO: [ view_filter ] --END-- [ RunTime:0.001699s ]
NOTIC: [8] Constant THEME_NAME already defined /data/home/qxu1591180029/htdocs/ThinkPHP/Lib/Core/View.class.php 第 223 行.
NOTIC: [8] Constant THEME_PATH already defined /data/home/qxu1591180029/htdocs/ThinkPHP/Lib/Core/View.class.php 第 171 行.
NOTIC: [8] Constant APP_TMPL_PATH already defined /data/home/qxu1591180029/htdocs/ThinkPHP/Lib/Core/View.class.php 第 172 行.
INFO: [ view_parse ] --START--
INFO: ParseTemplate Behavior ::run [ RunTime:0.005524s ]
INFO: [ view_parse ] --END-- [ RunTime:-0.002129s ]
INFO: [ view_filter ] --START--
INFO: ContentReplace Behavior ::run [ RunTime:0.000109s ]
INFO: TokenBuild Behavior ::run [ RunTime:0.000042s ]
INFO: WriteHtmlCache Behavior ::run [ RunTime:0.000009s ]
INFO: ShowRuntime Behavior ::run [ RunTime:0.000133s ]
INFO: [ view_filter ] --END-- [ RunTime:-0.006015s ]
INFO: [ view_end ] --START--
INFO: ShowPageTrace Behavior ::run [ RunTime:0.000591s ]
INFO: [ view_end ] --END-- [ RunTime:0.000659s ]

[ 2015-08-16T10:44:49+08:00 ] 58.62.252.30 /index.php/Index/Index/message
INFO: [ route_check ] --START--
INFO: CheckRoute Behavior ::run [ RunTime:0.000807s ]
INFO: [ route_check ] --END-- [ RunTime:0.000983s ]
INFO: [ app_begin ] --START--
INFO: ReadHtmlCache Behavior ::run [ RunTime:0.000560s ]
INFO: [ app_begin ] --END-- [ RunTime:0.000631s ]
SQL: SHOW COLUMNS FROM `qq_user` [ RunTime:0.001094s ]
SQL: SHOW COLUMNS FROM `qq_user` [ RunTime:0.001730s ]
SQL: SELECT `user_name`,`style_name`,`logo` FROM `qq_user` WHERE ( user_id=1 ) LIMIT 1   [ RunTime:0.000592s ]
SQL: SHOW COLUMNS FROM `qq_relation` [ RunTime:0.000779s ]
SQL: SELECT count(*) num FROM `qq_relation` WHERE ( friend_id=1 and status=0 ) LIMIT 1   [ RunTime:0.000435s ]
SQL: SHOW COLUMNS FROM `qq_relation` [ RunTime:0.000826s ]
SQL: SHOW COLUMNS FROM qq_relation r [ RunTime:0.000449s ]
ERR: 1064:You have an error in your SQL syntax; check the manual that corresponds to your MySQL server version for the right syntax to use near 'r' at line 1
 [ SQL语句 ] : SHOW COLUMNS FROM qq_relation r
SQL: SHOW COLUMNS FROM qq_user u [ RunTime:0.000445s ]
ERR: 1064:You have an error in your SQL syntax; check the manual that corresponds to your MySQL server version for the right syntax to use near 'u' at line 1
 [ SQL语句 ] : SHOW COLUMNS FROM qq_user u
SQL: SELECT u.user_id,u.style_name,u.user_name,u.logo,r.ps FROM qq_relation r LEFT JOIN qq_user u on r.user_id=u.user_id WHERE ( r.status=0 and r.friend_id=1 )  [ RunTime:0.000760s ]
INFO: [ view_parse ] --START--
INFO: ParseTemplate Behavior ::run [ RunTime:0.016491s ]
INFO: [ view_parse ] --END-- [ RunTime:0.016595s ]
INFO: [ view_filter ] --START--
INFO: ContentReplace Behavior ::run [ RunTime:0.000391s ]
INFO: TokenBuild Behavior ::run [ RunTime:0.000507s ]
INFO: WriteHtmlCache Behavior ::run [ RunTime:0.000281s ]
INFO: ShowRuntime Behavior ::run [ RunTime:0.000436s ]
INFO: [ view_filter ] --END-- [ RunTime:0.001821s ]
NOTIC: [8] Constant THEME_NAME already defined /data/home/qxu1591180029/htdocs/ThinkPHP/Lib/Core/View.class.php 第 223 行.
NOTIC: [8] Constant THEME_PATH already defined /data/home/qxu1591180029/htdocs/ThinkPHP/Lib/Core/View.class.php 第 171 行.
NOTIC: [8] Constant APP_TMPL_PATH already defined /data/home/qxu1591180029/htdocs/ThinkPHP/Lib/Core/View.class.php 第 172 行.
INFO: [ view_parse ] --START--
INFO: ParseTemplate Behavior ::run [ RunTime:0.005964s ]
INFO: [ view_parse ] --END-- [ RunTime:-0.002275s ]
INFO: [ view_filter ] --START--
INFO: ContentReplace Behavior ::run [ RunTime:0.000085s ]
INFO: TokenBuild Behavior ::run [ RunTime:0.000047s ]
INFO: WriteHtmlCache Behavior ::run [ RunTime:0.000009s ]
INFO: ShowRuntime Behavior ::run [ RunTime:0.000059s ]
INFO: [ view_filter ] --END-- [ RunTime:-0.006659s ]
INFO: [ view_end ] --START--
INFO: ShowPageTrace Behavior ::run [ RunTime:0.000633s ]
INFO: [ view_end ] --END-- [ RunTime:0.000693s ]

[ 2015-08-16T10:44:49+08:00 ] 101.226.33.228 /index.php/Index/Index/message
INFO: [ route_check ] --START--
INFO: CheckRoute Behavior ::run [ RunTime:0.000766s ]
INFO: [ route_check ] --END-- [ RunTime:0.000934s ]
INFO: [ app_begin ] --START--
INFO: ReadHtmlCache Behavior ::run [ RunTime:0.000526s ]
INFO: [ app_begin ] --END-- [ RunTime:0.000615s ]

[ 2015-08-16T10:44:49+08:00 ] 101.226.33.228 /index.php/Index/Login/index
INFO: [ route_check ] --START--
INFO: CheckRoute Behavior ::run [ RunTime:0.000882s ]
INFO: [ route_check ] --END-- [ RunTime:0.001054s ]
INFO: [ app_begin ] --START--
INFO: ReadHtmlCache Behavior ::run [ RunTime:0.000585s ]
INFO: [ app_begin ] --END-- [ RunTime:0.000799s ]
INFO: [ view_parse ] --START--
INFO: ParseTemplate Behavior ::run [ RunTime:0.008030s ]
INFO: [ view_parse ] --END-- [ RunTime:0.008142s ]
INFO: [ view_filter ] --START--
INFO: ContentReplace Behavior ::run [ RunTime:0.000404s ]
INFO: TokenBuild Behavior ::run [ RunTime:0.000367s ]
INFO: WriteHtmlCache Behavior ::run [ RunTime:0.000291s ]
INFO: ShowRuntime Behavior ::run [ RunTime:0.000458s ]
INFO: [ view_filter ] --END-- [ RunTime:0.001743s ]
INFO: [ view_end ] --START--
INFO: ShowPageTrace Behavior ::run [ RunTime:0.000595s ]
INFO: [ view_end ] --END-- [ RunTime:0.000664s ]

[ 2015-08-16T10:44:52+08:00 ] 58.62.252.30 /index.php/Index/Index/index
INFO: [ route_check ] --START--
INFO: CheckRoute Behavior ::run [ RunTime:0.001155s ]
INFO: [ route_check ] --END-- [ RunTime:0.001388s ]
INFO: [ app_begin ] --START--
INFO: ReadHtmlCache Behavior ::run [ RunTime:0.001067s ]
INFO: [ app_begin ] --END-- [ RunTime:0.001167s ]
SQL: SHOW COLUMNS FROM `qq_relation` [ RunTime:0.001070s ]
SQL: SHOW COLUMNS FROM qq_user u [ RunTime:0.000454s ]
ERR: 1064:You have an error in your SQL syntax; check the manual that corresponds to your MySQL server version for the right syntax to use near 'u' at line 1
 [ SQL语句 ] : SHOW COLUMNS FROM qq_user u
SQL: SHOW COLUMNS FROM qq_relation r [ RunTime:0.000509s ]
ERR: 1064:You have an error in your SQL syntax; check the manual that corresponds to your MySQL server version for the right syntax to use near 'r' at line 1
 [ SQL语句 ] : SHOW COLUMNS FROM qq_relation r
SQL: SELECT u.user_name,u.logo,u.style_name,r.friend_id,r.remark,r.group_name FROM qq_user u LEFT JOIN qq_relation r on u.user_id=r.friend_id WHERE ( r.user_id=1 AND status=1 AND (u.user_name like '%%' OR r.remark like '%%') )  [ RunTime:0.000875s ]
SQL: SHOW COLUMNS FROM `qq_user` [ RunTime:0.000866s ]
SQL: SHOW COLUMNS FROM `qq_user` [ RunTime:0.000840s ]
SQL: SELECT `user_name`,`style_name`,`logo` FROM `qq_user` WHERE ( user_id=1 ) LIMIT 1   [ RunTime:0.000470s ]
SQL: SHOW COLUMNS FROM `qq_relation` [ RunTime:0.000808s ]
SQL: SELECT count(*) num FROM `qq_relation` WHERE ( friend_id=1 and status=0 ) LIMIT 1   [ RunTime:0.000465s ]
INFO: [ view_parse ] --START--
INFO: ParseTemplate Behavior ::run [ RunTime:0.012108s ]
INFO: [ view_parse ] --END-- [ RunTime:0.012437s ]
INFO: [ view_filter ] --START--
INFO: ContentReplace Behavior ::run [ RunTime:0.000451s ]
INFO: TokenBuild Behavior ::run [ RunTime:0.000604s ]
INFO: WriteHtmlCache Behavior ::run [ RunTime:0.000304s ]
INFO: ShowRuntime Behavior ::run [ RunTime:0.000594s ]
INFO: [ view_filter ] --END-- [ RunTime:0.002147s ]
NOTIC: [8] Constant THEME_NAME already defined /data/home/qxu1591180029/htdocs/ThinkPHP/Lib/Core/View.class.php 第 223 行.
NOTIC: [8] Constant THEME_PATH already defined /data/home/qxu1591180029/htdocs/ThinkPHP/Lib/Core/View.class.php 第 171 行.
NOTIC: [8] Constant APP_TMPL_PATH already defined /data/home/qxu1591180029/htdocs/ThinkPHP/Lib/Core/View.class.php 第 172 行.
INFO: [ view_parse ] --START--
INFO: ParseTemplate Behavior ::run [ RunTime:0.005630s ]
INFO: [ view_parse ] --END-- [ RunTime:-0.002553s ]
INFO: [ view_filter ] --START--
INFO: ContentReplace Behavior ::run [ RunTime:0.000133s ]
INFO: TokenBuild Behavior ::run [ RunTime:0.000042s ]
INFO: WriteHtmlCache Behavior ::run [ RunTime:0.000010s ]
INFO: ShowRuntime Behavior ::run [ RunTime:0.000061s ]
INFO: [ view_filter ] --END-- [ RunTime:-0.006098s ]
INFO: [ view_end ] --START--
INFO: ShowPageTrace Behavior ::run [ RunTime:0.000658s ]
INFO: [ view_end ] --END-- [ RunTime:0.000764s ]

[ 2015-08-16T14:14:08+08:00 ] 218.241.98.203 /
INFO: [ app_begin ] --START--
INFO: ReadHtmlCache Behavior ::run [ RunTime:0.000559s ]
INFO: [ app_begin ] --END-- [ RunTime:0.000755s ]

[ 2015-08-16T14:14:08+08:00 ] 218.241.98.203 /index.php/Index/Login/index
INFO: [ route_check ] --START--
INFO: CheckRoute Behavior ::run [ RunTime:0.000791s ]
INFO: [ route_check ] --END-- [ RunTime:0.000962s ]
INFO: [ app_begin ] --START--
INFO: ReadHtmlCache Behavior ::run [ RunTime:0.000589s ]
INFO: [ app_begin ] --END-- [ RunTime:0.000663s ]
INFO: [ view_parse ] --START--
INFO: ParseTemplate Behavior ::run [ RunTime:0.007932s ]
INFO: [ view_parse ] --END-- [ RunTime:0.008011s ]
INFO: [ view_filter ] --START--
INFO: ContentReplace Behavior ::run [ RunTime:0.000385s ]
INFO: TokenBuild Behavior ::run [ RunTime:0.000383s ]
INFO: WriteHtmlCache Behavior ::run [ RunTime:0.000276s ]
INFO: ShowRuntime Behavior ::run [ RunTime:0.000474s ]
INFO: [ view_filter ] --END-- [ RunTime:0.001722s ]
INFO: [ view_end ] --START--
INFO: ShowPageTrace Behavior ::run [ RunTime:0.000595s ]
INFO: [ view_end ] --END-- [ RunTime:0.000658s ]

[ 2015-08-16T22:10:25+08:00 ] 58.62.252.3 /
INFO: [ app_begin ] --START--
INFO: ReadHtmlCache Behavior ::run [ RunTime:0.000550s ]
INFO: [ app_begin ] --END-- [ RunTime:0.000705s ]

[ 2015-08-16T22:10:25+08:00 ] 58.62.252.3 /index.php/Index/Login/index
INFO: [ route_check ] --START--
INFO: CheckRoute Behavior ::run [ RunTime:0.000860s ]
INFO: [ route_check ] --END-- [ RunTime:0.001054s ]
INFO: [ app_begin ] --START--
INFO: ReadHtmlCache Behavior ::run [ RunTime:0.000553s ]
INFO: [ app_begin ] --END-- [ RunTime:0.000646s ]
INFO: [ view_parse ] --START--
INFO: ParseTemplate Behavior ::run [ RunTime:0.007904s ]
INFO: [ view_parse ] --END-- [ RunTime:0.008001s ]
INFO: [ view_filter ] --START--
INFO: ContentReplace Behavior ::run [ RunTime:0.000357s ]
INFO: TokenBuild Behavior ::run [ RunTime:0.000376s ]
INFO: WriteHtmlCache Behavior ::run [ RunTime:0.000270s ]
INFO: ShowRuntime Behavior ::run [ RunTime:0.000428s ]
INFO: [ view_filter ] --END-- [ RunTime:0.001626s ]
INFO: [ view_end ] --START--
INFO: ShowPageTrace Behavior ::run [ RunTime:0.000586s ]
INFO: [ view_end ] --END-- [ RunTime:0.000706s ]

[ 2015-08-16T22:10:28+08:00 ] 58.62.252.3 /
INFO: [ app_begin ] --START--
INFO: ReadHtmlCache Behavior ::run [ RunTime:0.000752s ]
INFO: [ app_begin ] --END-- [ RunTime:0.000954s ]

[ 2015-08-16T22:10:28+08:00 ] 58.62.252.3 /index.php/Index/Login/index
INFO: [ route_check ] --START--
INFO: CheckRoute Behavior ::run [ RunTime:0.000826s ]
INFO: [ route_check ] --END-- [ RunTime:0.000978s ]
INFO: [ app_begin ] --START--
INFO: ReadHtmlCache Behavior ::run [ RunTime:0.000552s ]
INFO: [ app_begin ] --END-- [ RunTime:0.000623s ]
INFO: [ view_parse ] --START--
INFO: ParseTemplate Behavior ::run [ RunTime:0.008066s ]
INFO: [ view_parse ] --END-- [ RunTime:0.008160s ]
INFO: [ view_filter ] --START--
INFO: ContentReplace Behavior ::run [ RunTime:0.000503s ]
INFO: TokenBuild Behavior ::run [ RunTime:0.000345s ]
INFO: WriteHtmlCache Behavior ::run [ RunTime:0.000246s ]
INFO: ShowRuntime Behavior ::run [ RunTime:0.000430s ]
INFO: [ view_filter ] --END-- [ RunTime:0.001722s ]
INFO: [ view_end ] --START--
INFO: ShowPageTrace Behavior ::run [ RunTime:0.000531s ]
INFO: [ view_end ] --END-- [ RunTime:0.000595s ]

