[ 2015-08-20T14:40:16+08:00 ] 218.241.98.203 /
INFO: [ app_begin ] --START--
INFO: ReadHtmlCache Behavior ::run [ RunTime:0.000927s ]
INFO: [ app_begin ] --END-- [ RunTime:0.001190s ]

[ 2015-08-20T14:40:16+08:00 ] 218.241.98.203 /index.php/Index/Login/index
INFO: [ route_check ] --START--
INFO: CheckRoute Behavior ::run [ RunTime:0.001000s ]
INFO: [ route_check ] --END-- [ RunTime:0.001233s ]
INFO: [ app_begin ] --START--
INFO: ReadHtmlCache Behavior ::run [ RunTime:0.000840s ]
INFO: [ app_begin ] --END-- [ RunTime:0.000935s ]
INFO: [ view_parse ] --START--
INFO: ParseTemplate Behavior ::run [ RunTime:0.011633s ]
INFO: [ view_parse ] --END-- [ RunTime:0.011775s ]
INFO: [ view_filter ] --START--
INFO: ContentReplace Behavior ::run [ RunTime:0.000531s ]
INFO: TokenBuild Behavior ::run [ RunTime:0.000524s ]
INFO: WriteHtmlCache Behavior ::run [ RunTime:0.000385s ]
INFO: ShowRuntime Behavior ::run [ RunTime:0.000620s ]
INFO: [ view_filter ] --END-- [ RunTime:0.002352s ]
INFO: [ view_end ] --START--
INFO: ShowPageTrace Behavior ::run [ RunTime:0.000836s ]
INFO: [ view_end ] --END-- [ RunTime:0.000940s ]

