[ 2015-08-25T14:47:42+08:00 ] 218.241.98.203 /
INFO: [ app_begin ] --START--
INFO: ReadHtmlCache Behavior ::run [ RunTime:0.002266s ]
INFO: [ app_begin ] --END-- [ RunTime:0.002528s ]

[ 2015-08-25T14:47:42+08:00 ] 218.241.98.203 /index.php/Index/Login/index
INFO: [ route_check ] --START--
INFO: CheckRoute Behavior ::run [ RunTime:0.000869s ]
INFO: [ route_check ] --END-- [ RunTime:0.001047s ]
INFO: [ app_begin ] --START--
INFO: ReadHtmlCache Behavior ::run [ RunTime:0.000660s ]
INFO: [ app_begin ] --END-- [ RunTime:0.000751s ]
INFO: [ view_parse ] --START--
INFO: ParseTemplate Behavior ::run [ RunTime:0.014102s ]
INFO: [ view_parse ] --END-- [ RunTime:0.014208s ]
INFO: [ view_filter ] --START--
INFO: ContentReplace Behavior ::run [ RunTime:0.000499s ]
INFO: TokenBuild Behavior ::run [ RunTime:0.000414s ]
INFO: WriteHtmlCache Behavior ::run [ RunTime:0.000258s ]
INFO: ShowRuntime Behavior ::run [ RunTime:0.000519s ]
INFO: [ view_filter ] --END-- [ RunTime:0.001882s ]
INFO: [ view_end ] --START--
INFO: ShowPageTrace Behavior ::run [ RunTime:0.000830s ]
INFO: [ view_end ] --END-- [ RunTime:0.001109s ]

