[ 2015-08-29T14:00:23+08:00 ] 183.136.190.40 /
INFO: [ app_begin ] --START--
INFO: ReadHtmlCache Behavior ::run [ RunTime:0.000592s ]
INFO: [ app_begin ] --END-- [ RunTime:0.000782s ]

[ 2015-08-29T15:08:33+08:00 ] 58.62.254.0 /
INFO: [ app_begin ] --START--
INFO: ReadHtmlCache Behavior ::run [ RunTime:0.000505s ]
INFO: [ app_begin ] --END-- [ RunTime:0.000673s ]

[ 2015-08-29T15:08:33+08:00 ] 58.62.254.0 /index.php/Index/Login/index
INFO: [ route_check ] --START--
INFO: CheckRoute Behavior ::run [ RunTime:0.000798s ]
INFO: [ route_check ] --END-- [ RunTime:0.000994s ]
INFO: [ app_begin ] --START--
INFO: ReadHtmlCache Behavior ::run [ RunTime:0.000564s ]
INFO: [ app_begin ] --END-- [ RunTime:0.000640s ]
INFO: [ view_parse ] --START--
INFO: ParseTemplate Behavior ::run [ RunTime:0.008685s ]
INFO: [ view_parse ] --END-- [ RunTime:0.008794s ]
INFO: [ view_filter ] --START--
INFO: ContentReplace Behavior ::run [ RunTime:0.000408s ]
INFO: TokenBuild Behavior ::run [ RunTime:0.000368s ]
INFO: WriteHtmlCache Behavior ::run [ RunTime:0.000341s ]
INFO: ShowRuntime Behavior ::run [ RunTime:0.000449s ]
INFO: [ view_filter ] --END-- [ RunTime:0.001762s ]
INFO: [ view_end ] --START--
INFO: ShowPageTrace Behavior ::run [ RunTime:0.000667s ]
INFO: [ view_end ] --END-- [ RunTime:0.000744s ]

[ 2015-08-29T15:08:34+08:00 ] 58.62.254.0 /
INFO: [ app_begin ] --START--
INFO: ReadHtmlCache Behavior ::run [ RunTime:0.000574s ]
INFO: [ app_begin ] --END-- [ RunTime:0.000765s ]

[ 2015-08-29T15:08:34+08:00 ] 58.62.254.0 /index.php/Index/Login/index
INFO: [ route_check ] --START--
INFO: CheckRoute Behavior ::run [ RunTime:0.001116s ]
INFO: [ route_check ] --END-- [ RunTime:0.001351s ]
INFO: [ app_begin ] --START--
INFO: ReadHtmlCache Behavior ::run [ RunTime:0.000944s ]
INFO: [ app_begin ] --END-- [ RunTime:0.001069s ]
INFO: [ view_parse ] --START--
INFO: ParseTemplate Behavior ::run [ RunTime:0.008901s ]
INFO: [ view_parse ] --END-- [ RunTime:0.009003s ]
INFO: [ view_filter ] --START--
INFO: ContentReplace Behavior ::run [ RunTime:0.000400s ]
INFO: TokenBuild Behavior ::run [ RunTime:0.000378s ]
INFO: WriteHtmlCache Behavior ::run [ RunTime:0.000263s ]
INFO: ShowRuntime Behavior ::run [ RunTime:0.000446s ]
INFO: [ view_filter ] --END-- [ RunTime:0.001681s ]
INFO: [ view_end ] --START--
INFO: ShowPageTrace Behavior ::run [ RunTime:0.000603s ]
INFO: [ view_end ] --END-- [ RunTime:0.000667s ]

[ 2015-08-29T17:12:30+08:00 ] 218.241.98.202 /
INFO: [ app_begin ] --START--
INFO: ReadHtmlCache Behavior ::run [ RunTime:0.000519s ]
INFO: [ app_begin ] --END-- [ RunTime:0.000675s ]

[ 2015-08-29T17:12:30+08:00 ] 218.241.98.202 /index.php/Index/Login/index
INFO: [ route_check ] --START--
INFO: CheckRoute Behavior ::run [ RunTime:0.001146s ]
INFO: [ route_check ] --END-- [ RunTime:0.001418s ]
INFO: [ app_begin ] --START--
INFO: ReadHtmlCache Behavior ::run [ RunTime:0.000819s ]
INFO: [ app_begin ] --END-- [ RunTime:0.000942s ]
INFO: [ view_parse ] --START--
INFO: ParseTemplate Behavior ::run [ RunTime:0.009966s ]
INFO: [ view_parse ] --END-- [ RunTime:0.010106s ]
INFO: [ view_filter ] --START--
INFO: ContentReplace Behavior ::run [ RunTime:0.000406s ]
INFO: TokenBuild Behavior ::run [ RunTime:0.000369s ]
INFO: WriteHtmlCache Behavior ::run [ RunTime:0.000267s ]
INFO: ShowRuntime Behavior ::run [ RunTime:0.000445s ]
INFO: [ view_filter ] --END-- [ RunTime:0.001689s ]
INFO: [ view_end ] --START--
INFO: ShowPageTrace Behavior ::run [ RunTime:0.000619s ]
INFO: [ view_end ] --END-- [ RunTime:0.000684s ]

