[ 2015-11-13T01:47:22+08:00 ] 218.241.98.202 /
INFO: [ app_begin ] --START--
INFO: ReadHtmlCache Behavior ::run [ RunTime:0.012147s ]
INFO: [ app_begin ] --END-- [ RunTime:0.012400s ]

[ 2015-11-13T01:47:22+08:00 ] 218.241.98.202 /index.php/Index/Login/index
INFO: [ route_check ] --START--
INFO: CheckRoute Behavior ::run [ RunTime:0.002749s ]
INFO: [ route_check ] --END-- [ RunTime:0.002968s ]
INFO: [ app_begin ] --START--
INFO: ReadHtmlCache Behavior ::run [ RunTime:0.000656s ]
INFO: [ app_begin ] --END-- [ RunTime:0.000748s ]
INFO: [ view_parse ] --START--
INFO: ParseTemplate Behavior ::run [ RunTime:0.045419s ]
INFO: [ view_parse ] --END-- [ RunTime:0.045546s ]
INFO: [ view_filter ] --START--
INFO: ContentReplace Behavior ::run [ RunTime:0.002113s ]
INFO: TokenBuild Behavior ::run [ RunTime:0.015078s ]
INFO: WriteHtmlCache Behavior ::run [ RunTime:0.001699s ]
INFO: ShowRuntime Behavior ::run [ RunTime:0.002727s ]
INFO: [ view_filter ] --END-- [ RunTime:0.021970s ]
INFO: [ view_end ] --START--
INFO: ShowPageTrace Behavior ::run [ RunTime:0.006186s ]
INFO: [ view_end ] --END-- [ RunTime:0.006281s ]

[ 2015-11-13T05:53:30+08:00 ] 66.249.73.219 /
INFO: [ app_begin ] --START--
INFO: ReadHtmlCache Behavior ::run [ RunTime:0.000527s ]
INFO: [ app_begin ] --END-- [ RunTime:0.000717s ]

[ 2015-11-13T05:53:31+08:00 ] 66.249.73.203 /index.php/Index/Login/index
INFO: [ route_check ] --START--
INFO: CheckRoute Behavior ::run [ RunTime:0.000879s ]
INFO: [ route_check ] --END-- [ RunTime:0.001072s ]
INFO: [ app_begin ] --START--
INFO: ReadHtmlCache Behavior ::run [ RunTime:0.000617s ]
INFO: [ app_begin ] --END-- [ RunTime:0.000695s ]
INFO: [ view_parse ] --START--
INFO: ParseTemplate Behavior ::run [ RunTime:0.010386s ]
INFO: [ view_parse ] --END-- [ RunTime:0.010502s ]
INFO: [ view_filter ] --START--
INFO: ContentReplace Behavior ::run [ RunTime:0.000382s ]
INFO: TokenBuild Behavior ::run [ RunTime:0.000517s ]
INFO: WriteHtmlCache Behavior ::run [ RunTime:0.000322s ]
INFO: ShowRuntime Behavior ::run [ RunTime:0.000779s ]
INFO: [ view_filter ] --END-- [ RunTime:0.002276s ]
INFO: [ view_end ] --START--
INFO: ShowPageTrace Behavior ::run [ RunTime:0.000810s ]
INFO: [ view_end ] --END-- [ RunTime:0.000919s ]

[ 2015-11-13T09:40:53+08:00 ] 183.48.87.240 /
INFO: [ app_begin ] --START--
INFO: ReadHtmlCache Behavior ::run [ RunTime:0.000575s ]
INFO: [ app_begin ] --END-- [ RunTime:0.000724s ]

[ 2015-11-13T09:40:53+08:00 ] 183.48.87.240 /index.php/Index/Login/index
INFO: [ route_check ] --START--
INFO: CheckRoute Behavior ::run [ RunTime:0.000790s ]
INFO: [ route_check ] --END-- [ RunTime:0.000980s ]
INFO: [ app_begin ] --START--
INFO: ReadHtmlCache Behavior ::run [ RunTime:0.000666s ]
INFO: [ app_begin ] --END-- [ RunTime:0.000762s ]
INFO: [ view_parse ] --START--
INFO: ParseTemplate Behavior ::run [ RunTime:0.010114s ]
INFO: [ view_parse ] --END-- [ RunTime:0.010221s ]
INFO: [ view_filter ] --START--
INFO: ContentReplace Behavior ::run [ RunTime:0.000370s ]
INFO: TokenBuild Behavior ::run [ RunTime:0.000377s ]
INFO: WriteHtmlCache Behavior ::run [ RunTime:0.000279s ]
INFO: ShowRuntime Behavior ::run [ RunTime:0.000416s ]
INFO: [ view_filter ] --END-- [ RunTime:0.001631s ]
INFO: [ view_end ] --START--
INFO: ShowPageTrace Behavior ::run [ RunTime:0.000728s ]
INFO: [ view_end ] --END-- [ RunTime:0.000822s ]

[ 2015-11-13T09:41:02+08:00 ] 183.48.87.240 /
INFO: [ app_begin ] --START--
INFO: ReadHtmlCache Behavior ::run [ RunTime:0.000763s ]
INFO: [ app_begin ] --END-- [ RunTime:0.001061s ]

[ 2015-11-13T09:41:02+08:00 ] 183.48.87.240 /index.php/Index/Login/index
INFO: [ route_check ] --START--
INFO: CheckRoute Behavior ::run [ RunTime:0.001043s ]
INFO: [ route_check ] --END-- [ RunTime:0.001306s ]
INFO: [ app_begin ] --START--
INFO: ReadHtmlCache Behavior ::run [ RunTime:0.000797s ]
INFO: [ app_begin ] --END-- [ RunTime:0.000895s ]
INFO: [ view_parse ] --START--
INFO: ParseTemplate Behavior ::run [ RunTime:0.010233s ]
INFO: [ view_parse ] --END-- [ RunTime:0.010380s ]
INFO: [ view_filter ] --START--
INFO: ContentReplace Behavior ::run [ RunTime:0.000542s ]
INFO: TokenBuild Behavior ::run [ RunTime:0.000545s ]
INFO: WriteHtmlCache Behavior ::run [ RunTime:0.000391s ]
INFO: ShowRuntime Behavior ::run [ RunTime:0.000648s ]
INFO: [ view_filter ] --END-- [ RunTime:0.002426s ]
INFO: [ view_end ] --START--
INFO: ShowPageTrace Behavior ::run [ RunTime:0.000709s ]
INFO: [ view_end ] --END-- [ RunTime:0.000798s ]

[ 2015-11-13T13:57:56+08:00 ] 183.136.190.62 /
INFO: [ app_begin ] --START--
INFO: ReadHtmlCache Behavior ::run [ RunTime:0.000586s ]
INFO: [ app_begin ] --END-- [ RunTime:0.000796s ]

