[ 2015-12-04T04:29:12+08:00 ] 183.136.190.62 /
INFO: [ app_begin ] --START--
INFO: ReadHtmlCache Behavior ::run [ RunTime:0.000559s ]
INFO: [ app_begin ] --END-- [ RunTime:0.000772s ]

[ 2015-12-04T06:16:09+08:00 ] 66.249.74.63 /
INFO: [ app_begin ] --START--
INFO: ReadHtmlCache Behavior ::run [ RunTime:0.000604s ]
INFO: [ app_begin ] --END-- [ RunTime:0.000828s ]

[ 2015-12-04T06:16:12+08:00 ] 66.249.74.61 /index.php/Index/Login/index
INFO: [ route_check ] --START--
INFO: CheckRoute Behavior ::run [ RunTime:0.013195s ]
INFO: [ route_check ] --END-- [ RunTime:0.013384s ]
INFO: [ app_begin ] --START--
INFO: ReadHtmlCache Behavior ::run [ RunTime:0.000584s ]
INFO: [ app_begin ] --END-- [ RunTime:0.000658s ]
INFO: [ view_parse ] --START--
INFO: ParseTemplate Behavior ::run [ RunTime:0.221672s ]
INFO: [ view_parse ] --END-- [ RunTime:0.221834s ]
INFO: [ view_filter ] --START--
INFO: ContentReplace Behavior ::run [ RunTime:0.001868s ]
INFO: TokenBuild Behavior ::run [ RunTime:0.016398s ]
INFO: WriteHtmlCache Behavior ::run [ RunTime:0.002058s ]
INFO: ShowRuntime Behavior ::run [ RunTime:0.006733s ]
INFO: [ view_filter ] --END-- [ RunTime:0.027454s ]
INFO: [ view_end ] --START--
INFO: ShowPageTrace Behavior ::run [ RunTime:0.048061s ]
INFO: [ view_end ] --END-- [ RunTime:0.048186s ]

[ 2015-12-04T09:40:29+08:00 ] 183.48.87.11 /
INFO: [ app_begin ] --START--
INFO: ReadHtmlCache Behavior ::run [ RunTime:0.000579s ]
INFO: [ app_begin ] --END-- [ RunTime:0.000739s ]
SQL: SHOW COLUMNS FROM `qq_relation` [ RunTime:0.001210s ]
SQL: SHOW COLUMNS FROM qq_user u [ RunTime:0.000480s ]
ERR: 1064:You have an error in your SQL syntax; check the manual that corresponds to your MySQL server version for the right syntax to use near 'u' at line 1
 [ SQL语句 ] : SHOW COLUMNS FROM qq_user u
SQL: SHOW COLUMNS FROM qq_relation r [ RunTime:0.000467s ]
ERR: 1064:You have an error in your SQL syntax; check the manual that corresponds to your MySQL server version for the right syntax to use near 'r' at line 1
 [ SQL语句 ] : SHOW COLUMNS FROM qq_relation r
SQL: SELECT u.user_name,u.logo,u.style_name,r.friend_id,r.remark,r.group_name FROM qq_user u LEFT JOIN qq_relation r on u.user_id=r.friend_id WHERE ( r.user_id=29 AND status=1 AND (u.user_name like '%%' OR r.remark like '%%') )  [ RunTime:0.000839s ]
SQL: SHOW COLUMNS FROM `qq_user` [ RunTime:0.000964s ]
SQL: SHOW COLUMNS FROM `qq_user` [ RunTime:0.000878s ]
SQL: SELECT `user_name`,`style_name`,`logo` FROM `qq_user` WHERE ( user_id=29 ) LIMIT 1   [ RunTime:0.000572s ]
SQL: SHOW COLUMNS FROM `qq_relation` [ RunTime:0.000826s ]
SQL: SELECT count(*) num FROM `qq_relation` WHERE ( friend_id=29 and status=0 ) LIMIT 1   [ RunTime:0.000567s ]
INFO: [ view_parse ] --START--
INFO: ParseTemplate Behavior ::run [ RunTime:0.031099s ]
INFO: [ view_parse ] --END-- [ RunTime:0.031280s ]
INFO: [ view_filter ] --START--
INFO: ContentReplace Behavior ::run [ RunTime:0.000440s ]
INFO: TokenBuild Behavior ::run [ RunTime:0.000373s ]
INFO: WriteHtmlCache Behavior ::run [ RunTime:0.000279s ]
INFO: ShowRuntime Behavior ::run [ RunTime:0.000441s ]
INFO: [ view_filter ] --END-- [ RunTime:0.001739s ]
NOTIC: [8] Constant THEME_NAME already defined /data/home/qxu1591180029/htdocs/ThinkPHP/Lib/Core/View.class.php 第 223 行.
NOTIC: [8] Constant THEME_PATH already defined /data/home/qxu1591180029/htdocs/ThinkPHP/Lib/Core/View.class.php 第 171 行.
NOTIC: [8] Constant APP_TMPL_PATH already defined /data/home/qxu1591180029/htdocs/ThinkPHP/Lib/Core/View.class.php 第 172 行.
INFO: [ view_parse ] --START--
INFO: ParseTemplate Behavior ::run [ RunTime:0.025197s ]
INFO: [ view_parse ] --END-- [ RunTime:-0.002150s ]
INFO: [ view_filter ] --START--
INFO: ContentReplace Behavior ::run [ RunTime:0.000138s ]
INFO: TokenBuild Behavior ::run [ RunTime:0.000051s ]
INFO: WriteHtmlCache Behavior ::run [ RunTime:0.000016s ]
INFO: ShowRuntime Behavior ::run [ RunTime:0.000085s ]
INFO: [ view_filter ] --END-- [ RunTime:-0.025755s ]
INFO: [ view_end ] --START--
INFO: ShowPageTrace Behavior ::run [ RunTime:0.000834s ]
INFO: [ view_end ] --END-- [ RunTime:0.000926s ]

[ 2015-12-04T20:32:07+08:00 ] 183.136.190.62 /
INFO: [ app_begin ] --START--
INFO: ReadHtmlCache Behavior ::run [ RunTime:0.000730s ]
INFO: [ app_begin ] --END-- [ RunTime:0.000922s ]

[ 2015-12-04T23:42:47+08:00 ] 66.249.74.63 /
INFO: [ app_begin ] --START--
INFO: ReadHtmlCache Behavior ::run [ RunTime:0.000690s ]
INFO: [ app_begin ] --END-- [ RunTime:0.000921s ]

[ 2015-12-04T23:42:48+08:00 ] 66.249.74.61 /index.php/Index/Login/index
INFO: [ route_check ] --START--
INFO: CheckRoute Behavior ::run [ RunTime:0.000765s ]
INFO: [ route_check ] --END-- [ RunTime:0.000921s ]
INFO: [ app_begin ] --START--
INFO: ReadHtmlCache Behavior ::run [ RunTime:0.000583s ]
INFO: [ app_begin ] --END-- [ RunTime:0.000656s ]
INFO: [ view_parse ] --START--
INFO: ParseTemplate Behavior ::run [ RunTime:0.009312s ]
INFO: [ view_parse ] --END-- [ RunTime:0.009425s ]
INFO: [ view_filter ] --START--
INFO: ContentReplace Behavior ::run [ RunTime:0.000591s ]
INFO: TokenBuild Behavior ::run [ RunTime:0.000504s ]
INFO: WriteHtmlCache Behavior ::run [ RunTime:0.000391s ]
INFO: ShowRuntime Behavior ::run [ RunTime:0.000620s ]
INFO: [ view_filter ] --END-- [ RunTime:0.002452s ]
INFO: [ view_end ] --START--
INFO: ShowPageTrace Behavior ::run [ RunTime:0.000694s ]
INFO: [ view_end ] --END-- [ RunTime:0.000809s ]

