[ 2015-11-26T05:02:57+08:00 ] 183.136.190.62 /
INFO: [ app_begin ] --START--
INFO: ReadHtmlCache Behavior ::run [ RunTime:0.000597s ]
INFO: [ app_begin ] --END-- [ RunTime:0.000803s ]

[ 2015-11-26T05:36:28+08:00 ] 216.145.11.94 /
INFO: [ app_begin ] --START--
INFO: ReadHtmlCache Behavior ::run [ RunTime:0.000633s ]
INFO: [ app_begin ] --END-- [ RunTime:0.000804s ]

[ 2015-11-26T05:36:28+08:00 ] 216.145.11.94 /index.php/Index/Login/index
INFO: [ route_check ] --START--
INFO: CheckRoute Behavior ::run [ RunTime:0.001006s ]
INFO: [ route_check ] --END-- [ RunTime:0.001219s ]
INFO: [ app_begin ] --START--
INFO: ReadHtmlCache Behavior ::run [ RunTime:0.000621s ]
INFO: [ app_begin ] --END-- [ RunTime:0.000696s ]
INFO: [ view_parse ] --START--
INFO: ParseTemplate Behavior ::run [ RunTime:0.007859s ]
INFO: [ view_parse ] --END-- [ RunTime:0.007939s ]
INFO: [ view_filter ] --START--
INFO: ContentReplace Behavior ::run [ RunTime:0.000392s ]
INFO: TokenBuild Behavior ::run [ RunTime:0.000354s ]
INFO: WriteHtmlCache Behavior ::run [ RunTime:0.000253s ]
INFO: ShowRuntime Behavior ::run [ RunTime:0.000509s ]
INFO: [ view_filter ] --END-- [ RunTime:0.001694s ]
INFO: [ view_end ] --START--
INFO: ShowPageTrace Behavior ::run [ RunTime:0.000588s ]
INFO: [ view_end ] --END-- [ RunTime:0.000651s ]

[ 2015-11-26T16:00:21+08:00 ] 183.136.190.40 /
INFO: [ app_begin ] --START--
INFO: ReadHtmlCache Behavior ::run [ RunTime:0.000557s ]
INFO: [ app_begin ] --END-- [ RunTime:0.000731s ]

[ 2015-11-26T17:43:34+08:00 ] 183.136.190.62 /
INFO: [ app_begin ] --START--
INFO: ReadHtmlCache Behavior ::run [ RunTime:0.000569s ]
INFO: [ app_begin ] --END-- [ RunTime:0.000726s ]

[ 2015-11-26T18:02:40+08:00 ] 183.48.87.64 /
INFO: [ app_begin ] --START--
INFO: ReadHtmlCache Behavior ::run [ RunTime:0.000580s ]
INFO: [ app_begin ] --END-- [ RunTime:0.000766s ]

[ 2015-11-26T18:02:40+08:00 ] 183.48.87.64 /index.php/Index/Login/index
INFO: [ route_check ] --START--
INFO: CheckRoute Behavior ::run [ RunTime:0.000835s ]
INFO: [ route_check ] --END-- [ RunTime:0.001030s ]
INFO: [ app_begin ] --START--
INFO: ReadHtmlCache Behavior ::run [ RunTime:0.000571s ]
INFO: [ app_begin ] --END-- [ RunTime:0.000646s ]
INFO: [ view_parse ] --START--
INFO: ParseTemplate Behavior ::run [ RunTime:0.009751s ]
INFO: [ view_parse ] --END-- [ RunTime:0.009875s ]
INFO: [ view_filter ] --START--
INFO: ContentReplace Behavior ::run [ RunTime:0.000382s ]
INFO: TokenBuild Behavior ::run [ RunTime:0.000407s ]
INFO: WriteHtmlCache Behavior ::run [ RunTime:0.000276s ]
INFO: ShowRuntime Behavior ::run [ RunTime:0.000462s ]
INFO: [ view_filter ] --END-- [ RunTime:0.001760s ]
INFO: [ view_end ] --START--
INFO: ShowPageTrace Behavior ::run [ RunTime:0.000611s ]
INFO: [ view_end ] --END-- [ RunTime:0.000684s ]

[ 2015-11-26T18:02:45+08:00 ] 183.48.87.64 /index.php/Index/Login/runLogin
INFO: [ route_check ] --START--
INFO: CheckRoute Behavior ::run [ RunTime:0.000932s ]
INFO: [ route_check ] --END-- [ RunTime:0.001124s ]
INFO: [ app_begin ] --START--
INFO: ReadHtmlCache Behavior ::run [ RunTime:0.000684s ]
INFO: [ app_begin ] --END-- [ RunTime:0.000774s ]
SQL: SHOW COLUMNS FROM `qq_user` [ RunTime:0.059244s ]
SQL: SELECT * FROM `qq_user` WHERE ( `user_name` = '' ) AND ( `password` = 'd41d8cd98f00b204e9800998ecf8427e' ) LIMIT 1   [ RunTime:0.005015s ]
INFO: [ view_parse ] --START--
INFO: ParseTemplate Behavior ::run [ RunTime:0.035834s ]
INFO: [ view_parse ] --END-- [ RunTime:0.035999s ]
INFO: [ view_filter ] --START--
INFO: ContentReplace Behavior ::run [ RunTime:0.000640s ]
INFO: TokenBuild Behavior ::run [ RunTime:0.000434s ]
INFO: WriteHtmlCache Behavior ::run [ RunTime:0.000336s ]
INFO: ShowRuntime Behavior ::run [ RunTime:0.000459s ]
INFO: [ view_filter ] --END-- [ RunTime:0.002132s ]
INFO: [ view_end ] --START--
INFO: ShowPageTrace Behavior ::run [ RunTime:0.000618s ]
INFO: [ view_end ] --END-- [ RunTime:0.000686s ]

[ 2015-11-26T18:03:01+08:00 ] 183.48.87.64 /index.php/Index/Login/runLogin
INFO: [ route_check ] --START--
INFO: CheckRoute Behavior ::run [ RunTime:0.001186s ]
INFO: [ route_check ] --END-- [ RunTime:0.001405s ]
INFO: [ app_begin ] --START--
INFO: ReadHtmlCache Behavior ::run [ RunTime:0.000776s ]
INFO: [ app_begin ] --END-- [ RunTime:0.000852s ]
SQL: SHOW COLUMNS FROM `qq_user` [ RunTime:0.001238s ]
SQL: SELECT * FROM `qq_user` WHERE ( `user_name` = '123321' ) AND ( `password` = '150920ccedc34d24031cdd3711e43310' ) LIMIT 1   [ RunTime:0.000697s ]
INFO: [ view_parse ] --START--
INFO: ParseTemplate Behavior ::run [ RunTime:0.028353s ]
INFO: [ view_parse ] --END-- [ RunTime:0.028540s ]
INFO: [ view_filter ] --START--
INFO: ContentReplace Behavior ::run [ RunTime:0.000704s ]
INFO: TokenBuild Behavior ::run [ RunTime:0.000567s ]
INFO: WriteHtmlCache Behavior ::run [ RunTime:0.000432s ]
INFO: ShowRuntime Behavior ::run [ RunTime:0.000678s ]
INFO: [ view_filter ] --END-- [ RunTime:0.002671s ]
INFO: [ view_end ] --START--
INFO: ShowPageTrace Behavior ::run [ RunTime:0.000757s ]
INFO: [ view_end ] --END-- [ RunTime:0.000840s ]

[ 2015-11-26T18:03:25+08:00 ] 183.48.87.64 /
INFO: [ app_begin ] --START--
INFO: ReadHtmlCache Behavior ::run [ RunTime:0.000581s ]
INFO: [ app_begin ] --END-- [ RunTime:0.000754s ]

[ 2015-11-26T18:03:25+08:00 ] 183.48.87.64 /index.php/Index/Login/index
INFO: [ route_check ] --START--
INFO: CheckRoute Behavior ::run [ RunTime:0.000850s ]
INFO: [ route_check ] --END-- [ RunTime:0.001034s ]
INFO: [ app_begin ] --START--
INFO: ReadHtmlCache Behavior ::run [ RunTime:0.000609s ]
INFO: [ app_begin ] --END-- [ RunTime:0.000687s ]
INFO: [ view_parse ] --START--
INFO: ParseTemplate Behavior ::run [ RunTime:0.008319s ]
INFO: [ view_parse ] --END-- [ RunTime:0.008429s ]
INFO: [ view_filter ] --START--
INFO: ContentReplace Behavior ::run [ RunTime:0.000628s ]
INFO: TokenBuild Behavior ::run [ RunTime:0.000610s ]
INFO: WriteHtmlCache Behavior ::run [ RunTime:0.000274s ]
INFO: ShowRuntime Behavior ::run [ RunTime:0.000566s ]
INFO: [ view_filter ] --END-- [ RunTime:0.002429s ]
INFO: [ view_end ] --START--
INFO: ShowPageTrace Behavior ::run [ RunTime:0.000926s ]
INFO: [ view_end ] --END-- [ RunTime:0.001017s ]

[ 2015-11-26T18:04:39+08:00 ] 183.48.87.64 /
INFO: [ app_begin ] --START--
INFO: ReadHtmlCache Behavior ::run [ RunTime:0.000576s ]
INFO: [ app_begin ] --END-- [ RunTime:0.000740s ]

[ 2015-11-26T18:04:39+08:00 ] 183.48.87.64 /index.php/Index/Login/index
INFO: [ route_check ] --START--
INFO: CheckRoute Behavior ::run [ RunTime:0.000794s ]
INFO: [ route_check ] --END-- [ RunTime:0.000953s ]
INFO: [ app_begin ] --START--
INFO: ReadHtmlCache Behavior ::run [ RunTime:0.000545s ]
INFO: [ app_begin ] --END-- [ RunTime:0.000621s ]
INFO: [ view_parse ] --START--
INFO: ParseTemplate Behavior ::run [ RunTime:0.024557s ]
INFO: [ view_parse ] --END-- [ RunTime:0.024720s ]
INFO: [ view_filter ] --START--
INFO: ContentReplace Behavior ::run [ RunTime:0.000438s ]
INFO: TokenBuild Behavior ::run [ RunTime:0.000386s ]
INFO: WriteHtmlCache Behavior ::run [ RunTime:0.000289s ]
INFO: ShowRuntime Behavior ::run [ RunTime:0.000450s ]
INFO: [ view_filter ] --END-- [ RunTime:0.001775s ]
INFO: [ view_end ] --START--
INFO: ShowPageTrace Behavior ::run [ RunTime:0.000591s ]
INFO: [ view_end ] --END-- [ RunTime:0.000662s ]

[ 2015-11-26T18:04:43+08:00 ] 183.48.87.64 /index.php/Index/Login/index
INFO: [ route_check ] --START--
INFO: CheckRoute Behavior ::run [ RunTime:0.000843s ]
INFO: [ route_check ] --END-- [ RunTime:0.001077s ]
INFO: [ app_begin ] --START--
INFO: ReadHtmlCache Behavior ::run [ RunTime:0.000784s ]
INFO: [ app_begin ] --END-- [ RunTime:0.000886s ]
INFO: [ view_parse ] --START--
INFO: ParseTemplate Behavior ::run [ RunTime:0.028858s ]
INFO: [ view_parse ] --END-- [ RunTime:0.029038s ]
INFO: [ view_filter ] --START--
INFO: ContentReplace Behavior ::run [ RunTime:0.000467s ]
INFO: TokenBuild Behavior ::run [ RunTime:0.000448s ]
INFO: WriteHtmlCache Behavior ::run [ RunTime:0.000268s ]
INFO: ShowRuntime Behavior ::run [ RunTime:0.000683s ]
INFO: [ view_filter ] --END-- [ RunTime:0.002117s ]
INFO: [ view_end ] --START--
INFO: ShowPageTrace Behavior ::run [ RunTime:0.000652s ]
INFO: [ view_end ] --END-- [ RunTime:0.000743s ]

[ 2015-11-26T19:57:52+08:00 ] 66.249.74.61 /
INFO: [ app_begin ] --START--
INFO: ReadHtmlCache Behavior ::run [ RunTime:0.000668s ]
INFO: [ app_begin ] --END-- [ RunTime:0.000827s ]

[ 2015-11-26T19:57:53+08:00 ] 66.249.74.61 /index.php/Index/Login/index
INFO: [ route_check ] --START--
INFO: CheckRoute Behavior ::run [ RunTime:0.000794s ]
INFO: [ route_check ] --END-- [ RunTime:0.000945s ]
INFO: [ app_begin ] --START--
INFO: ReadHtmlCache Behavior ::run [ RunTime:0.000637s ]
INFO: [ app_begin ] --END-- [ RunTime:0.000752s ]
INFO: [ view_parse ] --START--
INFO: ParseTemplate Behavior ::run [ RunTime:0.010103s ]
INFO: [ view_parse ] --END-- [ RunTime:0.010207s ]
INFO: [ view_filter ] --START--
INFO: ContentReplace Behavior ::run [ RunTime:0.000382s ]
INFO: TokenBuild Behavior ::run [ RunTime:0.000419s ]
INFO: WriteHtmlCache Behavior ::run [ RunTime:0.000281s ]
INFO: ShowRuntime Behavior ::run [ RunTime:0.000444s ]
INFO: [ view_filter ] --END-- [ RunTime:0.001742s ]
INFO: [ view_end ] --START--
INFO: ShowPageTrace Behavior ::run [ RunTime:0.000620s ]
INFO: [ view_end ] --END-- [ RunTime:0.000692s ]

