[ 2015-11-19T03:15:05+08:00 ] 121.42.0.35 /
INFO: [ app_begin ] --START--
INFO: ReadHtmlCache Behavior ::run [ RunTime:0.000559s ]
INFO: [ app_begin ] --END-- [ RunTime:0.000727s ]

[ 2015-11-19T03:22:36+08:00 ] 121.42.0.34 /
INFO: [ app_begin ] --START--
INFO: ReadHtmlCache Behavior ::run [ RunTime:0.000555s ]
INFO: [ app_begin ] --END-- [ RunTime:0.000713s ]

[ 2015-11-19T05:53:41+08:00 ] 66.249.66.95 /
INFO: [ app_begin ] --START--
INFO: ReadHtmlCache Behavior ::run [ RunTime:0.000531s ]
INFO: [ app_begin ] --END-- [ RunTime:0.000698s ]

[ 2015-11-19T05:53:42+08:00 ] 66.249.66.93 /index.php/Index/Login/index
INFO: [ route_check ] --START--
INFO: CheckRoute Behavior ::run [ RunTime:0.000856s ]
INFO: [ route_check ] --END-- [ RunTime:0.001046s ]
INFO: [ app_begin ] --START--
INFO: ReadHtmlCache Behavior ::run [ RunTime:0.000547s ]
INFO: [ app_begin ] --END-- [ RunTime:0.000627s ]
INFO: [ view_parse ] --START--
INFO: ParseTemplate Behavior ::run [ RunTime:0.008343s ]
INFO: [ view_parse ] --END-- [ RunTime:0.008462s ]
INFO: [ view_filter ] --START--
INFO: ContentReplace Behavior ::run [ RunTime:0.000398s ]
INFO: TokenBuild Behavior ::run [ RunTime:0.000486s ]
INFO: WriteHtmlCache Behavior ::run [ RunTime:0.000278s ]
INFO: ShowRuntime Behavior ::run [ RunTime:0.000434s ]
INFO: [ view_filter ] --END-- [ RunTime:0.001841s ]
INFO: [ view_end ] --START--
INFO: ShowPageTrace Behavior ::run [ RunTime:0.000569s ]
INFO: [ view_end ] --END-- [ RunTime:0.000638s ]

[ 2015-11-19T21:40:46+08:00 ] 66.249.66.93 /
INFO: [ app_begin ] --START--
INFO: ReadHtmlCache Behavior ::run [ RunTime:0.000549s ]
INFO: [ app_begin ] --END-- [ RunTime:0.000714s ]

[ 2015-11-19T21:40:46+08:00 ] 66.249.66.93 /index.php/Index/Login/index
INFO: [ route_check ] --START--
INFO: CheckRoute Behavior ::run [ RunTime:0.000781s ]
INFO: [ route_check ] --END-- [ RunTime:0.000948s ]
INFO: [ app_begin ] --START--
INFO: ReadHtmlCache Behavior ::run [ RunTime:0.000549s ]
INFO: [ app_begin ] --END-- [ RunTime:0.000620s ]
INFO: [ view_parse ] --START--
INFO: ParseTemplate Behavior ::run [ RunTime:0.008023s ]
INFO: [ view_parse ] --END-- [ RunTime:0.008118s ]
INFO: [ view_filter ] --START--
INFO: ContentReplace Behavior ::run [ RunTime:0.000373s ]
INFO: TokenBuild Behavior ::run [ RunTime:0.000378s ]
INFO: WriteHtmlCache Behavior ::run [ RunTime:0.000306s ]
INFO: ShowRuntime Behavior ::run [ RunTime:0.000445s ]
INFO: [ view_filter ] --END-- [ RunTime:0.001709s ]
INFO: [ view_end ] --START--
INFO: ShowPageTrace Behavior ::run [ RunTime:0.000600s ]
INFO: [ view_end ] --END-- [ RunTime:0.000665s ]

