[ 2015-12-03T01:47:45+08:00 ] 218.241.98.202 /
INFO: [ app_begin ] --START--
INFO: ReadHtmlCache Behavior ::run [ RunTime:0.000542s ]
INFO: [ app_begin ] --END-- [ RunTime:0.000744s ]

[ 2015-12-03T01:47:46+08:00 ] 218.241.98.202 /index.php/Index/Login/index
INFO: [ route_check ] --START--
INFO: CheckRoute Behavior ::run [ RunTime:0.015786s ]
INFO: [ route_check ] --END-- [ RunTime:0.015969s ]
INFO: [ app_begin ] --START--
INFO: ReadHtmlCache Behavior ::run [ RunTime:0.000573s ]
INFO: [ app_begin ] --END-- [ RunTime:0.000646s ]
INFO: [ view_parse ] --START--
INFO: ParseTemplate Behavior ::run [ RunTime:0.077729s ]
INFO: [ view_parse ] --END-- [ RunTime:0.077843s ]
INFO: [ view_filter ] --START--
INFO: ContentReplace Behavior ::run [ RunTime:0.001652s ]
INFO: TokenBuild Behavior ::run [ RunTime:0.047145s ]
INFO: WriteHtmlCache Behavior ::run [ RunTime:0.001611s ]
INFO: ShowRuntime Behavior ::run [ RunTime:0.001772s ]
INFO: [ view_filter ] --END-- [ RunTime:0.052489s ]
INFO: [ view_end ] --START--
INFO: ShowPageTrace Behavior ::run [ RunTime:0.009703s ]
INFO: [ view_end ] --END-- [ RunTime:0.009806s ]

[ 2015-12-03T05:41:51+08:00 ] 183.136.190.62 /
INFO: [ app_begin ] --START--
INFO: ReadHtmlCache Behavior ::run [ RunTime:0.000654s ]
INFO: [ app_begin ] --END-- [ RunTime:0.000855s ]

[ 2015-12-03T21:19:35+08:00 ] 183.136.190.40 /
INFO: [ app_begin ] --START--
INFO: ReadHtmlCache Behavior ::run [ RunTime:0.000565s ]
INFO: [ app_begin ] --END-- [ RunTime:0.000739s ]

