[ 2015-12-25T00:27:22+08:00 ] 218.241.98.202 /
INFO: [ app_begin ] --START--
INFO: ReadHtmlCache Behavior ::run [ RunTime:0.000573s ]
INFO: [ app_begin ] --END-- [ RunTime:0.000746s ]

[ 2015-12-25T00:27:23+08:00 ] 218.241.98.202 /index.php/Index/Login/index
INFO: [ route_check ] --START--
INFO: CheckRoute Behavior ::run [ RunTime:0.000888s ]
INFO: [ route_check ] --END-- [ RunTime:0.001096s ]
INFO: [ app_begin ] --START--
INFO: ReadHtmlCache Behavior ::run [ RunTime:0.000561s ]
INFO: [ app_begin ] --END-- [ RunTime:0.000656s ]
INFO: [ view_parse ] --START--
INFO: ParseTemplate Behavior ::run [ RunTime:0.008351s ]
INFO: [ view_parse ] --END-- [ RunTime:0.008444s ]
INFO: [ view_filter ] --START--
INFO: ContentReplace Behavior ::run [ RunTime:0.000400s ]
INFO: TokenBuild Behavior ::run [ RunTime:0.000400s ]
INFO: WriteHtmlCache Behavior ::run [ RunTime:0.000284s ]
INFO: ShowRuntime Behavior ::run [ RunTime:0.000472s ]
INFO: [ view_filter ] --END-- [ RunTime:0.001740s ]
INFO: [ view_end ] --START--
INFO: ShowPageTrace Behavior ::run [ RunTime:0.000569s ]
INFO: [ view_end ] --END-- [ RunTime:0.000632s ]

[ 2015-12-25T08:16:07+08:00 ] 183.136.190.62 /
INFO: [ app_begin ] --START--
INFO: ReadHtmlCache Behavior ::run [ RunTime:0.000582s ]
INFO: [ app_begin ] --END-- [ RunTime:0.000779s ]

[ 2015-12-25T17:52:52+08:00 ] 183.48.87.97 /
INFO: [ app_begin ] --START--
INFO: ReadHtmlCache Behavior ::run [ RunTime:0.000567s ]
INFO: [ app_begin ] --END-- [ RunTime:0.000733s ]

[ 2015-12-25T17:52:52+08:00 ] 183.48.87.97 /index.php/Index/Login/index
INFO: [ route_check ] --START--
INFO: CheckRoute Behavior ::run [ RunTime:0.000790s ]
INFO: [ route_check ] --END-- [ RunTime:0.000960s ]
INFO: [ app_begin ] --START--
INFO: ReadHtmlCache Behavior ::run [ RunTime:0.000585s ]
INFO: [ app_begin ] --END-- [ RunTime:0.000659s ]
INFO: [ view_parse ] --START--
INFO: ParseTemplate Behavior ::run [ RunTime:0.007981s ]
INFO: [ view_parse ] --END-- [ RunTime:0.008065s ]
INFO: [ view_filter ] --START--
INFO: ContentReplace Behavior ::run [ RunTime:0.000374s ]
INFO: TokenBuild Behavior ::run [ RunTime:0.000374s ]
INFO: WriteHtmlCache Behavior ::run [ RunTime:0.000289s ]
INFO: ShowRuntime Behavior ::run [ RunTime:0.000439s ]
INFO: [ view_filter ] --END-- [ RunTime:0.001671s ]
INFO: [ view_end ] --START--
INFO: ShowPageTrace Behavior ::run [ RunTime:0.000655s ]
INFO: [ view_end ] --END-- [ RunTime:0.000720s ]

[ 2015-12-25T17:53:06+08:00 ] 183.48.87.97 /
INFO: [ app_begin ] --START--
INFO: ReadHtmlCache Behavior ::run [ RunTime:0.000587s ]
INFO: [ app_begin ] --END-- [ RunTime:0.000713s ]

[ 2015-12-25T17:53:06+08:00 ] 183.48.87.97 /index.php/Index/Login/index
INFO: [ route_check ] --START--
INFO: CheckRoute Behavior ::run [ RunTime:0.000971s ]
INFO: [ route_check ] --END-- [ RunTime:0.001184s ]
INFO: [ app_begin ] --START--
INFO: ReadHtmlCache Behavior ::run [ RunTime:0.000686s ]
INFO: [ app_begin ] --END-- [ RunTime:0.000794s ]
INFO: [ view_parse ] --START--
INFO: ParseTemplate Behavior ::run [ RunTime:0.011091s ]
INFO: [ view_parse ] --END-- [ RunTime:0.011185s ]
INFO: [ view_filter ] --START--
INFO: ContentReplace Behavior ::run [ RunTime:0.000404s ]
INFO: TokenBuild Behavior ::run [ RunTime:0.000403s ]
INFO: WriteHtmlCache Behavior ::run [ RunTime:0.000286s ]
INFO: ShowRuntime Behavior ::run [ RunTime:0.000461s ]
INFO: [ view_filter ] --END-- [ RunTime:0.001740s ]
INFO: [ view_end ] --START--
INFO: ShowPageTrace Behavior ::run [ RunTime:0.000615s ]
INFO: [ view_end ] --END-- [ RunTime:0.000676s ]

[ 2015-12-25T22:52:13+08:00 ] 66.249.69.84 /
INFO: [ app_begin ] --START--
INFO: ReadHtmlCache Behavior ::run [ RunTime:0.000553s ]
INFO: [ app_begin ] --END-- [ RunTime:0.000697s ]

[ 2015-12-25T22:52:14+08:00 ] 66.249.69.68 /index.php/Index/Login/index
INFO: [ route_check ] --START--
INFO: CheckRoute Behavior ::run [ RunTime:0.000777s ]
INFO: [ route_check ] --END-- [ RunTime:0.000941s ]
INFO: [ app_begin ] --START--
INFO: ReadHtmlCache Behavior ::run [ RunTime:0.000567s ]
INFO: [ app_begin ] --END-- [ RunTime:0.000641s ]
INFO: [ view_parse ] --START--
INFO: ParseTemplate Behavior ::run [ RunTime:0.007804s ]
INFO: [ view_parse ] --END-- [ RunTime:0.007878s ]
INFO: [ view_filter ] --START--
INFO: ContentReplace Behavior ::run [ RunTime:0.000356s ]
INFO: TokenBuild Behavior ::run [ RunTime:0.000381s ]
INFO: WriteHtmlCache Behavior ::run [ RunTime:0.000258s ]
INFO: ShowRuntime Behavior ::run [ RunTime:0.000438s ]
INFO: [ view_filter ] --END-- [ RunTime:0.001623s ]
INFO: [ view_end ] --START--
INFO: ShowPageTrace Behavior ::run [ RunTime:0.000547s ]
INFO: [ view_end ] --END-- [ RunTime:0.000608s ]

