[ 2015-11-05T01:33:01+08:00 ] 218.241.98.202 /
INFO: [ app_begin ] --START--
INFO: ReadHtmlCache Behavior ::run [ RunTime:0.011106s ]
INFO: [ app_begin ] --END-- [ RunTime:0.011338s ]

[ 2015-11-05T01:33:01+08:00 ] 218.241.98.202 /index.php/Index/Login/index
INFO: [ route_check ] --START--
INFO: CheckRoute Behavior ::run [ RunTime:0.003567s ]
INFO: [ route_check ] --END-- [ RunTime:0.003820s ]
INFO: [ app_begin ] --START--
INFO: ReadHtmlCache Behavior ::run [ RunTime:0.000951s ]
INFO: [ app_begin ] --END-- [ RunTime:0.001064s ]
INFO: [ view_parse ] --START--
INFO: ParseTemplate Behavior ::run [ RunTime:0.045128s ]
INFO: [ view_parse ] --END-- [ RunTime:0.045275s ]
INFO: [ view_filter ] --START--
INFO: ContentReplace Behavior ::run [ RunTime:0.002484s ]
INFO: TokenBuild Behavior ::run [ RunTime:0.012932s ]
INFO: WriteHtmlCache Behavior ::run [ RunTime:0.001902s ]
INFO: ShowRuntime Behavior ::run [ RunTime:0.003958s ]
INFO: [ view_filter ] --END-- [ RunTime:0.021614s ]
INFO: [ view_end ] --START--
INFO: ShowPageTrace Behavior ::run [ RunTime:0.002959s ]
INFO: [ view_end ] --END-- [ RunTime:0.003060s ]

[ 2015-11-05T07:04:14+08:00 ] 121.42.0.19 /
INFO: [ app_begin ] --START--
INFO: ReadHtmlCache Behavior ::run [ RunTime:0.000705s ]
INFO: [ app_begin ] --END-- [ RunTime:0.000906s ]

[ 2015-11-05T09:29:13+08:00 ] 121.42.0.30 /
INFO: [ app_begin ] --START--
INFO: ReadHtmlCache Behavior ::run [ RunTime:0.000550s ]
INFO: [ app_begin ] --END-- [ RunTime:0.000735s ]

[ 2015-11-05T17:44:35+08:00 ] 121.42.0.33 /
INFO: [ app_begin ] --START--
INFO: ReadHtmlCache Behavior ::run [ RunTime:0.000569s ]
INFO: [ app_begin ] --END-- [ RunTime:0.000733s ]

