[ 2015-11-22T05:53:43+08:00 ] 66.249.66.95 /
INFO: [ app_begin ] --START--
INFO: ReadHtmlCache Behavior ::run [ RunTime:0.000609s ]
INFO: [ app_begin ] --END-- [ RunTime:0.000772s ]

[ 2015-11-22T05:53:44+08:00 ] 66.249.66.93 /index.php/Index/Login/index
INFO: [ route_check ] --START--
INFO: CheckRoute Behavior ::run [ RunTime:0.000764s ]
INFO: [ route_check ] --END-- [ RunTime:0.000941s ]
INFO: [ app_begin ] --START--
INFO: ReadHtmlCache Behavior ::run [ RunTime:0.000533s ]
INFO: [ app_begin ] --END-- [ RunTime:0.000604s ]
INFO: [ view_parse ] --START--
INFO: ParseTemplate Behavior ::run [ RunTime:0.008566s ]
INFO: [ view_parse ] --END-- [ RunTime:0.008643s ]
INFO: [ view_filter ] --START--
INFO: ContentReplace Behavior ::run [ RunTime:0.000412s ]
INFO: TokenBuild Behavior ::run [ RunTime:0.000390s ]
INFO: WriteHtmlCache Behavior ::run [ RunTime:0.000266s ]
INFO: ShowRuntime Behavior ::run [ RunTime:0.000511s ]
INFO: [ view_filter ] --END-- [ RunTime:0.001757s ]
INFO: [ view_end ] --START--
INFO: ShowPageTrace Behavior ::run [ RunTime:0.000649s ]
INFO: [ view_end ] --END-- [ RunTime:0.000723s ]

[ 2015-11-22T17:43:14+08:00 ] 66.249.66.93 /
INFO: [ app_begin ] --START--
INFO: ReadHtmlCache Behavior ::run [ RunTime:0.000580s ]
INFO: [ app_begin ] --END-- [ RunTime:0.000728s ]

[ 2015-11-22T17:43:15+08:00 ] 66.249.66.93 /index.php/Index/Login/index
INFO: [ route_check ] --START--
INFO: CheckRoute Behavior ::run [ RunTime:0.000800s ]
INFO: [ route_check ] --END-- [ RunTime:0.001006s ]
INFO: [ app_begin ] --START--
INFO: ReadHtmlCache Behavior ::run [ RunTime:0.000575s ]
INFO: [ app_begin ] --END-- [ RunTime:0.000649s ]
INFO: [ view_parse ] --START--
INFO: ParseTemplate Behavior ::run [ RunTime:0.008824s ]
INFO: [ view_parse ] --END-- [ RunTime:0.008954s ]
INFO: [ view_filter ] --START--
INFO: ContentReplace Behavior ::run [ RunTime:0.000432s ]
INFO: TokenBuild Behavior ::run [ RunTime:0.000391s ]
INFO: WriteHtmlCache Behavior ::run [ RunTime:0.000310s ]
INFO: ShowRuntime Behavior ::run [ RunTime:0.000485s ]
INFO: [ view_filter ] --END-- [ RunTime:0.001842s ]
INFO: [ view_end ] --START--
INFO: ShowPageTrace Behavior ::run [ RunTime:0.000649s ]
INFO: [ view_end ] --END-- [ RunTime:0.000728s ]

