[ 2015-10-25T00:10:50+08:00 ] 218.241.98.202 /
INFO: [ app_begin ] --START--
INFO: ReadHtmlCache Behavior ::run [ RunTime:0.016665s ]
INFO: [ app_begin ] --END-- [ RunTime:0.016949s ]

[ 2015-10-25T00:10:50+08:00 ] 218.241.98.202 /index.php/Index/Login/index
INFO: [ route_check ] --START--
INFO: CheckRoute Behavior ::run [ RunTime:0.003560s ]
INFO: [ route_check ] --END-- [ RunTime:0.003859s ]
INFO: [ app_begin ] --START--
INFO: ReadHtmlCache Behavior ::run [ RunTime:0.000879s ]
INFO: [ app_begin ] --END-- [ RunTime:0.001217s ]
INFO: [ view_parse ] --START--
INFO: ParseTemplate Behavior ::run [ RunTime:0.051800s ]
INFO: [ view_parse ] --END-- [ RunTime:0.051952s ]
INFO: [ view_filter ] --START--
INFO: ContentReplace Behavior ::run [ RunTime:0.002384s ]
INFO: TokenBuild Behavior ::run [ RunTime:0.002329s ]
INFO: WriteHtmlCache Behavior ::run [ RunTime:0.001340s ]
INFO: ShowRuntime Behavior ::run [ RunTime:0.002047s ]
INFO: [ view_filter ] --END-- [ RunTime:0.008557s ]
INFO: [ view_end ] --START--
INFO: ShowPageTrace Behavior ::run [ RunTime:0.002743s ]
INFO: [ view_end ] --END-- [ RunTime:0.002861s ]

[ 2015-10-25T07:00:55+08:00 ] 121.42.0.16 /
INFO: [ app_begin ] --START--
INFO: ReadHtmlCache Behavior ::run [ RunTime:0.000761s ]
INFO: [ app_begin ] --END-- [ RunTime:0.000968s ]

[ 2015-10-25T09:32:10+08:00 ] 121.42.0.38 /
INFO: [ app_begin ] --START--
INFO: ReadHtmlCache Behavior ::run [ RunTime:0.000611s ]
INFO: [ app_begin ] --END-- [ RunTime:0.000782s ]

