[ 2016-02-09T01:12:01+08:00 ] 66.249.69.76 /
INFO: [ app_begin ] --START--
INFO: ReadHtmlCache Behavior ::run [ RunTime:0.000741s ]
INFO: [ app_begin ] --END-- [ RunTime:0.000908s ]

[ 2016-02-09T01:12:02+08:00 ] 66.249.69.84 /index.php/Index/Login/index
INFO: [ route_check ] --START--
INFO: CheckRoute Behavior ::run [ RunTime:0.000807s ]
INFO: [ route_check ] --END-- [ RunTime:0.000961s ]
INFO: [ app_begin ] --START--
INFO: ReadHtmlCache Behavior ::run [ RunTime:0.000579s ]
INFO: [ app_begin ] --END-- [ RunTime:0.000661s ]
INFO: [ view_parse ] --START--
INFO: ParseTemplate Behavior ::run [ RunTime:0.059788s ]
INFO: [ view_parse ] --END-- [ RunTime:0.059894s ]
INFO: [ view_filter ] --START--
INFO: ContentReplace Behavior ::run [ RunTime:0.000596s ]
INFO: TokenBuild Behavior ::run [ RunTime:0.000459s ]
INFO: WriteHtmlCache Behavior ::run [ RunTime:0.000343s ]
INFO: ShowRuntime Behavior ::run [ RunTime:0.000504s ]
INFO: [ view_filter ] --END-- [ RunTime:0.002103s ]
INFO: [ view_end ] --START--
INFO: ShowPageTrace Behavior ::run [ RunTime:0.000683s ]
INFO: [ view_end ] --END-- [ RunTime:0.000747s ]

[ 2016-02-09T02:03:24+08:00 ] 219.143.225.2 /
INFO: [ app_begin ] --START--
INFO: ReadHtmlCache Behavior ::run [ RunTime:0.000600s ]
INFO: [ app_begin ] --END-- [ RunTime:0.000773s ]

[ 2016-02-09T04:35:37+08:00 ] 121.42.0.35 /
INFO: [ app_begin ] --START--
INFO: ReadHtmlCache Behavior ::run [ RunTime:0.000703s ]
INFO: [ app_begin ] --END-- [ RunTime:0.000976s ]

[ 2016-02-09T09:23:28+08:00 ] 123.125.71.69 /
INFO: [ app_begin ] --START--
INFO: ReadHtmlCache Behavior ::run [ RunTime:0.000677s ]
INFO: [ app_begin ] --END-- [ RunTime:0.000856s ]

[ 2016-02-09T09:23:28+08:00 ] 123.125.71.71 /index.php/Index/Login/index
INFO: [ route_check ] --START--
INFO: CheckRoute Behavior ::run [ RunTime:0.000845s ]
INFO: [ route_check ] --END-- [ RunTime:0.001005s ]
INFO: [ app_begin ] --START--
INFO: ReadHtmlCache Behavior ::run [ RunTime:0.000598s ]
INFO: [ app_begin ] --END-- [ RunTime:0.000669s ]
INFO: [ view_parse ] --START--
INFO: ParseTemplate Behavior ::run [ RunTime:0.029847s ]
INFO: [ view_parse ] --END-- [ RunTime:0.029951s ]
INFO: [ view_filter ] --START--
INFO: ContentReplace Behavior ::run [ RunTime:0.000499s ]
INFO: TokenBuild Behavior ::run [ RunTime:0.000446s ]
INFO: WriteHtmlCache Behavior ::run [ RunTime:0.000328s ]
INFO: ShowRuntime Behavior ::run [ RunTime:0.000515s ]
INFO: [ view_filter ] --END-- [ RunTime:0.001976s ]
INFO: [ view_end ] --START--
INFO: ShowPageTrace Behavior ::run [ RunTime:0.000650s ]
INFO: [ view_end ] --END-- [ RunTime:0.000784s ]

[ 2016-02-09T17:27:08+08:00 ] 183.136.190.62 /
INFO: [ app_begin ] --START--
INFO: ReadHtmlCache Behavior ::run [ RunTime:0.000595s ]
INFO: [ app_begin ] --END-- [ RunTime:0.000742s ]

[ 2016-02-09T20:27:15+08:00 ] 64.246.187.42 /
INFO: [ app_begin ] --START--
INFO: ReadHtmlCache Behavior ::run [ RunTime:0.000590s ]
INFO: [ app_begin ] --END-- [ RunTime:0.000737s ]

[ 2016-02-09T20:27:18+08:00 ] 64.246.187.42 /index.php/Index/Login/index
INFO: [ route_check ] --START--
INFO: CheckRoute Behavior ::run [ RunTime:0.000876s ]
INFO: [ route_check ] --END-- [ RunTime:0.001049s ]
INFO: [ app_begin ] --START--
INFO: ReadHtmlCache Behavior ::run [ RunTime:0.000675s ]
INFO: [ app_begin ] --END-- [ RunTime:0.000746s ]
INFO: [ view_parse ] --START--
INFO: ParseTemplate Behavior ::run [ RunTime:0.008026s ]
INFO: [ view_parse ] --END-- [ RunTime:0.008098s ]
INFO: [ view_filter ] --START--
INFO: ContentReplace Behavior ::run [ RunTime:0.000424s ]
INFO: TokenBuild Behavior ::run [ RunTime:0.000413s ]
INFO: WriteHtmlCache Behavior ::run [ RunTime:0.000318s ]
INFO: ShowRuntime Behavior ::run [ RunTime:0.000524s ]
INFO: [ view_filter ] --END-- [ RunTime:0.001858s ]
INFO: [ view_end ] --START--
INFO: ShowPageTrace Behavior ::run [ RunTime:0.000611s ]
INFO: [ view_end ] --END-- [ RunTime:0.000672s ]

