[ 2016-02-01T00:04:20+08:00 ] 218.241.98.202 /
INFO: [ app_begin ] --START--
INFO: ReadHtmlCache Behavior ::run [ RunTime:0.001770s ]
INFO: [ app_begin ] --END-- [ RunTime:0.001938s ]

[ 2016-02-01T00:04:21+08:00 ] 218.241.98.202 /index.php/Index/Login/index
INFO: [ route_check ] --START--
INFO: CheckRoute Behavior ::run [ RunTime:0.001178s ]
INFO: [ route_check ] --END-- [ RunTime:0.001414s ]
INFO: [ app_begin ] --START--
INFO: ReadHtmlCache Behavior ::run [ RunTime:0.000789s ]
INFO: [ app_begin ] --END-- [ RunTime:0.000889s ]
INFO: [ view_parse ] --START--
INFO: ParseTemplate Behavior ::run [ RunTime:0.008457s ]
INFO: [ view_parse ] --END-- [ RunTime:0.008551s ]
INFO: [ view_filter ] --START--
INFO: ContentReplace Behavior ::run [ RunTime:0.000464s ]
INFO: TokenBuild Behavior ::run [ RunTime:0.000497s ]
INFO: WriteHtmlCache Behavior ::run [ RunTime:0.000394s ]
INFO: ShowRuntime Behavior ::run [ RunTime:0.000473s ]
INFO: [ view_filter ] --END-- [ RunTime:0.002065s ]
INFO: [ view_end ] --START--
INFO: ShowPageTrace Behavior ::run [ RunTime:0.000597s ]
INFO: [ view_end ] --END-- [ RunTime:0.000660s ]

[ 2016-02-01T02:17:39+08:00 ] 66.249.74.61 /
INFO: [ app_begin ] --START--
INFO: ReadHtmlCache Behavior ::run [ RunTime:0.000576s ]
INFO: [ app_begin ] --END-- [ RunTime:0.000731s ]

[ 2016-02-01T02:17:40+08:00 ] 66.249.74.65 /index.php/Index/Login/index
INFO: [ route_check ] --START--
INFO: CheckRoute Behavior ::run [ RunTime:0.022607s ]
INFO: [ route_check ] --END-- [ RunTime:0.022772s ]
INFO: [ app_begin ] --START--
INFO: ReadHtmlCache Behavior ::run [ RunTime:0.000673s ]
INFO: [ app_begin ] --END-- [ RunTime:0.000778s ]
INFO: [ view_parse ] --START--
INFO: ParseTemplate Behavior ::run [ RunTime:0.011039s ]
INFO: [ view_parse ] --END-- [ RunTime:0.011123s ]
INFO: [ view_filter ] --START--
INFO: ContentReplace Behavior ::run [ RunTime:0.000420s ]
INFO: TokenBuild Behavior ::run [ RunTime:0.000415s ]
INFO: WriteHtmlCache Behavior ::run [ RunTime:0.000331s ]
INFO: ShowRuntime Behavior ::run [ RunTime:0.000477s ]
INFO: [ view_filter ] --END-- [ RunTime:0.001837s ]
INFO: [ view_end ] --START--
INFO: ShowPageTrace Behavior ::run [ RunTime:0.000629s ]
INFO: [ view_end ] --END-- [ RunTime:0.000691s ]

[ 2016-02-01T04:28:16+08:00 ] 121.42.0.33 /
INFO: [ app_begin ] --START--
INFO: ReadHtmlCache Behavior ::run [ RunTime:0.000759s ]
INFO: [ app_begin ] --END-- [ RunTime:0.000946s ]

[ 2016-02-01T09:00:09+08:00 ] 183.48.87.29 /
INFO: [ app_begin ] --START--
INFO: ReadHtmlCache Behavior ::run [ RunTime:0.000608s ]
INFO: [ app_begin ] --END-- [ RunTime:0.000769s ]

[ 2016-02-01T09:00:10+08:00 ] 183.48.87.29 /index.php/Index/Login/index
INFO: [ route_check ] --START--
INFO: CheckRoute Behavior ::run [ RunTime:0.000800s ]
INFO: [ route_check ] --END-- [ RunTime:0.000952s ]
INFO: [ app_begin ] --START--
INFO: ReadHtmlCache Behavior ::run [ RunTime:0.000571s ]
INFO: [ app_begin ] --END-- [ RunTime:0.000643s ]
INFO: [ view_parse ] --START--
INFO: ParseTemplate Behavior ::run [ RunTime:0.054174s ]
INFO: [ view_parse ] --END-- [ RunTime:0.054303s ]
INFO: [ view_filter ] --START--
INFO: ContentReplace Behavior ::run [ RunTime:0.000516s ]
INFO: TokenBuild Behavior ::run [ RunTime:0.000450s ]
INFO: WriteHtmlCache Behavior ::run [ RunTime:0.000345s ]
INFO: ShowRuntime Behavior ::run [ RunTime:0.000528s ]
INFO: [ view_filter ] --END-- [ RunTime:0.002042s ]
INFO: [ view_end ] --START--
INFO: ShowPageTrace Behavior ::run [ RunTime:0.000641s ]
INFO: [ view_end ] --END-- [ RunTime:0.000704s ]

[ 2016-02-01T10:57:56+08:00 ] 66.249.74.65 /
INFO: [ app_begin ] --START--
INFO: ReadHtmlCache Behavior ::run [ RunTime:0.000641s ]
INFO: [ app_begin ] --END-- [ RunTime:0.000788s ]

[ 2016-02-01T10:57:57+08:00 ] 66.249.74.65 /index.php/Index/Login/index
INFO: [ route_check ] --START--
INFO: CheckRoute Behavior ::run [ RunTime:0.001218s ]
INFO: [ route_check ] --END-- [ RunTime:0.001417s ]
INFO: [ app_begin ] --START--
INFO: ReadHtmlCache Behavior ::run [ RunTime:0.000609s ]
INFO: [ app_begin ] --END-- [ RunTime:0.000682s ]
INFO: [ view_parse ] --START--
INFO: ParseTemplate Behavior ::run [ RunTime:0.008340s ]
INFO: [ view_parse ] --END-- [ RunTime:0.008423s ]
INFO: [ view_filter ] --START--
INFO: ContentReplace Behavior ::run [ RunTime:0.000425s ]
INFO: TokenBuild Behavior ::run [ RunTime:0.000419s ]
INFO: WriteHtmlCache Behavior ::run [ RunTime:0.000299s ]
INFO: ShowRuntime Behavior ::run [ RunTime:0.000509s ]
INFO: [ view_filter ] --END-- [ RunTime:0.001832s ]
INFO: [ view_end ] --START--
INFO: ShowPageTrace Behavior ::run [ RunTime:0.000630s ]
INFO: [ view_end ] --END-- [ RunTime:0.000689s ]

[ 2016-02-01T14:17:23+08:00 ] 66.249.74.65 /
INFO: [ app_begin ] --START--
INFO: ReadHtmlCache Behavior ::run [ RunTime:0.000770s ]
INFO: [ app_begin ] --END-- [ RunTime:0.000984s ]

[ 2016-02-01T14:17:24+08:00 ] 66.249.74.61 /index.php/Index/Login/index
INFO: [ route_check ] --START--
INFO: CheckRoute Behavior ::run [ RunTime:0.000779s ]
INFO: [ route_check ] --END-- [ RunTime:0.000938s ]
INFO: [ app_begin ] --START--
INFO: ReadHtmlCache Behavior ::run [ RunTime:0.000575s ]
INFO: [ app_begin ] --END-- [ RunTime:0.000646s ]
INFO: [ view_parse ] --START--
INFO: ParseTemplate Behavior ::run [ RunTime:0.008285s ]
INFO: [ view_parse ] --END-- [ RunTime:0.008386s ]
INFO: [ view_filter ] --START--
INFO: ContentReplace Behavior ::run [ RunTime:0.000470s ]
INFO: TokenBuild Behavior ::run [ RunTime:0.000440s ]
INFO: WriteHtmlCache Behavior ::run [ RunTime:0.000305s ]
INFO: ShowRuntime Behavior ::run [ RunTime:0.000567s ]
INFO: [ view_filter ] --END-- [ RunTime:0.002004s ]
INFO: [ view_end ] --START--
INFO: ShowPageTrace Behavior ::run [ RunTime:0.000911s ]
INFO: [ view_end ] --END-- [ RunTime:0.001008s ]

