[ 2016-02-28T17:02:23+08:00 ] 66.249.74.65 /
INFO: [ app_begin ] --START--
INFO: ReadHtmlCache Behavior ::run [ RunTime:0.000608s ]
INFO: [ app_begin ] --END-- [ RunTime:0.000774s ]

[ 2016-02-28T17:02:25+08:00 ] 66.249.74.63 /index.php/Index/Login/index
INFO: [ route_check ] --START--
INFO: CheckRoute Behavior ::run [ RunTime:0.024839s ]
INFO: [ route_check ] --END-- [ RunTime:0.025045s ]
INFO: [ app_begin ] --START--
INFO: ReadHtmlCache Behavior ::run [ RunTime:0.000778s ]
INFO: [ app_begin ] --END-- [ RunTime:0.000874s ]
INFO: [ view_parse ] --START--
INFO: ParseTemplate Behavior ::run [ RunTime:0.096556s ]
INFO: [ view_parse ] --END-- [ RunTime:0.096692s ]
INFO: [ view_filter ] --START--
INFO: ContentReplace Behavior ::run [ RunTime:0.002578s ]
INFO: TokenBuild Behavior ::run [ RunTime:0.044142s ]
INFO: WriteHtmlCache Behavior ::run [ RunTime:0.002608s ]
INFO: ShowRuntime Behavior ::run [ RunTime:0.001844s ]
INFO: [ view_filter ] --END-- [ RunTime:0.051433s ]
INFO: [ view_end ] --START--
INFO: ShowPageTrace Behavior ::run [ RunTime:0.012908s ]
INFO: [ view_end ] --END-- [ RunTime:0.013016s ]

[ 2016-02-28T18:17:49+08:00 ] 183.136.190.62 /
INFO: [ app_begin ] --START--
INFO: ReadHtmlCache Behavior ::run [ RunTime:0.000621s ]
INFO: [ app_begin ] --END-- [ RunTime:0.000786s ]

