[ 2016-01-23T16:54:00+08:00 ] 183.136.190.62 /
INFO: [ app_begin ] --START--
INFO: ReadHtmlCache Behavior ::run [ RunTime:0.000574s ]
INFO: [ app_begin ] --END-- [ RunTime:0.000730s ]

[ 2016-01-23T22:39:08+08:00 ] 183.136.190.62 /
INFO: [ app_begin ] --START--
INFO: ReadHtmlCache Behavior ::run [ RunTime:0.000590s ]
INFO: [ app_begin ] --END-- [ RunTime:0.000733s ]

[ 2016-01-23T23:33:25+08:00 ] 66.249.74.63 /
INFO: [ app_begin ] --START--
INFO: ReadHtmlCache Behavior ::run [ RunTime:0.000557s ]
INFO: [ app_begin ] --END-- [ RunTime:0.000710s ]

[ 2016-01-23T23:33:28+08:00 ] 66.249.74.61 /index.php/Index/Login/index
INFO: [ route_check ] --START--
INFO: CheckRoute Behavior ::run [ RunTime:0.024111s ]
INFO: [ route_check ] --END-- [ RunTime:0.024352s ]
INFO: [ app_begin ] --START--
INFO: ReadHtmlCache Behavior ::run [ RunTime:0.000933s ]
INFO: [ app_begin ] --END-- [ RunTime:0.001038s ]
INFO: [ view_parse ] --START--
INFO: ParseTemplate Behavior ::run [ RunTime:0.054762s ]
INFO: [ view_parse ] --END-- [ RunTime:0.054890s ]
INFO: [ view_filter ] --START--
INFO: ContentReplace Behavior ::run [ RunTime:0.001713s ]
INFO: TokenBuild Behavior ::run [ RunTime:0.019009s ]
INFO: WriteHtmlCache Behavior ::run [ RunTime:0.002343s ]
INFO: ShowRuntime Behavior ::run [ RunTime:0.001795s ]
INFO: [ view_filter ] --END-- [ RunTime:0.025121s ]
INFO: [ view_end ] --START--
INFO: ShowPageTrace Behavior ::run [ RunTime:0.008128s ]
INFO: [ view_end ] --END-- [ RunTime:0.008222s ]

