[ 2016-01-09T04:14:45+08:00 ] 121.42.0.33 /
INFO: [ app_begin ] --START--
INFO: ReadHtmlCache Behavior ::run [ RunTime:0.000773s ]
INFO: [ app_begin ] --END-- [ RunTime:0.000970s ]

[ 2016-01-09T04:52:01+08:00 ] 121.42.0.34 /
INFO: [ app_begin ] --START--
INFO: ReadHtmlCache Behavior ::run [ RunTime:0.000956s ]
INFO: [ app_begin ] --END-- [ RunTime:0.001216s ]

[ 2016-01-09T11:42:28+08:00 ] 66.249.69.84 /
INFO: [ app_begin ] --START--
INFO: ReadHtmlCache Behavior ::run [ RunTime:0.000579s ]
INFO: [ app_begin ] --END-- [ RunTime:0.000737s ]

[ 2016-01-09T11:42:29+08:00 ] 66.249.69.68 /index.php/Index/Login/index
INFO: [ route_check ] --START--
INFO: CheckRoute Behavior ::run [ RunTime:0.021177s ]
INFO: [ route_check ] --END-- [ RunTime:0.021425s ]
INFO: [ app_begin ] --START--
INFO: ReadHtmlCache Behavior ::run [ RunTime:0.000768s ]
INFO: [ app_begin ] --END-- [ RunTime:0.000869s ]
INFO: [ view_parse ] --START--
INFO: ParseTemplate Behavior ::run [ RunTime:0.061643s ]
INFO: [ view_parse ] --END-- [ RunTime:0.061865s ]
INFO: [ view_filter ] --START--
INFO: ContentReplace Behavior ::run [ RunTime:0.003619s ]
INFO: TokenBuild Behavior ::run [ RunTime:0.040336s ]
INFO: WriteHtmlCache Behavior ::run [ RunTime:0.001844s ]
INFO: ShowRuntime Behavior ::run [ RunTime:0.003142s ]
INFO: [ view_filter ] --END-- [ RunTime:0.049284s ]
INFO: [ view_end ] --START--
INFO: ShowPageTrace Behavior ::run [ RunTime:0.009078s ]
INFO: [ view_end ] --END-- [ RunTime:0.009193s ]

