[ 2016-02-05T00:08:59+08:00 ] 218.241.98.202 /
INFO: [ app_begin ] --START--
INFO: ReadHtmlCache Behavior ::run [ RunTime:0.000600s ]
INFO: [ app_begin ] --END-- [ RunTime:0.000774s ]

[ 2016-02-05T00:09:00+08:00 ] 218.241.98.202 /index.php/Index/Login/index
INFO: [ route_check ] --START--
INFO: CheckRoute Behavior ::run [ RunTime:0.000888s ]
INFO: [ route_check ] --END-- [ RunTime:0.001097s ]
INFO: [ app_begin ] --START--
INFO: ReadHtmlCache Behavior ::run [ RunTime:0.000717s ]
INFO: [ app_begin ] --END-- [ RunTime:0.000806s ]
INFO: [ view_parse ] --START--
INFO: ParseTemplate Behavior ::run [ RunTime:0.009569s ]
INFO: [ view_parse ] --END-- [ RunTime:0.009666s ]
INFO: [ view_filter ] --START--
INFO: ContentReplace Behavior ::run [ RunTime:0.000443s ]
INFO: TokenBuild Behavior ::run [ RunTime:0.000447s ]
INFO: WriteHtmlCache Behavior ::run [ RunTime:0.000317s ]
INFO: ShowRuntime Behavior ::run [ RunTime:0.000617s ]
INFO: [ view_filter ] --END-- [ RunTime:0.002011s ]
INFO: [ view_end ] --START--
INFO: ShowPageTrace Behavior ::run [ RunTime:0.000664s ]
INFO: [ view_end ] --END-- [ RunTime:0.000728s ]

[ 2016-02-05T04:50:32+08:00 ] 121.42.0.33 /
INFO: [ app_begin ] --START--
INFO: ReadHtmlCache Behavior ::run [ RunTime:0.000625s ]
INFO: [ app_begin ] --END-- [ RunTime:0.000796s ]

[ 2016-02-05T18:29:33+08:00 ] 220.181.108.143 /
INFO: [ app_begin ] --START--
INFO: ReadHtmlCache Behavior ::run [ RunTime:0.000616s ]
INFO: [ app_begin ] --END-- [ RunTime:0.000797s ]

[ 2016-02-05T18:29:33+08:00 ] 220.181.108.119 /index.php/Index/Login/index
INFO: [ route_check ] --START--
INFO: CheckRoute Behavior ::run [ RunTime:0.000894s ]
INFO: [ route_check ] --END-- [ RunTime:0.001085s ]
INFO: [ app_begin ] --START--
INFO: ReadHtmlCache Behavior ::run [ RunTime:0.000595s ]
INFO: [ app_begin ] --END-- [ RunTime:0.000668s ]
INFO: [ view_parse ] --START--
INFO: ParseTemplate Behavior ::run [ RunTime:0.008666s ]
INFO: [ view_parse ] --END-- [ RunTime:0.008779s ]
INFO: [ view_filter ] --START--
INFO: ContentReplace Behavior ::run [ RunTime:0.000441s ]
INFO: TokenBuild Behavior ::run [ RunTime:0.000417s ]
INFO: WriteHtmlCache Behavior ::run [ RunTime:0.000323s ]
INFO: ShowRuntime Behavior ::run [ RunTime:0.000491s ]
INFO: [ view_filter ] --END-- [ RunTime:0.001855s ]
INFO: [ view_end ] --START--
INFO: ShowPageTrace Behavior ::run [ RunTime:0.000629s ]
INFO: [ view_end ] --END-- [ RunTime:0.000692s ]

