[ 2016-02-15T00:10:15+08:00 ] 218.241.98.202 /
INFO: [ app_begin ] --START--
INFO: ReadHtmlCache Behavior ::run [ RunTime:0.000577s ]
INFO: [ app_begin ] --END-- [ RunTime:0.000740s ]

[ 2016-02-15T00:10:15+08:00 ] 218.241.98.202 /index.php/Index/Login/index
INFO: [ route_check ] --START--
INFO: CheckRoute Behavior ::run [ RunTime:0.000822s ]
INFO: [ route_check ] --END-- [ RunTime:0.000981s ]
INFO: [ app_begin ] --START--
INFO: ReadHtmlCache Behavior ::run [ RunTime:0.000638s ]
INFO: [ app_begin ] --END-- [ RunTime:0.000712s ]
INFO: [ view_parse ] --START--
INFO: ParseTemplate Behavior ::run [ RunTime:0.008249s ]
INFO: [ view_parse ] --END-- [ RunTime:0.008335s ]
INFO: [ view_filter ] --START--
INFO: ContentReplace Behavior ::run [ RunTime:0.000457s ]
INFO: TokenBuild Behavior ::run [ RunTime:0.000419s ]
INFO: WriteHtmlCache Behavior ::run [ RunTime:0.000336s ]
INFO: ShowRuntime Behavior ::run [ RunTime:0.000491s ]
INFO: [ view_filter ] --END-- [ RunTime:0.001891s ]
INFO: [ view_end ] --START--
INFO: ShowPageTrace Behavior ::run [ RunTime:0.000621s ]
INFO: [ view_end ] --END-- [ RunTime:0.000685s ]

[ 2016-02-15T06:09:48+08:00 ] 121.42.0.34 /index.php/Index/Login/index
INFO: [ route_check ] --START--
INFO: CheckRoute Behavior ::run [ RunTime:0.000860s ]
INFO: [ route_check ] --END-- [ RunTime:0.001047s ]
INFO: [ app_begin ] --START--
INFO: ReadHtmlCache Behavior ::run [ RunTime:0.000638s ]
INFO: [ app_begin ] --END-- [ RunTime:0.000719s ]
INFO: [ view_parse ] --START--
INFO: ParseTemplate Behavior ::run [ RunTime:0.008543s ]
INFO: [ view_parse ] --END-- [ RunTime:0.008633s ]
INFO: [ view_filter ] --START--
INFO: ContentReplace Behavior ::run [ RunTime:0.000462s ]
INFO: TokenBuild Behavior ::run [ RunTime:0.000417s ]
INFO: WriteHtmlCache Behavior ::run [ RunTime:0.000326s ]
INFO: ShowRuntime Behavior ::run [ RunTime:0.000506s ]
INFO: [ view_filter ] --END-- [ RunTime:0.001910s ]
INFO: [ view_end ] --START--
INFO: ShowPageTrace Behavior ::run [ RunTime:0.000801s ]
INFO: [ view_end ] --END-- [ RunTime:0.000889s ]

[ 2016-02-15T06:21:54+08:00 ] 123.125.71.71 /
INFO: [ app_begin ] --START--
INFO: ReadHtmlCache Behavior ::run [ RunTime:0.000609s ]
INFO: [ app_begin ] --END-- [ RunTime:0.000774s ]

[ 2016-02-15T06:21:54+08:00 ] 123.125.71.117 /index.php/Index/Login/index
INFO: [ route_check ] --START--
INFO: CheckRoute Behavior ::run [ RunTime:0.000939s ]
INFO: [ route_check ] --END-- [ RunTime:0.001158s ]
INFO: [ app_begin ] --START--
INFO: ReadHtmlCache Behavior ::run [ RunTime:0.000689s ]
INFO: [ app_begin ] --END-- [ RunTime:0.000777s ]
INFO: [ view_parse ] --START--
INFO: ParseTemplate Behavior ::run [ RunTime:0.008094s ]
INFO: [ view_parse ] --END-- [ RunTime:0.008169s ]
INFO: [ view_filter ] --START--
INFO: ContentReplace Behavior ::run [ RunTime:0.000442s ]
INFO: TokenBuild Behavior ::run [ RunTime:0.000417s ]
INFO: WriteHtmlCache Behavior ::run [ RunTime:0.000328s ]
INFO: ShowRuntime Behavior ::run [ RunTime:0.000491s ]
INFO: [ view_filter ] --END-- [ RunTime:0.001860s ]
INFO: [ view_end ] --START--
INFO: ShowPageTrace Behavior ::run [ RunTime:0.000641s ]
INFO: [ view_end ] --END-- [ RunTime:0.000709s ]

[ 2016-02-15T09:31:03+08:00 ] 183.48.87.54 /
INFO: [ app_begin ] --START--
INFO: ReadHtmlCache Behavior ::run [ RunTime:0.012093s ]
INFO: [ app_begin ] --END-- [ RunTime:0.012252s ]

[ 2016-02-15T09:31:03+08:00 ] 101.226.33.203 /
INFO: [ app_begin ] --START--
INFO: ReadHtmlCache Behavior ::run [ RunTime:0.012750s ]
INFO: [ app_begin ] --END-- [ RunTime:0.012886s ]

[ 2016-02-15T09:31:03+08:00 ] 183.48.87.54 /index.php/Index/Login/index
INFO: [ route_check ] --START--
INFO: CheckRoute Behavior ::run [ RunTime:0.000807s ]
INFO: [ route_check ] --END-- [ RunTime:0.000963s ]
INFO: [ app_begin ] --START--
INFO: ReadHtmlCache Behavior ::run [ RunTime:0.000672s ]
INFO: [ app_begin ] --END-- [ RunTime:0.000746s ]
INFO: [ view_parse ] --START--
INFO: ParseTemplate Behavior ::run [ RunTime:0.010272s ]
INFO: [ view_parse ] --END-- [ RunTime:0.010377s ]
INFO: [ view_filter ] --START--
INFO: ContentReplace Behavior ::run [ RunTime:0.000450s ]
INFO: TokenBuild Behavior ::run [ RunTime:0.000491s ]
INFO: WriteHtmlCache Behavior ::run [ RunTime:0.000316s ]
INFO: ShowRuntime Behavior ::run [ RunTime:0.000503s ]
INFO: [ view_filter ] --END-- [ RunTime:0.001946s ]
INFO: [ view_end ] --START--
INFO: ShowPageTrace Behavior ::run [ RunTime:0.020772s ]
INFO: [ view_end ] --END-- [ RunTime:0.020847s ]

[ 2016-02-15T09:31:03+08:00 ] 101.226.33.203 /index.php/Index/Login/index
INFO: [ route_check ] --START--
INFO: CheckRoute Behavior ::run [ RunTime:0.002598s ]
INFO: [ route_check ] --END-- [ RunTime:0.002752s ]
INFO: [ app_begin ] --START--
INFO: ReadHtmlCache Behavior ::run [ RunTime:0.000595s ]
INFO: [ app_begin ] --END-- [ RunTime:0.000668s ]
INFO: [ view_parse ] --START--
INFO: ParseTemplate Behavior ::run [ RunTime:0.020548s ]
INFO: [ view_parse ] --END-- [ RunTime:0.020647s ]
INFO: [ view_filter ] --START--
INFO: ContentReplace Behavior ::run [ RunTime:0.001660s ]
INFO: TokenBuild Behavior ::run [ RunTime:0.002177s ]
INFO: WriteHtmlCache Behavior ::run [ RunTime:0.001153s ]
INFO: ShowRuntime Behavior ::run [ RunTime:0.001803s ]
INFO: [ view_filter ] --END-- [ RunTime:0.007008s ]
INFO: [ view_end ] --START--
INFO: ShowPageTrace Behavior ::run [ RunTime:0.022481s ]
INFO: [ view_end ] --END-- [ RunTime:0.022594s ]

[ 2016-02-15T09:31:04+08:00 ] 101.226.89.116 /index.php/index/login/index
INFO: [ route_check ] --START--
INFO: CheckRoute Behavior ::run [ RunTime:0.000847s ]
INFO: [ route_check ] --END-- [ RunTime:0.001031s ]
INFO: [ app_begin ] --START--
INFO: ReadHtmlCache Behavior ::run [ RunTime:0.000844s ]
INFO: [ app_begin ] --END-- [ RunTime:0.000981s ]
ERR: 无法加载模块:login

[ 2016-02-15T09:31:09+08:00 ] 101.226.33.237 /index.php/index/login/runlogin
INFO: [ route_check ] --START--
INFO: CheckRoute Behavior ::run [ RunTime:0.000902s ]
INFO: [ route_check ] --END-- [ RunTime:0.001090s ]
INFO: [ app_begin ] --START--
INFO: ReadHtmlCache Behavior ::run [ RunTime:0.000881s ]
INFO: [ app_begin ] --END-- [ RunTime:0.000993s ]
ERR: 无法加载模块:login

[ 2016-02-15T09:31:09+08:00 ] 183.48.87.54 /index.php/Index/Login/runLogin
INFO: [ route_check ] --START--
INFO: CheckRoute Behavior ::run [ RunTime:0.000813s ]
INFO: [ route_check ] --END-- [ RunTime:0.000976s ]
INFO: [ app_begin ] --START--
INFO: ReadHtmlCache Behavior ::run [ RunTime:0.000600s ]
INFO: [ app_begin ] --END-- [ RunTime:0.000670s ]
SQL: SHOW COLUMNS FROM `qq_user` [ RunTime:0.001421s ]
SQL: SELECT * FROM `qq_user` WHERE ( `user_name` = 'aa' ) AND ( `password` = '4124bc0a9335c27f086f24ba207a4912' ) LIMIT 1   [ RunTime:0.000672s ]
INFO: [ view_parse ] --START--
INFO: ParseTemplate Behavior ::run [ RunTime:0.026342s ]
INFO: [ view_parse ] --END-- [ RunTime:0.026511s ]
INFO: [ view_filter ] --START--
INFO: ContentReplace Behavior ::run [ RunTime:0.000700s ]
INFO: TokenBuild Behavior ::run [ RunTime:0.000631s ]
INFO: WriteHtmlCache Behavior ::run [ RunTime:0.000615s ]
INFO: ShowRuntime Behavior ::run [ RunTime:0.000599s ]
INFO: [ view_filter ] --END-- [ RunTime:0.002815s ]
INFO: [ view_end ] --START--
INFO: ShowPageTrace Behavior ::run [ RunTime:0.000632s ]
INFO: [ view_end ] --END-- [ RunTime:0.000699s ]

[ 2016-02-15T09:31:11+08:00 ] 112.64.235.249 /index.php/index/index/index
INFO: [ route_check ] --START--
INFO: CheckRoute Behavior ::run [ RunTime:0.000836s ]
INFO: [ route_check ] --END-- [ RunTime:0.000995s ]
INFO: [ app_begin ] --START--
INFO: ReadHtmlCache Behavior ::run [ RunTime:0.000599s ]
INFO: [ app_begin ] --END-- [ RunTime:0.000672s ]
ERR: 无法加载模块:index

[ 2016-02-15T09:31:11+08:00 ] 183.48.87.54 /index.php/Index/Index/index
INFO: [ route_check ] --START--
INFO: CheckRoute Behavior ::run [ RunTime:0.000826s ]
INFO: [ route_check ] --END-- [ RunTime:0.001025s ]
INFO: [ app_begin ] --START--
INFO: ReadHtmlCache Behavior ::run [ RunTime:0.000576s ]
INFO: [ app_begin ] --END-- [ RunTime:0.000649s ]
SQL: SHOW COLUMNS FROM `qq_relation` [ RunTime:0.001359s ]
SQL: SHOW COLUMNS FROM qq_user u [ RunTime:0.000467s ]
ERR: 1064:You have an error in your SQL syntax; check the manual that corresponds to your MySQL server version for the right syntax to use near 'u' at line 1
 [ SQL语句 ] : SHOW COLUMNS FROM qq_user u
SQL: SHOW COLUMNS FROM qq_relation r [ RunTime:0.000486s ]
ERR: 1064:You have an error in your SQL syntax; check the manual that corresponds to your MySQL server version for the right syntax to use near 'r' at line 1
 [ SQL语句 ] : SHOW COLUMNS FROM qq_relation r
SQL: SELECT u.user_name,u.logo,u.style_name,r.friend_id,r.remark,r.group_name FROM qq_user u LEFT JOIN qq_relation r on u.user_id=r.friend_id WHERE ( r.user_id=1 AND status=1 AND (u.user_name like '%%' OR r.remark like '%%') )  [ RunTime:0.000811s ]
SQL: SHOW COLUMNS FROM `qq_user` [ RunTime:0.000949s ]
SQL: SHOW COLUMNS FROM `qq_user` [ RunTime:0.000895s ]
SQL: SELECT `user_name`,`style_name`,`logo` FROM `qq_user` WHERE ( user_id=1 ) LIMIT 1   [ RunTime:0.000614s ]
SQL: SHOW COLUMNS FROM `qq_relation` [ RunTime:0.000889s ]
SQL: SELECT count(*) num FROM `qq_relation` WHERE ( friend_id=1 and status=0 ) LIMIT 1   [ RunTime:0.000619s ]
INFO: [ view_parse ] --START--
INFO: ParseTemplate Behavior ::run [ RunTime:0.040996s ]
INFO: [ view_parse ] --END-- [ RunTime:0.041174s ]
INFO: [ view_filter ] --START--
INFO: ContentReplace Behavior ::run [ RunTime:0.000733s ]
INFO: TokenBuild Behavior ::run [ RunTime:0.000657s ]
INFO: WriteHtmlCache Behavior ::run [ RunTime:0.000433s ]
INFO: ShowRuntime Behavior ::run [ RunTime:0.000601s ]
INFO: [ view_filter ] --END-- [ RunTime:0.002650s ]
NOTIC: [8] Constant THEME_NAME already defined /data/home/qxu1591180029/htdocs/ThinkPHP/Lib/Core/View.class.php 第 223 行.
NOTIC: [8] Constant THEME_PATH already defined /data/home/qxu1591180029/htdocs/ThinkPHP/Lib/Core/View.class.php 第 171 行.
NOTIC: [8] Constant APP_TMPL_PATH already defined /data/home/qxu1591180029/htdocs/ThinkPHP/Lib/Core/View.class.php 第 172 行.
INFO: [ view_parse ] --START--
INFO: ParseTemplate Behavior ::run [ RunTime:0.013310s ]
INFO: [ view_parse ] --END-- [ RunTime:-0.004487s ]
INFO: [ view_filter ] --START--
INFO: ContentReplace Behavior ::run [ RunTime:0.000115s ]
INFO: TokenBuild Behavior ::run [ RunTime:0.000043s ]
INFO: WriteHtmlCache Behavior ::run [ RunTime:0.000010s ]
INFO: ShowRuntime Behavior ::run [ RunTime:0.000062s ]
INFO: [ view_filter ] --END-- [ RunTime:-0.015202s ]
INFO: [ view_end ] --START--
INFO: ShowPageTrace Behavior ::run [ RunTime:0.000664s ]
INFO: [ view_end ] --END-- [ RunTime:0.000721s ]

[ 2016-02-15T13:42:44+08:00 ] 220.181.108.186 /
INFO: [ app_begin ] --START--
INFO: ReadHtmlCache Behavior ::run [ RunTime:0.000890s ]
INFO: [ app_begin ] --END-- [ RunTime:0.001120s ]

[ 2016-02-15T13:42:44+08:00 ] 220.181.108.162 /index.php/Index/Login/index
INFO: [ route_check ] --START--
INFO: CheckRoute Behavior ::run [ RunTime:0.000820s ]
INFO: [ route_check ] --END-- [ RunTime:0.000997s ]
INFO: [ app_begin ] --START--
INFO: ReadHtmlCache Behavior ::run [ RunTime:0.000608s ]
INFO: [ app_begin ] --END-- [ RunTime:0.000680s ]
INFO: [ view_parse ] --START--
INFO: ParseTemplate Behavior ::run [ RunTime:0.008667s ]
INFO: [ view_parse ] --END-- [ RunTime:0.008756s ]
INFO: [ view_filter ] --START--
INFO: ContentReplace Behavior ::run [ RunTime:0.000442s ]
INFO: TokenBuild Behavior ::run [ RunTime:0.000424s ]
INFO: WriteHtmlCache Behavior ::run [ RunTime:0.000343s ]
INFO: ShowRuntime Behavior ::run [ RunTime:0.000492s ]
INFO: [ view_filter ] --END-- [ RunTime:0.001896s ]
INFO: [ view_end ] --START--
INFO: ShowPageTrace Behavior ::run [ RunTime:0.000639s ]
INFO: [ view_end ] --END-- [ RunTime:0.000716s ]

[ 2016-02-15T17:08:37+08:00 ] 116.22.223.187 /
INFO: [ app_begin ] --START--
INFO: ReadHtmlCache Behavior ::run [ RunTime:0.000587s ]
INFO: [ app_begin ] --END-- [ RunTime:0.000732s ]

[ 2016-02-15T17:08:37+08:00 ] 116.22.223.187 /index.php/Index/Login/index
INFO: [ route_check ] --START--
INFO: CheckRoute Behavior ::run [ RunTime:0.000784s ]
INFO: [ route_check ] --END-- [ RunTime:0.000929s ]
INFO: [ app_begin ] --START--
INFO: ReadHtmlCache Behavior ::run [ RunTime:0.000561s ]
INFO: [ app_begin ] --END-- [ RunTime:0.000643s ]
INFO: [ view_parse ] --START--
INFO: ParseTemplate Behavior ::run [ RunTime:0.007941s ]
INFO: [ view_parse ] --END-- [ RunTime:0.008020s ]
INFO: [ view_filter ] --START--
INFO: ContentReplace Behavior ::run [ RunTime:0.000413s ]
INFO: TokenBuild Behavior ::run [ RunTime:0.000421s ]
INFO: WriteHtmlCache Behavior ::run [ RunTime:0.000314s ]
INFO: ShowRuntime Behavior ::run [ RunTime:0.000472s ]
INFO: [ view_filter ] --END-- [ RunTime:0.001798s ]
INFO: [ view_end ] --START--
INFO: ShowPageTrace Behavior ::run [ RunTime:0.000678s ]
INFO: [ view_end ] --END-- [ RunTime:0.000752s ]

[ 2016-02-15T17:08:38+08:00 ] 163.177.93.219 /
INFO: [ app_begin ] --START--
INFO: ReadHtmlCache Behavior ::run [ RunTime:0.000588s ]
INFO: [ app_begin ] --END-- [ RunTime:0.000763s ]

[ 2016-02-15T17:08:38+08:00 ] 183.232.90.36 /
INFO: [ app_begin ] --START--
INFO: ReadHtmlCache Behavior ::run [ RunTime:0.000724s ]
INFO: [ app_begin ] --END-- [ RunTime:0.000881s ]

[ 2016-02-15T17:08:56+08:00 ] 116.22.223.187 /index.php/Index/Login/runLogin
INFO: [ route_check ] --START--
INFO: CheckRoute Behavior ::run [ RunTime:0.000977s ]
INFO: [ route_check ] --END-- [ RunTime:0.001143s ]
INFO: [ app_begin ] --START--
INFO: ReadHtmlCache Behavior ::run [ RunTime:0.000584s ]
INFO: [ app_begin ] --END-- [ RunTime:0.000668s ]
SQL: SHOW COLUMNS FROM `qq_user` [ RunTime:0.001458s ]
SQL: SELECT * FROM `qq_user` WHERE ( `user_name` = 'aa' ) AND ( `password` = '4124bc0a9335c27f086f24ba207a4912' ) LIMIT 1   [ RunTime:0.000703s ]
INFO: [ view_parse ] --START--
INFO: ParseTemplate Behavior ::run [ RunTime:0.064905s ]
INFO: [ view_parse ] --END-- [ RunTime:0.065055s ]
INFO: [ view_filter ] --START--
INFO: ContentReplace Behavior ::run [ RunTime:0.000794s ]
INFO: TokenBuild Behavior ::run [ RunTime:0.000685s ]
INFO: WriteHtmlCache Behavior ::run [ RunTime:0.000605s ]
INFO: ShowRuntime Behavior ::run [ RunTime:0.000767s ]
INFO: [ view_filter ] --END-- [ RunTime:0.003116s ]
INFO: [ view_end ] --START--
INFO: ShowPageTrace Behavior ::run [ RunTime:0.000726s ]
INFO: [ view_end ] --END-- [ RunTime:0.000790s ]

[ 2016-02-15T17:08:56+08:00 ] 163.177.82.13 /
INFO: [ app_begin ] --START--
INFO: ReadHtmlCache Behavior ::run [ RunTime:0.000592s ]
INFO: [ app_begin ] --END-- [ RunTime:0.000764s ]

[ 2016-02-15T17:08:58+08:00 ] 116.22.223.187 /index.php/Index/Index/index
INFO: [ route_check ] --START--
INFO: CheckRoute Behavior ::run [ RunTime:0.000849s ]
INFO: [ route_check ] --END-- [ RunTime:0.001036s ]
INFO: [ app_begin ] --START--
INFO: ReadHtmlCache Behavior ::run [ RunTime:0.001248s ]
INFO: [ app_begin ] --END-- [ RunTime:0.001576s ]
SQL: SHOW COLUMNS FROM `qq_relation` [ RunTime:0.001267s ]
SQL: SHOW COLUMNS FROM qq_user u [ RunTime:0.000459s ]
ERR: 1064:You have an error in your SQL syntax; check the manual that corresponds to your MySQL server version for the right syntax to use near 'u' at line 1
 [ SQL语句 ] : SHOW COLUMNS FROM qq_user u
SQL: SHOW COLUMNS FROM qq_relation r [ RunTime:0.000612s ]
ERR: 1064:You have an error in your SQL syntax; check the manual that corresponds to your MySQL server version for the right syntax to use near 'r' at line 1
 [ SQL语句 ] : SHOW COLUMNS FROM qq_relation r
SQL: SELECT u.user_name,u.logo,u.style_name,r.friend_id,r.remark,r.group_name FROM qq_user u LEFT JOIN qq_relation r on u.user_id=r.friend_id WHERE ( r.user_id=1 AND status=1 AND (u.user_name like '%%' OR r.remark like '%%') )  [ RunTime:0.000786s ]
SQL: SHOW COLUMNS FROM `qq_user` [ RunTime:0.000864s ]
SQL: SHOW COLUMNS FROM `qq_user` [ RunTime:0.000777s ]
SQL: SELECT `user_name`,`style_name`,`logo` FROM `qq_user` WHERE ( user_id=1 ) LIMIT 1   [ RunTime:0.000549s ]
SQL: SHOW COLUMNS FROM `qq_relation` [ RunTime:0.000799s ]
SQL: SELECT count(*) num FROM `qq_relation` WHERE ( friend_id=1 and status=0 ) LIMIT 1   [ RunTime:0.000549s ]
INFO: [ view_parse ] --START--
INFO: ParseTemplate Behavior ::run [ RunTime:0.010467s ]
INFO: [ view_parse ] --END-- [ RunTime:0.010569s ]
INFO: [ view_filter ] --START--
INFO: ContentReplace Behavior ::run [ RunTime:0.000515s ]
INFO: TokenBuild Behavior ::run [ RunTime:0.000495s ]
INFO: WriteHtmlCache Behavior ::run [ RunTime:0.000316s ]
INFO: ShowRuntime Behavior ::run [ RunTime:0.000513s ]
INFO: [ view_filter ] --END-- [ RunTime:0.002015s ]
NOTIC: [8] Constant THEME_NAME already defined /data/home/qxu1591180029/htdocs/ThinkPHP/Lib/Core/View.class.php 第 223 行.
NOTIC: [8] Constant THEME_PATH already defined /data/home/qxu1591180029/htdocs/ThinkPHP/Lib/Core/View.class.php 第 171 行.
NOTIC: [8] Constant APP_TMPL_PATH already defined /data/home/qxu1591180029/htdocs/ThinkPHP/Lib/Core/View.class.php 第 172 行.
INFO: [ view_parse ] --START--
INFO: ParseTemplate Behavior ::run [ RunTime:0.005246s ]
INFO: [ view_parse ] --END-- [ RunTime:-0.002458s ]
INFO: [ view_filter ] --START--
INFO: ContentReplace Behavior ::run [ RunTime:0.000169s ]
INFO: TokenBuild Behavior ::run [ RunTime:0.000044s ]
INFO: WriteHtmlCache Behavior ::run [ RunTime:0.000011s ]
INFO: ShowRuntime Behavior ::run [ RunTime:0.000064s ]
INFO: [ view_filter ] --END-- [ RunTime:-0.006775s ]
INFO: [ view_end ] --START--
INFO: ShowPageTrace Behavior ::run [ RunTime:0.001696s ]
INFO: [ view_end ] --END-- [ RunTime:0.001763s ]

[ 2016-02-15T17:09:04+08:00 ] 116.22.223.187 /index.php/Index/Index/chat/user_id/29
INFO: [ route_check ] --START--
INFO: CheckRoute Behavior ::run [ RunTime:0.001006s ]
INFO: [ route_check ] --END-- [ RunTime:0.001193s ]
INFO: [ app_begin ] --START--
INFO: ReadHtmlCache Behavior ::run [ RunTime:0.000611s ]
INFO: [ app_begin ] --END-- [ RunTime:0.000686s ]
SQL: SHOW COLUMNS FROM `qq_user` [ RunTime:0.001139s ]
SQL: SELECT `user_id`,`user_name`,`logo`,`style_name` FROM `qq_user` WHERE ( `user_id` = 29 ) LIMIT 1   [ RunTime:0.000641s ]
INFO: [ view_parse ] --START--
INFO: ParseTemplate Behavior ::run [ RunTime:0.026321s ]
INFO: [ view_parse ] --END-- [ RunTime:0.026459s ]
INFO: [ view_filter ] --START--
INFO: ContentReplace Behavior ::run [ RunTime:0.000523s ]
INFO: TokenBuild Behavior ::run [ RunTime:0.000461s ]
INFO: WriteHtmlCache Behavior ::run [ RunTime:0.000388s ]
INFO: ShowRuntime Behavior ::run [ RunTime:0.000531s ]
INFO: [ view_filter ] --END-- [ RunTime:0.002094s ]
INFO: [ view_end ] --START--
INFO: ShowPageTrace Behavior ::run [ RunTime:0.000722s ]
INFO: [ view_end ] --END-- [ RunTime:0.000800s ]

[ 2016-02-15T17:09:06+08:00 ] 116.22.223.187 /index.php/Index/Index/runChat
INFO: [ route_check ] --START--
INFO: CheckRoute Behavior ::run [ RunTime:0.000824s ]
INFO: [ route_check ] --END-- [ RunTime:0.000978s ]
INFO: [ app_begin ] --START--
INFO: ReadHtmlCache Behavior ::run [ RunTime:0.000599s ]
INFO: [ app_begin ] --END-- [ RunTime:0.000661s ]
SQL: SHOW COLUMNS FROM `qq_content` [ RunTime:0.001293s ]
SQL: SELECT * FROM `qq_content` WHERE ( (user_id=1 and pid=29) or (user_id=29 and pid=1) ) ORDER BY time  [ RunTime:0.000965s ]
SQL: SHOW COLUMNS FROM `qq_user` [ RunTime:0.001308s ]
SQL: SELECT `user_name` FROM `qq_user` WHERE ( user_id=29 ) LIMIT 1   [ RunTime:0.000548s ]
SQL: SELECT `user_name` FROM `qq_user` WHERE ( user_id=29 ) LIMIT 1   [ RunTime:0.000541s ]
SQL: SELECT `user_name` FROM `qq_user` WHERE ( user_id=1 ) LIMIT 1   [ RunTime:0.000505s ]
SQL: SELECT `user_name` FROM `qq_user` WHERE ( user_id=1 ) LIMIT 1   [ RunTime:0.000451s ]
SQL: SELECT `user_name` FROM `qq_user` WHERE ( user_id=1 ) LIMIT 1   [ RunTime:0.000415s ]

[ 2016-02-15T17:09:06+08:00 ] 116.22.223.187 /index.php/Index/Index/runChat
INFO: [ route_check ] --START--
INFO: CheckRoute Behavior ::run [ RunTime:0.000822s ]
INFO: [ route_check ] --END-- [ RunTime:0.000988s ]
INFO: [ app_begin ] --START--
INFO: ReadHtmlCache Behavior ::run [ RunTime:0.000590s ]
INFO: [ app_begin ] --END-- [ RunTime:0.000664s ]
SQL: SHOW COLUMNS FROM `qq_content` [ RunTime:0.001076s ]
SQL: SELECT * FROM `qq_content` WHERE ( (user_id=1 and pid=29) or (user_id=29 and pid=1) ) ORDER BY time  [ RunTime:0.000514s ]
SQL: SHOW COLUMNS FROM `qq_user` [ RunTime:0.000852s ]
SQL: SELECT `user_name` FROM `qq_user` WHERE ( user_id=29 ) LIMIT 1   [ RunTime:0.000505s ]
SQL: SELECT `user_name` FROM `qq_user` WHERE ( user_id=29 ) LIMIT 1   [ RunTime:0.000459s ]
SQL: SELECT `user_name` FROM `qq_user` WHERE ( user_id=1 ) LIMIT 1   [ RunTime:0.000467s ]
SQL: SELECT `user_name` FROM `qq_user` WHERE ( user_id=1 ) LIMIT 1   [ RunTime:0.000405s ]
SQL: SELECT `user_name` FROM `qq_user` WHERE ( user_id=1 ) LIMIT 1   [ RunTime:0.000392s ]

[ 2016-02-15T17:09:07+08:00 ] 116.22.223.187 /index.php/Index/Index/runChat
INFO: [ route_check ] --START--
INFO: CheckRoute Behavior ::run [ RunTime:0.000867s ]
INFO: [ route_check ] --END-- [ RunTime:0.001045s ]
INFO: [ app_begin ] --START--
INFO: ReadHtmlCache Behavior ::run [ RunTime:0.000619s ]
INFO: [ app_begin ] --END-- [ RunTime:0.000700s ]
SQL: SHOW COLUMNS FROM `qq_content` [ RunTime:0.001096s ]
SQL: SELECT * FROM `qq_content` WHERE ( (user_id=1 and pid=29) or (user_id=29 and pid=1) ) ORDER BY time  [ RunTime:0.000510s ]
SQL: SHOW COLUMNS FROM `qq_user` [ RunTime:0.000874s ]
SQL: SELECT `user_name` FROM `qq_user` WHERE ( user_id=29 ) LIMIT 1   [ RunTime:0.000476s ]
SQL: SELECT `user_name` FROM `qq_user` WHERE ( user_id=29 ) LIMIT 1   [ RunTime:0.000431s ]
SQL: SELECT `user_name` FROM `qq_user` WHERE ( user_id=1 ) LIMIT 1   [ RunTime:0.000442s ]
SQL: SELECT `user_name` FROM `qq_user` WHERE ( user_id=1 ) LIMIT 1   [ RunTime:0.002513s ]
SQL: SELECT `user_name` FROM `qq_user` WHERE ( user_id=1 ) LIMIT 1   [ RunTime:0.000479s ]

[ 2016-02-15T17:09:07+08:00 ] 116.22.223.187 /index.php/Index/Index/runChat
INFO: [ route_check ] --START--
INFO: CheckRoute Behavior ::run [ RunTime:0.000807s ]
INFO: [ route_check ] --END-- [ RunTime:0.000960s ]
INFO: [ app_begin ] --START--
INFO: ReadHtmlCache Behavior ::run [ RunTime:0.000584s ]
INFO: [ app_begin ] --END-- [ RunTime:0.000646s ]
SQL: SHOW COLUMNS FROM `qq_content` [ RunTime:0.001149s ]
SQL: SELECT * FROM `qq_content` WHERE ( (user_id=1 and pid=29) or (user_id=29 and pid=1) ) ORDER BY time  [ RunTime:0.000570s ]
SQL: SHOW COLUMNS FROM `qq_user` [ RunTime:0.000827s ]
SQL: SELECT `user_name` FROM `qq_user` WHERE ( user_id=29 ) LIMIT 1   [ RunTime:0.000389s ]
SQL: SELECT `user_name` FROM `qq_user` WHERE ( user_id=29 ) LIMIT 1   [ RunTime:0.000461s ]
SQL: SELECT `user_name` FROM `qq_user` WHERE ( user_id=1 ) LIMIT 1   [ RunTime:0.000419s ]
SQL: SELECT `user_name` FROM `qq_user` WHERE ( user_id=1 ) LIMIT 1   [ RunTime:0.000402s ]
SQL: SELECT `user_name` FROM `qq_user` WHERE ( user_id=1 ) LIMIT 1   [ RunTime:0.000429s ]

[ 2016-02-15T17:09:08+08:00 ] 116.22.223.187 /index.php/Index/Index/runChat
INFO: [ route_check ] --START--
INFO: CheckRoute Behavior ::run [ RunTime:0.000866s ]
INFO: [ route_check ] --END-- [ RunTime:0.001036s ]
INFO: [ app_begin ] --START--
INFO: ReadHtmlCache Behavior ::run [ RunTime:0.000637s ]
INFO: [ app_begin ] --END-- [ RunTime:0.000704s ]
SQL: SHOW COLUMNS FROM `qq_content` [ RunTime:0.001071s ]
SQL: SELECT * FROM `qq_content` WHERE ( (user_id=1 and pid=29) or (user_id=29 and pid=1) ) ORDER BY time  [ RunTime:0.002325s ]
SQL: SHOW COLUMNS FROM `qq_user` [ RunTime:0.000875s ]
SQL: SELECT `user_name` FROM `qq_user` WHERE ( user_id=29 ) LIMIT 1   [ RunTime:0.000496s ]
SQL: SELECT `user_name` FROM `qq_user` WHERE ( user_id=29 ) LIMIT 1   [ RunTime:0.000491s ]
SQL: SELECT `user_name` FROM `qq_user` WHERE ( user_id=1 ) LIMIT 1   [ RunTime:0.000426s ]
SQL: SELECT `user_name` FROM `qq_user` WHERE ( user_id=1 ) LIMIT 1   [ RunTime:0.000432s ]
SQL: SELECT `user_name` FROM `qq_user` WHERE ( user_id=1 ) LIMIT 1   [ RunTime:0.000452s ]

[ 2016-02-15T17:09:08+08:00 ] 116.22.223.187 /index.php/Index/Index/runChat
INFO: [ route_check ] --START--
INFO: CheckRoute Behavior ::run [ RunTime:0.000813s ]
INFO: [ route_check ] --END-- [ RunTime:0.000976s ]
INFO: [ app_begin ] --START--
INFO: ReadHtmlCache Behavior ::run [ RunTime:0.000581s ]
INFO: [ app_begin ] --END-- [ RunTime:0.000650s ]
SQL: SHOW COLUMNS FROM `qq_content` [ RunTime:0.001030s ]
SQL: SELECT * FROM `qq_content` WHERE ( (user_id=1 and pid=29) or (user_id=29 and pid=1) ) ORDER BY time  [ RunTime:0.000489s ]
SQL: SHOW COLUMNS FROM `qq_user` [ RunTime:0.000791s ]
SQL: SELECT `user_name` FROM `qq_user` WHERE ( user_id=29 ) LIMIT 1   [ RunTime:0.000441s ]
SQL: SELECT `user_name` FROM `qq_user` WHERE ( user_id=29 ) LIMIT 1   [ RunTime:0.000418s ]
SQL: SELECT `user_name` FROM `qq_user` WHERE ( user_id=1 ) LIMIT 1   [ RunTime:0.000390s ]
SQL: SELECT `user_name` FROM `qq_user` WHERE ( user_id=1 ) LIMIT 1   [ RunTime:0.000403s ]
SQL: SELECT `user_name` FROM `qq_user` WHERE ( user_id=1 ) LIMIT 1   [ RunTime:0.000413s ]

[ 2016-02-15T17:09:09+08:00 ] 116.22.223.187 /index.php/Index/Index/runChat
INFO: [ route_check ] --START--
INFO: CheckRoute Behavior ::run [ RunTime:0.000809s ]
INFO: [ route_check ] --END-- [ RunTime:0.000970s ]
INFO: [ app_begin ] --START--
INFO: ReadHtmlCache Behavior ::run [ RunTime:0.000626s ]
INFO: [ app_begin ] --END-- [ RunTime:0.000687s ]
SQL: SHOW COLUMNS FROM `qq_content` [ RunTime:0.000984s ]
SQL: SELECT * FROM `qq_content` WHERE ( (user_id=1 and pid=29) or (user_id=29 and pid=1) ) ORDER BY time  [ RunTime:0.000458s ]
SQL: SHOW COLUMNS FROM `qq_user` [ RunTime:0.000814s ]
SQL: SELECT `user_name` FROM `qq_user` WHERE ( user_id=29 ) LIMIT 1   [ RunTime:0.000389s ]
SQL: SELECT `user_name` FROM `qq_user` WHERE ( user_id=29 ) LIMIT 1   [ RunTime:0.000412s ]
SQL: SELECT `user_name` FROM `qq_user` WHERE ( user_id=1 ) LIMIT 1   [ RunTime:0.000398s ]
SQL: SELECT `user_name` FROM `qq_user` WHERE ( user_id=1 ) LIMIT 1   [ RunTime:0.000419s ]
SQL: SELECT `user_name` FROM `qq_user` WHERE ( user_id=1 ) LIMIT 1   [ RunTime:0.000379s ]

[ 2016-02-15T17:09:09+08:00 ] 116.22.223.187 /index.php/Index/Index/runChat
INFO: [ route_check ] --START--
INFO: CheckRoute Behavior ::run [ RunTime:0.000813s ]
INFO: [ route_check ] --END-- [ RunTime:0.000959s ]
INFO: [ app_begin ] --START--
INFO: ReadHtmlCache Behavior ::run [ RunTime:0.000586s ]
INFO: [ app_begin ] --END-- [ RunTime:0.000649s ]
SQL: SHOW COLUMNS FROM `qq_content` [ RunTime:0.001048s ]
SQL: SELECT * FROM `qq_content` WHERE ( (user_id=1 and pid=29) or (user_id=29 and pid=1) ) ORDER BY time  [ RunTime:0.000541s ]
SQL: SHOW COLUMNS FROM `qq_user` [ RunTime:0.000872s ]
SQL: SELECT `user_name` FROM `qq_user` WHERE ( user_id=29 ) LIMIT 1   [ RunTime:0.000417s ]
SQL: SELECT `user_name` FROM `qq_user` WHERE ( user_id=29 ) LIMIT 1   [ RunTime:0.000440s ]
SQL: SELECT `user_name` FROM `qq_user` WHERE ( user_id=1 ) LIMIT 1   [ RunTime:0.000441s ]
SQL: SELECT `user_name` FROM `qq_user` WHERE ( user_id=1 ) LIMIT 1   [ RunTime:0.000423s ]
SQL: SELECT `user_name` FROM `qq_user` WHERE ( user_id=1 ) LIMIT 1   [ RunTime:0.000427s ]

[ 2016-02-15T17:09:10+08:00 ] 116.22.223.187 /index.php/Index/Index/runChat
INFO: [ route_check ] --START--
INFO: CheckRoute Behavior ::run [ RunTime:0.001171s ]
INFO: [ route_check ] --END-- [ RunTime:0.001357s ]
INFO: [ app_begin ] --START--
INFO: ReadHtmlCache Behavior ::run [ RunTime:0.000713s ]
INFO: [ app_begin ] --END-- [ RunTime:0.000800s ]
SQL: SHOW COLUMNS FROM `qq_content` [ RunTime:0.001003s ]
SQL: SELECT * FROM `qq_content` WHERE ( (user_id=1 and pid=29) or (user_id=29 and pid=1) ) ORDER BY time  [ RunTime:0.000465s ]
SQL: SHOW COLUMNS FROM `qq_user` [ RunTime:0.000750s ]
SQL: SELECT `user_name` FROM `qq_user` WHERE ( user_id=29 ) LIMIT 1   [ RunTime:0.000389s ]
SQL: SELECT `user_name` FROM `qq_user` WHERE ( user_id=29 ) LIMIT 1   [ RunTime:0.000740s ]
SQL: SELECT `user_name` FROM `qq_user` WHERE ( user_id=1 ) LIMIT 1   [ RunTime:0.000442s ]
SQL: SELECT `user_name` FROM `qq_user` WHERE ( user_id=1 ) LIMIT 1   [ RunTime:0.000464s ]
SQL: SELECT `user_name` FROM `qq_user` WHERE ( user_id=1 ) LIMIT 1   [ RunTime:0.000424s ]

[ 2016-02-15T17:09:10+08:00 ] 116.22.223.187 /index.php/Index/Index/runChat
INFO: [ route_check ] --START--
INFO: CheckRoute Behavior ::run [ RunTime:0.001252s ]
INFO: [ route_check ] --END-- [ RunTime:0.001469s ]
INFO: [ app_begin ] --START--
INFO: ReadHtmlCache Behavior ::run [ RunTime:0.000604s ]
INFO: [ app_begin ] --END-- [ RunTime:0.000669s ]
SQL: SHOW COLUMNS FROM `qq_content` [ RunTime:0.000936s ]
SQL: SELECT * FROM `qq_content` WHERE ( (user_id=1 and pid=29) or (user_id=29 and pid=1) ) ORDER BY time  [ RunTime:0.002461s ]
SQL: SHOW COLUMNS FROM `qq_user` [ RunTime:0.000857s ]
SQL: SELECT `user_name` FROM `qq_user` WHERE ( user_id=29 ) LIMIT 1   [ RunTime:0.000415s ]
SQL: SELECT `user_name` FROM `qq_user` WHERE ( user_id=29 ) LIMIT 1   [ RunTime:0.000377s ]
SQL: SELECT `user_name` FROM `qq_user` WHERE ( user_id=1 ) LIMIT 1   [ RunTime:0.000519s ]
SQL: SELECT `user_name` FROM `qq_user` WHERE ( user_id=1 ) LIMIT 1   [ RunTime:0.000373s ]
SQL: SELECT `user_name` FROM `qq_user` WHERE ( user_id=1 ) LIMIT 1   [ RunTime:0.000366s ]

[ 2016-02-15T17:09:11+08:00 ] 116.22.223.187 /index.php/Index/Index/runChat
INFO: [ route_check ] --START--
INFO: CheckRoute Behavior ::run [ RunTime:0.000890s ]
INFO: [ route_check ] --END-- [ RunTime:0.001048s ]
INFO: [ app_begin ] --START--
INFO: ReadHtmlCache Behavior ::run [ RunTime:0.000589s ]
INFO: [ app_begin ] --END-- [ RunTime:0.000651s ]
SQL: SHOW COLUMNS FROM `qq_content` [ RunTime:0.000935s ]
SQL: SELECT * FROM `qq_content` WHERE ( (user_id=1 and pid=29) or (user_id=29 and pid=1) ) ORDER BY time  [ RunTime:0.000478s ]
SQL: SHOW COLUMNS FROM `qq_user` [ RunTime:0.000817s ]
SQL: SELECT `user_name` FROM `qq_user` WHERE ( user_id=29 ) LIMIT 1   [ RunTime:0.000440s ]
SQL: SELECT `user_name` FROM `qq_user` WHERE ( user_id=29 ) LIMIT 1   [ RunTime:0.000403s ]
SQL: SELECT `user_name` FROM `qq_user` WHERE ( user_id=1 ) LIMIT 1   [ RunTime:0.000412s ]
SQL: SELECT `user_name` FROM `qq_user` WHERE ( user_id=1 ) LIMIT 1   [ RunTime:0.000430s ]
SQL: SELECT `user_name` FROM `qq_user` WHERE ( user_id=1 ) LIMIT 1   [ RunTime:0.000428s ]

[ 2016-02-15T17:09:11+08:00 ] 116.22.223.187 /index.php/Index/Index/runChat
INFO: [ route_check ] --START--
INFO: CheckRoute Behavior ::run [ RunTime:0.000826s ]
INFO: [ route_check ] --END-- [ RunTime:0.001003s ]
INFO: [ app_begin ] --START--
INFO: ReadHtmlCache Behavior ::run [ RunTime:0.000592s ]
INFO: [ app_begin ] --END-- [ RunTime:0.000658s ]
SQL: SHOW COLUMNS FROM `qq_content` [ RunTime:0.001152s ]
SQL: SELECT * FROM `qq_content` WHERE ( (user_id=1 and pid=29) or (user_id=29 and pid=1) ) ORDER BY time  [ RunTime:0.000597s ]
SQL: SHOW COLUMNS FROM `qq_user` [ RunTime:0.000834s ]
SQL: SELECT `user_name` FROM `qq_user` WHERE ( user_id=29 ) LIMIT 1   [ RunTime:0.000384s ]
SQL: SELECT `user_name` FROM `qq_user` WHERE ( user_id=29 ) LIMIT 1   [ RunTime:0.000408s ]
SQL: SELECT `user_name` FROM `qq_user` WHERE ( user_id=1 ) LIMIT 1   [ RunTime:0.000434s ]
SQL: SELECT `user_name` FROM `qq_user` WHERE ( user_id=1 ) LIMIT 1   [ RunTime:0.000437s ]
SQL: SELECT `user_name` FROM `qq_user` WHERE ( user_id=1 ) LIMIT 1   [ RunTime:0.000460s ]

[ 2016-02-15T17:09:11+08:00 ] 116.22.223.187 /index.php/Index/Index/runChat
INFO: [ route_check ] --START--
INFO: CheckRoute Behavior ::run [ RunTime:0.001136s ]
INFO: [ route_check ] --END-- [ RunTime:0.001362s ]
INFO: [ app_begin ] --START--
INFO: ReadHtmlCache Behavior ::run [ RunTime:0.000869s ]
INFO: [ app_begin ] --END-- [ RunTime:0.000969s ]
SQL: SHOW COLUMNS FROM `qq_content` [ RunTime:0.001144s ]
SQL: INSERT INTO `qq_content` (`user_id`,`pid`,`content`,`time`) VALUES (1,29,'tggg\n',1455527351) [ RunTime:0.008510s ]
SQL: SELECT * FROM `qq_content` WHERE ( (user_id=1 and pid=29) or (user_id=29 and pid=1) ) ORDER BY time  [ RunTime:0.000778s ]
SQL: SHOW COLUMNS FROM `qq_user` [ RunTime:0.000895s ]
SQL: SELECT `user_name` FROM `qq_user` WHERE ( user_id=29 ) LIMIT 1   [ RunTime:0.000499s ]
SQL: SELECT `user_name` FROM `qq_user` WHERE ( user_id=29 ) LIMIT 1   [ RunTime:0.000525s ]
SQL: SELECT `user_name` FROM `qq_user` WHERE ( user_id=1 ) LIMIT 1   [ RunTime:0.000599s ]
SQL: SELECT `user_name` FROM `qq_user` WHERE ( user_id=1 ) LIMIT 1   [ RunTime:0.000599s ]
SQL: SELECT `user_name` FROM `qq_user` WHERE ( user_id=1 ) LIMIT 1   [ RunTime:0.000499s ]
SQL: SELECT `user_name` FROM `qq_user` WHERE ( user_id=1 ) LIMIT 1   [ RunTime:0.000420s ]

[ 2016-02-15T17:09:12+08:00 ] 116.22.223.187 /index.php/Index/Index/runChat
INFO: [ route_check ] --START--
INFO: CheckRoute Behavior ::run [ RunTime:0.000839s ]
INFO: [ route_check ] --END-- [ RunTime:0.000998s ]
INFO: [ app_begin ] --START--
INFO: ReadHtmlCache Behavior ::run [ RunTime:0.000606s ]
INFO: [ app_begin ] --END-- [ RunTime:0.000671s ]
SQL: SHOW COLUMNS FROM `qq_content` [ RunTime:0.001007s ]
SQL: SELECT * FROM `qq_content` WHERE ( (user_id=1 and pid=29) or (user_id=29 and pid=1) ) ORDER BY time  [ RunTime:0.000505s ]
SQL: SHOW COLUMNS FROM `qq_user` [ RunTime:0.000805s ]
SQL: SELECT `user_name` FROM `qq_user` WHERE ( user_id=29 ) LIMIT 1   [ RunTime:0.000430s ]
SQL: SELECT `user_name` FROM `qq_user` WHERE ( user_id=29 ) LIMIT 1   [ RunTime:0.000390s ]
SQL: SELECT `user_name` FROM `qq_user` WHERE ( user_id=1 ) LIMIT 1   [ RunTime:0.000466s ]
SQL: SELECT `user_name` FROM `qq_user` WHERE ( user_id=1 ) LIMIT 1   [ RunTime:0.000443s ]
SQL: SELECT `user_name` FROM `qq_user` WHERE ( user_id=1 ) LIMIT 1   [ RunTime:0.000375s ]
SQL: SELECT `user_name` FROM `qq_user` WHERE ( user_id=1 ) LIMIT 1   [ RunTime:0.000388s ]

[ 2016-02-15T17:09:12+08:00 ] 116.22.223.187 /index.php/Index/Index/runChat
INFO: [ route_check ] --START--
INFO: CheckRoute Behavior ::run [ RunTime:0.000845s ]
INFO: [ route_check ] --END-- [ RunTime:0.001025s ]
INFO: [ app_begin ] --START--
INFO: ReadHtmlCache Behavior ::run [ RunTime:0.000887s ]
INFO: [ app_begin ] --END-- [ RunTime:0.000973s ]
SQL: SHOW COLUMNS FROM `qq_content` [ RunTime:0.001013s ]
SQL: SELECT * FROM `qq_content` WHERE ( (user_id=1 and pid=29) or (user_id=29 and pid=1) ) ORDER BY time  [ RunTime:0.001103s ]
SQL: SHOW COLUMNS FROM `qq_user` [ RunTime:0.000800s ]
SQL: SELECT `user_name` FROM `qq_user` WHERE ( user_id=29 ) LIMIT 1   [ RunTime:0.000445s ]
SQL: SELECT `user_name` FROM `qq_user` WHERE ( user_id=29 ) LIMIT 1   [ RunTime:0.000396s ]
SQL: SELECT `user_name` FROM `qq_user` WHERE ( user_id=1 ) LIMIT 1   [ RunTime:0.000417s ]
SQL: SELECT `user_name` FROM `qq_user` WHERE ( user_id=1 ) LIMIT 1   [ RunTime:0.000416s ]
SQL: SELECT `user_name` FROM `qq_user` WHERE ( user_id=1 ) LIMIT 1   [ RunTime:0.000383s ]
SQL: SELECT `user_name` FROM `qq_user` WHERE ( user_id=1 ) LIMIT 1   [ RunTime:0.000382s ]

[ 2016-02-15T17:09:13+08:00 ] 116.22.223.187 /index.php/Index/Index/runChat
INFO: [ route_check ] --START--
INFO: CheckRoute Behavior ::run [ RunTime:0.000816s ]
INFO: [ route_check ] --END-- [ RunTime:0.000983s ]
INFO: [ app_begin ] --START--
INFO: ReadHtmlCache Behavior ::run [ RunTime:0.000589s ]
INFO: [ app_begin ] --END-- [ RunTime:0.000652s ]
SQL: SHOW COLUMNS FROM `qq_content` [ RunTime:0.000995s ]
SQL: SELECT * FROM `qq_content` WHERE ( (user_id=1 and pid=29) or (user_id=29 and pid=1) ) ORDER BY time  [ RunTime:0.000554s ]
SQL: SHOW COLUMNS FROM `qq_user` [ RunTime:0.000817s ]
SQL: SELECT `user_name` FROM `qq_user` WHERE ( user_id=29 ) LIMIT 1   [ RunTime:0.000501s ]
SQL: SELECT `user_name` FROM `qq_user` WHERE ( user_id=29 ) LIMIT 1   [ RunTime:0.000436s ]
SQL: SELECT `user_name` FROM `qq_user` WHERE ( user_id=1 ) LIMIT 1   [ RunTime:0.003017s ]
SQL: SELECT `user_name` FROM `qq_user` WHERE ( user_id=1 ) LIMIT 1   [ RunTime:0.002571s ]
SQL: SELECT `user_name` FROM `qq_user` WHERE ( user_id=1 ) LIMIT 1   [ RunTime:0.000442s ]
SQL: SELECT `user_name` FROM `qq_user` WHERE ( user_id=1 ) LIMIT 1   [ RunTime:0.000424s ]

[ 2016-02-15T17:09:13+08:00 ] 116.22.223.187 /index.php/Index/Index/runChat
INFO: [ route_check ] --START--
INFO: CheckRoute Behavior ::run [ RunTime:0.000808s ]
INFO: [ route_check ] --END-- [ RunTime:0.000958s ]
INFO: [ app_begin ] --START--
INFO: ReadHtmlCache Behavior ::run [ RunTime:0.000586s ]
INFO: [ app_begin ] --END-- [ RunTime:0.000660s ]
SQL: SHOW COLUMNS FROM `qq_content` [ RunTime:0.001040s ]
SQL: SELECT * FROM `qq_content` WHERE ( (user_id=1 and pid=29) or (user_id=29 and pid=1) ) ORDER BY time  [ RunTime:0.000590s ]
SQL: SHOW COLUMNS FROM `qq_user` [ RunTime:0.000821s ]
SQL: SELECT `user_name` FROM `qq_user` WHERE ( user_id=29 ) LIMIT 1   [ RunTime:0.000405s ]
SQL: SELECT `user_name` FROM `qq_user` WHERE ( user_id=29 ) LIMIT 1   [ RunTime:0.000466s ]
SQL: SELECT `user_name` FROM `qq_user` WHERE ( user_id=1 ) LIMIT 1   [ RunTime:0.000448s ]
SQL: SELECT `user_name` FROM `qq_user` WHERE ( user_id=1 ) LIMIT 1   [ RunTime:0.000489s ]
SQL: SELECT `user_name` FROM `qq_user` WHERE ( user_id=1 ) LIMIT 1   [ RunTime:0.000469s ]
SQL: SELECT `user_name` FROM `qq_user` WHERE ( user_id=1 ) LIMIT 1   [ RunTime:0.000467s ]

[ 2016-02-15T17:09:14+08:00 ] 116.22.223.187 /index.php/Index/Index/runChat
INFO: [ route_check ] --START--
INFO: CheckRoute Behavior ::run [ RunTime:0.001267s ]
INFO: [ route_check ] --END-- [ RunTime:0.001506s ]
INFO: [ app_begin ] --START--
INFO: ReadHtmlCache Behavior ::run [ RunTime:0.000738s ]
INFO: [ app_begin ] --END-- [ RunTime:0.000809s ]
SQL: SHOW COLUMNS FROM `qq_content` [ RunTime:0.001030s ]
SQL: SELECT * FROM `qq_content` WHERE ( (user_id=1 and pid=29) or (user_id=29 and pid=1) ) ORDER BY time  [ RunTime:0.000512s ]
SQL: SHOW COLUMNS FROM `qq_user` [ RunTime:0.000836s ]
SQL: SELECT `user_name` FROM `qq_user` WHERE ( user_id=29 ) LIMIT 1   [ RunTime:0.000479s ]
SQL: SELECT `user_name` FROM `qq_user` WHERE ( user_id=29 ) LIMIT 1   [ RunTime:0.000421s ]
SQL: SELECT `user_name` FROM `qq_user` WHERE ( user_id=1 ) LIMIT 1   [ RunTime:0.000506s ]
SQL: SELECT `user_name` FROM `qq_user` WHERE ( user_id=1 ) LIMIT 1   [ RunTime:0.000537s ]
SQL: SELECT `user_name` FROM `qq_user` WHERE ( user_id=1 ) LIMIT 1   [ RunTime:0.000410s ]
SQL: SELECT `user_name` FROM `qq_user` WHERE ( user_id=1 ) LIMIT 1   [ RunTime:0.000444s ]

[ 2016-02-15T17:09:14+08:00 ] 116.22.223.187 /index.php/Index/Index/runChat
INFO: [ route_check ] --START--
INFO: CheckRoute Behavior ::run [ RunTime:0.001064s ]
INFO: [ route_check ] --END-- [ RunTime:0.001287s ]
INFO: [ app_begin ] --START--
INFO: ReadHtmlCache Behavior ::run [ RunTime:0.000815s ]
INFO: [ app_begin ] --END-- [ RunTime:0.000887s ]
SQL: SHOW COLUMNS FROM `qq_content` [ RunTime:0.001067s ]
SQL: SELECT * FROM `qq_content` WHERE ( (user_id=1 and pid=29) or (user_id=29 and pid=1) ) ORDER BY time  [ RunTime:0.000513s ]
SQL: SHOW COLUMNS FROM `qq_user` [ RunTime:0.000864s ]
SQL: SELECT `user_name` FROM `qq_user` WHERE ( user_id=29 ) LIMIT 1   [ RunTime:0.000498s ]
SQL: SELECT `user_name` FROM `qq_user` WHERE ( user_id=29 ) LIMIT 1   [ RunTime:0.000442s ]
SQL: SELECT `user_name` FROM `qq_user` WHERE ( user_id=1 ) LIMIT 1   [ RunTime:0.000540s ]
SQL: SELECT `user_name` FROM `qq_user` WHERE ( user_id=1 ) LIMIT 1   [ RunTime:0.000438s ]
SQL: SELECT `user_name` FROM `qq_user` WHERE ( user_id=1 ) LIMIT 1   [ RunTime:0.000496s ]
SQL: SELECT `user_name` FROM `qq_user` WHERE ( user_id=1 ) LIMIT 1   [ RunTime:0.000410s ]

[ 2016-02-15T17:09:15+08:00 ] 116.22.223.187 /index.php/Index/Index/runChat
INFO: [ route_check ] --START--
INFO: CheckRoute Behavior ::run [ RunTime:0.000880s ]
INFO: [ route_check ] --END-- [ RunTime:0.001052s ]
INFO: [ app_begin ] --START--
INFO: ReadHtmlCache Behavior ::run [ RunTime:0.000595s ]
INFO: [ app_begin ] --END-- [ RunTime:0.000658s ]
SQL: SHOW COLUMNS FROM `qq_content` [ RunTime:0.001114s ]
SQL: SELECT * FROM `qq_content` WHERE ( (user_id=1 and pid=29) or (user_id=29 and pid=1) ) ORDER BY time  [ RunTime:0.000590s ]
SQL: SHOW COLUMNS FROM `qq_user` [ RunTime:0.001060s ]
SQL: SELECT `user_name` FROM `qq_user` WHERE ( user_id=29 ) LIMIT 1   [ RunTime:0.000463s ]
SQL: SELECT `user_name` FROM `qq_user` WHERE ( user_id=29 ) LIMIT 1   [ RunTime:0.000553s ]
SQL: SELECT `user_name` FROM `qq_user` WHERE ( user_id=1 ) LIMIT 1   [ RunTime:0.003269s ]
SQL: SELECT `user_name` FROM `qq_user` WHERE ( user_id=1 ) LIMIT 1   [ RunTime:0.000458s ]
SQL: SELECT `user_name` FROM `qq_user` WHERE ( user_id=1 ) LIMIT 1   [ RunTime:0.000504s ]
SQL: SELECT `user_name` FROM `qq_user` WHERE ( user_id=1 ) LIMIT 1   [ RunTime:0.000408s ]

[ 2016-02-15T17:09:15+08:00 ] 116.22.223.187 /index.php/Index/Index/runChat
INFO: [ route_check ] --START--
INFO: CheckRoute Behavior ::run [ RunTime:0.000963s ]
INFO: [ route_check ] --END-- [ RunTime:0.001123s ]
INFO: [ app_begin ] --START--
INFO: ReadHtmlCache Behavior ::run [ RunTime:0.000593s ]
INFO: [ app_begin ] --END-- [ RunTime:0.000657s ]
SQL: SHOW COLUMNS FROM `qq_content` [ RunTime:0.001099s ]
SQL: SELECT * FROM `qq_content` WHERE ( (user_id=1 and pid=29) or (user_id=29 and pid=1) ) ORDER BY time  [ RunTime:0.000465s ]
SQL: SHOW COLUMNS FROM `qq_user` [ RunTime:0.000967s ]
SQL: SELECT `user_name` FROM `qq_user` WHERE ( user_id=29 ) LIMIT 1   [ RunTime:0.000427s ]
SQL: SELECT `user_name` FROM `qq_user` WHERE ( user_id=29 ) LIMIT 1   [ RunTime:0.000400s ]
SQL: SELECT `user_name` FROM `qq_user` WHERE ( user_id=1 ) LIMIT 1   [ RunTime:0.000451s ]
SQL: SELECT `user_name` FROM `qq_user` WHERE ( user_id=1 ) LIMIT 1   [ RunTime:0.000576s ]
SQL: SELECT `user_name` FROM `qq_user` WHERE ( user_id=1 ) LIMIT 1   [ RunTime:0.000584s ]
SQL: SELECT `user_name` FROM `qq_user` WHERE ( user_id=1 ) LIMIT 1   [ RunTime:0.000462s ]

[ 2016-02-15T17:09:16+08:00 ] 116.22.223.187 /index.php/Index/Index/runChat
INFO: [ route_check ] --START--
INFO: CheckRoute Behavior ::run [ RunTime:0.000870s ]
INFO: [ route_check ] --END-- [ RunTime:0.001030s ]
INFO: [ app_begin ] --START--
INFO: ReadHtmlCache Behavior ::run [ RunTime:0.000641s ]
INFO: [ app_begin ] --END-- [ RunTime:0.000759s ]
SQL: SHOW COLUMNS FROM `qq_content` [ RunTime:0.001113s ]
SQL: INSERT INTO `qq_content` (`user_id`,`pid`,`content`,`time`) VALUES (1,29,'t\n',1455527356) [ RunTime:0.012610s ]
SQL: SELECT * FROM `qq_content` WHERE ( (user_id=1 and pid=29) or (user_id=29 and pid=1) ) ORDER BY time  [ RunTime:0.000914s ]
SQL: SHOW COLUMNS FROM `qq_user` [ RunTime:0.001032s ]
SQL: SELECT `user_name` FROM `qq_user` WHERE ( user_id=29 ) LIMIT 1   [ RunTime:0.000456s ]
SQL: SELECT `user_name` FROM `qq_user` WHERE ( user_id=29 ) LIMIT 1   [ RunTime:0.000446s ]
SQL: SELECT `user_name` FROM `qq_user` WHERE ( user_id=1 ) LIMIT 1   [ RunTime:0.000441s ]
SQL: SELECT `user_name` FROM `qq_user` WHERE ( user_id=1 ) LIMIT 1   [ RunTime:0.000447s ]
SQL: SELECT `user_name` FROM `qq_user` WHERE ( user_id=1 ) LIMIT 1   [ RunTime:0.000517s ]
SQL: SELECT `user_name` FROM `qq_user` WHERE ( user_id=1 ) LIMIT 1   [ RunTime:0.000399s ]
SQL: SELECT `user_name` FROM `qq_user` WHERE ( user_id=1 ) LIMIT 1   [ RunTime:0.000487s ]

[ 2016-02-15T17:09:16+08:00 ] 116.22.223.187 /index.php/Index/Index/runChat
INFO: [ route_check ] --START--
INFO: CheckRoute Behavior ::run [ RunTime:0.000946s ]
INFO: [ route_check ] --END-- [ RunTime:0.001110s ]
INFO: [ app_begin ] --START--
INFO: ReadHtmlCache Behavior ::run [ RunTime:0.000577s ]
INFO: [ app_begin ] --END-- [ RunTime:0.000643s ]
SQL: SHOW COLUMNS FROM `qq_content` [ RunTime:0.001030s ]
SQL: SELECT * FROM `qq_content` WHERE ( (user_id=1 and pid=29) or (user_id=29 and pid=1) ) ORDER BY time  [ RunTime:0.000482s ]
SQL: SHOW COLUMNS FROM `qq_user` [ RunTime:0.000998s ]
SQL: SELECT `user_name` FROM `qq_user` WHERE ( user_id=29 ) LIMIT 1   [ RunTime:0.000473s ]
SQL: SELECT `user_name` FROM `qq_user` WHERE ( user_id=29 ) LIMIT 1   [ RunTime:0.000461s ]
SQL: SELECT `user_name` FROM `qq_user` WHERE ( user_id=1 ) LIMIT 1   [ RunTime:0.000427s ]
SQL: SELECT `user_name` FROM `qq_user` WHERE ( user_id=1 ) LIMIT 1   [ RunTime:0.000431s ]
SQL: SELECT `user_name` FROM `qq_user` WHERE ( user_id=1 ) LIMIT 1   [ RunTime:0.000477s ]
SQL: SELECT `user_name` FROM `qq_user` WHERE ( user_id=1 ) LIMIT 1   [ RunTime:0.000451s ]
SQL: SELECT `user_name` FROM `qq_user` WHERE ( user_id=1 ) LIMIT 1   [ RunTime:0.000392s ]

[ 2016-02-15T17:09:16+08:00 ] 116.22.223.187 /index.php/Index/Index/runChat
INFO: [ route_check ] --START--
INFO: CheckRoute Behavior ::run [ RunTime:0.000824s ]
INFO: [ route_check ] --END-- [ RunTime:0.000996s ]
INFO: [ app_begin ] --START--
INFO: ReadHtmlCache Behavior ::run [ RunTime:0.000790s ]
INFO: [ app_begin ] --END-- [ RunTime:0.000890s ]
SQL: SHOW COLUMNS FROM `qq_content` [ RunTime:0.001159s ]
SQL: SELECT * FROM `qq_content` WHERE ( (user_id=1 and pid=29) or (user_id=29 and pid=1) ) ORDER BY time  [ RunTime:0.000537s ]
SQL: SHOW COLUMNS FROM `qq_user` [ RunTime:0.001059s ]
SQL: SELECT `user_name` FROM `qq_user` WHERE ( user_id=29 ) LIMIT 1   [ RunTime:0.000441s ]
SQL: SELECT `user_name` FROM `qq_user` WHERE ( user_id=29 ) LIMIT 1   [ RunTime:0.000395s ]
SQL: SELECT `user_name` FROM `qq_user` WHERE ( user_id=1 ) LIMIT 1   [ RunTime:0.000489s ]
SQL: SELECT `user_name` FROM `qq_user` WHERE ( user_id=1 ) LIMIT 1   [ RunTime:0.000479s ]
SQL: SELECT `user_name` FROM `qq_user` WHERE ( user_id=1 ) LIMIT 1   [ RunTime:0.000485s ]
SQL: SELECT `user_name` FROM `qq_user` WHERE ( user_id=1 ) LIMIT 1   [ RunTime:0.000557s ]
SQL: SELECT `user_name` FROM `qq_user` WHERE ( user_id=1 ) LIMIT 1   [ RunTime:0.000455s ]

[ 2016-02-15T17:09:17+08:00 ] 116.22.223.187 /index.php/Index/Index/runChat
INFO: [ route_check ] --START--
INFO: CheckRoute Behavior ::run [ RunTime:0.000813s ]
INFO: [ route_check ] --END-- [ RunTime:0.000956s ]
INFO: [ app_begin ] --START--
INFO: ReadHtmlCache Behavior ::run [ RunTime:0.000591s ]
INFO: [ app_begin ] --END-- [ RunTime:0.000654s ]
SQL: SHOW COLUMNS FROM `qq_content` [ RunTime:0.001048s ]
SQL: SELECT * FROM `qq_content` WHERE ( (user_id=1 and pid=29) or (user_id=29 and pid=1) ) ORDER BY time  [ RunTime:0.000572s ]
SQL: SHOW COLUMNS FROM `qq_user` [ RunTime:0.000921s ]
SQL: SELECT `user_name` FROM `qq_user` WHERE ( user_id=29 ) LIMIT 1   [ RunTime:0.000484s ]
SQL: SELECT `user_name` FROM `qq_user` WHERE ( user_id=29 ) LIMIT 1   [ RunTime:0.000547s ]
SQL: SELECT `user_name` FROM `qq_user` WHERE ( user_id=1 ) LIMIT 1   [ RunTime:0.000448s ]
SQL: SELECT `user_name` FROM `qq_user` WHERE ( user_id=1 ) LIMIT 1   [ RunTime:0.000443s ]
SQL: SELECT `user_name` FROM `qq_user` WHERE ( user_id=1 ) LIMIT 1   [ RunTime:0.000484s ]
SQL: SELECT `user_name` FROM `qq_user` WHERE ( user_id=1 ) LIMIT 1   [ RunTime:0.000566s ]
SQL: SELECT `user_name` FROM `qq_user` WHERE ( user_id=1 ) LIMIT 1   [ RunTime:0.002388s ]

[ 2016-02-15T17:09:17+08:00 ] 116.22.223.187 /index.php/Index/Index/runChat
INFO: [ route_check ] --START--
INFO: CheckRoute Behavior ::run [ RunTime:0.001097s ]
INFO: [ route_check ] --END-- [ RunTime:0.001283s ]
INFO: [ app_begin ] --START--
INFO: ReadHtmlCache Behavior ::run [ RunTime:0.000770s ]
INFO: [ app_begin ] --END-- [ RunTime:0.000845s ]
SQL: SHOW COLUMNS FROM `qq_content` [ RunTime:0.001013s ]
SQL: SELECT * FROM `qq_content` WHERE ( (user_id=1 and pid=29) or (user_id=29 and pid=1) ) ORDER BY time  [ RunTime:0.000489s ]
SQL: SHOW COLUMNS FROM `qq_user` [ RunTime:0.000891s ]
SQL: SELECT `user_name` FROM `qq_user` WHERE ( user_id=29 ) LIMIT 1   [ RunTime:0.000407s ]
SQL: SELECT `user_name` FROM `qq_user` WHERE ( user_id=29 ) LIMIT 1   [ RunTime:0.000416s ]
SQL: SELECT `user_name` FROM `qq_user` WHERE ( user_id=1 ) LIMIT 1   [ RunTime:0.000435s ]
SQL: SELECT `user_name` FROM `qq_user` WHERE ( user_id=1 ) LIMIT 1   [ RunTime:0.000433s ]
SQL: SELECT `user_name` FROM `qq_user` WHERE ( user_id=1 ) LIMIT 1   [ RunTime:0.000374s ]
SQL: SELECT `user_name` FROM `qq_user` WHERE ( user_id=1 ) LIMIT 1   [ RunTime:0.000411s ]
SQL: SELECT `user_name` FROM `qq_user` WHERE ( user_id=1 ) LIMIT 1   [ RunTime:0.000443s ]

[ 2016-02-15T17:09:18+08:00 ] 116.22.223.187 /index.php/Index/Index/runChat
INFO: [ route_check ] --START--
INFO: CheckRoute Behavior ::run [ RunTime:0.000832s ]
INFO: [ route_check ] --END-- [ RunTime:0.001012s ]
INFO: [ app_begin ] --START--
INFO: ReadHtmlCache Behavior ::run [ RunTime:0.000566s ]
INFO: [ app_begin ] --END-- [ RunTime:0.000631s ]
SQL: SHOW COLUMNS FROM `qq_content` [ RunTime:0.001030s ]
SQL: SELECT * FROM `qq_content` WHERE ( (user_id=1 and pid=29) or (user_id=29 and pid=1) ) ORDER BY time  [ RunTime:0.000501s ]
SQL: SHOW COLUMNS FROM `qq_user` [ RunTime:0.000846s ]
SQL: SELECT `user_name` FROM `qq_user` WHERE ( user_id=29 ) LIMIT 1   [ RunTime:0.000440s ]
SQL: SELECT `user_name` FROM `qq_user` WHERE ( user_id=29 ) LIMIT 1   [ RunTime:0.000408s ]
SQL: SELECT `user_name` FROM `qq_user` WHERE ( user_id=1 ) LIMIT 1   [ RunTime:0.000426s ]
SQL: SELECT `user_name` FROM `qq_user` WHERE ( user_id=1 ) LIMIT 1   [ RunTime:0.000401s ]
SQL: SELECT `user_name` FROM `qq_user` WHERE ( user_id=1 ) LIMIT 1   [ RunTime:0.000437s ]
SQL: SELECT `user_name` FROM `qq_user` WHERE ( user_id=1 ) LIMIT 1   [ RunTime:0.000436s ]
SQL: SELECT `user_name` FROM `qq_user` WHERE ( user_id=1 ) LIMIT 1   [ RunTime:0.000513s ]

[ 2016-02-15T17:09:18+08:00 ] 116.22.223.187 /index.php/Index/Index/runChat
INFO: [ route_check ] --START--
INFO: CheckRoute Behavior ::run [ RunTime:0.000824s ]
INFO: [ route_check ] --END-- [ RunTime:0.000986s ]
INFO: [ app_begin ] --START--
INFO: ReadHtmlCache Behavior ::run [ RunTime:0.000629s ]
INFO: [ app_begin ] --END-- [ RunTime:0.000692s ]
SQL: SHOW COLUMNS FROM `qq_content` [ RunTime:0.000962s ]
SQL: SELECT * FROM `qq_content` WHERE ( (user_id=1 and pid=29) or (user_id=29 and pid=1) ) ORDER BY time  [ RunTime:0.000465s ]
SQL: SHOW COLUMNS FROM `qq_user` [ RunTime:0.000827s ]
SQL: SELECT `user_name` FROM `qq_user` WHERE ( user_id=29 ) LIMIT 1   [ RunTime:0.000557s ]
SQL: SELECT `user_name` FROM `qq_user` WHERE ( user_id=29 ) LIMIT 1   [ RunTime:0.000503s ]
SQL: SELECT `user_name` FROM `qq_user` WHERE ( user_id=1 ) LIMIT 1   [ RunTime:0.000398s ]
SQL: SELECT `user_name` FROM `qq_user` WHERE ( user_id=1 ) LIMIT 1   [ RunTime:0.000432s ]
SQL: SELECT `user_name` FROM `qq_user` WHERE ( user_id=1 ) LIMIT 1   [ RunTime:0.000452s ]
SQL: SELECT `user_name` FROM `qq_user` WHERE ( user_id=1 ) LIMIT 1   [ RunTime:0.002470s ]
SQL: SELECT `user_name` FROM `qq_user` WHERE ( user_id=1 ) LIMIT 1   [ RunTime:0.000506s ]

[ 2016-02-15T17:09:20+08:00 ] 116.22.223.187 /index.php/Index/Index/runChat
INFO: [ route_check ] --START--
INFO: CheckRoute Behavior ::run [ RunTime:0.001242s ]
INFO: [ route_check ] --END-- [ RunTime:0.001540s ]
INFO: [ app_begin ] --START--
INFO: ReadHtmlCache Behavior ::run [ RunTime:0.001227s ]
INFO: [ app_begin ] --END-- [ RunTime:0.001367s ]
SQL: SHOW COLUMNS FROM `qq_content` [ RunTime:0.001141s ]
SQL: SELECT * FROM `qq_content` WHERE ( (user_id=1 and pid=29) or (user_id=29 and pid=1) ) ORDER BY time  [ RunTime:0.000484s ]
SQL: SHOW COLUMNS FROM `qq_user` [ RunTime:0.000798s ]
SQL: SELECT `user_name` FROM `qq_user` WHERE ( user_id=29 ) LIMIT 1   [ RunTime:0.000375s ]
SQL: SELECT `user_name` FROM `qq_user` WHERE ( user_id=29 ) LIMIT 1   [ RunTime:0.000498s ]
SQL: SELECT `user_name` FROM `qq_user` WHERE ( user_id=1 ) LIMIT 1   [ RunTime:0.000468s ]
SQL: SELECT `user_name` FROM `qq_user` WHERE ( user_id=1 ) LIMIT 1   [ RunTime:0.000476s ]
SQL: SELECT `user_name` FROM `qq_user` WHERE ( user_id=1 ) LIMIT 1   [ RunTime:0.000461s ]
SQL: SELECT `user_name` FROM `qq_user` WHERE ( user_id=1 ) LIMIT 1   [ RunTime:0.000451s ]
SQL: SELECT `user_name` FROM `qq_user` WHERE ( user_id=1 ) LIMIT 1   [ RunTime:0.000392s ]

[ 2016-02-15T17:09:21+08:00 ] 116.22.223.187 /index.php/Index/Index/runChat
INFO: [ route_check ] --START--
INFO: CheckRoute Behavior ::run [ RunTime:0.000841s ]
INFO: [ route_check ] --END-- [ RunTime:0.000999s ]
INFO: [ app_begin ] --START--
INFO: ReadHtmlCache Behavior ::run [ RunTime:0.000606s ]
INFO: [ app_begin ] --END-- [ RunTime:0.000680s ]
SQL: SHOW COLUMNS FROM `qq_content` [ RunTime:0.001164s ]
SQL: SELECT * FROM `qq_content` WHERE ( (user_id=1 and pid=29) or (user_id=29 and pid=1) ) ORDER BY time  [ RunTime:0.000545s ]
SQL: SHOW COLUMNS FROM `qq_user` [ RunTime:0.000934s ]
SQL: SELECT `user_name` FROM `qq_user` WHERE ( user_id=29 ) LIMIT 1   [ RunTime:0.000516s ]
SQL: SELECT `user_name` FROM `qq_user` WHERE ( user_id=29 ) LIMIT 1   [ RunTime:0.000438s ]
SQL: SELECT `user_name` FROM `qq_user` WHERE ( user_id=1 ) LIMIT 1   [ RunTime:0.000461s ]
SQL: SELECT `user_name` FROM `qq_user` WHERE ( user_id=1 ) LIMIT 1   [ RunTime:0.000477s ]
SQL: SELECT `user_name` FROM `qq_user` WHERE ( user_id=1 ) LIMIT 1   [ RunTime:0.000524s ]
SQL: SELECT `user_name` FROM `qq_user` WHERE ( user_id=1 ) LIMIT 1   [ RunTime:0.000442s ]
SQL: SELECT `user_name` FROM `qq_user` WHERE ( user_id=1 ) LIMIT 1   [ RunTime:0.000489s ]

[ 2016-02-15T17:09:23+08:00 ] 116.22.223.187 /index.php/Index/Index/runChat
INFO: [ route_check ] --START--
INFO: CheckRoute Behavior ::run [ RunTime:0.000850s ]
INFO: [ route_check ] --END-- [ RunTime:0.001018s ]
INFO: [ app_begin ] --START--
INFO: ReadHtmlCache Behavior ::run [ RunTime:0.000739s ]
INFO: [ app_begin ] --END-- [ RunTime:0.000825s ]
SQL: SHOW COLUMNS FROM `qq_content` [ RunTime:0.001313s ]
SQL: SELECT * FROM `qq_content` WHERE ( (user_id=1 and pid=29) or (user_id=29 and pid=1) ) ORDER BY time  [ RunTime:0.000522s ]
SQL: SHOW COLUMNS FROM `qq_user` [ RunTime:0.000836s ]
SQL: SELECT `user_name` FROM `qq_user` WHERE ( user_id=29 ) LIMIT 1   [ RunTime:0.000460s ]
SQL: SELECT `user_name` FROM `qq_user` WHERE ( user_id=29 ) LIMIT 1   [ RunTime:0.000598s ]
SQL: SELECT `user_name` FROM `qq_user` WHERE ( user_id=1 ) LIMIT 1   [ RunTime:0.000458s ]
SQL: SELECT `user_name` FROM `qq_user` WHERE ( user_id=1 ) LIMIT 1   [ RunTime:0.000539s ]
SQL: SELECT `user_name` FROM `qq_user` WHERE ( user_id=1 ) LIMIT 1   [ RunTime:0.000461s ]
SQL: SELECT `user_name` FROM `qq_user` WHERE ( user_id=1 ) LIMIT 1   [ RunTime:0.000642s ]
SQL: SELECT `user_name` FROM `qq_user` WHERE ( user_id=1 ) LIMIT 1   [ RunTime:0.000666s ]

[ 2016-02-15T17:09:23+08:00 ] 116.22.223.187 /index.php/Index/Index/runChat
INFO: [ route_check ] --START--
INFO: CheckRoute Behavior ::run [ RunTime:0.000814s ]
INFO: [ route_check ] --END-- [ RunTime:0.000962s ]
INFO: [ app_begin ] --START--
INFO: ReadHtmlCache Behavior ::run [ RunTime:0.000618s ]
INFO: [ app_begin ] --END-- [ RunTime:0.000681s ]
SQL: SHOW COLUMNS FROM `qq_content` [ RunTime:0.000997s ]
SQL: SELECT * FROM `qq_content` WHERE ( (user_id=1 and pid=29) or (user_id=29 and pid=1) ) ORDER BY time  [ RunTime:0.000495s ]
SQL: SHOW COLUMNS FROM `qq_user` [ RunTime:0.000764s ]
SQL: SELECT `user_name` FROM `qq_user` WHERE ( user_id=29 ) LIMIT 1   [ RunTime:0.000415s ]
SQL: SELECT `user_name` FROM `qq_user` WHERE ( user_id=29 ) LIMIT 1   [ RunTime:0.000470s ]
SQL: SELECT `user_name` FROM `qq_user` WHERE ( user_id=1 ) LIMIT 1   [ RunTime:0.000446s ]
SQL: SELECT `user_name` FROM `qq_user` WHERE ( user_id=1 ) LIMIT 1   [ RunTime:0.000422s ]
SQL: SELECT `user_name` FROM `qq_user` WHERE ( user_id=1 ) LIMIT 1   [ RunTime:0.000459s ]
SQL: SELECT `user_name` FROM `qq_user` WHERE ( user_id=1 ) LIMIT 1   [ RunTime:0.002377s ]
SQL: SELECT `user_name` FROM `qq_user` WHERE ( user_id=1 ) LIMIT 1   [ RunTime:0.000434s ]

[ 2016-02-15T17:09:26+08:00 ] 116.22.223.187 /index.php/Index/Index/index
INFO: [ route_check ] --START--
INFO: CheckRoute Behavior ::run [ RunTime:0.000780s ]
INFO: [ route_check ] --END-- [ RunTime:0.000933s ]
INFO: [ app_begin ] --START--
INFO: ReadHtmlCache Behavior ::run [ RunTime:0.000565s ]
INFO: [ app_begin ] --END-- [ RunTime:0.000638s ]
SQL: SHOW COLUMNS FROM `qq_relation` [ RunTime:0.001108s ]
SQL: SHOW COLUMNS FROM qq_user u [ RunTime:0.000452s ]
ERR: 1064:You have an error in your SQL syntax; check the manual that corresponds to your MySQL server version for the right syntax to use near 'u' at line 1
 [ SQL语句 ] : SHOW COLUMNS FROM qq_user u
SQL: SHOW COLUMNS FROM qq_relation r [ RunTime:0.000401s ]
ERR: 1064:You have an error in your SQL syntax; check the manual that corresponds to your MySQL server version for the right syntax to use near 'r' at line 1
 [ SQL语句 ] : SHOW COLUMNS FROM qq_relation r
SQL: SELECT u.user_name,u.logo,u.style_name,r.friend_id,r.remark,r.group_name FROM qq_user u LEFT JOIN qq_relation r on u.user_id=r.friend_id WHERE ( r.user_id=1 AND status=1 AND (u.user_name like '%%' OR r.remark like '%%') )  [ RunTime:0.000521s ]
SQL: SHOW COLUMNS FROM `qq_user` [ RunTime:0.000846s ]
SQL: SHOW COLUMNS FROM `qq_user` [ RunTime:0.000781s ]
SQL: SELECT `user_name`,`style_name`,`logo` FROM `qq_user` WHERE ( user_id=1 ) LIMIT 1   [ RunTime:0.000440s ]
SQL: SHOW COLUMNS FROM `qq_relation` [ RunTime:0.000771s ]
SQL: SELECT count(*) num FROM `qq_relation` WHERE ( friend_id=1 and status=0 ) LIMIT 1   [ RunTime:0.000458s ]
INFO: [ view_parse ] --START--
INFO: ParseTemplate Behavior ::run [ RunTime:0.009750s ]
INFO: [ view_parse ] --END-- [ RunTime:0.009845s ]
INFO: [ view_filter ] --START--
INFO: ContentReplace Behavior ::run [ RunTime:0.000461s ]
INFO: TokenBuild Behavior ::run [ RunTime:0.000412s ]
INFO: WriteHtmlCache Behavior ::run [ RunTime:0.000318s ]
INFO: ShowRuntime Behavior ::run [ RunTime:0.000477s ]
INFO: [ view_filter ] --END-- [ RunTime:0.001863s ]
NOTIC: [8] Constant THEME_NAME already defined /data/home/qxu1591180029/htdocs/ThinkPHP/Lib/Core/View.class.php 第 223 行.
NOTIC: [8] Constant THEME_PATH already defined /data/home/qxu1591180029/htdocs/ThinkPHP/Lib/Core/View.class.php 第 171 行.
NOTIC: [8] Constant APP_TMPL_PATH already defined /data/home/qxu1591180029/htdocs/ThinkPHP/Lib/Core/View.class.php 第 172 行.
INFO: [ view_parse ] --START--
INFO: ParseTemplate Behavior ::run [ RunTime:0.005068s ]
INFO: [ view_parse ] --END-- [ RunTime:-0.002255s ]
INFO: [ view_filter ] --START--
INFO: ContentReplace Behavior ::run [ RunTime:0.000111s ]
INFO: TokenBuild Behavior ::run [ RunTime:0.000042s ]
INFO: WriteHtmlCache Behavior ::run [ RunTime:0.000010s ]
INFO: ShowRuntime Behavior ::run [ RunTime:0.000064s ]
INFO: [ view_filter ] --END-- [ RunTime:-0.005538s ]
INFO: [ view_end ] --START--
INFO: ShowPageTrace Behavior ::run [ RunTime:0.000660s ]
INFO: [ view_end ] --END-- [ RunTime:0.000724s ]

[ 2016-02-15T17:54:30+08:00 ] 183.61.51.190 /
INFO: [ app_begin ] --START--
INFO: ReadHtmlCache Behavior ::run [ RunTime:0.000653s ]
INFO: [ app_begin ] --END-- [ RunTime:0.000804s ]

[ 2016-02-15T17:54:30+08:00 ] 163.177.93.224 /
INFO: [ app_begin ] --START--
INFO: ReadHtmlCache Behavior ::run [ RunTime:0.000729s ]
INFO: [ app_begin ] --END-- [ RunTime:0.000891s ]

[ 2016-02-15T17:54:30+08:00 ] 211.147.253.155 /
INFO: [ app_begin ] --START--
INFO: ReadHtmlCache Behavior ::run [ RunTime:0.000575s ]
INFO: [ app_begin ] --END-- [ RunTime:0.000724s ]

[ 2016-02-15T17:54:30+08:00 ] 211.147.253.155 /index.php/Index/Login/index
INFO: [ route_check ] --START--
INFO: CheckRoute Behavior ::run [ RunTime:0.000903s ]
INFO: [ route_check ] --END-- [ RunTime:0.001060s ]
INFO: [ app_begin ] --START--
INFO: ReadHtmlCache Behavior ::run [ RunTime:0.000699s ]
INFO: [ app_begin ] --END-- [ RunTime:0.000780s ]
INFO: [ view_parse ] --START--
INFO: ParseTemplate Behavior ::run [ RunTime:0.008646s ]
INFO: [ view_parse ] --END-- [ RunTime:0.008720s ]
INFO: [ view_filter ] --START--
INFO: ContentReplace Behavior ::run [ RunTime:0.000439s ]
INFO: TokenBuild Behavior ::run [ RunTime:0.000424s ]
INFO: WriteHtmlCache Behavior ::run [ RunTime:0.000316s ]
INFO: ShowRuntime Behavior ::run [ RunTime:0.000483s ]
INFO: [ view_filter ] --END-- [ RunTime:0.001893s ]
INFO: [ view_end ] --START--
INFO: ShowPageTrace Behavior ::run [ RunTime:0.000603s ]
INFO: [ view_end ] --END-- [ RunTime:0.000665s ]

