[ 2016-01-24T00:34:34+08:00 ] 218.241.98.202 /
INFO: [ app_begin ] --START--
INFO: ReadHtmlCache Behavior ::run [ RunTime:0.000533s ]
INFO: [ app_begin ] --END-- [ RunTime:0.000680s ]

[ 2016-01-24T00:34:34+08:00 ] 218.241.98.202 /index.php/Index/Login/index
INFO: [ route_check ] --START--
INFO: CheckRoute Behavior ::run [ RunTime:0.000905s ]
INFO: [ route_check ] --END-- [ RunTime:0.001059s ]
INFO: [ app_begin ] --START--
INFO: ReadHtmlCache Behavior ::run [ RunTime:0.000567s ]
INFO: [ app_begin ] --END-- [ RunTime:0.000640s ]
INFO: [ view_parse ] --START--
INFO: ParseTemplate Behavior ::run [ RunTime:0.008210s ]
INFO: [ view_parse ] --END-- [ RunTime:0.008286s ]
INFO: [ view_filter ] --START--
INFO: ContentReplace Behavior ::run [ RunTime:0.000453s ]
INFO: TokenBuild Behavior ::run [ RunTime:0.000437s ]
INFO: WriteHtmlCache Behavior ::run [ RunTime:0.000300s ]
INFO: ShowRuntime Behavior ::run [ RunTime:0.000480s ]
INFO: [ view_filter ] --END-- [ RunTime:0.001877s ]
INFO: [ view_end ] --START--
INFO: ShowPageTrace Behavior ::run [ RunTime:0.000611s ]
INFO: [ view_end ] --END-- [ RunTime:0.000677s ]

[ 2016-01-24T01:58:53+08:00 ] 123.125.71.76 /
INFO: [ app_begin ] --START--
INFO: ReadHtmlCache Behavior ::run [ RunTime:0.000613s ]
INFO: [ app_begin ] --END-- [ RunTime:0.000767s ]

[ 2016-01-24T01:58:54+08:00 ] 123.125.71.90 /index.php/Index/Login/index
INFO: [ route_check ] --START--
INFO: CheckRoute Behavior ::run [ RunTime:0.000858s ]
INFO: [ route_check ] --END-- [ RunTime:0.001036s ]
INFO: [ app_begin ] --START--
INFO: ReadHtmlCache Behavior ::run [ RunTime:0.000868s ]
INFO: [ app_begin ] --END-- [ RunTime:0.000984s ]
INFO: [ view_parse ] --START--
INFO: ParseTemplate Behavior ::run [ RunTime:0.008143s ]
INFO: [ view_parse ] --END-- [ RunTime:0.008224s ]
INFO: [ view_filter ] --START--
INFO: ContentReplace Behavior ::run [ RunTime:0.000430s ]
INFO: TokenBuild Behavior ::run [ RunTime:0.000402s ]
INFO: WriteHtmlCache Behavior ::run [ RunTime:0.000285s ]
INFO: ShowRuntime Behavior ::run [ RunTime:0.000458s ]
INFO: [ view_filter ] --END-- [ RunTime:0.001760s ]
INFO: [ view_end ] --START--
INFO: ShowPageTrace Behavior ::run [ RunTime:0.000578s ]
INFO: [ view_end ] --END-- [ RunTime:0.000672s ]

[ 2016-01-24T17:22:49+08:00 ] 123.125.71.19 /
INFO: [ app_begin ] --START--
INFO: ReadHtmlCache Behavior ::run [ RunTime:0.011002s ]
INFO: [ app_begin ] --END-- [ RunTime:0.011281s ]

[ 2016-01-24T17:22:49+08:00 ] 123.125.71.38 /index.php/Index/Login/index
INFO: [ route_check ] --START--
INFO: CheckRoute Behavior ::run [ RunTime:0.003191s ]
INFO: [ route_check ] --END-- [ RunTime:0.003696s ]
INFO: [ app_begin ] --START--
INFO: ReadHtmlCache Behavior ::run [ RunTime:0.002835s ]
INFO: [ app_begin ] --END-- [ RunTime:0.002916s ]
INFO: [ view_parse ] --START--
INFO: ParseTemplate Behavior ::run [ RunTime:0.044979s ]
INFO: [ view_parse ] --END-- [ RunTime:0.045134s ]
INFO: [ view_filter ] --START--
INFO: ContentReplace Behavior ::run [ RunTime:0.002228s ]
INFO: TokenBuild Behavior ::run [ RunTime:0.018912s ]
INFO: WriteHtmlCache Behavior ::run [ RunTime:0.001531s ]
INFO: ShowRuntime Behavior ::run [ RunTime:0.002125s ]
INFO: [ view_filter ] --END-- [ RunTime:0.025171s ]
INFO: [ view_end ] --START--
INFO: ShowPageTrace Behavior ::run [ RunTime:0.002519s ]
INFO: [ view_end ] --END-- [ RunTime:0.002606s ]

[ 2016-01-24T19:29:24+08:00 ] 183.136.190.62 /
INFO: [ app_begin ] --START--
INFO: ReadHtmlCache Behavior ::run [ RunTime:0.000557s ]
INFO: [ app_begin ] --END-- [ RunTime:0.000710s ]

