[ 2016-01-19T01:16:42+08:00 ] 183.136.190.62 /
INFO: [ app_begin ] --START--
INFO: ReadHtmlCache Behavior ::run [ RunTime:0.000552s ]
INFO: [ app_begin ] --END-- [ RunTime:0.000734s ]

[ 2016-01-19T03:36:01+08:00 ] 219.143.225.2 /
INFO: [ app_begin ] --START--
INFO: ReadHtmlCache Behavior ::run [ RunTime:0.000597s ]
INFO: [ app_begin ] --END-- [ RunTime:0.000769s ]

[ 2016-01-19T03:58:12+08:00 ] 183.136.190.62 /
INFO: [ app_begin ] --START--
INFO: ReadHtmlCache Behavior ::run [ RunTime:0.000600s ]
INFO: [ app_begin ] --END-- [ RunTime:0.000771s ]

[ 2016-01-19T09:11:49+08:00 ] 183.136.190.62 /
INFO: [ app_begin ] --START--
INFO: ReadHtmlCache Behavior ::run [ RunTime:0.000605s ]
INFO: [ app_begin ] --END-- [ RunTime:0.000767s ]

[ 2016-01-19T16:08:21+08:00 ] 183.136.190.62 /
INFO: [ app_begin ] --START--
INFO: ReadHtmlCache Behavior ::run [ RunTime:0.000571s ]
INFO: [ app_begin ] --END-- [ RunTime:0.000720s ]

[ 2016-01-19T19:57:02+08:00 ] 218.241.108.242 /
INFO: [ app_begin ] --START--
INFO: ReadHtmlCache Behavior ::run [ RunTime:0.000563s ]
INFO: [ app_begin ] --END-- [ RunTime:0.000726s ]

[ 2016-01-19T23:39:47+08:00 ] 218.241.98.202 /
INFO: [ app_begin ] --START--
INFO: ReadHtmlCache Behavior ::run [ RunTime:0.000662s ]
INFO: [ app_begin ] --END-- [ RunTime:0.000873s ]

[ 2016-01-19T23:39:47+08:00 ] 218.241.98.202 /index.php/Index/Login/index
INFO: [ route_check ] --START--
INFO: CheckRoute Behavior ::run [ RunTime:0.027829s ]
INFO: [ route_check ] --END-- [ RunTime:0.028038s ]
INFO: [ app_begin ] --START--
INFO: ReadHtmlCache Behavior ::run [ RunTime:0.000650s ]
INFO: [ app_begin ] --END-- [ RunTime:0.000725s ]
INFO: [ view_parse ] --START--
INFO: ParseTemplate Behavior ::run [ RunTime:0.097730s ]
INFO: [ view_parse ] --END-- [ RunTime:0.097870s ]
INFO: [ view_filter ] --START--
INFO: ContentReplace Behavior ::run [ RunTime:0.001641s ]
INFO: TokenBuild Behavior ::run [ RunTime:0.015185s ]
INFO: WriteHtmlCache Behavior ::run [ RunTime:0.001786s ]
INFO: ShowRuntime Behavior ::run [ RunTime:0.001724s ]
INFO: [ view_filter ] --END-- [ RunTime:0.020589s ]
INFO: [ view_end ] --START--
INFO: ShowPageTrace Behavior ::run [ RunTime:0.016985s ]
INFO: [ view_end ] --END-- [ RunTime:0.017092s ]

