[ 2015-05-24T03:01:13+08:00 ] 127.0.0.1 /wish4/
INFO: [ app_begin ] --START--
INFO: ReadHtmlCache Behavior ::run [ RunTime:0.018772s ]
INFO: [ app_begin ] --END-- [ RunTime:0.018936s ]
NOTIC: [2] mysql_connect() [<a href='function.mysql-connect'>function.mysql-connect</a>]: Access denied for user 'qdm123767348'@'58.62.255.111' (using password: YES) D:\wamp\www\wish4\ThinkPHP\Extend\Driver\Session\SessionDb.class.php 第 100 行.
NOTIC: [2] mysql_select_db(): supplied argument is not a valid MySQL-Link resource D:\wamp\www\wish4\ThinkPHP\Extend\Driver\Session\SessionDb.class.php 第 103 行.
NOTIC: [8] Undefined offset:  1 D:\wamp\www\wish4\ThinkPHP\Extend\Driver\Session\SessionDb.class.php 第 129 行.
NOTIC: [2] mysql_query(): supplied argument is not a valid MySQL-Link resource D:\wamp\www\wish4\ThinkPHP\Extend\Driver\Session\SessionDb.class.php 第 130 行.
NOTIC: [2] mysql_connect() [<a href='function.mysql-connect'>function.mysql-connect</a>]: Access denied for user 'qdm123767348'@'58.62.255.111' (using password: YES) D:\wamp\www\wish4\ThinkPHP\Lib\Driver\Db\DbMysql.class.php 第 55 行.
ERR: Access denied for user 'qdm123767348'@'58.62.255.111' (using password: YES)

[ 2015-05-24T03:03:18+08:00 ] 127.0.0.1 /wish4/
INFO: [ app_begin ] --START--
INFO: ReadHtmlCache Behavior ::run [ RunTime:0.004538s ]
INFO: [ app_begin ] --END-- [ RunTime:0.004703s ]
NOTIC: [2] mysql_connect() [<a href='function.mysql-connect'>function.mysql-connect</a>]: Access denied for user 'qdm123767348'@'58.62.255.231' (using password: YES) D:\wamp\www\wish4\ThinkPHP\Extend\Driver\Session\SessionDb.class.php 第 100 行.
NOTIC: [2] mysql_select_db(): supplied argument is not a valid MySQL-Link resource D:\wamp\www\wish4\ThinkPHP\Extend\Driver\Session\SessionDb.class.php 第 103 行.
NOTIC: [8] Undefined offset:  1 D:\wamp\www\wish4\ThinkPHP\Extend\Driver\Session\SessionDb.class.php 第 129 行.
NOTIC: [2] mysql_query(): supplied argument is not a valid MySQL-Link resource D:\wamp\www\wish4\ThinkPHP\Extend\Driver\Session\SessionDb.class.php 第 130 行.
NOTIC: [2] mysql_connect() [<a href='function.mysql-connect'>function.mysql-connect</a>]: Access denied for user 'qdm123767348'@'58.62.255.111' (using password: YES) D:\wamp\www\wish4\ThinkPHP\Lib\Driver\Db\DbMysql.class.php 第 55 行.
ERR: Access denied for user 'qdm123767348'@'58.62.255.111' (using password: YES)

[ 2015-05-24T03:05:10+08:00 ] 127.0.0.1 /wish4/
INFO: [ app_begin ] --START--
INFO: ReadHtmlCache Behavior ::run [ RunTime:0.004714s ]
INFO: [ app_begin ] --END-- [ RunTime:0.004890s ]
SQL: SHOW COLUMNS FROM `hd_wish` [ RunTime:0.003175s ]
SQL: SELECT * FROM `hd_wish`  [ RunTime:0.001542s ]
INFO: [ view_parse ] --START--
INFO: ParseTemplate Behavior ::run [ RunTime:0.104760s ]
INFO: [ view_parse ] --END-- [ RunTime:0.104943s ]
INFO: [ view_filter ] --START--
INFO: ContentReplace Behavior ::run [ RunTime:0.017328s ]
INFO: TokenBuild Behavior ::run [ RunTime:0.030218s ]
INFO: WriteHtmlCache Behavior ::run [ RunTime:0.007637s ]
INFO: ShowRuntime Behavior ::run [ RunTime:0.005209s ]
INFO: [ view_filter ] --END-- [ RunTime:0.060794s ]
INFO: [ view_end ] --START--
INFO: ShowPageTrace Behavior ::run [ RunTime:0.022200s ]
INFO: [ view_end ] --END-- [ RunTime:0.022356s ]

[ 2015-05-24T03:05:17+08:00 ] 127.0.0.1 /wish4/index.php/
INFO: [ route_check ] --START--
INFO: CheckRoute Behavior ::run [ RunTime:0.017546s ]
INFO: [ route_check ] --END-- [ RunTime:0.017711s ]
INFO: [ app_begin ] --START--
INFO: ReadHtmlCache Behavior ::run [ RunTime:0.004467s ]
INFO: [ app_begin ] --END-- [ RunTime:0.004658s ]
SQL: SHOW COLUMNS FROM `hd_wish` [ RunTime:0.003272s ]
SQL: SELECT * FROM `hd_wish`  [ RunTime:0.002069s ]
INFO: [ view_parse ] --START--
INFO: ParseTemplate Behavior ::run [ RunTime:0.059460s ]
INFO: [ view_parse ] --END-- [ RunTime:0.059765s ]
INFO: [ view_filter ] --START--
INFO: ContentReplace Behavior ::run [ RunTime:0.004440s ]
INFO: TokenBuild Behavior ::run [ RunTime:0.004322s ]
INFO: WriteHtmlCache Behavior ::run [ RunTime:0.004106s ]
INFO: ShowRuntime Behavior ::run [ RunTime:0.004359s ]
INFO: [ view_filter ] --END-- [ RunTime:0.017654s ]
INFO: [ view_end ] --START--
INFO: ShowPageTrace Behavior ::run [ RunTime:0.004806s ]
INFO: [ view_end ] --END-- [ RunTime:0.004948s ]

[ 2015-05-24T03:05:21+08:00 ] 127.0.0.1 /wish4/index.php/Admin
INFO: [ route_check ] --START--
INFO: CheckRoute Behavior ::run [ RunTime:0.013528s ]
INFO: [ route_check ] --END-- [ RunTime:0.013693s ]
INFO: [ app_begin ] --START--
INFO: ReadHtmlCache Behavior ::run [ RunTime:0.008072s ]
INFO: [ app_begin ] --END-- [ RunTime:0.008229s ]

[ 2015-05-24T03:05:21+08:00 ] 127.0.0.1 /wish4/index.php/Admin/Login/index
INFO: [ route_check ] --START--
INFO: CheckRoute Behavior ::run [ RunTime:0.005651s ]
INFO: [ route_check ] --END-- [ RunTime:0.005817s ]
INFO: [ app_begin ] --START--
INFO: ReadHtmlCache Behavior ::run [ RunTime:0.004548s ]
INFO: [ app_begin ] --END-- [ RunTime:0.004795s ]
INFO: [ view_parse ] --START--
INFO: ParseTemplate Behavior ::run [ RunTime:0.036674s ]
INFO: [ view_parse ] --END-- [ RunTime:0.036844s ]
INFO: [ view_filter ] --START--
INFO: ContentReplace Behavior ::run [ RunTime:0.008300s ]
INFO: TokenBuild Behavior ::run [ RunTime:0.004456s ]
INFO: WriteHtmlCache Behavior ::run [ RunTime:0.004343s ]
INFO: ShowRuntime Behavior ::run [ RunTime:0.004515s ]
INFO: [ view_filter ] --END-- [ RunTime:0.022002s ]
INFO: [ view_end ] --START--
INFO: ShowPageTrace Behavior ::run [ RunTime:0.002404s ]
INFO: [ view_end ] --END-- [ RunTime:0.002540s ]

[ 2015-05-24T03:05:21+08:00 ] 127.0.0.1 /wish4/index.php/Admin/Login/verify
INFO: [ route_check ] --START--
INFO: CheckRoute Behavior ::run [ RunTime:0.009769s ]
INFO: [ route_check ] --END-- [ RunTime:0.009942s ]
INFO: [ app_begin ] --START--
INFO: ReadHtmlCache Behavior ::run [ RunTime:0.010022s ]
INFO: [ app_begin ] --END-- [ RunTime:0.010184s ]

[ 2015-05-24T03:05:30+08:00 ] 127.0.0.1 /wish4/index.php/Admin/Login/verify/0.42108168499544263
INFO: [ route_check ] --START--
INFO: CheckRoute Behavior ::run [ RunTime:0.005541s ]
INFO: [ route_check ] --END-- [ RunTime:0.005708s ]
INFO: [ app_begin ] --START--
INFO: ReadHtmlCache Behavior ::run [ RunTime:0.004381s ]
INFO: [ app_begin ] --END-- [ RunTime:0.004537s ]

[ 2015-05-24T03:05:35+08:00 ] 127.0.0.1 /wish4/index.php/Admin/Login/login
INFO: [ route_check ] --START--
INFO: CheckRoute Behavior ::run [ RunTime:0.004972s ]
INFO: [ route_check ] --END-- [ RunTime:0.005134s ]
INFO: [ app_begin ] --START--
INFO: ReadHtmlCache Behavior ::run [ RunTime:0.004450s ]
INFO: [ app_begin ] --END-- [ RunTime:0.004604s ]
SQL: SHOW COLUMNS FROM `hd_user` [ RunTime:0.003168s ]
SQL: SELECT * FROM `hd_user` WHERE ( `username` = 'admin' ) LIMIT 1   [ RunTime:0.003123s ]
SQL: UPDATE `hd_user` SET `logintime`=1432407935,`loginip`='127.0.0.1' WHERE ( `id` = 1 ) [ RunTime:0.000314s ]

[ 2015-05-24T03:05:35+08:00 ] 127.0.0.1 /wish4/index.php/Admin/Index/index
INFO: [ route_check ] --START--
INFO: CheckRoute Behavior ::run [ RunTime:0.004950s ]
INFO: [ route_check ] --END-- [ RunTime:0.005157s ]
INFO: [ app_begin ] --START--
INFO: ReadHtmlCache Behavior ::run [ RunTime:0.004503s ]
INFO: [ app_begin ] --END-- [ RunTime:0.004741s ]

[ 2015-05-24T03:05:35+08:00 ] 127.0.0.1 /wish4/index.php/Admin/Login/index
INFO: [ route_check ] --START--
INFO: CheckRoute Behavior ::run [ RunTime:0.004731s ]
INFO: [ route_check ] --END-- [ RunTime:0.004895s ]
INFO: [ app_begin ] --START--
INFO: ReadHtmlCache Behavior ::run [ RunTime:0.004330s ]
INFO: [ app_begin ] --END-- [ RunTime:0.004479s ]
INFO: [ view_parse ] --START--
INFO: ParseTemplate Behavior ::run [ RunTime:0.040256s ]
INFO: [ view_parse ] --END-- [ RunTime:0.040423s ]
INFO: [ view_filter ] --START--
INFO: ContentReplace Behavior ::run [ RunTime:0.004322s ]
INFO: TokenBuild Behavior ::run [ RunTime:0.002490s ]
INFO: WriteHtmlCache Behavior ::run [ RunTime:0.004002s ]
INFO: ShowRuntime Behavior ::run [ RunTime:0.004688s ]
INFO: [ view_filter ] --END-- [ RunTime:0.015877s ]
INFO: [ view_end ] --START--
INFO: ShowPageTrace Behavior ::run [ RunTime:0.004486s ]
INFO: [ view_end ] --END-- [ RunTime:0.004619s ]

[ 2015-05-24T03:05:35+08:00 ] 127.0.0.1 /wish4/index.php/Admin/Login/verify
INFO: [ route_check ] --START--
INFO: CheckRoute Behavior ::run [ RunTime:0.012799s ]
INFO: [ route_check ] --END-- [ RunTime:0.012969s ]
INFO: [ app_begin ] --START--
INFO: ReadHtmlCache Behavior ::run [ RunTime:0.004580s ]
INFO: [ app_begin ] --END-- [ RunTime:0.004740s ]

[ 2015-05-24T03:05:38+08:00 ] 127.0.0.1 /wish4/index.php/Admin/Login/verify/0.6881225274410099
INFO: [ route_check ] --START--
INFO: CheckRoute Behavior ::run [ RunTime:0.005112s ]
INFO: [ route_check ] --END-- [ RunTime:0.005275s ]
INFO: [ app_begin ] --START--
INFO: ReadHtmlCache Behavior ::run [ RunTime:0.004500s ]
INFO: [ app_begin ] --END-- [ RunTime:0.004660s ]

[ 2015-05-24T03:05:39+08:00 ] 127.0.0.1 /wish4/index.php/Admin/Login/verify/0.20987842977046967
INFO: [ route_check ] --START--
INFO: CheckRoute Behavior ::run [ RunTime:0.004655s ]
INFO: [ route_check ] --END-- [ RunTime:0.004821s ]
INFO: [ app_begin ] --START--
INFO: ReadHtmlCache Behavior ::run [ RunTime:0.004667s ]
INFO: [ app_begin ] --END-- [ RunTime:0.004824s ]

[ 2015-05-24T03:05:39+08:00 ] 127.0.0.1 /wish4/index.php/Admin/Login/verify/0.15927748545072973
INFO: [ route_check ] --START--
INFO: CheckRoute Behavior ::run [ RunTime:0.004629s ]
INFO: [ route_check ] --END-- [ RunTime:0.004789s ]
INFO: [ app_begin ] --START--
INFO: ReadHtmlCache Behavior ::run [ RunTime:0.004255s ]
INFO: [ app_begin ] --END-- [ RunTime:0.004410s ]

