[ 2015-08-19T17:14:12+08:00 ] 112.94.156.151 /wish/
INFO: [ app_begin ] --START--
INFO: ReadHtmlCache Behavior ::run [ RunTime:0.001724s ]
INFO: [ app_begin ] --END-- [ RunTime:0.001908s ]
SQL: SHOW COLUMNS FROM `hd_wish` [ RunTime:0.001552s ]
SQL: SELECT * FROM `hd_wish`  [ RunTime:0.000762s ]
INFO: [ view_parse ] --START--
INFO: ParseTemplate Behavior ::run [ RunTime:0.071200s ]
INFO: [ view_parse ] --END-- [ RunTime:0.071317s ]
INFO: [ view_filter ] --START--
INFO: ContentReplace Behavior ::run [ RunTime:0.001658s ]
INFO: TokenBuild Behavior ::run [ RunTime:0.002750s ]
INFO: WriteHtmlCache Behavior ::run [ RunTime:0.001152s ]
INFO: ShowRuntime Behavior ::run [ RunTime:0.002585s ]
INFO: [ view_filter ] --END-- [ RunTime:0.008369s ]
INFO: [ view_end ] --START--
INFO: ShowPageTrace Behavior ::run [ RunTime:0.001715s ]
INFO: [ view_end ] --END-- [ RunTime:0.001794s ]

[ 2015-08-19T17:14:38+08:00 ] 112.94.156.151 /wish/index.php/Index/Index/handle.html
INFO: [ route_check ] --START--
INFO: CheckRoute Behavior ::run [ RunTime:0.003261s ]
INFO: [ route_check ] --END-- [ RunTime:0.003473s ]
INFO: [ app_begin ] --START--
INFO: ReadHtmlCache Behavior ::run [ RunTime:0.000594s ]
INFO: [ app_begin ] --END-- [ RunTime:0.000672s ]
NOTIC: [8] Use of undefined constant wish - assumed 'wish' /data/home/qxu1591180029/htdocs/wish/App/Lib/Action/Index/IndexAction.class.php 第 16 行.
SQL: SHOW COLUMNS FROM `hd_wish` [ RunTime:0.001041s ]
SQL: INSERT INTO `hd_wish` (`username`,`content`,`time`) VALUES ('放水电费','水电费水电费',1439975678) [ RunTime:0.000810s ]

[ 2015-08-19T17:14:50+08:00 ] 112.94.156.151 /wish/
INFO: [ app_begin ] --START--
INFO: ReadHtmlCache Behavior ::run [ RunTime:0.000537s ]
INFO: [ app_begin ] --END-- [ RunTime:0.000694s ]
SQL: SHOW COLUMNS FROM `hd_wish` [ RunTime:0.001015s ]
SQL: SELECT * FROM `hd_wish`  [ RunTime:0.000657s ]
INFO: [ view_parse ] --START--
INFO: ParseTemplate Behavior ::run [ RunTime:0.012317s ]
INFO: [ view_parse ] --END-- [ RunTime:0.012573s ]
INFO: [ view_filter ] --START--
INFO: ContentReplace Behavior ::run [ RunTime:0.000600s ]
INFO: TokenBuild Behavior ::run [ RunTime:0.000488s ]
INFO: WriteHtmlCache Behavior ::run [ RunTime:0.000367s ]
INFO: ShowRuntime Behavior ::run [ RunTime:0.000595s ]
INFO: [ view_filter ] --END-- [ RunTime:0.002295s ]
INFO: [ view_end ] --START--
INFO: ShowPageTrace Behavior ::run [ RunTime:0.000705s ]
INFO: [ view_end ] --END-- [ RunTime:0.000785s ]

[ 2015-08-19T19:20:35+08:00 ] 58.62.254.215 /wish/
INFO: [ app_begin ] --START--
INFO: ReadHtmlCache Behavior ::run [ RunTime:0.000525s ]
INFO: [ app_begin ] --END-- [ RunTime:0.000701s ]
SQL: SHOW COLUMNS FROM `hd_wish` [ RunTime:0.003845s ]
SQL: SELECT * FROM `hd_wish`  [ RunTime:0.000765s ]
INFO: [ view_parse ] --START--
INFO: ParseTemplate Behavior ::run [ RunTime:0.010179s ]
INFO: [ view_parse ] --END-- [ RunTime:0.010301s ]
INFO: [ view_filter ] --START--
INFO: ContentReplace Behavior ::run [ RunTime:0.000477s ]
INFO: TokenBuild Behavior ::run [ RunTime:0.000379s ]
INFO: WriteHtmlCache Behavior ::run [ RunTime:0.000258s ]
INFO: ShowRuntime Behavior ::run [ RunTime:0.000451s ]
INFO: [ view_filter ] --END-- [ RunTime:0.001743s ]
INFO: [ view_end ] --START--
INFO: ShowPageTrace Behavior ::run [ RunTime:0.000536s ]
INFO: [ view_end ] --END-- [ RunTime:0.000653s ]

