[ 2015-05-09T19:53:51+08:00 ] 127.0.0.1 /wish4/index.php/
INFO: [ route_check ] --START--
INFO: CheckRoute Behavior ::run [ RunTime:0.006294s ]
INFO: [ route_check ] --END-- [ RunTime:0.006521s ]
INFO: [ app_begin ] --START--
INFO: ReadHtmlCache Behavior ::run [ RunTime:0.007637s ]
INFO: [ app_begin ] --END-- [ RunTime:0.007801s ]
SQL: SHOW COLUMNS FROM `hd_wish` [ RunTime:0.050811s ]
SQL: SELECT * FROM `hd_wish`  [ RunTime:0.052411s ]
INFO: [ view_parse ] --START--
INFO: ParseTemplate Behavior ::run [ RunTime:0.107575s ]
INFO: [ view_parse ] --END-- [ RunTime:0.107750s ]
INFO: [ view_filter ] --START--
INFO: ContentReplace Behavior ::run [ RunTime:0.034038s ]
INFO: TokenBuild Behavior ::run [ RunTime:0.035041s ]
INFO: WriteHtmlCache Behavior ::run [ RunTime:0.011073s ]
INFO: ShowRuntime Behavior ::run [ RunTime:0.027082s ]
INFO: [ view_filter ] --END-- [ RunTime:0.107654s ]
INFO: [ view_end ] --START--
INFO: ShowPageTrace Behavior ::run [ RunTime:0.045634s ]
INFO: [ view_end ] --END-- [ RunTime:0.045809s ]

[ 2015-05-09T19:53:56+08:00 ] 127.0.0.1 /wish4/index.php/Admin
INFO: [ route_check ] --START--
INFO: CheckRoute Behavior ::run [ RunTime:0.006629s ]
INFO: [ route_check ] --END-- [ RunTime:0.006844s ]
INFO: [ app_begin ] --START--
INFO: ReadHtmlCache Behavior ::run [ RunTime:0.005982s ]
INFO: [ app_begin ] --END-- [ RunTime:0.006158s ]

[ 2015-05-09T19:53:57+08:00 ] 127.0.0.1 /wish4/index.php/Admin/Login/index
INFO: [ route_check ] --START--
INFO: CheckRoute Behavior ::run [ RunTime:0.073400s ]
INFO: [ route_check ] --END-- [ RunTime:0.073572s ]
INFO: [ app_begin ] --START--
INFO: ReadHtmlCache Behavior ::run [ RunTime:0.007527s ]
INFO: [ app_begin ] --END-- [ RunTime:0.007730s ]
INFO: [ view_parse ] --START--
INFO: ParseTemplate Behavior ::run [ RunTime:0.083246s ]
INFO: [ view_parse ] --END-- [ RunTime:0.083436s ]
INFO: [ view_filter ] --START--
INFO: ContentReplace Behavior ::run [ RunTime:0.008062s ]
INFO: TokenBuild Behavior ::run [ RunTime:0.006061s ]
INFO: WriteHtmlCache Behavior ::run [ RunTime:0.005755s ]
INFO: ShowRuntime Behavior ::run [ RunTime:0.005718s ]
INFO: [ view_filter ] --END-- [ RunTime:0.026052s ]
INFO: [ view_end ] --START--
INFO: ShowPageTrace Behavior ::run [ RunTime:0.018542s ]
INFO: [ view_end ] --END-- [ RunTime:0.018700s ]

[ 2015-05-09T19:53:58+08:00 ] 127.0.0.1 /wish4/index.php/Admin/Login/verify
INFO: [ route_check ] --START--
INFO: CheckRoute Behavior ::run [ RunTime:0.005411s ]
INFO: [ route_check ] --END-- [ RunTime:0.005582s ]
INFO: [ app_begin ] --START--
INFO: ReadHtmlCache Behavior ::run [ RunTime:0.028742s ]
INFO: [ app_begin ] --END-- [ RunTime:0.028926s ]

