[ 2015-08-01T12:16:50+08:00 ] 127.0.0.1 /wish4/
INFO: [ app_begin ] --START--
INFO: ReadHtmlCache Behavior ::run [ RunTime:0.019059s ]
INFO: [ app_begin ] --END-- [ RunTime:0.019222s ]
NOTIC: [8] A session had already been started - ignoring session_start() D:\wamp\www\wish4\ThinkPHP\Common\functions.php 第 566 行.
SQL: SHOW COLUMNS FROM `hd_wish` [ RunTime:0.057303s ]
SQL: SELECT * FROM `hd_wish`  [ RunTime:0.027923s ]
INFO: [ view_parse ] --START--
INFO: ParseTemplate Behavior ::run [ RunTime:0.179370s ]
INFO: [ view_parse ] --END-- [ RunTime:0.179554s ]
INFO: [ view_filter ] --START--
INFO: ContentReplace Behavior ::run [ RunTime:0.016293s ]
INFO: TokenBuild Behavior ::run [ RunTime:0.021811s ]
INFO: WriteHtmlCache Behavior ::run [ RunTime:0.007643s ]
INFO: ShowRuntime Behavior ::run [ RunTime:0.004109s ]
INFO: [ view_filter ] --END-- [ RunTime:0.050246s ]
INFO: [ view_end ] --START--
INFO: ShowPageTrace Behavior ::run [ RunTime:0.017858s ]
INFO: [ view_end ] --END-- [ RunTime:0.017992s ]

[ 2015-08-01T12:17:30+08:00 ] 127.0.0.1 /wish4/index.php/
INFO: [ route_check ] --START--
INFO: CheckRoute Behavior ::run [ RunTime:0.020609s ]
INFO: [ route_check ] --END-- [ RunTime:0.020778s ]
INFO: [ app_begin ] --START--
INFO: ReadHtmlCache Behavior ::run [ RunTime:0.003784s ]
INFO: [ app_begin ] --END-- [ RunTime:0.003950s ]
NOTIC: [8] A session had already been started - ignoring session_start() D:\wamp\www\wish4\ThinkPHP\Common\functions.php 第 566 行.
SQL: SHOW COLUMNS FROM `hd_wish` [ RunTime:0.005203s ]
SQL: SELECT * FROM `hd_wish`  [ RunTime:0.005356s ]
INFO: [ view_parse ] --START--
INFO: ParseTemplate Behavior ::run [ RunTime:0.068440s ]
INFO: [ view_parse ] --END-- [ RunTime:0.068603s ]
INFO: [ view_filter ] --START--
INFO: ContentReplace Behavior ::run [ RunTime:0.006273s ]
INFO: TokenBuild Behavior ::run [ RunTime:0.005798s ]
INFO: WriteHtmlCache Behavior ::run [ RunTime:0.005905s ]
INFO: ShowRuntime Behavior ::run [ RunTime:0.011816s ]
INFO: [ view_filter ] --END-- [ RunTime:0.030205s ]
INFO: [ view_end ] --START--
INFO: ShowPageTrace Behavior ::run [ RunTime:0.037376s ]
INFO: [ view_end ] --END-- [ RunTime:0.037542s ]

[ 2015-08-01T12:17:38+08:00 ] 127.0.0.1 /wish4/index.php/Admin
INFO: [ route_check ] --START--
INFO: CheckRoute Behavior ::run [ RunTime:0.004234s ]
INFO: [ route_check ] --END-- [ RunTime:0.004401s ]
INFO: [ app_begin ] --START--
INFO: ReadHtmlCache Behavior ::run [ RunTime:0.003574s ]
INFO: [ app_begin ] --END-- [ RunTime:0.003736s ]
NOTIC: [8] A session had already been started - ignoring session_start() D:\wamp\www\wish4\ThinkPHP\Common\functions.php 第 566 行.

[ 2015-08-01T12:17:38+08:00 ] 127.0.0.1 /wish4/index.php/Admin/Login/index
INFO: [ route_check ] --START--
INFO: CheckRoute Behavior ::run [ RunTime:0.001338s ]
INFO: [ route_check ] --END-- [ RunTime:0.001497s ]
INFO: [ app_begin ] --START--
INFO: ReadHtmlCache Behavior ::run [ RunTime:0.002243s ]
INFO: [ app_begin ] --END-- [ RunTime:0.002409s ]
NOTIC: [8] A session had already been started - ignoring session_start() D:\wamp\www\wish4\ThinkPHP\Common\functions.php 第 566 行.
INFO: [ view_parse ] --START--
INFO: ParseTemplate Behavior ::run [ RunTime:0.116339s ]
INFO: [ view_parse ] --END-- [ RunTime:0.116509s ]
INFO: [ view_filter ] --START--
INFO: ContentReplace Behavior ::run [ RunTime:0.005779s ]
INFO: TokenBuild Behavior ::run [ RunTime:0.006046s ]
INFO: WriteHtmlCache Behavior ::run [ RunTime:0.006714s ]
INFO: ShowRuntime Behavior ::run [ RunTime:0.005556s ]
INFO: [ view_filter ] --END-- [ RunTime:0.024491s ]
NOTIC: [2] Cannot modify header information - headers already sent by (output started at D:\wamp\www\wish4\App\Lib\Action\Admin\LoginAction.class.php:5) D:\wamp\www\wish4\ThinkPHP\Lib\Core\View.class.php 第 95 行.
NOTIC: [2] Cannot modify header information - headers already sent by (output started at D:\wamp\www\wish4\App\Lib\Action\Admin\LoginAction.class.php:5) D:\wamp\www\wish4\ThinkPHP\Lib\Core\View.class.php 第 96 行.
NOTIC: [2] Cannot modify header information - headers already sent by (output started at D:\wamp\www\wish4\App\Lib\Action\Admin\LoginAction.class.php:5) D:\wamp\www\wish4\ThinkPHP\Lib\Core\View.class.php 第 97 行.
INFO: [ view_end ] --START--
INFO: ShowPageTrace Behavior ::run [ RunTime:0.006344s ]
INFO: [ view_end ] --END-- [ RunTime:0.006483s ]

[ 2015-08-01T12:17:38+08:00 ] 127.0.0.1 /wish4/index.php/Admin/Login/verify
INFO: [ route_check ] --START--
INFO: CheckRoute Behavior ::run [ RunTime:0.006663s ]
INFO: [ route_check ] --END-- [ RunTime:0.006838s ]
INFO: [ app_begin ] --START--
INFO: ReadHtmlCache Behavior ::run [ RunTime:0.004101s ]
INFO: [ app_begin ] --END-- [ RunTime:0.004259s ]
NOTIC: [8] A session had already been started - ignoring session_start() D:\wamp\www\wish4\ThinkPHP\Common\functions.php 第 566 行.

[ 2015-08-01T12:17:46+08:00 ] 127.0.0.1 /wish4/index.php/Admin/Login/login
INFO: [ route_check ] --START--
INFO: CheckRoute Behavior ::run [ RunTime:0.004260s ]
INFO: [ route_check ] --END-- [ RunTime:0.004426s ]
INFO: [ app_begin ] --START--
INFO: ReadHtmlCache Behavior ::run [ RunTime:0.003398s ]
INFO: [ app_begin ] --END-- [ RunTime:0.003557s ]
NOTIC: [8] A session had already been started - ignoring session_start() D:\wamp\www\wish4\ThinkPHP\Common\functions.php 第 566 行.
SQL: SHOW COLUMNS FROM `hd_user` [ RunTime:0.027481s ]
SQL: SELECT * FROM `hd_user` WHERE ( `username` = 'admin' ) LIMIT 1   [ RunTime:0.002627s ]
SQL: UPDATE `hd_user` SET `logintime`=1438402666,`loginip`='127.0.0.1' WHERE ( `id` = 1 ) [ RunTime:0.011134s ]

[ 2015-08-01T12:17:46+08:00 ] 127.0.0.1 /wish4/index.php/Admin/Index/index
INFO: [ route_check ] --START--
INFO: CheckRoute Behavior ::run [ RunTime:0.001351s ]
INFO: [ route_check ] --END-- [ RunTime:0.001512s ]
INFO: [ app_begin ] --START--
INFO: ReadHtmlCache Behavior ::run [ RunTime:0.001042s ]
INFO: [ app_begin ] --END-- [ RunTime:0.001188s ]
NOTIC: [8] A session had already been started - ignoring session_start() D:\wamp\www\wish4\ThinkPHP\Common\functions.php 第 566 行.
INFO: [ view_parse ] --START--
INFO: ParseTemplate Behavior ::run [ RunTime:0.055788s ]
INFO: [ view_parse ] --END-- [ RunTime:0.055955s ]
INFO: [ view_filter ] --START--
INFO: ContentReplace Behavior ::run [ RunTime:0.003295s ]
INFO: TokenBuild Behavior ::run [ RunTime:0.005102s ]
INFO: WriteHtmlCache Behavior ::run [ RunTime:0.003114s ]
INFO: ShowRuntime Behavior ::run [ RunTime:0.003619s ]
INFO: [ view_filter ] --END-- [ RunTime:0.015590s ]
INFO: [ view_end ] --START--
INFO: ShowPageTrace Behavior ::run [ RunTime:0.003578s ]
INFO: [ view_end ] --END-- [ RunTime:0.003711s ]

[ 2015-08-01T12:17:47+08:00 ] 127.0.0.1 /wish4/index.php/Admin/Index/index
INFO: [ route_check ] --START--
INFO: CheckRoute Behavior ::run [ RunTime:0.001547s ]
INFO: [ route_check ] --END-- [ RunTime:0.001710s ]
INFO: [ app_begin ] --START--
INFO: ReadHtmlCache Behavior ::run [ RunTime:0.002204s ]
INFO: [ app_begin ] --END-- [ RunTime:0.002358s ]
NOTIC: [8] A session had already been started - ignoring session_start() D:\wamp\www\wish4\ThinkPHP\Common\functions.php 第 566 行.
INFO: [ view_parse ] --START--
INFO: ParseTemplate Behavior ::run [ RunTime:0.016868s ]
INFO: [ view_parse ] --END-- [ RunTime:0.017017s ]
INFO: [ view_filter ] --START--
INFO: ContentReplace Behavior ::run [ RunTime:0.000839s ]
INFO: TokenBuild Behavior ::run [ RunTime:0.000937s ]
INFO: WriteHtmlCache Behavior ::run [ RunTime:0.000706s ]
INFO: ShowRuntime Behavior ::run [ RunTime:0.001014s ]
INFO: [ view_filter ] --END-- [ RunTime:0.003859s ]
INFO: [ view_end ] --START--
INFO: ShowPageTrace Behavior ::run [ RunTime:0.001263s ]
INFO: [ view_end ] --END-- [ RunTime:0.001385s ]

[ 2015-08-01T12:17:50+08:00 ] 127.0.0.1 /wish4/index.php/Admin/MsgManage/index
INFO: [ route_check ] --START--
INFO: CheckRoute Behavior ::run [ RunTime:0.001382s ]
INFO: [ route_check ] --END-- [ RunTime:0.001542s ]
INFO: [ app_begin ] --START--
INFO: ReadHtmlCache Behavior ::run [ RunTime:0.001147s ]
INFO: [ app_begin ] --END-- [ RunTime:0.001350s ]
NOTIC: [8] A session had already been started - ignoring session_start() D:\wamp\www\wish4\ThinkPHP\Common\functions.php 第 566 行.
SQL: SHOW COLUMNS FROM `hd_wish` [ RunTime:0.003644s ]
SQL: SELECT COUNT(*) AS tp_count FROM `hd_wish` LIMIT 1   [ RunTime:0.001950s ]
SQL: SELECT * FROM `hd_wish` ORDER BY time DESC LIMIT 0,10   [ RunTime:0.015652s ]
INFO: [ view_parse ] --START--
INFO: ParseTemplate Behavior ::run [ RunTime:0.032455s ]
INFO: [ view_parse ] --END-- [ RunTime:0.032620s ]
INFO: [ view_filter ] --START--
INFO: ContentReplace Behavior ::run [ RunTime:0.000875s ]
INFO: TokenBuild Behavior ::run [ RunTime:0.000963s ]
INFO: WriteHtmlCache Behavior ::run [ RunTime:0.000676s ]
INFO: ShowRuntime Behavior ::run [ RunTime:0.000924s ]
INFO: [ view_filter ] --END-- [ RunTime:0.003882s ]
INFO: [ view_end ] --START--
INFO: ShowPageTrace Behavior ::run [ RunTime:0.001152s ]
INFO: [ view_end ] --END-- [ RunTime:0.001273s ]

[ 2015-08-01T12:17:52+08:00 ] 127.0.0.1 /wish4/index.php/Admin/MsgManage/index
INFO: [ route_check ] --START--
INFO: CheckRoute Behavior ::run [ RunTime:0.001509s ]
INFO: [ route_check ] --END-- [ RunTime:0.003077s ]
INFO: [ app_begin ] --START--
INFO: ReadHtmlCache Behavior ::run [ RunTime:0.001051s ]
INFO: [ app_begin ] --END-- [ RunTime:0.001195s ]
NOTIC: [8] A session had already been started - ignoring session_start() D:\wamp\www\wish4\ThinkPHP\Common\functions.php 第 566 行.
SQL: SHOW COLUMNS FROM `hd_wish` [ RunTime:0.003961s ]
SQL: SELECT COUNT(*) AS tp_count FROM `hd_wish` LIMIT 1   [ RunTime:0.001745s ]
SQL: SELECT * FROM `hd_wish` ORDER BY time DESC LIMIT 0,10   [ RunTime:0.000559s ]
INFO: [ view_parse ] --START--
INFO: ParseTemplate Behavior ::run [ RunTime:0.017594s ]
INFO: [ view_parse ] --END-- [ RunTime:0.017734s ]
INFO: [ view_filter ] --START--
INFO: ContentReplace Behavior ::run [ RunTime:0.000866s ]
INFO: TokenBuild Behavior ::run [ RunTime:0.000968s ]
INFO: WriteHtmlCache Behavior ::run [ RunTime:0.000690s ]
INFO: ShowRuntime Behavior ::run [ RunTime:0.000958s ]
INFO: [ view_filter ] --END-- [ RunTime:0.003866s ]
INFO: [ view_end ] --START--
INFO: ShowPageTrace Behavior ::run [ RunTime:0.001353s ]
INFO: [ view_end ] --END-- [ RunTime:0.001479s ]

[ 2015-08-01T12:17:55+08:00 ] 127.0.0.1 /wish4/index.php/Admin/MsgManage/index
INFO: [ route_check ] --START--
INFO: CheckRoute Behavior ::run [ RunTime:0.001397s ]
INFO: [ route_check ] --END-- [ RunTime:0.001573s ]
INFO: [ app_begin ] --START--
INFO: ReadHtmlCache Behavior ::run [ RunTime:0.001356s ]
INFO: [ app_begin ] --END-- [ RunTime:0.001505s ]
NOTIC: [8] A session had already been started - ignoring session_start() D:\wamp\www\wish4\ThinkPHP\Common\functions.php 第 566 行.
SQL: SHOW COLUMNS FROM `hd_wish` [ RunTime:0.004091s ]
SQL: SELECT COUNT(*) AS tp_count FROM `hd_wish` LIMIT 1   [ RunTime:0.002324s ]
SQL: SELECT * FROM `hd_wish` ORDER BY time DESC LIMIT 0,10   [ RunTime:0.000224s ]
INFO: [ view_parse ] --START--
INFO: ParseTemplate Behavior ::run [ RunTime:0.016694s ]
INFO: [ view_parse ] --END-- [ RunTime:0.016832s ]
INFO: [ view_filter ] --START--
INFO: ContentReplace Behavior ::run [ RunTime:0.000929s ]
INFO: TokenBuild Behavior ::run [ RunTime:0.000887s ]
INFO: WriteHtmlCache Behavior ::run [ RunTime:0.000667s ]
INFO: ShowRuntime Behavior ::run [ RunTime:0.000932s ]
INFO: [ view_filter ] --END-- [ RunTime:0.003777s ]
INFO: [ view_end ] --START--
INFO: ShowPageTrace Behavior ::run [ RunTime:0.001152s ]
INFO: [ view_end ] --END-- [ RunTime:0.001273s ]

[ 2015-08-01T12:18:00+08:00 ] 127.0.0.1 /wish4/index.php/Admin/Index/index
INFO: [ route_check ] --START--
INFO: CheckRoute Behavior ::run [ RunTime:0.001337s ]
INFO: [ route_check ] --END-- [ RunTime:0.001489s ]
INFO: [ app_begin ] --START--
INFO: ReadHtmlCache Behavior ::run [ RunTime:0.001045s ]
INFO: [ app_begin ] --END-- [ RunTime:0.001195s ]
NOTIC: [8] A session had already been started - ignoring session_start() D:\wamp\www\wish4\ThinkPHP\Common\functions.php 第 566 行.
INFO: [ view_parse ] --START--
INFO: ParseTemplate Behavior ::run [ RunTime:0.015795s ]
INFO: [ view_parse ] --END-- [ RunTime:0.015944s ]
INFO: [ view_filter ] --START--
INFO: ContentReplace Behavior ::run [ RunTime:0.000839s ]
INFO: TokenBuild Behavior ::run [ RunTime:0.000833s ]
INFO: WriteHtmlCache Behavior ::run [ RunTime:0.000650s ]
INFO: ShowRuntime Behavior ::run [ RunTime:0.000934s ]
INFO: [ view_filter ] --END-- [ RunTime:0.003606s ]
INFO: [ view_end ] --START--
INFO: ShowPageTrace Behavior ::run [ RunTime:0.001156s ]
INFO: [ view_end ] --END-- [ RunTime:0.001274s ]

[ 2015-08-01T12:18:01+08:00 ] 127.0.0.1 /wish4/index.php/Admin/MsgManage/index
INFO: [ route_check ] --START--
INFO: CheckRoute Behavior ::run [ RunTime:0.001370s ]
INFO: [ route_check ] --END-- [ RunTime:0.001525s ]
INFO: [ app_begin ] --START--
INFO: ReadHtmlCache Behavior ::run [ RunTime:0.001045s ]
INFO: [ app_begin ] --END-- [ RunTime:0.001187s ]
NOTIC: [8] A session had already been started - ignoring session_start() D:\wamp\www\wish4\ThinkPHP\Common\functions.php 第 566 行.
SQL: SHOW COLUMNS FROM `hd_wish` [ RunTime:0.004198s ]
SQL: SELECT COUNT(*) AS tp_count FROM `hd_wish` LIMIT 1   [ RunTime:0.001951s ]
SQL: SELECT * FROM `hd_wish` ORDER BY time DESC LIMIT 0,10   [ RunTime:0.000257s ]
INFO: [ view_parse ] --START--
INFO: ParseTemplate Behavior ::run [ RunTime:0.016914s ]
INFO: [ view_parse ] --END-- [ RunTime:0.017052s ]
INFO: [ view_filter ] --START--
INFO: ContentReplace Behavior ::run [ RunTime:0.000872s ]
INFO: TokenBuild Behavior ::run [ RunTime:0.000982s ]
INFO: WriteHtmlCache Behavior ::run [ RunTime:0.000751s ]
INFO: ShowRuntime Behavior ::run [ RunTime:0.000946s ]
INFO: [ view_filter ] --END-- [ RunTime:0.003939s ]
INFO: [ view_end ] --START--
INFO: ShowPageTrace Behavior ::run [ RunTime:0.001154s ]
INFO: [ view_end ] --END-- [ RunTime:0.001272s ]

[ 2015-08-01T12:18:04+08:00 ] 127.0.0.1 /wish4/index.php/Admin/Index/index
INFO: [ route_check ] --START--
INFO: CheckRoute Behavior ::run [ RunTime:0.001325s ]
INFO: [ route_check ] --END-- [ RunTime:0.001482s ]
INFO: [ app_begin ] --START--
INFO: ReadHtmlCache Behavior ::run [ RunTime:0.001105s ]
INFO: [ app_begin ] --END-- [ RunTime:0.001253s ]
NOTIC: [8] A session had already been started - ignoring session_start() D:\wamp\www\wish4\ThinkPHP\Common\functions.php 第 566 行.
INFO: [ view_parse ] --START--
INFO: ParseTemplate Behavior ::run [ RunTime:0.015160s ]
INFO: [ view_parse ] --END-- [ RunTime:0.015310s ]
INFO: [ view_filter ] --START--
INFO: ContentReplace Behavior ::run [ RunTime:0.000836s ]
INFO: TokenBuild Behavior ::run [ RunTime:0.000827s ]
INFO: WriteHtmlCache Behavior ::run [ RunTime:0.000653s ]
INFO: ShowRuntime Behavior ::run [ RunTime:0.000933s ]
INFO: [ view_filter ] --END-- [ RunTime:0.003595s ]
INFO: [ view_end ] --START--
INFO: ShowPageTrace Behavior ::run [ RunTime:0.001300s ]
INFO: [ view_end ] --END-- [ RunTime:0.001425s ]

[ 2015-08-01T12:18:04+08:00 ] 127.0.0.1 /wish4/index.php/Admin/Rbac/role
INFO: [ route_check ] --START--
INFO: CheckRoute Behavior ::run [ RunTime:0.001399s ]
INFO: [ route_check ] --END-- [ RunTime:0.001556s ]
INFO: [ app_begin ] --START--
INFO: ReadHtmlCache Behavior ::run [ RunTime:0.001038s ]
INFO: [ app_begin ] --END-- [ RunTime:0.001183s ]
NOTIC: [8] A session had already been started - ignoring session_start() D:\wamp\www\wish4\ThinkPHP\Common\functions.php 第 566 行.
SQL: SHOW COLUMNS FROM `hd_role` [ RunTime:0.037449s ]
SQL: SELECT * FROM `hd_role`  [ RunTime:0.002149s ]
INFO: [ view_parse ] --START--
INFO: ParseTemplate Behavior ::run [ RunTime:0.016187s ]
INFO: [ view_parse ] --END-- [ RunTime:0.016358s ]
INFO: [ view_filter ] --START--
INFO: ContentReplace Behavior ::run [ RunTime:0.000802s ]
INFO: TokenBuild Behavior ::run [ RunTime:0.000824s ]
INFO: WriteHtmlCache Behavior ::run [ RunTime:0.000667s ]
INFO: ShowRuntime Behavior ::run [ RunTime:0.000930s ]
INFO: [ view_filter ] --END-- [ RunTime:0.003569s ]
INFO: [ view_end ] --START--
INFO: ShowPageTrace Behavior ::run [ RunTime:0.001121s ]
INFO: [ view_end ] --END-- [ RunTime:0.001249s ]

[ 2015-08-01T12:18:06+08:00 ] 127.0.0.1 /wish4/index.php/Admin/Rbac/node
INFO: [ route_check ] --START--
INFO: CheckRoute Behavior ::run [ RunTime:0.001338s ]
INFO: [ route_check ] --END-- [ RunTime:0.001496s ]
INFO: [ app_begin ] --START--
INFO: ReadHtmlCache Behavior ::run [ RunTime:0.001101s ]
INFO: [ app_begin ] --END-- [ RunTime:0.001250s ]
NOTIC: [8] A session had already been started - ignoring session_start() D:\wamp\www\wish4\ThinkPHP\Common\functions.php 第 566 行.
SQL: SHOW COLUMNS FROM `hd_node` [ RunTime:0.021796s ]
SQL: SELECT `id`,`name`,`title`,`pid` FROM `hd_node` ORDER BY sort  [ RunTime:0.002432s ]
INFO: [ view_parse ] --START--
INFO: ParseTemplate Behavior ::run [ RunTime:0.029463s ]
INFO: [ view_parse ] --END-- [ RunTime:0.029618s ]
INFO: [ view_filter ] --START--
INFO: ContentReplace Behavior ::run [ RunTime:0.000832s ]
INFO: TokenBuild Behavior ::run [ RunTime:0.000843s ]
INFO: WriteHtmlCache Behavior ::run [ RunTime:0.000733s ]
INFO: ShowRuntime Behavior ::run [ RunTime:0.000943s ]
INFO: [ view_filter ] --END-- [ RunTime:0.003711s ]
INFO: [ view_end ] --START--
INFO: ShowPageTrace Behavior ::run [ RunTime:0.001170s ]
INFO: [ view_end ] --END-- [ RunTime:0.001289s ]

[ 2015-08-01T12:18:06+08:00 ] 127.0.0.1 /wish4/index.php/Admin/Rbac/addrole
INFO: [ route_check ] --START--
INFO: CheckRoute Behavior ::run [ RunTime:0.001362s ]
INFO: [ route_check ] --END-- [ RunTime:0.001518s ]
INFO: [ app_begin ] --START--
INFO: ReadHtmlCache Behavior ::run [ RunTime:0.001043s ]
INFO: [ app_begin ] --END-- [ RunTime:0.001190s ]
NOTIC: [8] A session had already been started - ignoring session_start() D:\wamp\www\wish4\ThinkPHP\Common\functions.php 第 566 行.
INFO: [ view_parse ] --START--
INFO: ParseTemplate Behavior ::run [ RunTime:0.037399s ]
INFO: [ view_parse ] --END-- [ RunTime:0.037590s ]
INFO: [ view_filter ] --START--
INFO: ContentReplace Behavior ::run [ RunTime:0.000809s ]
INFO: TokenBuild Behavior ::run [ RunTime:0.001044s ]
INFO: WriteHtmlCache Behavior ::run [ RunTime:0.000943s ]
INFO: ShowRuntime Behavior ::run [ RunTime:0.001008s ]
INFO: [ view_filter ] --END-- [ RunTime:0.004403s ]
INFO: [ view_end ] --START--
INFO: ShowPageTrace Behavior ::run [ RunTime:0.001271s ]
INFO: [ view_end ] --END-- [ RunTime:0.001434s ]

[ 2015-08-01T12:18:07+08:00 ] 127.0.0.1 /wish4/index.php/Admin/Rbac/addNode
INFO: [ route_check ] --START--
INFO: CheckRoute Behavior ::run [ RunTime:0.001325s ]
INFO: [ route_check ] --END-- [ RunTime:0.001491s ]
INFO: [ app_begin ] --START--
INFO: ReadHtmlCache Behavior ::run [ RunTime:0.001033s ]
INFO: [ app_begin ] --END-- [ RunTime:0.001180s ]
NOTIC: [8] A session had already been started - ignoring session_start() D:\wamp\www\wish4\ThinkPHP\Common\functions.php 第 566 行.
NOTIC: [8] Use of undefined constant intval - assumed 'intval' D:\wamp\www\wish4\App\Lib\Action\Admin\RbacAction.class.php 第 45 行.
INFO: [ view_parse ] --START--
INFO: ParseTemplate Behavior ::run [ RunTime:0.014459s ]
INFO: [ view_parse ] --END-- [ RunTime:0.014649s ]
INFO: [ view_filter ] --START--
INFO: ContentReplace Behavior ::run [ RunTime:0.000804s ]
INFO: TokenBuild Behavior ::run [ RunTime:0.001064s ]
INFO: WriteHtmlCache Behavior ::run [ RunTime:0.000754s ]
INFO: ShowRuntime Behavior ::run [ RunTime:0.000937s ]
INFO: [ view_filter ] --END-- [ RunTime:0.003914s ]
INFO: [ view_end ] --START--
INFO: ShowPageTrace Behavior ::run [ RunTime:0.001139s ]
INFO: [ view_end ] --END-- [ RunTime:0.001257s ]

[ 2015-08-01T12:18:08+08:00 ] 127.0.0.1 /wish4/index.php/Admin/Index/index
INFO: [ route_check ] --START--
INFO: CheckRoute Behavior ::run [ RunTime:0.001458s ]
INFO: [ route_check ] --END-- [ RunTime:0.001617s ]
INFO: [ app_begin ] --START--
INFO: ReadHtmlCache Behavior ::run [ RunTime:0.001052s ]
INFO: [ app_begin ] --END-- [ RunTime:0.001195s ]
NOTIC: [8] A session had already been started - ignoring session_start() D:\wamp\www\wish4\ThinkPHP\Common\functions.php 第 566 行.
INFO: [ view_parse ] --START--
INFO: ParseTemplate Behavior ::run [ RunTime:0.015554s ]
INFO: [ view_parse ] --END-- [ RunTime:0.015701s ]
INFO: [ view_filter ] --START--
INFO: ContentReplace Behavior ::run [ RunTime:0.000923s ]
INFO: TokenBuild Behavior ::run [ RunTime:0.000905s ]
INFO: WriteHtmlCache Behavior ::run [ RunTime:0.000669s ]
INFO: ShowRuntime Behavior ::run [ RunTime:0.000950s ]
INFO: [ view_filter ] --END-- [ RunTime:0.004073s ]
INFO: [ view_end ] --START--
INFO: ShowPageTrace Behavior ::run [ RunTime:0.001303s ]
INFO: [ view_end ] --END-- [ RunTime:0.001428s ]

[ 2015-08-01T12:21:28+08:00 ] 127.0.0.1 /wish4/index.php/Admin/Index/index
INFO: [ route_check ] --START--
INFO: CheckRoute Behavior ::run [ RunTime:0.003867s ]
INFO: [ route_check ] --END-- [ RunTime:0.004031s ]
INFO: [ app_begin ] --START--
INFO: ReadHtmlCache Behavior ::run [ RunTime:0.003577s ]
INFO: [ app_begin ] --END-- [ RunTime:0.003752s ]
NOTIC: [8] A session had already been started - ignoring session_start() D:\wamp\www\wish4\ThinkPHP\Common\functions.php 第 566 行.
INFO: [ view_parse ] --START--
INFO: ParseTemplate Behavior ::run [ RunTime:0.097400s ]
INFO: [ view_parse ] --END-- [ RunTime:0.097566s ]
INFO: [ view_filter ] --START--
INFO: ContentReplace Behavior ::run [ RunTime:0.060639s ]
INFO: TokenBuild Behavior ::run [ RunTime:0.004397s ]
INFO: WriteHtmlCache Behavior ::run [ RunTime:0.003427s ]
INFO: ShowRuntime Behavior ::run [ RunTime:0.004671s ]
INFO: [ view_filter ] --END-- [ RunTime:0.073532s ]
INFO: [ view_end ] --START--
INFO: ShowPageTrace Behavior ::run [ RunTime:0.004944s ]
INFO: [ view_end ] --END-- [ RunTime:0.005072s ]

[ 2015-08-01T12:21:28+08:00 ] 127.0.0.1 /wish4/index.php/Admin/Index/index
INFO: [ route_check ] --START--
INFO: CheckRoute Behavior ::run [ RunTime:0.003783s ]
INFO: [ route_check ] --END-- [ RunTime:0.003967s ]
INFO: [ app_begin ] --START--
INFO: ReadHtmlCache Behavior ::run [ RunTime:0.004391s ]
INFO: [ app_begin ] --END-- [ RunTime:0.004639s ]
NOTIC: [8] A session had already been started - ignoring session_start() D:\wamp\www\wish4\ThinkPHP\Common\functions.php 第 566 行.
INFO: [ view_parse ] --START--
INFO: ParseTemplate Behavior ::run [ RunTime:0.092456s ]
INFO: [ view_parse ] --END-- [ RunTime:0.092618s ]
INFO: [ view_filter ] --START--
INFO: ContentReplace Behavior ::run [ RunTime:0.005272s ]
INFO: TokenBuild Behavior ::run [ RunTime:0.004068s ]
INFO: WriteHtmlCache Behavior ::run [ RunTime:0.004602s ]
INFO: ShowRuntime Behavior ::run [ RunTime:0.004448s ]
INFO: [ view_filter ] --END-- [ RunTime:0.018819s ]
INFO: [ view_end ] --START--
INFO: ShowPageTrace Behavior ::run [ RunTime:0.004162s ]
INFO: [ view_end ] --END-- [ RunTime:0.004289s ]

[ 2015-08-01T12:21:31+08:00 ] 127.0.0.1 /wish4/index.php/Admin/MsgManage/index
INFO: [ route_check ] --START--
INFO: CheckRoute Behavior ::run [ RunTime:0.003768s ]
INFO: [ route_check ] --END-- [ RunTime:0.003929s ]
INFO: [ app_begin ] --START--
INFO: ReadHtmlCache Behavior ::run [ RunTime:0.003338s ]
INFO: [ app_begin ] --END-- [ RunTime:0.003499s ]
NOTIC: [8] A session had already been started - ignoring session_start() D:\wamp\www\wish4\ThinkPHP\Common\functions.php 第 566 行.
ERR: Access denied for user 'qdm174464438'@'%' to database 'think'

[ 2015-08-01T12:23:07+08:00 ] 127.0.0.1 /wish4/index.php/Admin/Index/index
INFO: [ route_check ] --START--
INFO: CheckRoute Behavior ::run [ RunTime:0.001654s ]
INFO: [ route_check ] --END-- [ RunTime:0.001870s ]
INFO: [ app_begin ] --START--
INFO: ReadHtmlCache Behavior ::run [ RunTime:0.001258s ]
INFO: [ app_begin ] --END-- [ RunTime:0.001413s ]
NOTIC: [8] A session had already been started - ignoring session_start() D:\wamp\www\wish4\ThinkPHP\Common\functions.php 第 566 行.
INFO: [ view_parse ] --START--
INFO: ParseTemplate Behavior ::run [ RunTime:0.038454s ]
INFO: [ view_parse ] --END-- [ RunTime:0.038627s ]
INFO: [ view_filter ] --START--
INFO: ContentReplace Behavior ::run [ RunTime:0.003410s ]
INFO: TokenBuild Behavior ::run [ RunTime:0.003440s ]
INFO: WriteHtmlCache Behavior ::run [ RunTime:0.003181s ]
INFO: ShowRuntime Behavior ::run [ RunTime:0.003378s ]
INFO: [ view_filter ] --END-- [ RunTime:0.013802s ]
INFO: [ view_end ] --START--
INFO: ShowPageTrace Behavior ::run [ RunTime:0.005238s ]
INFO: [ view_end ] --END-- [ RunTime:0.005365s ]

[ 2015-08-01T12:23:07+08:00 ] 127.0.0.1 /wish4/index.php/Admin/Index/index
INFO: [ route_check ] --START--
INFO: CheckRoute Behavior ::run [ RunTime:0.004076s ]
INFO: [ route_check ] --END-- [ RunTime:0.004245s ]
INFO: [ app_begin ] --START--
INFO: ReadHtmlCache Behavior ::run [ RunTime:0.003598s ]
INFO: [ app_begin ] --END-- [ RunTime:0.005730s ]
NOTIC: [8] A session had already been started - ignoring session_start() D:\wamp\www\wish4\ThinkPHP\Common\functions.php 第 566 行.
INFO: [ view_parse ] --START--
INFO: ParseTemplate Behavior ::run [ RunTime:0.040599s ]
INFO: [ view_parse ] --END-- [ RunTime:0.040762s ]
INFO: [ view_filter ] --START--
INFO: ContentReplace Behavior ::run [ RunTime:0.007204s ]
INFO: TokenBuild Behavior ::run [ RunTime:0.006496s ]
INFO: WriteHtmlCache Behavior ::run [ RunTime:0.005908s ]
INFO: ShowRuntime Behavior ::run [ RunTime:0.007166s ]
INFO: [ view_filter ] --END-- [ RunTime:0.027186s ]
INFO: [ view_end ] --START--
INFO: ShowPageTrace Behavior ::run [ RunTime:0.003858s ]
INFO: [ view_end ] --END-- [ RunTime:0.003993s ]

[ 2015-08-01T12:23:09+08:00 ] 127.0.0.1 /wish4/index.php/Admin/MsgManage/index
INFO: [ route_check ] --START--
INFO: CheckRoute Behavior ::run [ RunTime:0.001357s ]
INFO: [ route_check ] --END-- [ RunTime:0.001518s ]
INFO: [ app_begin ] --START--
INFO: ReadHtmlCache Behavior ::run [ RunTime:0.001105s ]
INFO: [ app_begin ] --END-- [ RunTime:0.001250s ]
NOTIC: [8] A session had already been started - ignoring session_start() D:\wamp\www\wish4\ThinkPHP\Common\functions.php 第 566 行.
SQL: SHOW COLUMNS FROM `hd_wish` [ RunTime:0.047862s ]
SQL: SELECT COUNT(*) AS tp_count FROM `hd_wish` LIMIT 1   [ RunTime:0.047307s ]
SQL: SELECT * FROM `hd_wish` ORDER BY time DESC LIMIT 0,10   [ RunTime:0.047728s ]
INFO: [ view_parse ] --START--
INFO: ParseTemplate Behavior ::run [ RunTime:0.022490s ]
INFO: [ view_parse ] --END-- [ RunTime:0.022654s ]
INFO: [ view_filter ] --START--
INFO: ContentReplace Behavior ::run [ RunTime:0.001111s ]
INFO: TokenBuild Behavior ::run [ RunTime:0.001048s ]
INFO: WriteHtmlCache Behavior ::run [ RunTime:0.000883s ]
INFO: ShowRuntime Behavior ::run [ RunTime:0.001830s ]
INFO: [ view_filter ] --END-- [ RunTime:0.005399s ]
INFO: [ view_end ] --START--
INFO: ShowPageTrace Behavior ::run [ RunTime:0.001470s ]
INFO: [ view_end ] --END-- [ RunTime:0.001596s ]

[ 2015-08-01T12:23:14+08:00 ] 127.0.0.1 /wish4/index.php/Admin/Index/index
INFO: [ route_check ] --START--
INFO: CheckRoute Behavior ::run [ RunTime:0.001505s ]
INFO: [ route_check ] --END-- [ RunTime:0.001666s ]
INFO: [ app_begin ] --START--
INFO: ReadHtmlCache Behavior ::run [ RunTime:0.001461s ]
INFO: [ app_begin ] --END-- [ RunTime:0.001622s ]
NOTIC: [8] A session had already been started - ignoring session_start() D:\wamp\www\wish4\ThinkPHP\Common\functions.php 第 566 行.
INFO: [ view_parse ] --START--
INFO: ParseTemplate Behavior ::run [ RunTime:0.015271s ]
INFO: [ view_parse ] --END-- [ RunTime:0.015417s ]
INFO: [ view_filter ] --START--
INFO: ContentReplace Behavior ::run [ RunTime:0.001107s ]
INFO: TokenBuild Behavior ::run [ RunTime:0.000826s ]
INFO: WriteHtmlCache Behavior ::run [ RunTime:0.000650s ]
INFO: ShowRuntime Behavior ::run [ RunTime:0.000903s ]
INFO: [ view_filter ] --END-- [ RunTime:0.003838s ]
INFO: [ view_end ] --START--
INFO: ShowPageTrace Behavior ::run [ RunTime:0.001149s ]
INFO: [ view_end ] --END-- [ RunTime:0.001271s ]

[ 2015-08-01T12:23:15+08:00 ] 127.0.0.1 /wish4/index.php/Admin/Rbac/role
INFO: [ route_check ] --START--
INFO: CheckRoute Behavior ::run [ RunTime:0.001347s ]
INFO: [ route_check ] --END-- [ RunTime:0.001514s ]
INFO: [ app_begin ] --START--
INFO: ReadHtmlCache Behavior ::run [ RunTime:0.001045s ]
INFO: [ app_begin ] --END-- [ RunTime:0.001188s ]
NOTIC: [8] A session had already been started - ignoring session_start() D:\wamp\www\wish4\ThinkPHP\Common\functions.php 第 566 行.
SQL: SHOW COLUMNS FROM `hd_role` [ RunTime:0.046899s ]
SQL: SELECT * FROM `hd_role`  [ RunTime:0.052343s ]
INFO: [ view_parse ] --START--
INFO: ParseTemplate Behavior ::run [ RunTime:0.015719s ]
INFO: [ view_parse ] --END-- [ RunTime:0.015892s ]
INFO: [ view_filter ] --START--
INFO: ContentReplace Behavior ::run [ RunTime:0.000894s ]
INFO: TokenBuild Behavior ::run [ RunTime:0.000890s ]
INFO: WriteHtmlCache Behavior ::run [ RunTime:0.000651s ]
INFO: ShowRuntime Behavior ::run [ RunTime:0.000959s ]
INFO: [ view_filter ] --END-- [ RunTime:0.003756s ]
INFO: [ view_end ] --START--
INFO: ShowPageTrace Behavior ::run [ RunTime:0.001128s ]
INFO: [ view_end ] --END-- [ RunTime:0.001251s ]

[ 2015-08-01T12:23:16+08:00 ] 127.0.0.1 /wish4/index.php/Admin/Rbac/node
INFO: [ route_check ] --START--
INFO: CheckRoute Behavior ::run [ RunTime:0.001333s ]
INFO: [ route_check ] --END-- [ RunTime:0.001488s ]
INFO: [ app_begin ] --START--
INFO: ReadHtmlCache Behavior ::run [ RunTime:0.001126s ]
INFO: [ app_begin ] --END-- [ RunTime:0.001271s ]
NOTIC: [8] A session had already been started - ignoring session_start() D:\wamp\www\wish4\ThinkPHP\Common\functions.php 第 566 行.
SQL: SHOW COLUMNS FROM `hd_node` [ RunTime:0.047859s ]
SQL: SELECT `id`,`name`,`title`,`pid` FROM `hd_node` ORDER BY sort  [ RunTime:0.064969s ]
INFO: [ view_parse ] --START--
INFO: ParseTemplate Behavior ::run [ RunTime:0.023761s ]
INFO: [ view_parse ] --END-- [ RunTime:0.023933s ]
INFO: [ view_filter ] --START--
INFO: ContentReplace Behavior ::run [ RunTime:0.000913s ]
INFO: TokenBuild Behavior ::run [ RunTime:0.001743s ]
INFO: WriteHtmlCache Behavior ::run [ RunTime:0.000714s ]
INFO: ShowRuntime Behavior ::run [ RunTime:0.001990s ]
INFO: [ view_filter ] --END-- [ RunTime:0.005792s ]
INFO: [ view_end ] --START--
INFO: ShowPageTrace Behavior ::run [ RunTime:0.001184s ]
INFO: [ view_end ] --END-- [ RunTime:0.001316s ]

[ 2015-08-01T12:23:17+08:00 ] 127.0.0.1 /wish4/index.php/Admin/Rbac/addrole
INFO: [ route_check ] --START--
INFO: CheckRoute Behavior ::run [ RunTime:0.001340s ]
INFO: [ route_check ] --END-- [ RunTime:0.001501s ]
INFO: [ app_begin ] --START--
INFO: ReadHtmlCache Behavior ::run [ RunTime:0.001093s ]
INFO: [ app_begin ] --END-- [ RunTime:0.001241s ]
NOTIC: [8] A session had already been started - ignoring session_start() D:\wamp\www\wish4\ThinkPHP\Common\functions.php 第 566 行.
INFO: [ view_parse ] --START--
INFO: ParseTemplate Behavior ::run [ RunTime:0.014205s ]
INFO: [ view_parse ] --END-- [ RunTime:0.014397s ]
INFO: [ view_filter ] --START--
INFO: ContentReplace Behavior ::run [ RunTime:0.000821s ]
INFO: TokenBuild Behavior ::run [ RunTime:0.000828s ]
INFO: WriteHtmlCache Behavior ::run [ RunTime:0.000661s ]
INFO: ShowRuntime Behavior ::run [ RunTime:0.000936s ]
INFO: [ view_filter ] --END-- [ RunTime:0.003584s ]
INFO: [ view_end ] --START--
INFO: ShowPageTrace Behavior ::run [ RunTime:0.001225s ]
INFO: [ view_end ] --END-- [ RunTime:0.001344s ]

[ 2015-08-01T12:23:18+08:00 ] 127.0.0.1 /wish4/index.php/Admin/Index/index
INFO: [ route_check ] --START--
INFO: CheckRoute Behavior ::run [ RunTime:0.001332s ]
INFO: [ route_check ] --END-- [ RunTime:0.001494s ]
INFO: [ app_begin ] --START--
INFO: ReadHtmlCache Behavior ::run [ RunTime:0.001407s ]
INFO: [ app_begin ] --END-- [ RunTime:0.001568s ]
NOTIC: [8] A session had already been started - ignoring session_start() D:\wamp\www\wish4\ThinkPHP\Common\functions.php 第 566 行.
INFO: [ view_parse ] --START--
INFO: ParseTemplate Behavior ::run [ RunTime:0.015479s ]
INFO: [ view_parse ] --END-- [ RunTime:0.015631s ]
INFO: [ view_filter ] --START--
INFO: ContentReplace Behavior ::run [ RunTime:0.000863s ]
INFO: TokenBuild Behavior ::run [ RunTime:0.000845s ]
INFO: WriteHtmlCache Behavior ::run [ RunTime:0.000661s ]
INFO: ShowRuntime Behavior ::run [ RunTime:0.000950s ]
INFO: [ view_filter ] --END-- [ RunTime:0.003682s ]
INFO: [ view_end ] --START--
INFO: ShowPageTrace Behavior ::run [ RunTime:0.001177s ]
INFO: [ view_end ] --END-- [ RunTime:0.001299s ]

[ 2015-08-01T12:23:19+08:00 ] 127.0.0.1 /wish4/index.php/Admin/Rbac/node
INFO: [ route_check ] --START--
INFO: CheckRoute Behavior ::run [ RunTime:0.001320s ]
INFO: [ route_check ] --END-- [ RunTime:0.001479s ]
INFO: [ app_begin ] --START--
INFO: ReadHtmlCache Behavior ::run [ RunTime:0.001033s ]
INFO: [ app_begin ] --END-- [ RunTime:0.001179s ]
NOTIC: [8] A session had already been started - ignoring session_start() D:\wamp\www\wish4\ThinkPHP\Common\functions.php 第 566 行.
SQL: SHOW COLUMNS FROM `hd_node` [ RunTime:0.056654s ]
SQL: SELECT `id`,`name`,`title`,`pid` FROM `hd_node` ORDER BY sort  [ RunTime:0.059110s ]
INFO: [ view_parse ] --START--
INFO: ParseTemplate Behavior ::run [ RunTime:0.020046s ]
INFO: [ view_parse ] --END-- [ RunTime:0.020229s ]
INFO: [ view_filter ] --START--
INFO: ContentReplace Behavior ::run [ RunTime:0.001131s ]
INFO: TokenBuild Behavior ::run [ RunTime:0.000873s ]
INFO: WriteHtmlCache Behavior ::run [ RunTime:0.000654s ]
INFO: ShowRuntime Behavior ::run [ RunTime:0.000929s ]
INFO: [ view_filter ] --END-- [ RunTime:0.003938s ]
INFO: [ view_end ] --START--
INFO: ShowPageTrace Behavior ::run [ RunTime:0.001188s ]
INFO: [ view_end ] --END-- [ RunTime:0.001314s ]

[ 2015-08-01T12:23:26+08:00 ] 127.0.0.1 /wish4/index.php/Admin/Rbac/addNode
INFO: [ route_check ] --START--
INFO: CheckRoute Behavior ::run [ RunTime:0.001332s ]
INFO: [ route_check ] --END-- [ RunTime:0.001490s ]
INFO: [ app_begin ] --START--
INFO: ReadHtmlCache Behavior ::run [ RunTime:0.001049s ]
INFO: [ app_begin ] --END-- [ RunTime:0.001191s ]
NOTIC: [8] A session had already been started - ignoring session_start() D:\wamp\www\wish4\ThinkPHP\Common\functions.php 第 566 行.
NOTIC: [8] Use of undefined constant intval - assumed 'intval' D:\wamp\www\wish4\App\Lib\Action\Admin\RbacAction.class.php 第 45 行.
INFO: [ view_parse ] --START--
INFO: ParseTemplate Behavior ::run [ RunTime:0.017427s ]
INFO: [ view_parse ] --END-- [ RunTime:0.017616s ]
INFO: [ view_filter ] --START--
INFO: ContentReplace Behavior ::run [ RunTime:0.000811s ]
INFO: TokenBuild Behavior ::run [ RunTime:0.000818s ]
INFO: WriteHtmlCache Behavior ::run [ RunTime:0.000655s ]
INFO: ShowRuntime Behavior ::run [ RunTime:0.000926s ]
INFO: [ view_filter ] --END-- [ RunTime:0.003551s ]
INFO: [ view_end ] --START--
INFO: ShowPageTrace Behavior ::run [ RunTime:0.001181s ]
INFO: [ view_end ] --END-- [ RunTime:0.001301s ]

[ 2015-08-01T12:23:27+08:00 ] 127.0.0.1 /wish4/index.php/Admin/Rbac/addrole
INFO: [ route_check ] --START--
INFO: CheckRoute Behavior ::run [ RunTime:0.001348s ]
INFO: [ route_check ] --END-- [ RunTime:0.001507s ]
INFO: [ app_begin ] --START--
INFO: ReadHtmlCache Behavior ::run [ RunTime:0.001056s ]
INFO: [ app_begin ] --END-- [ RunTime:0.001201s ]
NOTIC: [8] A session had already been started - ignoring session_start() D:\wamp\www\wish4\ThinkPHP\Common\functions.php 第 566 行.
INFO: [ view_parse ] --START--
INFO: ParseTemplate Behavior ::run [ RunTime:0.012936s ]
INFO: [ view_parse ] --END-- [ RunTime:0.013123s ]
INFO: [ view_filter ] --START--
INFO: ContentReplace Behavior ::run [ RunTime:0.000820s ]
INFO: TokenBuild Behavior ::run [ RunTime:0.000919s ]
INFO: WriteHtmlCache Behavior ::run [ RunTime:0.001123s ]
INFO: ShowRuntime Behavior ::run [ RunTime:0.001035s ]
INFO: [ view_filter ] --END-- [ RunTime:0.004283s ]
INFO: [ view_end ] --START--
INFO: ShowPageTrace Behavior ::run [ RunTime:0.001227s ]
INFO: [ view_end ] --END-- [ RunTime:0.001373s ]

[ 2015-08-01T12:23:28+08:00 ] 127.0.0.1 /wish4/index.php/Admin/Index/index
INFO: [ route_check ] --START--
INFO: CheckRoute Behavior ::run [ RunTime:0.001396s ]
INFO: [ route_check ] --END-- [ RunTime:0.001555s ]
INFO: [ app_begin ] --START--
INFO: ReadHtmlCache Behavior ::run [ RunTime:0.001042s ]
INFO: [ app_begin ] --END-- [ RunTime:0.001188s ]
NOTIC: [8] A session had already been started - ignoring session_start() D:\wamp\www\wish4\ThinkPHP\Common\functions.php 第 566 行.
INFO: [ view_parse ] --START--
INFO: ParseTemplate Behavior ::run [ RunTime:0.015376s ]
INFO: [ view_parse ] --END-- [ RunTime:0.015526s ]
INFO: [ view_filter ] --START--
INFO: ContentReplace Behavior ::run [ RunTime:0.000972s ]
INFO: TokenBuild Behavior ::run [ RunTime:0.000853s ]
INFO: WriteHtmlCache Behavior ::run [ RunTime:0.000803s ]
INFO: ShowRuntime Behavior ::run [ RunTime:0.000979s ]
INFO: [ view_filter ] --END-- [ RunTime:0.003996s ]
INFO: [ view_end ] --START--
INFO: ShowPageTrace Behavior ::run [ RunTime:0.001186s ]
INFO: [ view_end ] --END-- [ RunTime:0.001305s ]

[ 2015-08-01T12:23:30+08:00 ] 127.0.0.1 /wish4/index.php/Admin/Rbac/role
INFO: [ route_check ] --START--
INFO: CheckRoute Behavior ::run [ RunTime:0.001332s ]
INFO: [ route_check ] --END-- [ RunTime:0.001490s ]
INFO: [ app_begin ] --START--
INFO: ReadHtmlCache Behavior ::run [ RunTime:0.001044s ]
INFO: [ app_begin ] --END-- [ RunTime:0.001195s ]
NOTIC: [8] A session had already been started - ignoring session_start() D:\wamp\www\wish4\ThinkPHP\Common\functions.php 第 566 行.
SQL: SHOW COLUMNS FROM `hd_role` [ RunTime:0.047995s ]
SQL: SELECT * FROM `hd_role`  [ RunTime:0.045932s ]
INFO: [ view_parse ] --START--
INFO: ParseTemplate Behavior ::run [ RunTime:0.017736s ]
INFO: [ view_parse ] --END-- [ RunTime:0.017895s ]
INFO: [ view_filter ] --START--
INFO: ContentReplace Behavior ::run [ RunTime:0.001027s ]
INFO: TokenBuild Behavior ::run [ RunTime:0.001082s ]
INFO: WriteHtmlCache Behavior ::run [ RunTime:0.000961s ]
INFO: ShowRuntime Behavior ::run [ RunTime:0.001267s ]
INFO: [ view_filter ] --END-- [ RunTime:0.004740s ]
INFO: [ view_end ] --START--
INFO: ShowPageTrace Behavior ::run [ RunTime:0.001376s ]
INFO: [ view_end ] --END-- [ RunTime:0.001505s ]

[ 2015-08-01T12:23:31+08:00 ] 127.0.0.1 /wish4/index.php/Admin/MsgManage/index
INFO: [ route_check ] --START--
INFO: CheckRoute Behavior ::run [ RunTime:0.001430s ]
INFO: [ route_check ] --END-- [ RunTime:0.001591s ]
INFO: [ app_begin ] --START--
INFO: ReadHtmlCache Behavior ::run [ RunTime:0.001055s ]
INFO: [ app_begin ] --END-- [ RunTime:0.001200s ]
NOTIC: [8] A session had already been started - ignoring session_start() D:\wamp\www\wish4\ThinkPHP\Common\functions.php 第 566 行.
SQL: SHOW COLUMNS FROM `hd_wish` [ RunTime:0.051768s ]
SQL: SELECT COUNT(*) AS tp_count FROM `hd_wish` LIMIT 1   [ RunTime:0.046469s ]
SQL: SELECT * FROM `hd_wish` ORDER BY time DESC LIMIT 0,10   [ RunTime:0.046511s ]
INFO: [ view_parse ] --START--
INFO: ParseTemplate Behavior ::run [ RunTime:0.018231s ]
INFO: [ view_parse ] --END-- [ RunTime:0.018366s ]
INFO: [ view_filter ] --START--
INFO: ContentReplace Behavior ::run [ RunTime:0.000860s ]
INFO: TokenBuild Behavior ::run [ RunTime:0.000827s ]
INFO: WriteHtmlCache Behavior ::run [ RunTime:0.000650s ]
INFO: ShowRuntime Behavior ::run [ RunTime:0.000934s ]
INFO: [ view_filter ] --END-- [ RunTime:0.003628s ]
INFO: [ view_end ] --START--
INFO: ShowPageTrace Behavior ::run [ RunTime:0.001160s ]
INFO: [ view_end ] --END-- [ RunTime:0.001280s ]

[ 2015-08-01T12:26:00+08:00 ] 127.0.0.1 /wish4/index.php/Admin/MsgManage/index
INFO: [ route_check ] --START--
INFO: CheckRoute Behavior ::run [ RunTime:0.003664s ]
INFO: [ route_check ] --END-- [ RunTime:0.003826s ]
INFO: [ app_begin ] --START--
INFO: ReadHtmlCache Behavior ::run [ RunTime:0.003743s ]
INFO: [ app_begin ] --END-- [ RunTime:0.003903s ]
NOTIC: [8] A session had already been started - ignoring session_start() D:\wamp\www\wish4\ThinkPHP\Common\functions.php 第 566 行.
SQL: SHOW COLUMNS FROM `hd_wish` [ RunTime:0.047851s ]
SQL: SELECT COUNT(*) AS tp_count FROM `hd_wish` LIMIT 1   [ RunTime:0.060152s ]
SQL: SELECT * FROM `hd_wish` ORDER BY time DESC LIMIT 0,10   [ RunTime:0.047479s ]
INFO: [ view_parse ] --START--
INFO: ParseTemplate Behavior ::run [ RunTime:0.031147s ]
INFO: [ view_parse ] --END-- [ RunTime:0.031304s ]
INFO: [ view_filter ] --START--
INFO: ContentReplace Behavior ::run [ RunTime:0.003335s ]
INFO: TokenBuild Behavior ::run [ RunTime:0.003190s ]
INFO: WriteHtmlCache Behavior ::run [ RunTime:0.003024s ]
INFO: ShowRuntime Behavior ::run [ RunTime:0.003306s ]
INFO: [ view_filter ] --END-- [ RunTime:0.013244s ]
INFO: [ view_end ] --START--
INFO: ShowPageTrace Behavior ::run [ RunTime:0.003818s ]
INFO: [ view_end ] --END-- [ RunTime:0.004030s ]

[ 2015-08-01T12:26:39+08:00 ] 127.0.0.1 /wish4/index.php/Admin/MsgManage/index
INFO: [ route_check ] --START--
INFO: CheckRoute Behavior ::run [ RunTime:0.001334s ]
INFO: [ route_check ] --END-- [ RunTime:0.001504s ]
INFO: [ app_begin ] --START--
INFO: ReadHtmlCache Behavior ::run [ RunTime:0.001038s ]
INFO: [ app_begin ] --END-- [ RunTime:0.001181s ]
NOTIC: [8] A session had already been started - ignoring session_start() D:\wamp\www\wish4\ThinkPHP\Common\functions.php 第 566 行.
SQL: SHOW COLUMNS FROM `hd_wish` [ RunTime:0.066391s ]
SQL: SELECT COUNT(*) AS tp_count FROM `hd_wish` LIMIT 1   [ RunTime:0.045500s ]
SQL: SELECT * FROM `hd_wish` ORDER BY time DESC LIMIT 0,10   [ RunTime:0.045527s ]
INFO: [ view_parse ] --START--
INFO: ParseTemplate Behavior ::run [ RunTime:0.016564s ]
INFO: [ view_parse ] --END-- [ RunTime:0.016701s ]
INFO: [ view_filter ] --START--
INFO: ContentReplace Behavior ::run [ RunTime:0.000858s ]
INFO: TokenBuild Behavior ::run [ RunTime:0.000831s ]
INFO: WriteHtmlCache Behavior ::run [ RunTime:0.000668s ]
INFO: ShowRuntime Behavior ::run [ RunTime:0.001268s ]
INFO: [ view_filter ] --END-- [ RunTime:0.004012s ]
INFO: [ view_end ] --START--
INFO: ShowPageTrace Behavior ::run [ RunTime:0.001247s ]
INFO: [ view_end ] --END-- [ RunTime:0.001370s ]

[ 2015-08-01T12:27:30+08:00 ] 127.0.0.1 /wish4/index.php/Admin/Index/index
INFO: [ route_check ] --START--
INFO: CheckRoute Behavior ::run [ RunTime:0.001392s ]
INFO: [ route_check ] --END-- [ RunTime:0.001551s ]
INFO: [ app_begin ] --START--
INFO: ReadHtmlCache Behavior ::run [ RunTime:0.001213s ]
INFO: [ app_begin ] --END-- [ RunTime:0.001372s ]
NOTIC: [8] A session had already been started - ignoring session_start() D:\wamp\www\wish4\ThinkPHP\Common\functions.php 第 566 行.
INFO: [ view_parse ] --START--
INFO: ParseTemplate Behavior ::run [ RunTime:0.021117s ]
INFO: [ view_parse ] --END-- [ RunTime:0.021281s ]
INFO: [ view_filter ] --START--
INFO: ContentReplace Behavior ::run [ RunTime:0.001218s ]
INFO: TokenBuild Behavior ::run [ RunTime:0.000910s ]
INFO: WriteHtmlCache Behavior ::run [ RunTime:0.000680s ]
INFO: ShowRuntime Behavior ::run [ RunTime:0.001338s ]
INFO: [ view_filter ] --END-- [ RunTime:0.004524s ]
INFO: [ view_end ] --START--
INFO: ShowPageTrace Behavior ::run [ RunTime:0.001304s ]
INFO: [ view_end ] --END-- [ RunTime:0.001436s ]

[ 2015-08-01T12:27:31+08:00 ] 127.0.0.1 /wish4/index.php/Admin/MsgManage/index
INFO: [ route_check ] --START--
INFO: CheckRoute Behavior ::run [ RunTime:0.005435s ]
INFO: [ route_check ] --END-- [ RunTime:0.005635s ]
INFO: [ app_begin ] --START--
INFO: ReadHtmlCache Behavior ::run [ RunTime:0.009357s ]
INFO: [ app_begin ] --END-- [ RunTime:0.009519s ]
NOTIC: [8] A session had already been started - ignoring session_start() D:\wamp\www\wish4\ThinkPHP\Common\functions.php 第 566 行.
SQL: SHOW COLUMNS FROM `hd_wish` [ RunTime:0.065000s ]
SQL: SELECT COUNT(*) AS tp_count FROM `hd_wish` LIMIT 1   [ RunTime:0.047880s ]
SQL: SELECT * FROM `hd_wish` ORDER BY time DESC LIMIT 0,10   [ RunTime:0.050411s ]
INFO: [ view_parse ] --START--
INFO: ParseTemplate Behavior ::run [ RunTime:0.030523s ]
INFO: [ view_parse ] --END-- [ RunTime:0.030694s ]
INFO: [ view_filter ] --START--
INFO: ContentReplace Behavior ::run [ RunTime:0.003373s ]
INFO: TokenBuild Behavior ::run [ RunTime:0.003438s ]
INFO: WriteHtmlCache Behavior ::run [ RunTime:0.003024s ]
INFO: ShowRuntime Behavior ::run [ RunTime:0.004038s ]
INFO: [ view_filter ] --END-- [ RunTime:0.014298s ]
INFO: [ view_end ] --START--
INFO: ShowPageTrace Behavior ::run [ RunTime:0.004101s ]
INFO: [ view_end ] --END-- [ RunTime:0.004228s ]

[ 2015-08-01T12:27:34+08:00 ] 127.0.0.1 /wish4/index.php/Admin/Rbac/role
INFO: [ route_check ] --START--
INFO: CheckRoute Behavior ::run [ RunTime:0.004260s ]
INFO: [ route_check ] --END-- [ RunTime:0.004427s ]
INFO: [ app_begin ] --START--
INFO: ReadHtmlCache Behavior ::run [ RunTime:0.003446s ]
INFO: [ app_begin ] --END-- [ RunTime:0.003604s ]
NOTIC: [8] A session had already been started - ignoring session_start() D:\wamp\www\wish4\ThinkPHP\Common\functions.php 第 566 行.
SQL: SHOW COLUMNS FROM `hd_role` [ RunTime:0.061662s ]
SQL: SELECT * FROM `hd_role`  [ RunTime:0.046327s ]
INFO: [ view_parse ] --START--
INFO: ParseTemplate Behavior ::run [ RunTime:0.042037s ]
INFO: [ view_parse ] --END-- [ RunTime:0.042243s ]
INFO: [ view_filter ] --START--
INFO: ContentReplace Behavior ::run [ RunTime:0.005478s ]
INFO: TokenBuild Behavior ::run [ RunTime:0.005856s ]
INFO: WriteHtmlCache Behavior ::run [ RunTime:0.005275s ]
INFO: ShowRuntime Behavior ::run [ RunTime:0.006148s ]
INFO: [ view_filter ] --END-- [ RunTime:0.023160s ]
INFO: [ view_end ] --START--
INFO: ShowPageTrace Behavior ::run [ RunTime:0.005789s ]
INFO: [ view_end ] --END-- [ RunTime:0.005943s ]

[ 2015-08-01T12:27:35+08:00 ] 127.0.0.1 /wish4/index.php/Admin/Index/index
INFO: [ route_check ] --START--
INFO: CheckRoute Behavior ::run [ RunTime:0.001334s ]
INFO: [ route_check ] --END-- [ RunTime:0.001492s ]
INFO: [ app_begin ] --START--
INFO: ReadHtmlCache Behavior ::run [ RunTime:0.001066s ]
INFO: [ app_begin ] --END-- [ RunTime:0.001210s ]
NOTIC: [8] A session had already been started - ignoring session_start() D:\wamp\www\wish4\ThinkPHP\Common\functions.php 第 566 行.
INFO: [ view_parse ] --START--
INFO: ParseTemplate Behavior ::run [ RunTime:0.042053s ]
INFO: [ view_parse ] --END-- [ RunTime:0.042210s ]
INFO: [ view_filter ] --START--
INFO: ContentReplace Behavior ::run [ RunTime:0.007296s ]
INFO: TokenBuild Behavior ::run [ RunTime:0.005969s ]
INFO: WriteHtmlCache Behavior ::run [ RunTime:0.005576s ]
INFO: ShowRuntime Behavior ::run [ RunTime:0.005616s ]
INFO: [ view_filter ] --END-- [ RunTime:0.024870s ]
INFO: [ view_end ] --START--
INFO: ShowPageTrace Behavior ::run [ RunTime:0.005785s ]
INFO: [ view_end ] --END-- [ RunTime:0.005911s ]

[ 2015-08-01T12:27:36+08:00 ] 127.0.0.1 /wish4/index.php/Admin/MsgManage/index
INFO: [ route_check ] --START--
INFO: CheckRoute Behavior ::run [ RunTime:0.001347s ]
INFO: [ route_check ] --END-- [ RunTime:0.001507s ]
INFO: [ app_begin ] --START--
INFO: ReadHtmlCache Behavior ::run [ RunTime:0.001046s ]
INFO: [ app_begin ] --END-- [ RunTime:0.001191s ]
NOTIC: [8] A session had already been started - ignoring session_start() D:\wamp\www\wish4\ThinkPHP\Common\functions.php 第 566 行.
SQL: SHOW COLUMNS FROM `hd_wish` [ RunTime:0.059069s ]
SQL: SELECT COUNT(*) AS tp_count FROM `hd_wish` LIMIT 1   [ RunTime:0.046480s ]
SQL: SELECT * FROM `hd_wish` ORDER BY time DESC LIMIT 0,10   [ RunTime:0.046480s ]
INFO: [ view_parse ] --START--
INFO: ParseTemplate Behavior ::run [ RunTime:0.044965s ]
INFO: [ view_parse ] --END-- [ RunTime:0.045130s ]
INFO: [ view_filter ] --START--
INFO: ContentReplace Behavior ::run [ RunTime:0.005473s ]
INFO: TokenBuild Behavior ::run [ RunTime:0.005771s ]
INFO: WriteHtmlCache Behavior ::run [ RunTime:0.005919s ]
INFO: ShowRuntime Behavior ::run [ RunTime:0.005585s ]
INFO: [ view_filter ] --END-- [ RunTime:0.023158s ]
INFO: [ view_end ] --START--
INFO: ShowPageTrace Behavior ::run [ RunTime:0.006669s ]
INFO: [ view_end ] --END-- [ RunTime:0.006814s ]

[ 2015-08-01T12:27:37+08:00 ] 127.0.0.1 /wish4/index.php/Admin/MsgManage/index
INFO: [ route_check ] --START--
INFO: CheckRoute Behavior ::run [ RunTime:0.001349s ]
INFO: [ route_check ] --END-- [ RunTime:0.001507s ]
INFO: [ app_begin ] --START--
INFO: ReadHtmlCache Behavior ::run [ RunTime:0.001062s ]
INFO: [ app_begin ] --END-- [ RunTime:0.001209s ]
NOTIC: [8] A session had already been started - ignoring session_start() D:\wamp\www\wish4\ThinkPHP\Common\functions.php 第 566 行.
SQL: SHOW COLUMNS FROM `hd_wish` [ RunTime:0.055134s ]
SQL: SELECT COUNT(*) AS tp_count FROM `hd_wish` LIMIT 1   [ RunTime:0.058887s ]
SQL: SELECT * FROM `hd_wish` ORDER BY time DESC LIMIT 0,10   [ RunTime:0.060173s ]
INFO: [ view_parse ] --START--
INFO: ParseTemplate Behavior ::run [ RunTime:0.050344s ]
INFO: [ view_parse ] --END-- [ RunTime:0.050502s ]
INFO: [ view_filter ] --START--
INFO: ContentReplace Behavior ::run [ RunTime:0.006104s ]
INFO: TokenBuild Behavior ::run [ RunTime:0.006881s ]
INFO: WriteHtmlCache Behavior ::run [ RunTime:0.006864s ]
INFO: ShowRuntime Behavior ::run [ RunTime:0.006567s ]
INFO: [ view_filter ] --END-- [ RunTime:0.026825s ]
INFO: [ view_end ] --START--
INFO: ShowPageTrace Behavior ::run [ RunTime:0.010266s ]
INFO: [ view_end ] --END-- [ RunTime:0.010396s ]

[ 2015-08-01T12:27:37+08:00 ] 127.0.0.1 /wish4/index.php/Admin/Index/index
INFO: [ route_check ] --START--
INFO: CheckRoute Behavior ::run [ RunTime:0.001862s ]
INFO: [ route_check ] --END-- [ RunTime:0.002031s ]
INFO: [ app_begin ] --START--
INFO: ReadHtmlCache Behavior ::run [ RunTime:0.001063s ]
INFO: [ app_begin ] --END-- [ RunTime:0.001208s ]
NOTIC: [8] A session had already been started - ignoring session_start() D:\wamp\www\wish4\ThinkPHP\Common\functions.php 第 566 行.
INFO: [ view_parse ] --START--
INFO: ParseTemplate Behavior ::run [ RunTime:0.040664s ]
INFO: [ view_parse ] --END-- [ RunTime:0.040820s ]
INFO: [ view_filter ] --START--
INFO: ContentReplace Behavior ::run [ RunTime:0.005564s ]
INFO: TokenBuild Behavior ::run [ RunTime:0.005418s ]
INFO: WriteHtmlCache Behavior ::run [ RunTime:0.005289s ]
INFO: ShowRuntime Behavior ::run [ RunTime:0.005608s ]
INFO: [ view_filter ] --END-- [ RunTime:0.022272s ]
INFO: [ view_end ] --START--
INFO: ShowPageTrace Behavior ::run [ RunTime:0.006481s ]
INFO: [ view_end ] --END-- [ RunTime:0.006608s ]

[ 2015-08-01T12:27:38+08:00 ] 127.0.0.1 /wish4/index.php/Admin/MsgManage/index
INFO: [ route_check ] --START--
INFO: CheckRoute Behavior ::run [ RunTime:0.001673s ]
INFO: [ route_check ] --END-- [ RunTime:0.001859s ]
INFO: [ app_begin ] --START--
INFO: ReadHtmlCache Behavior ::run [ RunTime:0.001035s ]
INFO: [ app_begin ] --END-- [ RunTime:0.001179s ]
NOTIC: [8] A session had already been started - ignoring session_start() D:\wamp\www\wish4\ThinkPHP\Common\functions.php 第 566 行.
SQL: SHOW COLUMNS FROM `hd_wish` [ RunTime:0.050900s ]
SQL: SELECT COUNT(*) AS tp_count FROM `hd_wish` LIMIT 1   [ RunTime:0.059174s ]
SQL: SELECT * FROM `hd_wish` ORDER BY time DESC LIMIT 0,10   [ RunTime:0.049324s ]
INFO: [ view_parse ] --START--
INFO: ParseTemplate Behavior ::run [ RunTime:0.046577s ]
INFO: [ view_parse ] --END-- [ RunTime:0.046742s ]
INFO: [ view_filter ] --START--
INFO: ContentReplace Behavior ::run [ RunTime:0.005565s ]
INFO: TokenBuild Behavior ::run [ RunTime:0.005502s ]
INFO: WriteHtmlCache Behavior ::run [ RunTime:0.005633s ]
INFO: ShowRuntime Behavior ::run [ RunTime:0.005817s ]
INFO: [ view_filter ] --END-- [ RunTime:0.022924s ]
INFO: [ view_end ] --START--
INFO: ShowPageTrace Behavior ::run [ RunTime:0.005843s ]
INFO: [ view_end ] --END-- [ RunTime:0.005975s ]

[ 2015-08-01T12:27:40+08:00 ] 127.0.0.1 /wish4/index.php/Admin/Rbac/role
INFO: [ route_check ] --START--
INFO: CheckRoute Behavior ::run [ RunTime:0.001336s ]
INFO: [ route_check ] --END-- [ RunTime:0.001494s ]
INFO: [ app_begin ] --START--
INFO: ReadHtmlCache Behavior ::run [ RunTime:0.001049s ]
INFO: [ app_begin ] --END-- [ RunTime:0.001195s ]
NOTIC: [8] A session had already been started - ignoring session_start() D:\wamp\www\wish4\ThinkPHP\Common\functions.php 第 566 行.
SQL: SHOW COLUMNS FROM `hd_role` [ RunTime:0.047827s ]
SQL: SELECT * FROM `hd_role`  [ RunTime:0.045483s ]
INFO: [ view_parse ] --START--
INFO: ParseTemplate Behavior ::run [ RunTime:0.042813s ]
INFO: [ view_parse ] --END-- [ RunTime:0.042985s ]
INFO: [ view_filter ] --START--
INFO: ContentReplace Behavior ::run [ RunTime:0.005512s ]
INFO: TokenBuild Behavior ::run [ RunTime:0.005501s ]
INFO: WriteHtmlCache Behavior ::run [ RunTime:0.006062s ]
INFO: ShowRuntime Behavior ::run [ RunTime:0.005834s ]
INFO: [ view_filter ] --END-- [ RunTime:0.023305s ]
INFO: [ view_end ] --START--
INFO: ShowPageTrace Behavior ::run [ RunTime:0.006845s ]
INFO: [ view_end ] --END-- [ RunTime:0.006978s ]

[ 2015-08-01T12:27:42+08:00 ] 127.0.0.1 /wish4/index.php/Admin/MsgManage/index
INFO: [ route_check ] --START--
INFO: CheckRoute Behavior ::run [ RunTime:0.001505s ]
INFO: [ route_check ] --END-- [ RunTime:0.001667s ]
INFO: [ app_begin ] --START--
INFO: ReadHtmlCache Behavior ::run [ RunTime:0.001062s ]
INFO: [ app_begin ] --END-- [ RunTime:0.001207s ]
NOTIC: [8] A session had already been started - ignoring session_start() D:\wamp\www\wish4\ThinkPHP\Common\functions.php 第 566 行.
SQL: SHOW COLUMNS FROM `hd_wish` [ RunTime:0.060620s ]
SQL: SELECT COUNT(*) AS tp_count FROM `hd_wish` LIMIT 1   [ RunTime:0.059162s ]
SQL: SELECT * FROM `hd_wish` ORDER BY time DESC LIMIT 0,10   [ RunTime:0.046518s ]
INFO: [ view_parse ] --START--
INFO: ParseTemplate Behavior ::run [ RunTime:0.044237s ]
INFO: [ view_parse ] --END-- [ RunTime:0.044399s ]
INFO: [ view_filter ] --START--
INFO: ContentReplace Behavior ::run [ RunTime:0.006148s ]
INFO: TokenBuild Behavior ::run [ RunTime:0.005783s ]
INFO: WriteHtmlCache Behavior ::run [ RunTime:0.005274s ]
INFO: ShowRuntime Behavior ::run [ RunTime:0.005566s ]
INFO: [ view_filter ] --END-- [ RunTime:0.023177s ]
INFO: [ view_end ] --START--
INFO: ShowPageTrace Behavior ::run [ RunTime:0.005772s ]
INFO: [ view_end ] --END-- [ RunTime:0.005898s ]

[ 2015-08-01T12:28:03+08:00 ] 127.0.0.1 /wish4/index.php/Admin/Index/index
INFO: [ route_check ] --START--
INFO: CheckRoute Behavior ::run [ RunTime:0.001547s ]
INFO: [ route_check ] --END-- [ RunTime:0.001709s ]
INFO: [ app_begin ] --START--
INFO: ReadHtmlCache Behavior ::run [ RunTime:0.001110s ]
INFO: [ app_begin ] --END-- [ RunTime:0.001260s ]
NOTIC: [8] A session had already been started - ignoring session_start() D:\wamp\www\wish4\ThinkPHP\Common\functions.php 第 566 行.
INFO: [ view_parse ] --START--
INFO: ParseTemplate Behavior ::run [ RunTime:0.060031s ]
INFO: [ view_parse ] --END-- [ RunTime:0.060179s ]
INFO: [ view_filter ] --START--
INFO: ContentReplace Behavior ::run [ RunTime:0.010833s ]
INFO: TokenBuild Behavior ::run [ RunTime:0.008956s ]
INFO: WriteHtmlCache Behavior ::run [ RunTime:0.010439s ]
INFO: ShowRuntime Behavior ::run [ RunTime:0.010230s ]
INFO: [ view_filter ] --END-- [ RunTime:0.041642s ]
INFO: [ view_end ] --START--
INFO: ShowPageTrace Behavior ::run [ RunTime:0.010927s ]
INFO: [ view_end ] --END-- [ RunTime:0.011067s ]

[ 2015-08-01T12:28:03+08:00 ] 127.0.0.1 /wish4/index.php/Admin/MsgManage/index
INFO: [ route_check ] --START--
INFO: CheckRoute Behavior ::run [ RunTime:0.004608s ]
INFO: [ route_check ] --END-- [ RunTime:0.004777s ]
INFO: [ app_begin ] --START--
INFO: ReadHtmlCache Behavior ::run [ RunTime:0.004725s ]
INFO: [ app_begin ] --END-- [ RunTime:0.004989s ]
NOTIC: [8] A session had already been started - ignoring session_start() D:\wamp\www\wish4\ThinkPHP\Common\functions.php 第 566 行.
SQL: SHOW COLUMNS FROM `hd_wish` [ RunTime:0.047859s ]
SQL: SELECT COUNT(*) AS tp_count FROM `hd_wish` LIMIT 1   [ RunTime:0.046332s ]
SQL: SELECT * FROM `hd_wish` ORDER BY time DESC LIMIT 0,10   [ RunTime:0.057306s ]
INFO: [ view_parse ] --START--
INFO: ParseTemplate Behavior ::run [ RunTime:0.037867s ]
INFO: [ view_parse ] --END-- [ RunTime:0.038829s ]
INFO: [ view_filter ] --START--
INFO: ContentReplace Behavior ::run [ RunTime:0.003290s ]
INFO: TokenBuild Behavior ::run [ RunTime:0.003837s ]
INFO: WriteHtmlCache Behavior ::run [ RunTime:0.003495s ]
INFO: ShowRuntime Behavior ::run [ RunTime:0.004194s ]
INFO: [ view_filter ] --END-- [ RunTime:0.015225s ]
INFO: [ view_end ] --START--
INFO: ShowPageTrace Behavior ::run [ RunTime:0.003525s ]
INFO: [ view_end ] --END-- [ RunTime:0.003652s ]

[ 2015-08-01T12:28:05+08:00 ] 127.0.0.1 /wish4/index.php/Admin/Index/index
INFO: [ route_check ] --START--
INFO: CheckRoute Behavior ::run [ RunTime:0.004273s ]
INFO: [ route_check ] --END-- [ RunTime:0.004436s ]
INFO: [ app_begin ] --START--
INFO: ReadHtmlCache Behavior ::run [ RunTime:0.003637s ]
INFO: [ app_begin ] --END-- [ RunTime:0.003796s ]
NOTIC: [8] A session had already been started - ignoring session_start() D:\wamp\www\wish4\ThinkPHP\Common\functions.php 第 566 行.
INFO: [ view_parse ] --START--
INFO: ParseTemplate Behavior ::run [ RunTime:0.028703s ]
INFO: [ view_parse ] --END-- [ RunTime:0.028861s ]
INFO: [ view_filter ] --START--
INFO: ContentReplace Behavior ::run [ RunTime:0.005917s ]
INFO: TokenBuild Behavior ::run [ RunTime:0.005495s ]
INFO: WriteHtmlCache Behavior ::run [ RunTime:0.005964s ]
INFO: ShowRuntime Behavior ::run [ RunTime:0.005620s ]
INFO: [ view_filter ] --END-- [ RunTime:0.023402s ]
INFO: [ view_end ] --START--
INFO: ShowPageTrace Behavior ::run [ RunTime:0.004021s ]
INFO: [ view_end ] --END-- [ RunTime:0.004145s ]

[ 2015-08-01T12:28:06+08:00 ] 127.0.0.1 /wish4/index.php/Admin/MsgManage/index
INFO: [ route_check ] --START--
INFO: CheckRoute Behavior ::run [ RunTime:0.001364s ]
INFO: [ route_check ] --END-- [ RunTime:0.001526s ]
INFO: [ app_begin ] --START--
INFO: ReadHtmlCache Behavior ::run [ RunTime:0.001050s ]
INFO: [ app_begin ] --END-- [ RunTime:0.001191s ]
NOTIC: [8] A session had already been started - ignoring session_start() D:\wamp\www\wish4\ThinkPHP\Common\functions.php 第 566 行.
SQL: SHOW COLUMNS FROM `hd_wish` [ RunTime:0.061569s ]
SQL: SELECT COUNT(*) AS tp_count FROM `hd_wish` LIMIT 1   [ RunTime:0.057992s ]
SQL: SELECT * FROM `hd_wish` ORDER BY time DESC LIMIT 0,10   [ RunTime:0.051347s ]
INFO: [ view_parse ] --START--
INFO: ParseTemplate Behavior ::run [ RunTime:0.024449s ]
INFO: [ view_parse ] --END-- [ RunTime:0.024608s ]
INFO: [ view_filter ] --START--
INFO: ContentReplace Behavior ::run [ RunTime:0.005506s ]
INFO: TokenBuild Behavior ::run [ RunTime:0.005535s ]
INFO: WriteHtmlCache Behavior ::run [ RunTime:0.007811s ]
INFO: ShowRuntime Behavior ::run [ RunTime:0.008129s ]
INFO: [ view_filter ] --END-- [ RunTime:0.027548s ]
INFO: [ view_end ] --START--
INFO: ShowPageTrace Behavior ::run [ RunTime:0.002843s ]
INFO: [ view_end ] --END-- [ RunTime:0.003015s ]

[ 2015-08-01T12:28:08+08:00 ] 127.0.0.1 /wish4/index.php/Admin/Rbac/node
INFO: [ route_check ] --START--
INFO: CheckRoute Behavior ::run [ RunTime:0.001337s ]
INFO: [ route_check ] --END-- [ RunTime:0.001495s ]
INFO: [ app_begin ] --START--
INFO: ReadHtmlCache Behavior ::run [ RunTime:0.001129s ]
INFO: [ app_begin ] --END-- [ RunTime:0.001274s ]
NOTIC: [8] A session had already been started - ignoring session_start() D:\wamp\www\wish4\ThinkPHP\Common\functions.php 第 566 行.
SQL: SHOW COLUMNS FROM `hd_node` [ RunTime:0.064469s ]
SQL: SELECT `id`,`name`,`title`,`pid` FROM `hd_node` ORDER BY sort  [ RunTime:0.055686s ]
INFO: [ view_parse ] --START--
INFO: ParseTemplate Behavior ::run [ RunTime:0.024886s ]
INFO: [ view_parse ] --END-- [ RunTime:0.025057s ]
INFO: [ view_filter ] --START--
INFO: ContentReplace Behavior ::run [ RunTime:0.006118s ]
INFO: TokenBuild Behavior ::run [ RunTime:0.005700s ]
INFO: WriteHtmlCache Behavior ::run [ RunTime:0.005229s ]
INFO: ShowRuntime Behavior ::run [ RunTime:0.006001s ]
INFO: [ view_filter ] --END-- [ RunTime:0.023437s ]
INFO: [ view_end ] --START--
INFO: ShowPageTrace Behavior ::run [ RunTime:0.002370s ]
INFO: [ view_end ] --END-- [ RunTime:0.002496s ]

[ 2015-08-01T12:28:10+08:00 ] 127.0.0.1 /wish4/index.php/Admin/Rbac/role
INFO: [ route_check ] --START--
INFO: CheckRoute Behavior ::run [ RunTime:0.001339s ]
INFO: [ route_check ] --END-- [ RunTime:0.001517s ]
INFO: [ app_begin ] --START--
INFO: ReadHtmlCache Behavior ::run [ RunTime:0.001078s ]
INFO: [ app_begin ] --END-- [ RunTime:0.001221s ]
NOTIC: [8] A session had already been started - ignoring session_start() D:\wamp\www\wish4\ThinkPHP\Common\functions.php 第 566 行.
SQL: SHOW COLUMNS FROM `hd_role` [ RunTime:0.061836s ]
SQL: SELECT * FROM `hd_role`  [ RunTime:0.058873s ]
INFO: [ view_parse ] --START--
INFO: ParseTemplate Behavior ::run [ RunTime:0.020370s ]
INFO: [ view_parse ] --END-- [ RunTime:0.020544s ]
INFO: [ view_filter ] --START--
INFO: ContentReplace Behavior ::run [ RunTime:0.005474s ]
INFO: TokenBuild Behavior ::run [ RunTime:0.005930s ]
INFO: WriteHtmlCache Behavior ::run [ RunTime:0.005808s ]
INFO: ShowRuntime Behavior ::run [ RunTime:0.006378s ]
INFO: [ view_filter ] --END-- [ RunTime:0.023997s ]
INFO: [ view_end ] --START--
INFO: ShowPageTrace Behavior ::run [ RunTime:0.002395s ]
INFO: [ view_end ] --END-- [ RunTime:0.002520s ]

[ 2015-08-01T12:28:12+08:00 ] 127.0.0.1 /wish4/index.php/Admin/Index/index
INFO: [ route_check ] --START--
INFO: CheckRoute Behavior ::run [ RunTime:0.001356s ]
INFO: [ route_check ] --END-- [ RunTime:0.001524s ]
INFO: [ app_begin ] --START--
INFO: ReadHtmlCache Behavior ::run [ RunTime:0.001108s ]
INFO: [ app_begin ] --END-- [ RunTime:0.001254s ]
NOTIC: [8] A session had already been started - ignoring session_start() D:\wamp\www\wish4\ThinkPHP\Common\functions.php 第 566 行.
INFO: [ view_parse ] --START--
INFO: ParseTemplate Behavior ::run [ RunTime:0.015594s ]
INFO: [ view_parse ] --END-- [ RunTime:0.015742s ]
INFO: [ view_filter ] --START--
INFO: ContentReplace Behavior ::run [ RunTime:0.005461s ]
INFO: TokenBuild Behavior ::run [ RunTime:0.006217s ]
INFO: WriteHtmlCache Behavior ::run [ RunTime:0.006081s ]
INFO: ShowRuntime Behavior ::run [ RunTime:0.005726s ]
INFO: [ view_filter ] --END-- [ RunTime:0.023885s ]
INFO: [ view_end ] --START--
INFO: ShowPageTrace Behavior ::run [ RunTime:0.002475s ]
INFO: [ view_end ] --END-- [ RunTime:0.002598s ]

[ 2015-08-01T12:28:13+08:00 ] 127.0.0.1 /wish4/index.php/Admin/MsgManage/index
INFO: [ route_check ] --START--
INFO: CheckRoute Behavior ::run [ RunTime:0.001329s ]
INFO: [ route_check ] --END-- [ RunTime:0.001486s ]
INFO: [ app_begin ] --START--
INFO: ReadHtmlCache Behavior ::run [ RunTime:0.001031s ]
INFO: [ app_begin ] --END-- [ RunTime:0.001173s ]
NOTIC: [8] A session had already been started - ignoring session_start() D:\wamp\www\wish4\ThinkPHP\Common\functions.php 第 566 行.
SQL: SHOW COLUMNS FROM `hd_wish` [ RunTime:0.058541s ]
SQL: SELECT COUNT(*) AS tp_count FROM `hd_wish` LIMIT 1   [ RunTime:0.050371s ]
SQL: SELECT * FROM `hd_wish` ORDER BY time DESC LIMIT 0,10   [ RunTime:0.063274s ]
INFO: [ view_parse ] --START--
INFO: ParseTemplate Behavior ::run [ RunTime:0.023456s ]
INFO: [ view_parse ] --END-- [ RunTime:0.023617s ]
INFO: [ view_filter ] --START--
INFO: ContentReplace Behavior ::run [ RunTime:0.005579s ]
INFO: TokenBuild Behavior ::run [ RunTime:0.005584s ]
INFO: WriteHtmlCache Behavior ::run [ RunTime:0.005279s ]
INFO: ShowRuntime Behavior ::run [ RunTime:0.005850s ]
INFO: [ view_filter ] --END-- [ RunTime:0.022692s ]
INFO: [ view_end ] --START--
INFO: ShowPageTrace Behavior ::run [ RunTime:0.002530s ]
INFO: [ view_end ] --END-- [ RunTime:0.002658s ]

[ 2015-08-01T12:28:39+08:00 ] 127.0.0.1 /wish4/index.php/Admin/MsgManage/index
INFO: [ route_check ] --START--
INFO: CheckRoute Behavior ::run [ RunTime:0.001332s ]
INFO: [ route_check ] --END-- [ RunTime:0.001490s ]
INFO: [ app_begin ] --START--
INFO: ReadHtmlCache Behavior ::run [ RunTime:0.001064s ]
INFO: [ app_begin ] --END-- [ RunTime:0.001224s ]
NOTIC: [8] A session had already been started - ignoring session_start() D:\wamp\www\wish4\ThinkPHP\Common\functions.php 第 566 行.
SQL: SHOW COLUMNS FROM `hd_wish` [ RunTime:0.050816s ]
SQL: SELECT COUNT(*) AS tp_count FROM `hd_wish` LIMIT 1   [ RunTime:0.058914s ]
SQL: SELECT * FROM `hd_wish` ORDER BY time DESC LIMIT 0,10   [ RunTime:0.060208s ]
INFO: [ view_parse ] --START--
INFO: ParseTemplate Behavior ::run [ RunTime:0.023702s ]
INFO: [ view_parse ] --END-- [ RunTime:0.023863s ]
INFO: [ view_filter ] --START--
INFO: ContentReplace Behavior ::run [ RunTime:0.005717s ]
INFO: TokenBuild Behavior ::run [ RunTime:0.005510s ]
INFO: WriteHtmlCache Behavior ::run [ RunTime:0.005416s ]
INFO: ShowRuntime Behavior ::run [ RunTime:0.005653s ]
INFO: [ view_filter ] --END-- [ RunTime:0.022700s ]
INFO: [ view_end ] --START--
INFO: ShowPageTrace Behavior ::run [ RunTime:0.002712s ]
INFO: [ view_end ] --END-- [ RunTime:0.002836s ]

[ 2015-08-01T12:35:45+08:00 ] 58.62.253.133 /wish/
INFO: [ app_begin ] --START--
INFO: ReadHtmlCache Behavior ::run [ RunTime:0.000978s ]
INFO: [ app_begin ] --END-- [ RunTime:0.001180s ]
SQL: SHOW COLUMNS FROM `hd_wish` [ RunTime:0.001266s ]
SQL: SELECT * FROM `hd_wish`  [ RunTime:0.000680s ]
INFO: [ view_parse ] --START--
INFO: ParseTemplate Behavior ::run [ RunTime:0.010257s ]
INFO: [ view_parse ] --END-- [ RunTime:0.010354s ]
INFO: [ view_filter ] --START--
INFO: ContentReplace Behavior ::run [ RunTime:0.000586s ]
INFO: TokenBuild Behavior ::run [ RunTime:0.000558s ]
INFO: WriteHtmlCache Behavior ::run [ RunTime:0.000325s ]
INFO: ShowRuntime Behavior ::run [ RunTime:0.000674s ]
INFO: [ view_filter ] --END-- [ RunTime:0.002386s ]
INFO: [ view_end ] --START--
INFO: ShowPageTrace Behavior ::run [ RunTime:0.000686s ]
INFO: [ view_end ] --END-- [ RunTime:0.000757s ]

[ 2015-08-01T12:35:45+08:00 ] 180.153.214.182 /wish/
INFO: [ app_begin ] --START--
INFO: ReadHtmlCache Behavior ::run [ RunTime:0.000810s ]
INFO: [ app_begin ] --END-- [ RunTime:0.001016s ]
SQL: SHOW COLUMNS FROM `hd_wish` [ RunTime:0.001046s ]
SQL: SELECT * FROM `hd_wish`  [ RunTime:0.000566s ]
INFO: [ view_parse ] --START--
INFO: ParseTemplate Behavior ::run [ RunTime:0.009242s ]
INFO: [ view_parse ] --END-- [ RunTime:0.009339s ]
INFO: [ view_filter ] --START--
INFO: ContentReplace Behavior ::run [ RunTime:0.000451s ]
INFO: TokenBuild Behavior ::run [ RunTime:0.000374s ]
INFO: WriteHtmlCache Behavior ::run [ RunTime:0.000253s ]
INFO: ShowRuntime Behavior ::run [ RunTime:0.000452s ]
INFO: [ view_filter ] --END-- [ RunTime:0.001729s ]
INFO: [ view_end ] --START--
INFO: ShowPageTrace Behavior ::run [ RunTime:0.000570s ]
INFO: [ view_end ] --END-- [ RunTime:0.000638s ]

[ 2015-08-01T12:49:17+08:00 ] 180.153.206.34 /wish/
INFO: [ app_begin ] --START--
INFO: ReadHtmlCache Behavior ::run [ RunTime:0.000531s ]
INFO: [ app_begin ] --END-- [ RunTime:0.000709s ]
SQL: SHOW COLUMNS FROM `hd_wish` [ RunTime:0.001333s ]
SQL: SELECT * FROM `hd_wish`  [ RunTime:0.000641s ]
INFO: [ view_parse ] --START--
INFO: ParseTemplate Behavior ::run [ RunTime:0.010147s ]
INFO: [ view_parse ] --END-- [ RunTime:0.010251s ]
INFO: [ view_filter ] --START--
INFO: ContentReplace Behavior ::run [ RunTime:0.000537s ]
INFO: TokenBuild Behavior ::run [ RunTime:0.000445s ]
INFO: WriteHtmlCache Behavior ::run [ RunTime:0.000377s ]
INFO: ShowRuntime Behavior ::run [ RunTime:0.000751s ]
INFO: [ view_filter ] --END-- [ RunTime:0.002468s ]
INFO: [ view_end ] --START--
INFO: ShowPageTrace Behavior ::run [ RunTime:0.000848s ]
INFO: [ view_end ] --END-- [ RunTime:0.000928s ]

[ 2015-08-01T13:39:38+08:00 ] 58.62.253.133 /wish/
INFO: [ app_begin ] --START--
INFO: ReadHtmlCache Behavior ::run [ RunTime:0.000543s ]
INFO: [ app_begin ] --END-- [ RunTime:0.000684s ]
SQL: SHOW COLUMNS FROM `hd_wish` [ RunTime:0.001035s ]
SQL: SELECT * FROM `hd_wish`  [ RunTime:0.001010s ]
INFO: [ view_parse ] --START--
INFO: ParseTemplate Behavior ::run [ RunTime:0.010576s ]
INFO: [ view_parse ] --END-- [ RunTime:0.010697s ]
INFO: [ view_filter ] --START--
INFO: ContentReplace Behavior ::run [ RunTime:0.000561s ]
INFO: TokenBuild Behavior ::run [ RunTime:0.000454s ]
INFO: WriteHtmlCache Behavior ::run [ RunTime:0.000363s ]
INFO: ShowRuntime Behavior ::run [ RunTime:0.000548s ]
INFO: [ view_filter ] --END-- [ RunTime:0.002158s ]
INFO: [ view_end ] --START--
INFO: ShowPageTrace Behavior ::run [ RunTime:0.000669s ]
INFO: [ view_end ] --END-- [ RunTime:0.000749s ]

[ 2015-08-01T20:20:10+08:00 ] 58.62.255.182 /wish/
INFO: [ app_begin ] --START--
INFO: ReadHtmlCache Behavior ::run [ RunTime:0.000559s ]
INFO: [ app_begin ] --END-- [ RunTime:0.000718s ]
SQL: SHOW COLUMNS FROM `hd_wish` [ RunTime:0.001517s ]
SQL: SELECT * FROM `hd_wish`  [ RunTime:0.000794s ]
INFO: [ view_parse ] --START--
INFO: ParseTemplate Behavior ::run [ RunTime:0.010071s ]
INFO: [ view_parse ] --END-- [ RunTime:0.010212s ]
INFO: [ view_filter ] --START--
INFO: ContentReplace Behavior ::run [ RunTime:0.000649s ]
INFO: TokenBuild Behavior ::run [ RunTime:0.000397s ]
INFO: WriteHtmlCache Behavior ::run [ RunTime:0.000269s ]
INFO: ShowRuntime Behavior ::run [ RunTime:0.000527s ]
INFO: [ view_filter ] --END-- [ RunTime:0.002043s ]
INFO: [ view_end ] --START--
INFO: ShowPageTrace Behavior ::run [ RunTime:0.000562s ]
INFO: [ view_end ] --END-- [ RunTime:0.000631s ]

