[ 2015-10-27T20:47:38+08:00 ] 101.226.33.238 /wish/
INFO: [ app_begin ] --START--
INFO: ReadHtmlCache Behavior ::run [ RunTime:0.002745s ]
INFO: [ app_begin ] --END-- [ RunTime:0.002968s ]
SQL: SHOW COLUMNS FROM `hd_wish` [ RunTime:0.001962s ]
SQL: SELECT * FROM `hd_wish`  [ RunTime:0.001682s ]
INFO: [ view_parse ] --START--
INFO: ParseTemplate Behavior ::run [ RunTime:0.088448s ]
INFO: [ view_parse ] --END-- [ RunTime:0.088594s ]
INFO: [ view_filter ] --START--
INFO: ContentReplace Behavior ::run [ RunTime:0.004580s ]
INFO: TokenBuild Behavior ::run [ RunTime:0.002177s ]
INFO: WriteHtmlCache Behavior ::run [ RunTime:0.001514s ]
INFO: ShowRuntime Behavior ::run [ RunTime:0.001461s ]
INFO: [ view_filter ] --END-- [ RunTime:0.010037s ]
INFO: [ view_end ] --START--
INFO: ShowPageTrace Behavior ::run [ RunTime:0.002850s ]
INFO: [ view_end ] --END-- [ RunTime:0.002967s ]

[ 2015-10-27T20:47:38+08:00 ] 58.62.253.1 /wish/
INFO: [ app_begin ] --START--
INFO: ReadHtmlCache Behavior ::run [ RunTime:0.000869s ]
INFO: [ app_begin ] --END-- [ RunTime:0.001149s ]
SQL: SHOW COLUMNS FROM `hd_wish` [ RunTime:0.001374s ]
SQL: SELECT * FROM `hd_wish`  [ RunTime:0.000999s ]
INFO: [ view_parse ] --START--
INFO: ParseTemplate Behavior ::run [ RunTime:0.090876s ]
INFO: [ view_parse ] --END-- [ RunTime:0.090991s ]
INFO: [ view_filter ] --START--
INFO: ContentReplace Behavior ::run [ RunTime:0.004526s ]
INFO: TokenBuild Behavior ::run [ RunTime:0.002071s ]
INFO: WriteHtmlCache Behavior ::run [ RunTime:0.001294s ]
INFO: ShowRuntime Behavior ::run [ RunTime:0.001821s ]
INFO: [ view_filter ] --END-- [ RunTime:0.009971s ]
INFO: [ view_end ] --START--
INFO: ShowPageTrace Behavior ::run [ RunTime:0.002935s ]
INFO: [ view_end ] --END-- [ RunTime:0.003016s ]

