[ 2015-11-04T19:53:29+08:00 ] 58.62.255.183 /wish/
INFO: [ app_begin ] --START--
INFO: ReadHtmlCache Behavior ::run [ RunTime:0.006512s ]
INFO: [ app_begin ] --END-- [ RunTime:0.006763s ]
SQL: SHOW COLUMNS FROM `hd_wish` [ RunTime:0.001321s ]
SQL: SELECT * FROM `hd_wish`  [ RunTime:0.001659s ]
INFO: [ view_parse ] --START--
INFO: ParseTemplate Behavior ::run [ RunTime:0.088866s ]
INFO: [ view_parse ] --END-- [ RunTime:0.089203s ]
INFO: [ view_filter ] --START--
INFO: ContentReplace Behavior ::run [ RunTime:0.004979s ]
INFO: TokenBuild Behavior ::run [ RunTime:0.001982s ]
INFO: WriteHtmlCache Behavior ::run [ RunTime:0.001298s ]
INFO: ShowRuntime Behavior ::run [ RunTime:0.001897s ]
INFO: [ view_filter ] --END-- [ RunTime:0.010408s ]
INFO: [ view_end ] --START--
INFO: ShowPageTrace Behavior ::run [ RunTime:0.002381s ]
INFO: [ view_end ] --END-- [ RunTime:0.002491s ]

[ 2015-11-04T19:53:31+08:00 ] 58.62.255.183 /wish/
INFO: [ app_begin ] --START--
INFO: ReadHtmlCache Behavior ::run [ RunTime:0.000742s ]
INFO: [ app_begin ] --END-- [ RunTime:0.000985s ]
SQL: SHOW COLUMNS FROM `hd_wish` [ RunTime:0.000966s ]
SQL: SELECT * FROM `hd_wish`  [ RunTime:0.000594s ]
INFO: [ view_parse ] --START--
INFO: ParseTemplate Behavior ::run [ RunTime:0.014705s ]
INFO: [ view_parse ] --END-- [ RunTime:0.014864s ]
INFO: [ view_filter ] --START--
INFO: ContentReplace Behavior ::run [ RunTime:0.000527s ]
INFO: TokenBuild Behavior ::run [ RunTime:0.000602s ]
INFO: WriteHtmlCache Behavior ::run [ RunTime:0.000426s ]
INFO: ShowRuntime Behavior ::run [ RunTime:0.000594s ]
INFO: [ view_filter ] --END-- [ RunTime:0.002423s ]
INFO: [ view_end ] --START--
INFO: ShowPageTrace Behavior ::run [ RunTime:0.000708s ]
INFO: [ view_end ] --END-- [ RunTime:0.000774s ]

