[ 2016-02-16T15:39:50+08:00 ] 116.199.115.143 /wish/
INFO: [ app_begin ] --START--
INFO: ReadHtmlCache Behavior ::run [ RunTime:0.001738s ]
INFO: [ app_begin ] --END-- [ RunTime:0.001912s ]
SQL: SHOW COLUMNS FROM `hd_wish` [ RunTime:0.001168s ]
SQL: SELECT * FROM `hd_wish`  [ RunTime:0.000652s ]
INFO: [ view_parse ] --START--
INFO: ParseTemplate Behavior ::run [ RunTime:0.070671s ]
INFO: [ view_parse ] --END-- [ RunTime:0.070768s ]
INFO: [ view_filter ] --START--
INFO: ContentReplace Behavior ::run [ RunTime:0.001734s ]
INFO: TokenBuild Behavior ::run [ RunTime:0.001481s ]
INFO: WriteHtmlCache Behavior ::run [ RunTime:0.001257s ]
INFO: ShowRuntime Behavior ::run [ RunTime:0.001313s ]
INFO: [ view_filter ] --END-- [ RunTime:0.006035s ]
INFO: [ view_end ] --START--
INFO: ShowPageTrace Behavior ::run [ RunTime:0.001799s ]
INFO: [ view_end ] --END-- [ RunTime:0.001864s ]

[ 2016-02-16T15:40:22+08:00 ] 116.22.223.242 /wish/
INFO: [ app_begin ] --START--
INFO: ReadHtmlCache Behavior ::run [ RunTime:0.000670s ]
INFO: [ app_begin ] --END-- [ RunTime:0.000825s ]
SQL: SHOW COLUMNS FROM `hd_wish` [ RunTime:0.001031s ]
SQL: SELECT * FROM `hd_wish`  [ RunTime:0.000551s ]
INFO: [ view_parse ] --START--
INFO: ParseTemplate Behavior ::run [ RunTime:0.009873s ]
INFO: [ view_parse ] --END-- [ RunTime:0.009952s ]
INFO: [ view_filter ] --START--
INFO: ContentReplace Behavior ::run [ RunTime:0.000510s ]
INFO: TokenBuild Behavior ::run [ RunTime:0.000471s ]
INFO: WriteHtmlCache Behavior ::run [ RunTime:0.000390s ]
INFO: ShowRuntime Behavior ::run [ RunTime:0.000826s ]
INFO: [ view_filter ] --END-- [ RunTime:0.002448s ]
INFO: [ view_end ] --START--
INFO: ShowPageTrace Behavior ::run [ RunTime:0.000700s ]
INFO: [ view_end ] --END-- [ RunTime:0.000779s ]

[ 2016-02-16T15:41:07+08:00 ] 116.199.115.143 /wish/index.php/Index/Index/handle.html
INFO: [ route_check ] --START--
INFO: CheckRoute Behavior ::run [ RunTime:0.018150s ]
INFO: [ route_check ] --END-- [ RunTime:0.018338s ]
INFO: [ app_begin ] --START--
INFO: ReadHtmlCache Behavior ::run [ RunTime:0.000655s ]
INFO: [ app_begin ] --END-- [ RunTime:0.000782s ]
NOTIC: [8] Use of undefined constant wish - assumed 'wish' /data/home/qxu1591180029/htdocs/wish/App/Lib/Action/Index/IndexAction.class.php Á¨¨ 16 Ë°å.
SQL: SHOW COLUMNS FROM `hd_wish` [ RunTime:0.001634s ]
SQL: INSERT INTO `hd_wish` (`username`,`content`,`time`) VALUES ('Âº†Á¶èÊµ\∑','ÂïäËøúÂ•ΩÂéâÂÆ≥~[ÂòªÂòª]',1455608467) [ RunTime:0.000562s ]

