[ 2016-08-08T18:22:49+08:00 ] 140.207.54.79 /weixin/index.php?signature=d92d471378cdccba995edd7287a975c21a81b225&timestamp=1470651769&nonce=1962805219&openid=ogF-_uHhWxueKn7WVjL4zj__fkME
INFO: [ app_init ] --START--
INFO: Run Behavior\BuildLiteBehavior [ RunTime:0.000023s ]
INFO: [ app_init ] --END-- [ RunTime:0.000161s ]
INFO: [ app_begin ] --START--
INFO: Run Behavior\ReadHtmlCacheBehavior [ RunTime:0.007175s ]
INFO: [ app_begin ] --END-- [ RunTime:0.007308s ]
SQL: SHOW COLUMNS FROM `wx_user_info` [ RunTime:0.0016s ]
SQL: SELECT * FROM `wx_user_info` WHERE ( open_id = 'ogF-_uHhWxueKn7WVjL4zj__fkME' ) LIMIT 1   [ RunTime:0.0007s ]
SQL: INSERT INTO `wx_user_info` (`open_id`,`status`,`add_time`,`update_time`) VALUES ('ogF-_uHhWxueKn7WVjL4zj__fkME','1','1470651769','1470651769') [ RunTime:0.0006s ]
INFO: [ app_end ] --START--
INFO: Run Behavior\ShowPageTraceBehavior [ RunTime:0.033189s ]
INFO: [ app_end ] --END-- [ RunTime:0.033294s ]

[ 2016-08-08T18:23:03+08:00 ] 140.207.54.79 /weixin/index.php?signature=e78827f43480f385ec0dfec259fc83dc67ec9703&timestamp=1470651784&nonce=506816265&openid=ogF-_uHhWxueKn7WVjL4zj__fkME
INFO: [ app_init ] --START--
INFO: Run Behavior\BuildLiteBehavior [ RunTime:0.000021s ]
INFO: [ app_init ] --END-- [ RunTime:0.000117s ]
INFO: [ app_begin ] --START--
INFO: Run Behavior\ReadHtmlCacheBehavior [ RunTime:0.000696s ]
INFO: [ app_begin ] --END-- [ RunTime:0.000758s ]
SQL: SHOW COLUMNS FROM `wx_user_info` [ RunTime:0.0011s ]
SQL: UPDATE `wx_user_info` SET `status`='0',`update_time`='1470651783' WHERE ( open_id = 'ogF-_uHhWxueKn7WVjL4zj__fkME' ) [ RunTime:0.0006s ]
INFO: [ app_end ] --START--
INFO: Run Behavior\ShowPageTraceBehavior [ RunTime:0.000633s ]
INFO: [ app_end ] --END-- [ RunTime:0.000685s ]

[ 2016-08-08T18:25:48+08:00 ] 180.153.214.198 /weixin/index.php
INFO: [ app_init ] --START--
INFO: Run Behavior\BuildLiteBehavior [ RunTime:0.000017s ]
INFO: [ app_init ] --END-- [ RunTime:0.000104s ]
INFO: [ app_begin ] --START--
INFO: Run Behavior\ReadHtmlCacheBehavior [ RunTime:0.000698s ]
INFO: [ app_begin ] --END-- [ RunTime:0.000754s ]
NOTIC: [8] Undefined index: HTTP_RAW_POST_DATA /data/home/qxu1591180029/htdocs/weixin/Application/Home/Model/WechatModel.class.php 第 11 行.
INFO: [ app_end ] --START--
INFO: Run Behavior\ShowPageTraceBehavior [ RunTime:0.000577s ]
INFO: [ app_end ] --END-- [ RunTime:0.000627s ]

