[ 2016-05-11T15:57:23+08:00 ] 58.247.206.150 /weixin/index.php?signature=cd22db63189805e40ad6375d12e03c2377b78394&timestamp=1462953442&nonce=519505897
INFO: [ app_init ] --START--
INFO: Run Behavior\BuildLiteBehavior [ RunTime:0.000031s ]
INFO: [ app_init ] --END-- [ RunTime:0.000239s ]
INFO: [ app_begin ] --START--
INFO: Run Behavior\ReadHtmlCacheBehavior [ RunTime:0.009680s ]
INFO: [ app_begin ] --END-- [ RunTime:0.009768s ]
SQL: SHOW COLUMNS FROM `wx_user_info` [ RunTime:0.0014s ]
SQL: SELECT * FROM `wx_user_info` WHERE ( open_id = 'ogF-_uAV2hesppSb_fWJKMU_XaSE' ) LIMIT 1   [ RunTime:0.0006s ]
SQL: INSERT INTO `wx_user_info` (`open_id`,`status`,`add_time`,`update_time`) VALUES ('ogF-_uAV2hesppSb_fWJKMU_XaSE','1','1462953443','1462953443') [ RunTime:0.0008s ]
INFO: [ app_end ] --START--
INFO: Run Behavior\ShowPageTraceBehavior [ RunTime:0.019097s ]
INFO: [ app_end ] --END-- [ RunTime:0.019180s ]

[ 2016-05-11T15:57:43+08:00 ] 58.247.206.148 /weixin/index.php?signature=5f3612793a3dda03d5f3be2cb96e640a93b6aec6&timestamp=1462953463&nonce=2002187370
INFO: [ app_init ] --START--
INFO: Run Behavior\BuildLiteBehavior [ RunTime:0.000027s ]
INFO: [ app_init ] --END-- [ RunTime:0.000155s ]
INFO: [ app_begin ] --START--
INFO: Run Behavior\ReadHtmlCacheBehavior [ RunTime:0.000728s ]
INFO: [ app_begin ] --END-- [ RunTime:0.000783s ]
SQL: SHOW COLUMNS FROM `wx_user_info` [ RunTime:0.0011s ]
SQL: UPDATE `wx_user_info` SET `status`='0',`update_time`='1462953463' WHERE ( open_id = 'ogF-_uAV2hesppSb_fWJKMU_XaSE' ) [ RunTime:0.0006s ]
INFO: [ app_end ] --START--
INFO: Run Behavior\ShowPageTraceBehavior [ RunTime:0.000732s ]
INFO: [ app_end ] --END-- [ RunTime:0.000784s ]

