[ 2016-11-23T02:11:39+08:00 ] 58.247.206.153 /weixin/index.php?signature=cd16ed6166c3c54a1d17f2da7b121313a2426176&timestamp=1479838299&nonce=1423374688&openid=ogCNcwfvzRAT3IouVn1v9th0x7ZU
INFO: [ app_init ] --START--
INFO: Run Behavior\BuildLiteBehavior [ RunTime:0.000025s ]
INFO: [ app_init ] --END-- [ RunTime:0.000154s ]
INFO: [ app_begin ] --START--
INFO: Run Behavior\ReadHtmlCacheBehavior [ RunTime:0.023793s ]
INFO: [ app_begin ] --END-- [ RunTime:0.023920s ]
SQL: SHOW COLUMNS FROM `wx_user_info` [ RunTime:0.0013s ]
SQL: SELECT * FROM `wx_user_info` WHERE ( open_id = 'ogCNcwfvzRAT3IouVn1v9th0x7ZU' ) LIMIT 1   [ RunTime:0.0006s ]
SQL: INSERT INTO `wx_user_info` (`open_id`,`status`,`add_time`,`update_time`) VALUES ('ogCNcwfvzRAT3IouVn1v9th0x7ZU','1','1479838299','1479838299') [ RunTime:0.0005s ]
INFO: [ app_end ] --START--
INFO: Run Behavior\ShowPageTraceBehavior [ RunTime:0.017198s ]
INFO: [ app_end ] --END-- [ RunTime:0.017300s ]

[ 2016-11-23T10:06:02+08:00 ] 58.247.206.158 /weixin/index.php?signature=282434ac5c413ade93f550e2dee9bf4b74c317a7&timestamp=1479866762&nonce=652706098&openid=ogCNcwfvzRAT3IouVn1v9th0x7ZU
INFO: [ app_init ] --START--
INFO: Run Behavior\BuildLiteBehavior [ RunTime:0.000021s ]
INFO: [ app_init ] --END-- [ RunTime:0.000127s ]
INFO: [ app_begin ] --START--
INFO: Run Behavior\ReadHtmlCacheBehavior [ RunTime:0.000897s ]
INFO: [ app_begin ] --END-- [ RunTime:0.000986s ]
SQL: SHOW COLUMNS FROM `wx_user_info` [ RunTime:0.0015s ]
SQL: UPDATE `wx_user_info` SET `status`='0',`update_time`='1479866762' WHERE ( open_id = 'ogCNcwfvzRAT3IouVn1v9th0x7ZU' ) [ RunTime:0.0020s ]
INFO: [ app_end ] --START--
INFO: Run Behavior\ShowPageTraceBehavior [ RunTime:0.000744s ]
INFO: [ app_end ] --END-- [ RunTime:0.000800s ]

