[ 2016-05-11T14:27:39+08:00 ] 14.120.235.33 /wiki/
INFO: [ app_init ] --START--
INFO: Run Behavior\BuildLiteBehavior [ RunTime:0.000044s ]
INFO: [ app_init ] --END-- [ RunTime:0.002354s ]
INFO: [ app_begin ] --START--
INFO: Run Behavior\ReadHtmlCacheBehavior [ RunTime:0.002265s ]
INFO: [ app_begin ] --END-- [ RunTime:0.002352s ]
INFO: [ view_parse ] --START--
INFO: [ template_filter ] --START--
INFO: Run Behavior\ContentReplaceBehavior [ RunTime:0.000058s ]
INFO: [ template_filter ] --END-- [ RunTime:0.000134s ]
INFO: Run Behavior\ParseTemplateBehavior [ RunTime:0.082273s ]
INFO: [ view_parse ] --END-- [ RunTime:0.082341s ]
INFO: [ view_filter ] --START--
INFO: Run Behavior\WriteHtmlCacheBehavior [ RunTime:0.002635s ]
INFO: [ view_filter ] --END-- [ RunTime:0.002674s ]
INFO: [ app_end ] --START--
INFO: Run Behavior\ShowPageTraceBehavior [ RunTime:0.002275s ]
INFO: [ app_end ] --END-- [ RunTime:0.002322s ]

[ 2016-05-11T14:27:40+08:00 ] 14.120.235.33 /wiki/index.php/Home/Index/top.html
INFO: [ app_init ] --START--
INFO: Run Behavior\BuildLiteBehavior [ RunTime:0.000018s ]
INFO: [ app_init ] --END-- [ RunTime:0.000615s ]
INFO: [ app_begin ] --START--
INFO: Run Behavior\ReadHtmlCacheBehavior [ RunTime:0.000760s ]
INFO: [ app_begin ] --END-- [ RunTime:0.000823s ]
NOTIC: [8] Undefined index: user_id /data/home/qxu1591180029/htdocs/wiki/Apps/Common/Common/function.php 第 62 行.
INFO: [ view_parse ] --START--
INFO: [ template_filter ] --START--
INFO: Run Behavior\ContentReplaceBehavior [ RunTime:0.000051s ]
INFO: [ template_filter ] --END-- [ RunTime:0.000105s ]
INFO: Run Behavior\ParseTemplateBehavior [ RunTime:0.020889s ]
INFO: [ view_parse ] --END-- [ RunTime:0.020964s ]
INFO: [ view_filter ] --START--
INFO: Run Behavior\WriteHtmlCacheBehavior [ RunTime:0.000470s ]
INFO: [ view_filter ] --END-- [ RunTime:0.000528s ]
INFO: [ app_end ] --START--
INFO: Run Behavior\ShowPageTraceBehavior [ RunTime:0.000789s ]
INFO: [ app_end ] --END-- [ RunTime:0.000843s ]

[ 2016-05-11T14:27:41+08:00 ] 14.120.235.33 /wiki/index.php/Home/Index/left.html
INFO: [ app_init ] --START--
INFO: Run Behavior\BuildLiteBehavior [ RunTime:0.000015s ]
INFO: [ app_init ] --END-- [ RunTime:0.000419s ]
INFO: [ app_begin ] --START--
INFO: Run Behavior\ReadHtmlCacheBehavior [ RunTime:0.000765s ]
INFO: [ app_begin ] --END-- [ RunTime:0.000820s ]
SQL: SHOW COLUMNS FROM `wiki_menu` [ RunTime:0.0014s ]
SQL: SHOW COLUMNS FROM `wiki_menu` [ RunTime:0.0009s ]
SQL: SELECT * FROM `wiki_menu` ORDER BY sort_order DESC,add_time ASC LIMIT 0,1000   [ RunTime:0.0007s ]
INFO: [ view_parse ] --START--
INFO: [ template_filter ] --START--
INFO: Run Behavior\ContentReplaceBehavior [ RunTime:0.000065s ]
INFO: [ template_filter ] --END-- [ RunTime:0.000118s ]
INFO: Run Behavior\ParseTemplateBehavior [ RunTime:0.010101s ]
INFO: [ view_parse ] --END-- [ RunTime:0.010171s ]
INFO: [ view_filter ] --START--
INFO: Run Behavior\WriteHtmlCacheBehavior [ RunTime:0.000320s ]
INFO: [ view_filter ] --END-- [ RunTime:0.000359s ]
INFO: [ app_end ] --START--
INFO: Run Behavior\ShowPageTraceBehavior [ RunTime:0.000601s ]
INFO: [ app_end ] --END-- [ RunTime:0.000647s ]

[ 2016-05-11T14:27:41+08:00 ] 14.120.235.33 /wiki/index.php/Home/Index/home.html
INFO: [ app_init ] --START--
INFO: Run Behavior\BuildLiteBehavior [ RunTime:0.000016s ]
INFO: [ app_init ] --END-- [ RunTime:0.000446s ]
INFO: [ app_begin ] --START--
INFO: Run Behavior\ReadHtmlCacheBehavior [ RunTime:0.000731s ]
INFO: [ app_begin ] --END-- [ RunTime:0.000785s ]
NOTIC: [8] Undefined index: user_id /data/home/qxu1591180029/htdocs/wiki/Apps/Common/Common/function.php 第 62 行.
INFO: [ view_parse ] --START--
INFO: [ template_filter ] --START--
INFO: Run Behavior\ContentReplaceBehavior [ RunTime:0.000081s ]
INFO: [ template_filter ] --END-- [ RunTime:0.000171s ]
INFO: Run Behavior\ParseTemplateBehavior [ RunTime:0.025244s ]
INFO: [ view_parse ] --END-- [ RunTime:0.025301s ]
INFO: [ view_filter ] --START--
INFO: Run Behavior\WriteHtmlCacheBehavior [ RunTime:0.000293s ]
INFO: [ view_filter ] --END-- [ RunTime:0.000331s ]
INFO: [ app_end ] --START--
INFO: Run Behavior\ShowPageTraceBehavior [ RunTime:0.000728s ]
INFO: [ app_end ] --END-- [ RunTime:0.000776s ]

[ 2016-05-11T14:27:41+08:00 ] 111.206.36.5 /wiki/
INFO: [ app_init ] --START--
INFO: Run Behavior\BuildLiteBehavior [ RunTime:0.000017s ]
INFO: [ app_init ] --END-- [ RunTime:0.000445s ]
INFO: [ app_begin ] --START--
INFO: Run Behavior\ReadHtmlCacheBehavior [ RunTime:0.000708s ]
INFO: [ app_begin ] --END-- [ RunTime:0.000761s ]
INFO: [ view_parse ] --START--
INFO: [ template_filter ] --START--
INFO: Run Behavior\ContentReplaceBehavior [ RunTime:0.000059s ]
INFO: [ template_filter ] --END-- [ RunTime:0.000112s ]
INFO: Run Behavior\ParseTemplateBehavior [ RunTime:0.005886s ]
INFO: [ view_parse ] --END-- [ RunTime:0.005939s ]
INFO: [ view_filter ] --START--
INFO: Run Behavior\WriteHtmlCacheBehavior [ RunTime:0.000318s ]
INFO: [ view_filter ] --END-- [ RunTime:0.000356s ]
INFO: [ app_end ] --START--
INFO: Run Behavior\ShowPageTraceBehavior [ RunTime:0.000585s ]
INFO: [ app_end ] --END-- [ RunTime:0.000641s ]

[ 2016-05-11T14:27:41+08:00 ] 111.206.36.5 /wiki/index.php/Home/Index/top.html
INFO: [ app_init ] --START--
INFO: Run Behavior\BuildLiteBehavior [ RunTime:0.000020s ]
INFO: [ app_init ] --END-- [ RunTime:0.000452s ]
INFO: [ app_begin ] --START--
INFO: Run Behavior\ReadHtmlCacheBehavior [ RunTime:0.000720s ]
INFO: [ app_begin ] --END-- [ RunTime:0.000790s ]
NOTIC: [8] Undefined index: user_id /data/home/qxu1591180029/htdocs/wiki/Apps/Common/Common/function.php 第 62 行.
INFO: [ view_parse ] --START--
INFO: [ template_filter ] --START--
INFO: Run Behavior\ContentReplaceBehavior [ RunTime:0.000055s ]
INFO: [ template_filter ] --END-- [ RunTime:0.000120s ]
INFO: Run Behavior\ParseTemplateBehavior [ RunTime:0.006296s ]
INFO: [ view_parse ] --END-- [ RunTime:0.006346s ]
INFO: [ view_filter ] --START--
INFO: Run Behavior\WriteHtmlCacheBehavior [ RunTime:0.000296s ]
INFO: [ view_filter ] --END-- [ RunTime:0.000333s ]
INFO: [ app_end ] --START--
INFO: Run Behavior\ShowPageTraceBehavior [ RunTime:0.000583s ]
INFO: [ app_end ] --END-- [ RunTime:0.000628s ]

[ 2016-05-11T14:27:41+08:00 ] 111.206.36.137 /wiki/index.php/Home/Index/left.html
INFO: [ app_init ] --START--
INFO: Run Behavior\BuildLiteBehavior [ RunTime:0.000022s ]
INFO: [ app_init ] --END-- [ RunTime:0.000501s ]
INFO: [ app_begin ] --START--
INFO: Run Behavior\ReadHtmlCacheBehavior [ RunTime:0.000686s ]
INFO: [ app_begin ] --END-- [ RunTime:0.000747s ]
SQL: SHOW COLUMNS FROM `wiki_menu` [ RunTime:0.0011s ]
SQL: SHOW COLUMNS FROM `wiki_menu` [ RunTime:0.0008s ]
SQL: SELECT * FROM `wiki_menu` ORDER BY sort_order DESC,add_time ASC LIMIT 0,1000   [ RunTime:0.0005s ]
INFO: [ view_parse ] --START--
INFO: [ template_filter ] --START--
INFO: Run Behavior\ContentReplaceBehavior [ RunTime:0.000067s ]
INFO: [ template_filter ] --END-- [ RunTime:0.000119s ]
INFO: Run Behavior\ParseTemplateBehavior [ RunTime:0.008556s ]
INFO: [ view_parse ] --END-- [ RunTime:0.008668s ]
INFO: [ view_filter ] --START--
INFO: Run Behavior\WriteHtmlCacheBehavior [ RunTime:0.000333s ]
INFO: [ view_filter ] --END-- [ RunTime:0.000379s ]
INFO: [ app_end ] --START--
INFO: Run Behavior\ShowPageTraceBehavior [ RunTime:0.000664s ]
INFO: [ app_end ] --END-- [ RunTime:0.000709s ]

[ 2016-05-11T14:27:41+08:00 ] 111.206.36.7 /wiki/index.php/Home/Index/home.html
INFO: [ app_init ] --START--
INFO: Run Behavior\BuildLiteBehavior [ RunTime:0.000015s ]
INFO: [ app_init ] --END-- [ RunTime:0.000452s ]
INFO: [ app_begin ] --START--
INFO: Run Behavior\ReadHtmlCacheBehavior [ RunTime:0.000672s ]
INFO: [ app_begin ] --END-- [ RunTime:0.000728s ]
NOTIC: [8] Undefined index: user_id /data/home/qxu1591180029/htdocs/wiki/Apps/Common/Common/function.php 第 62 行.
INFO: [ view_parse ] --START--
INFO: [ template_filter ] --START--
INFO: Run Behavior\ContentReplaceBehavior [ RunTime:0.000052s ]
INFO: [ template_filter ] --END-- [ RunTime:0.000110s ]
INFO: Run Behavior\ParseTemplateBehavior [ RunTime:0.007098s ]
INFO: [ view_parse ] --END-- [ RunTime:0.007152s ]
INFO: [ view_filter ] --START--
INFO: Run Behavior\WriteHtmlCacheBehavior [ RunTime:0.000297s ]
INFO: [ view_filter ] --END-- [ RunTime:0.000336s ]
INFO: [ app_end ] --START--
INFO: Run Behavior\ShowPageTraceBehavior [ RunTime:0.000628s ]
INFO: [ app_end ] --END-- [ RunTime:0.000675s ]

[ 2016-05-11T14:27:41+08:00 ] 111.206.36.146 /wiki/index.php/Home/Index/top.html
INFO: [ app_init ] --START--
INFO: Run Behavior\BuildLiteBehavior [ RunTime:0.000017s ]
INFO: [ app_init ] --END-- [ RunTime:0.000432s ]
INFO: [ app_begin ] --START--
INFO: Run Behavior\ReadHtmlCacheBehavior [ RunTime:0.000669s ]
INFO: [ app_begin ] --END-- [ RunTime:0.000722s ]
NOTIC: [8] Undefined index: user_id /data/home/qxu1591180029/htdocs/wiki/Apps/Common/Common/function.php 第 62 行.
INFO: [ view_parse ] --START--
INFO: [ template_filter ] --START--
INFO: Run Behavior\ContentReplaceBehavior [ RunTime:0.000053s ]
INFO: [ template_filter ] --END-- [ RunTime:0.000118s ]
INFO: Run Behavior\ParseTemplateBehavior [ RunTime:0.006438s ]
INFO: [ view_parse ] --END-- [ RunTime:0.006495s ]
INFO: [ view_filter ] --START--
INFO: Run Behavior\WriteHtmlCacheBehavior [ RunTime:0.000309s ]
INFO: [ view_filter ] --END-- [ RunTime:0.000347s ]
INFO: [ app_end ] --START--
INFO: Run Behavior\ShowPageTraceBehavior [ RunTime:0.000631s ]
INFO: [ app_end ] --END-- [ RunTime:0.000678s ]

[ 2016-05-11T14:27:42+08:00 ] 111.206.36.8 /wiki/index.php/Home/Index/left.html
INFO: [ app_init ] --START--
INFO: Run Behavior\BuildLiteBehavior [ RunTime:0.000024s ]
INFO: [ app_init ] --END-- [ RunTime:0.000589s ]
INFO: [ app_begin ] --START--
INFO: Run Behavior\ReadHtmlCacheBehavior [ RunTime:0.000700s ]
INFO: [ app_begin ] --END-- [ RunTime:0.000754s ]
SQL: SHOW COLUMNS FROM `wiki_menu` [ RunTime:0.0011s ]
SQL: SHOW COLUMNS FROM `wiki_menu` [ RunTime:0.0008s ]
SQL: SELECT * FROM `wiki_menu` ORDER BY sort_order DESC,add_time ASC LIMIT 0,1000   [ RunTime:0.0008s ]
INFO: [ view_parse ] --START--
INFO: [ template_filter ] --START--
INFO: Run Behavior\ContentReplaceBehavior [ RunTime:0.000065s ]
INFO: [ template_filter ] --END-- [ RunTime:0.000118s ]
INFO: Run Behavior\ParseTemplateBehavior [ RunTime:0.008435s ]
INFO: [ view_parse ] --END-- [ RunTime:0.008494s ]
INFO: [ view_filter ] --START--
INFO: Run Behavior\WriteHtmlCacheBehavior [ RunTime:0.000296s ]
INFO: [ view_filter ] --END-- [ RunTime:0.000336s ]
INFO: [ app_end ] --START--
INFO: Run Behavior\ShowPageTraceBehavior [ RunTime:0.000627s ]
INFO: [ app_end ] --END-- [ RunTime:0.000672s ]

[ 2016-05-11T14:27:43+08:00 ] 111.206.36.7 /wiki/
INFO: [ app_init ] --START--
INFO: Run Behavior\BuildLiteBehavior [ RunTime:0.000022s ]
INFO: [ app_init ] --END-- [ RunTime:0.000468s ]
INFO: [ app_begin ] --START--
INFO: Run Behavior\ReadHtmlCacheBehavior [ RunTime:0.000729s ]
INFO: [ app_begin ] --END-- [ RunTime:0.000791s ]
INFO: [ view_parse ] --START--
INFO: [ template_filter ] --START--
INFO: Run Behavior\ContentReplaceBehavior [ RunTime:0.000054s ]
INFO: [ template_filter ] --END-- [ RunTime:0.000114s ]
INFO: Run Behavior\ParseTemplateBehavior [ RunTime:0.005940s ]
INFO: [ view_parse ] --END-- [ RunTime:0.005993s ]
INFO: [ view_filter ] --START--
INFO: Run Behavior\WriteHtmlCacheBehavior [ RunTime:0.000289s ]
INFO: [ view_filter ] --END-- [ RunTime:0.000328s ]
INFO: [ app_end ] --START--
INFO: Run Behavior\ShowPageTraceBehavior [ RunTime:0.000626s ]
INFO: [ app_end ] --END-- [ RunTime:0.000670s ]

[ 2016-05-11T14:27:43+08:00 ] 111.206.36.7 /wiki/index.php/Home/Index/top.html
INFO: [ app_init ] --START--
INFO: Run Behavior\BuildLiteBehavior [ RunTime:0.000021s ]
INFO: [ app_init ] --END-- [ RunTime:0.000479s ]
INFO: [ app_begin ] --START--
INFO: Run Behavior\ReadHtmlCacheBehavior [ RunTime:0.000735s ]
INFO: [ app_begin ] --END-- [ RunTime:0.000798s ]
NOTIC: [8] Undefined index: user_id /data/home/qxu1591180029/htdocs/wiki/Apps/Common/Common/function.php 第 62 行.
INFO: [ view_parse ] --START--
INFO: [ template_filter ] --START--
INFO: Run Behavior\ContentReplaceBehavior [ RunTime:0.000064s ]
INFO: [ template_filter ] --END-- [ RunTime:0.000138s ]
INFO: Run Behavior\ParseTemplateBehavior [ RunTime:0.006721s ]
INFO: [ view_parse ] --END-- [ RunTime:0.006772s ]
INFO: [ view_filter ] --START--
INFO: Run Behavior\WriteHtmlCacheBehavior [ RunTime:0.000351s ]
INFO: [ view_filter ] --END-- [ RunTime:0.000389s ]
INFO: [ app_end ] --START--
INFO: Run Behavior\ShowPageTraceBehavior [ RunTime:0.000693s ]
INFO: [ app_end ] --END-- [ RunTime:0.000740s ]

[ 2016-05-11T14:27:43+08:00 ] 111.206.36.136 /wiki/index.php/Home/Index/left.html
INFO: [ app_init ] --START--
INFO: Run Behavior\BuildLiteBehavior [ RunTime:0.000019s ]
INFO: [ app_init ] --END-- [ RunTime:0.000480s ]
INFO: [ app_begin ] --START--
INFO: Run Behavior\ReadHtmlCacheBehavior [ RunTime:0.000762s ]
INFO: [ app_begin ] --END-- [ RunTime:0.000820s ]
SQL: SHOW COLUMNS FROM `wiki_menu` [ RunTime:0.0011s ]
SQL: SHOW COLUMNS FROM `wiki_menu` [ RunTime:0.0008s ]
SQL: SELECT * FROM `wiki_menu` ORDER BY sort_order DESC,add_time ASC LIMIT 0,1000   [ RunTime:0.0005s ]
INFO: [ view_parse ] --START--
INFO: [ template_filter ] --START--
INFO: Run Behavior\ContentReplaceBehavior [ RunTime:0.000109s ]
INFO: [ template_filter ] --END-- [ RunTime:0.000197s ]
INFO: Run Behavior\ParseTemplateBehavior [ RunTime:0.011524s ]
INFO: [ view_parse ] --END-- [ RunTime:0.011600s ]
INFO: [ view_filter ] --START--
INFO: Run Behavior\WriteHtmlCacheBehavior [ RunTime:0.000318s ]
INFO: [ view_filter ] --END-- [ RunTime:0.000360s ]
INFO: [ app_end ] --START--
INFO: Run Behavior\ShowPageTraceBehavior [ RunTime:0.000819s ]
INFO: [ app_end ] --END-- [ RunTime:0.000878s ]

[ 2016-05-11T14:27:43+08:00 ] 111.206.36.133 /wiki/index.php/Home/Index/home.html
INFO: [ app_init ] --START--
INFO: Run Behavior\BuildLiteBehavior [ RunTime:0.000018s ]
INFO: [ app_init ] --END-- [ RunTime:0.000494s ]
INFO: [ app_begin ] --START--
INFO: Run Behavior\ReadHtmlCacheBehavior [ RunTime:0.000722s ]
INFO: [ app_begin ] --END-- [ RunTime:0.000786s ]
NOTIC: [8] Undefined index: user_id /data/home/qxu1591180029/htdocs/wiki/Apps/Common/Common/function.php 第 62 行.
INFO: [ view_parse ] --START--
INFO: [ template_filter ] --START--
INFO: Run Behavior\ContentReplaceBehavior [ RunTime:0.000084s ]
INFO: [ template_filter ] --END-- [ RunTime:0.000172s ]
INFO: Run Behavior\ParseTemplateBehavior [ RunTime:0.007618s ]
INFO: [ view_parse ] --END-- [ RunTime:0.007687s ]
INFO: [ view_filter ] --START--
INFO: Run Behavior\WriteHtmlCacheBehavior [ RunTime:0.000490s ]
INFO: [ view_filter ] --END-- [ RunTime:0.000548s ]
INFO: [ app_end ] --START--
INFO: Run Behavior\ShowPageTraceBehavior [ RunTime:0.000992s ]
INFO: [ app_end ] --END-- [ RunTime:0.001060s ]

[ 2016-05-11T14:27:44+08:00 ] 14.120.235.33 /wiki/index.php/Home/Main/main/menu_id/41.html
INFO: [ app_init ] --START--
INFO: Run Behavior\BuildLiteBehavior [ RunTime:0.000028s ]
INFO: [ app_init ] --END-- [ RunTime:0.000496s ]
INFO: [ app_begin ] --START--
INFO: Run Behavior\ReadHtmlCacheBehavior [ RunTime:0.000751s ]
INFO: [ app_begin ] --END-- [ RunTime:0.000818s ]
SQL: SHOW COLUMNS FROM `wiki_menu` [ RunTime:0.0011s ]
SQL: SHOW COLUMNS FROM `wiki_menu` [ RunTime:0.0008s ]
SQL: SELECT * FROM `wiki_menu` WHERE ( menu_id = 41 ) LIMIT 1   [ RunTime:0.0006s ]
SQL: SHOW COLUMNS FROM `wiki_info` [ RunTime:0.0012s ]
SQL: SHOW COLUMNS FROM `wiki_info` [ RunTime:0.0017s ]
SQL: SELECT * FROM `wiki_info` WHERE ( menu_id = 41 ) ORDER BY sort_order DESC,add_time ASC  [ RunTime:0.0018s ]
NOTIC: [8] Undefined offset: 1 /data/home/qxu1591180029/htdocs/wiki/Apps/Home/Controller/MainController.class.php 第 42 行.
NOTIC: [8] Undefined offset: 2 /data/home/qxu1591180029/htdocs/wiki/Apps/Home/Controller/MainController.class.php 第 42 行.
NOTIC: [8] Undefined offset: 1 /data/home/qxu1591180029/htdocs/wiki/Apps/Home/Controller/MainController.class.php 第 58 行.
NOTIC: [8] Undefined offset: 1 /data/home/qxu1591180029/htdocs/wiki/Apps/Home/Controller/MainController.class.php 第 42 行.
NOTIC: [8] Undefined offset: 2 /data/home/qxu1591180029/htdocs/wiki/Apps/Home/Controller/MainController.class.php 第 42 行.
NOTIC: [8] Undefined offset: 1 /data/home/qxu1591180029/htdocs/wiki/Apps/Home/Controller/MainController.class.php 第 58 行.
NOTIC: [8] Undefined offset: 1 /data/home/qxu1591180029/htdocs/wiki/Apps/Home/Controller/MainController.class.php 第 58 行.
NOTIC: [8] Undefined offset: 1 /data/home/qxu1591180029/htdocs/wiki/Apps/Home/Controller/MainController.class.php 第 42 行.
NOTIC: [8] Undefined offset: 2 /data/home/qxu1591180029/htdocs/wiki/Apps/Home/Controller/MainController.class.php 第 42 行.
NOTIC: [8] Undefined offset: 1 /data/home/qxu1591180029/htdocs/wiki/Apps/Home/Controller/MainController.class.php 第 58 行.
INFO: [ view_parse ] --START--
INFO: [ template_filter ] --START--
INFO: Run Behavior\ContentReplaceBehavior [ RunTime:0.000089s ]
INFO: [ template_filter ] --END-- [ RunTime:0.000146s ]
INFO: Run Behavior\ParseTemplateBehavior [ RunTime:0.023039s ]
INFO: [ view_parse ] --END-- [ RunTime:0.023116s ]
INFO: [ view_filter ] --START--
INFO: Run Behavior\WriteHtmlCacheBehavior [ RunTime:0.000301s ]
INFO: [ view_filter ] --END-- [ RunTime:0.000340s ]
INFO: [ app_end ] --START--
INFO: Run Behavior\ShowPageTraceBehavior [ RunTime:0.000621s ]
INFO: [ app_end ] --END-- [ RunTime:0.000674s ]

[ 2016-05-11T14:27:44+08:00 ] 111.206.36.4 /wiki/index.php/Home/Index/home.html
INFO: [ app_init ] --START--
INFO: Run Behavior\BuildLiteBehavior [ RunTime:0.000016s ]
INFO: [ app_init ] --END-- [ RunTime:0.000427s ]
INFO: [ app_begin ] --START--
INFO: Run Behavior\ReadHtmlCacheBehavior [ RunTime:0.000720s ]
INFO: [ app_begin ] --END-- [ RunTime:0.000774s ]
NOTIC: [8] Undefined index: user_id /data/home/qxu1591180029/htdocs/wiki/Apps/Common/Common/function.php 第 62 行.
INFO: [ view_parse ] --START--
INFO: [ template_filter ] --START--
INFO: Run Behavior\ContentReplaceBehavior [ RunTime:0.000047s ]
INFO: [ template_filter ] --END-- [ RunTime:0.000099s ]
INFO: Run Behavior\ParseTemplateBehavior [ RunTime:0.006623s ]
INFO: [ view_parse ] --END-- [ RunTime:0.006673s ]
INFO: [ view_filter ] --START--
INFO: Run Behavior\WriteHtmlCacheBehavior [ RunTime:0.000312s ]
INFO: [ view_filter ] --END-- [ RunTime:0.000350s ]
INFO: [ app_end ] --START--
INFO: Run Behavior\ShowPageTraceBehavior [ RunTime:0.000666s ]
INFO: [ app_end ] --END-- [ RunTime:0.000716s ]

[ 2016-05-11T14:27:44+08:00 ] 111.206.36.141 /wiki/index.php/Home/Main/main/menu_id/41.html
INFO: [ app_init ] --START--
INFO: Run Behavior\BuildLiteBehavior [ RunTime:0.000022s ]
INFO: [ app_init ] --END-- [ RunTime:0.000519s ]
INFO: [ app_begin ] --START--
INFO: Run Behavior\ReadHtmlCacheBehavior [ RunTime:0.000979s ]
INFO: [ app_begin ] --END-- [ RunTime:0.001048s ]
SQL: SHOW COLUMNS FROM `wiki_menu` [ RunTime:0.0012s ]
SQL: SHOW COLUMNS FROM `wiki_menu` [ RunTime:0.0008s ]
SQL: SELECT * FROM `wiki_menu` WHERE ( menu_id = 41 ) LIMIT 1   [ RunTime:0.0005s ]
SQL: SHOW COLUMNS FROM `wiki_info` [ RunTime:0.0010s ]
SQL: SHOW COLUMNS FROM `wiki_info` [ RunTime:0.0010s ]
SQL: SELECT * FROM `wiki_info` WHERE ( menu_id = 41 ) ORDER BY sort_order DESC,add_time ASC  [ RunTime:0.0013s ]
NOTIC: [8] Undefined offset: 1 /data/home/qxu1591180029/htdocs/wiki/Apps/Home/Controller/MainController.class.php 第 42 行.
NOTIC: [8] Undefined offset: 2 /data/home/qxu1591180029/htdocs/wiki/Apps/Home/Controller/MainController.class.php 第 42 行.
NOTIC: [8] Undefined offset: 1 /data/home/qxu1591180029/htdocs/wiki/Apps/Home/Controller/MainController.class.php 第 58 行.
NOTIC: [8] Undefined offset: 1 /data/home/qxu1591180029/htdocs/wiki/Apps/Home/Controller/MainController.class.php 第 42 行.
NOTIC: [8] Undefined offset: 2 /data/home/qxu1591180029/htdocs/wiki/Apps/Home/Controller/MainController.class.php 第 42 行.
NOTIC: [8] Undefined offset: 1 /data/home/qxu1591180029/htdocs/wiki/Apps/Home/Controller/MainController.class.php 第 58 行.
NOTIC: [8] Undefined offset: 1 /data/home/qxu1591180029/htdocs/wiki/Apps/Home/Controller/MainController.class.php 第 58 行.
NOTIC: [8] Undefined offset: 1 /data/home/qxu1591180029/htdocs/wiki/Apps/Home/Controller/MainController.class.php 第 42 行.
NOTIC: [8] Undefined offset: 2 /data/home/qxu1591180029/htdocs/wiki/Apps/Home/Controller/MainController.class.php 第 42 行.
NOTIC: [8] Undefined offset: 1 /data/home/qxu1591180029/htdocs/wiki/Apps/Home/Controller/MainController.class.php 第 58 行.
INFO: [ view_parse ] --START--
INFO: [ template_filter ] --START--
INFO: Run Behavior\ContentReplaceBehavior [ RunTime:0.000089s ]
INFO: [ template_filter ] --END-- [ RunTime:0.000150s ]
INFO: Run Behavior\ParseTemplateBehavior [ RunTime:0.013105s ]
INFO: [ view_parse ] --END-- [ RunTime:0.013179s ]
INFO: [ view_filter ] --START--
INFO: Run Behavior\WriteHtmlCacheBehavior [ RunTime:0.000350s ]
INFO: [ view_filter ] --END-- [ RunTime:0.000389s ]
INFO: [ app_end ] --START--
INFO: Run Behavior\ShowPageTraceBehavior [ RunTime:0.000710s ]
INFO: [ app_end ] --END-- [ RunTime:0.000769s ]

[ 2016-05-11T14:27:46+08:00 ] 14.120.235.33 /wiki/index.php/Home/Main/main/menu_id/31.html
INFO: [ app_init ] --START--
INFO: Run Behavior\BuildLiteBehavior [ RunTime:0.000016s ]
INFO: [ app_init ] --END-- [ RunTime:0.000417s ]
INFO: [ app_begin ] --START--
INFO: Run Behavior\ReadHtmlCacheBehavior [ RunTime:0.000672s ]
INFO: [ app_begin ] --END-- [ RunTime:0.000738s ]
SQL: SHOW COLUMNS FROM `wiki_menu` [ RunTime:0.0012s ]
SQL: SHOW COLUMNS FROM `wiki_menu` [ RunTime:0.0009s ]
SQL: SELECT * FROM `wiki_menu` WHERE ( menu_id = 31 ) LIMIT 1   [ RunTime:0.0008s ]
SQL: SHOW COLUMNS FROM `wiki_info` [ RunTime:0.0010s ]
SQL: SHOW COLUMNS FROM `wiki_info` [ RunTime:0.0009s ]
SQL: SELECT * FROM `wiki_info` WHERE ( menu_id = 31 ) ORDER BY sort_order DESC,add_time ASC  [ RunTime:0.0025s ]
INFO: [ view_parse ] --START--
INFO: [ template_filter ] --START--
INFO: Run Behavior\ContentReplaceBehavior [ RunTime:0.000088s ]
INFO: [ template_filter ] --END-- [ RunTime:0.000147s ]
INFO: Run Behavior\ParseTemplateBehavior [ RunTime:0.013751s ]
INFO: [ view_parse ] --END-- [ RunTime:0.013826s ]
INFO: [ view_filter ] --START--
INFO: Run Behavior\WriteHtmlCacheBehavior [ RunTime:0.000433s ]
INFO: [ view_filter ] --END-- [ RunTime:0.000475s ]
INFO: [ app_end ] --START--
INFO: Run Behavior\ShowPageTraceBehavior [ RunTime:0.000648s ]
INFO: [ app_end ] --END-- [ RunTime:0.000694s ]

[ 2016-05-11T14:27:48+08:00 ] 111.206.36.141 /wiki/index.php/Home/Main/main/menu_id/31.html
INFO: [ app_init ] --START--
INFO: Run Behavior\BuildLiteBehavior [ RunTime:0.000018s ]
INFO: [ app_init ] --END-- [ RunTime:0.000531s ]
INFO: [ app_begin ] --START--
INFO: Run Behavior\ReadHtmlCacheBehavior [ RunTime:0.000792s ]
INFO: [ app_begin ] --END-- [ RunTime:0.000847s ]
SQL: SHOW COLUMNS FROM `wiki_menu` [ RunTime:0.0013s ]
SQL: SHOW COLUMNS FROM `wiki_menu` [ RunTime:0.0009s ]
SQL: SELECT * FROM `wiki_menu` WHERE ( menu_id = 31 ) LIMIT 1   [ RunTime:0.0004s ]
SQL: SHOW COLUMNS FROM `wiki_info` [ RunTime:0.0010s ]
SQL: SHOW COLUMNS FROM `wiki_info` [ RunTime:0.0010s ]
SQL: SELECT * FROM `wiki_info` WHERE ( menu_id = 31 ) ORDER BY sort_order DESC,add_time ASC  [ RunTime:0.0019s ]
INFO: [ view_parse ] --START--
INFO: [ template_filter ] --START--
INFO: Run Behavior\ContentReplaceBehavior [ RunTime:0.000110s ]
INFO: [ template_filter ] --END-- [ RunTime:0.000188s ]
INFO: Run Behavior\ParseTemplateBehavior [ RunTime:0.015321s ]
INFO: [ view_parse ] --END-- [ RunTime:0.015376s ]
INFO: [ view_filter ] --START--
INFO: Run Behavior\WriteHtmlCacheBehavior [ RunTime:0.000330s ]
INFO: [ view_filter ] --END-- [ RunTime:0.000372s ]
INFO: [ app_end ] --START--
INFO: Run Behavior\ShowPageTraceBehavior [ RunTime:0.000646s ]
INFO: [ app_end ] --END-- [ RunTime:0.000691s ]

[ 2016-05-11T14:27:55+08:00 ] 14.120.235.33 /wiki/index.php/Home/Main/main/menu_id/31.html
INFO: [ app_init ] --START--
INFO: Run Behavior\BuildLiteBehavior [ RunTime:0.000017s ]
INFO: [ app_init ] --END-- [ RunTime:0.000440s ]
INFO: [ app_begin ] --START--
INFO: Run Behavior\ReadHtmlCacheBehavior [ RunTime:0.000669s ]
INFO: [ app_begin ] --END-- [ RunTime:0.000724s ]
SQL: SHOW COLUMNS FROM `wiki_menu` [ RunTime:0.0011s ]
SQL: SHOW COLUMNS FROM `wiki_menu` [ RunTime:0.0033s ]
SQL: SELECT * FROM `wiki_menu` WHERE ( menu_id = 31 ) LIMIT 1   [ RunTime:0.0005s ]
SQL: SHOW COLUMNS FROM `wiki_info` [ RunTime:0.0010s ]
SQL: SHOW COLUMNS FROM `wiki_info` [ RunTime:0.0010s ]
SQL: SELECT * FROM `wiki_info` WHERE ( menu_id = 31 ) ORDER BY sort_order DESC,add_time ASC  [ RunTime:0.0025s ]
INFO: [ view_parse ] --START--
INFO: [ template_filter ] --START--
INFO: Run Behavior\ContentReplaceBehavior [ RunTime:0.000103s ]
INFO: [ template_filter ] --END-- [ RunTime:0.000180s ]
INFO: Run Behavior\ParseTemplateBehavior [ RunTime:0.017036s ]
INFO: [ view_parse ] --END-- [ RunTime:0.017108s ]
INFO: [ view_filter ] --START--
INFO: Run Behavior\WriteHtmlCacheBehavior [ RunTime:0.000322s ]
INFO: [ view_filter ] --END-- [ RunTime:0.000362s ]
INFO: [ app_end ] --START--
INFO: Run Behavior\ShowPageTraceBehavior [ RunTime:0.000931s ]
INFO: [ app_end ] --END-- [ RunTime:0.001016s ]

[ 2016-05-11T14:27:56+08:00 ] 14.120.235.33 /wiki/index.php/Home/Main/main/menu_id/42.html
INFO: [ app_init ] --START--
INFO: Run Behavior\BuildLiteBehavior [ RunTime:0.000017s ]
INFO: [ app_init ] --END-- [ RunTime:0.000417s ]
INFO: [ app_begin ] --START--
INFO: Run Behavior\ReadHtmlCacheBehavior [ RunTime:0.000678s ]
INFO: [ app_begin ] --END-- [ RunTime:0.000734s ]
SQL: SHOW COLUMNS FROM `wiki_menu` [ RunTime:0.0012s ]
SQL: SHOW COLUMNS FROM `wiki_menu` [ RunTime:0.0008s ]
SQL: SELECT * FROM `wiki_menu` WHERE ( menu_id = 42 ) LIMIT 1   [ RunTime:0.0006s ]
SQL: SHOW COLUMNS FROM `wiki_info` [ RunTime:0.0010s ]
SQL: SHOW COLUMNS FROM `wiki_info` [ RunTime:0.0011s ]
SQL: SELECT * FROM `wiki_info` WHERE ( menu_id = 42 ) ORDER BY sort_order DESC,add_time ASC  [ RunTime:0.0011s ]
INFO: [ view_parse ] --START--
INFO: [ template_filter ] --START--
INFO: Run Behavior\ContentReplaceBehavior [ RunTime:0.000088s ]
INFO: [ template_filter ] --END-- [ RunTime:0.000145s ]
INFO: Run Behavior\ParseTemplateBehavior [ RunTime:0.011546s ]
INFO: [ view_parse ] --END-- [ RunTime:0.011616s ]
INFO: [ view_filter ] --START--
INFO: Run Behavior\WriteHtmlCacheBehavior [ RunTime:0.000315s ]
INFO: [ view_filter ] --END-- [ RunTime:0.000354s ]
INFO: [ app_end ] --START--
INFO: Run Behavior\ShowPageTraceBehavior [ RunTime:0.000627s ]
INFO: [ app_end ] --END-- [ RunTime:0.000732s ]

[ 2016-05-11T14:27:58+08:00 ] 111.206.36.142 /wiki/index.php/Home/Main/main/menu_id/42.html
INFO: [ app_init ] --START--
INFO: Run Behavior\BuildLiteBehavior [ RunTime:0.000035s ]
INFO: [ app_init ] --END-- [ RunTime:0.000473s ]
INFO: [ app_begin ] --START--
INFO: Run Behavior\ReadHtmlCacheBehavior [ RunTime:0.000880s ]
INFO: [ app_begin ] --END-- [ RunTime:0.000967s ]
SQL: SHOW COLUMNS FROM `wiki_menu` [ RunTime:0.0011s ]
SQL: SHOW COLUMNS FROM `wiki_menu` [ RunTime:0.0026s ]
SQL: SELECT * FROM `wiki_menu` WHERE ( menu_id = 42 ) LIMIT 1   [ RunTime:0.0005s ]
SQL: SHOW COLUMNS FROM `wiki_info` [ RunTime:0.0010s ]
SQL: SHOW COLUMNS FROM `wiki_info` [ RunTime:0.0009s ]
SQL: SELECT * FROM `wiki_info` WHERE ( menu_id = 42 ) ORDER BY sort_order DESC,add_time ASC  [ RunTime:0.0008s ]
INFO: [ view_parse ] --START--
INFO: [ template_filter ] --START--
INFO: Run Behavior\ContentReplaceBehavior [ RunTime:0.000097s ]
INFO: [ template_filter ] --END-- [ RunTime:0.000175s ]
INFO: Run Behavior\ParseTemplateBehavior [ RunTime:0.011812s ]
INFO: [ view_parse ] --END-- [ RunTime:0.011883s ]
INFO: [ view_filter ] --START--
INFO: Run Behavior\WriteHtmlCacheBehavior [ RunTime:0.000327s ]
INFO: [ view_filter ] --END-- [ RunTime:0.000383s ]
INFO: [ app_end ] --START--
INFO: Run Behavior\ShowPageTraceBehavior [ RunTime:0.000667s ]
INFO: [ app_end ] --END-- [ RunTime:0.000714s ]

[ 2016-05-11T14:27:59+08:00 ] 14.120.235.33 /wiki/index.php/Home/Main/main/menu_id/56.html
INFO: [ app_init ] --START--
INFO: Run Behavior\BuildLiteBehavior [ RunTime:0.000027s ]
INFO: [ app_init ] --END-- [ RunTime:0.000713s ]
INFO: [ app_begin ] --START--
INFO: Run Behavior\ReadHtmlCacheBehavior [ RunTime:0.000832s ]
INFO: [ app_begin ] --END-- [ RunTime:0.000893s ]
SQL: SHOW COLUMNS FROM `wiki_menu` [ RunTime:0.0013s ]
SQL: SHOW COLUMNS FROM `wiki_menu` [ RunTime:0.0009s ]
SQL: SELECT * FROM `wiki_menu` WHERE ( menu_id = 56 ) LIMIT 1   [ RunTime:0.0007s ]
SQL: SHOW COLUMNS FROM `wiki_info` [ RunTime:0.0011s ]
SQL: SHOW COLUMNS FROM `wiki_info` [ RunTime:0.0011s ]
SQL: SELECT * FROM `wiki_info` WHERE ( menu_id = 56 ) ORDER BY sort_order DESC,add_time ASC  [ RunTime:0.0011s ]
INFO: [ view_parse ] --START--
INFO: [ template_filter ] --START--
INFO: Run Behavior\ContentReplaceBehavior [ RunTime:0.000086s ]
INFO: [ template_filter ] --END-- [ RunTime:0.000142s ]
INFO: Run Behavior\ParseTemplateBehavior [ RunTime:0.011522s ]
INFO: [ view_parse ] --END-- [ RunTime:0.011576s ]
INFO: [ view_filter ] --START--
INFO: Run Behavior\WriteHtmlCacheBehavior [ RunTime:0.000302s ]
INFO: [ view_filter ] --END-- [ RunTime:0.000465s ]
INFO: [ app_end ] --START--
INFO: Run Behavior\ShowPageTraceBehavior [ RunTime:0.000816s ]
INFO: [ app_end ] --END-- [ RunTime:0.000866s ]

[ 2016-05-11T14:28:00+08:00 ] 111.206.36.18 /wiki/index.php/Home/Main/main/menu_id/56.html
INFO: [ app_init ] --START--
INFO: Run Behavior\BuildLiteBehavior [ RunTime:0.000018s ]
INFO: [ app_init ] --END-- [ RunTime:0.000430s ]
INFO: [ app_begin ] --START--
INFO: Run Behavior\ReadHtmlCacheBehavior [ RunTime:0.000736s ]
INFO: [ app_begin ] --END-- [ RunTime:0.000792s ]
SQL: SHOW COLUMNS FROM `wiki_menu` [ RunTime:0.0013s ]
SQL: SHOW COLUMNS FROM `wiki_menu` [ RunTime:0.0010s ]
SQL: SELECT * FROM `wiki_menu` WHERE ( menu_id = 56 ) LIMIT 1   [ RunTime:0.0005s ]
SQL: SHOW COLUMNS FROM `wiki_info` [ RunTime:0.0011s ]
SQL: SHOW COLUMNS FROM `wiki_info` [ RunTime:0.0010s ]
SQL: SELECT * FROM `wiki_info` WHERE ( menu_id = 56 ) ORDER BY sort_order DESC,add_time ASC  [ RunTime:0.0010s ]
INFO: [ view_parse ] --START--
INFO: [ template_filter ] --START--
INFO: Run Behavior\ContentReplaceBehavior [ RunTime:0.000090s ]
INFO: [ template_filter ] --END-- [ RunTime:0.000145s ]
INFO: Run Behavior\ParseTemplateBehavior [ RunTime:0.011562s ]
INFO: [ view_parse ] --END-- [ RunTime:0.011619s ]
INFO: [ view_filter ] --START--
INFO: Run Behavior\WriteHtmlCacheBehavior [ RunTime:0.000376s ]
INFO: [ view_filter ] --END-- [ RunTime:0.000416s ]
INFO: [ app_end ] --START--
INFO: Run Behavior\ShowPageTraceBehavior [ RunTime:0.000593s ]
INFO: [ app_end ] --END-- [ RunTime:0.000636s ]

[ 2016-05-11T14:28:01+08:00 ] 14.120.235.33 /wiki/index.php/Home/Main/main/menu_id/48.html
INFO: [ app_init ] --START--
INFO: Run Behavior\BuildLiteBehavior [ RunTime:0.000020s ]
INFO: [ app_init ] --END-- [ RunTime:0.000458s ]
INFO: [ app_begin ] --START--
INFO: Run Behavior\ReadHtmlCacheBehavior [ RunTime:0.000741s ]
INFO: [ app_begin ] --END-- [ RunTime:0.000799s ]
SQL: SHOW COLUMNS FROM `wiki_menu` [ RunTime:0.0010s ]
SQL: SHOW COLUMNS FROM `wiki_menu` [ RunTime:0.0008s ]
SQL: SELECT * FROM `wiki_menu` WHERE ( menu_id = 48 ) LIMIT 1   [ RunTime:0.0006s ]
SQL: SHOW COLUMNS FROM `wiki_info` [ RunTime:0.0012s ]
SQL: SHOW COLUMNS FROM `wiki_info` [ RunTime:0.0012s ]
SQL: SELECT * FROM `wiki_info` WHERE ( menu_id = 48 ) ORDER BY sort_order DESC,add_time ASC  [ RunTime:0.0015s ]
INFO: [ view_parse ] --START--
INFO: [ template_filter ] --START--
INFO: Run Behavior\ContentReplaceBehavior [ RunTime:0.000090s ]
INFO: [ template_filter ] --END-- [ RunTime:0.000159s ]
INFO: Run Behavior\ParseTemplateBehavior [ RunTime:0.012038s ]
INFO: [ view_parse ] --END-- [ RunTime:0.012091s ]
INFO: [ view_filter ] --START--
INFO: Run Behavior\WriteHtmlCacheBehavior [ RunTime:0.000325s ]
INFO: [ view_filter ] --END-- [ RunTime:0.000367s ]
INFO: [ app_end ] --START--
INFO: Run Behavior\ShowPageTraceBehavior [ RunTime:0.000629s ]
INFO: [ app_end ] --END-- [ RunTime:0.000684s ]

[ 2016-05-11T14:28:02+08:00 ] 14.120.235.33 /wiki/index.php/Home/Main/main/menu_id/53.html
INFO: [ app_init ] --START--
INFO: Run Behavior\BuildLiteBehavior [ RunTime:0.000017s ]
INFO: [ app_init ] --END-- [ RunTime:0.000412s ]
INFO: [ app_begin ] --START--
INFO: Run Behavior\ReadHtmlCacheBehavior [ RunTime:0.000654s ]
INFO: [ app_begin ] --END-- [ RunTime:0.000726s ]
SQL: SHOW COLUMNS FROM `wiki_menu` [ RunTime:0.0012s ]
SQL: SHOW COLUMNS FROM `wiki_menu` [ RunTime:0.0008s ]
SQL: SELECT * FROM `wiki_menu` WHERE ( menu_id = 53 ) LIMIT 1   [ RunTime:0.0006s ]
SQL: SHOW COLUMNS FROM `wiki_info` [ RunTime:0.0009s ]
SQL: SHOW COLUMNS FROM `wiki_info` [ RunTime:0.0009s ]
SQL: SELECT * FROM `wiki_info` WHERE ( menu_id = 53 ) ORDER BY sort_order DESC,add_time ASC  [ RunTime:0.0019s ]
INFO: [ view_parse ] --START--
INFO: [ template_filter ] --START--
INFO: Run Behavior\ContentReplaceBehavior [ RunTime:0.000090s ]
INFO: [ template_filter ] --END-- [ RunTime:0.000160s ]
INFO: Run Behavior\ParseTemplateBehavior [ RunTime:0.015498s ]
INFO: [ view_parse ] --END-- [ RunTime:0.015549s ]
INFO: [ view_filter ] --START--
INFO: Run Behavior\WriteHtmlCacheBehavior [ RunTime:0.000299s ]
INFO: [ view_filter ] --END-- [ RunTime:0.000338s ]
INFO: [ app_end ] --START--
INFO: Run Behavior\ShowPageTraceBehavior [ RunTime:0.000651s ]
INFO: [ app_end ] --END-- [ RunTime:0.000696s ]

[ 2016-05-11T14:28:02+08:00 ] 111.206.36.134 /wiki/index.php/Home/Main/main/menu_id/48.html
INFO: [ app_init ] --START--
INFO: Run Behavior\BuildLiteBehavior [ RunTime:0.000017s ]
INFO: [ app_init ] --END-- [ RunTime:0.000412s ]
INFO: [ app_begin ] --START--
INFO: Run Behavior\ReadHtmlCacheBehavior [ RunTime:0.000842s ]
INFO: [ app_begin ] --END-- [ RunTime:0.000913s ]
SQL: SHOW COLUMNS FROM `wiki_menu` [ RunTime:0.0012s ]
SQL: SHOW COLUMNS FROM `wiki_menu` [ RunTime:0.0008s ]
SQL: SELECT * FROM `wiki_menu` WHERE ( menu_id = 48 ) LIMIT 1   [ RunTime:0.0005s ]
SQL: SHOW COLUMNS FROM `wiki_info` [ RunTime:0.0013s ]
SQL: SHOW COLUMNS FROM `wiki_info` [ RunTime:0.0010s ]
SQL: SELECT * FROM `wiki_info` WHERE ( menu_id = 48 ) ORDER BY sort_order DESC,add_time ASC  [ RunTime:0.0010s ]
INFO: [ view_parse ] --START--
INFO: [ template_filter ] --START--
INFO: Run Behavior\ContentReplaceBehavior [ RunTime:0.000097s ]
INFO: [ template_filter ] --END-- [ RunTime:0.000169s ]
INFO: Run Behavior\ParseTemplateBehavior [ RunTime:0.013193s ]
INFO: [ view_parse ] --END-- [ RunTime:0.013254s ]
INFO: [ view_filter ] --START--
INFO: Run Behavior\WriteHtmlCacheBehavior [ RunTime:0.000327s ]
INFO: [ view_filter ] --END-- [ RunTime:0.000366s ]
INFO: [ app_end ] --START--
INFO: Run Behavior\ShowPageTraceBehavior [ RunTime:0.000664s ]
INFO: [ app_end ] --END-- [ RunTime:0.000708s ]

[ 2016-05-11T14:28:02+08:00 ] 111.206.36.143 /wiki/index.php/Home/Main/main/menu_id/53.html
INFO: [ app_init ] --START--
INFO: Run Behavior\BuildLiteBehavior [ RunTime:0.000018s ]
INFO: [ app_init ] --END-- [ RunTime:0.000439s ]
INFO: [ app_begin ] --START--
INFO: Run Behavior\ReadHtmlCacheBehavior [ RunTime:0.000709s ]
INFO: [ app_begin ] --END-- [ RunTime:0.000774s ]
SQL: SHOW COLUMNS FROM `wiki_menu` [ RunTime:0.0012s ]
SQL: SHOW COLUMNS FROM `wiki_menu` [ RunTime:0.0009s ]
SQL: SELECT * FROM `wiki_menu` WHERE ( menu_id = 53 ) LIMIT 1   [ RunTime:0.0005s ]
SQL: SHOW COLUMNS FROM `wiki_info` [ RunTime:0.0010s ]
SQL: SHOW COLUMNS FROM `wiki_info` [ RunTime:0.0011s ]
SQL: SELECT * FROM `wiki_info` WHERE ( menu_id = 53 ) ORDER BY sort_order DESC,add_time ASC  [ RunTime:0.0015s ]
INFO: [ view_parse ] --START--
INFO: [ template_filter ] --START--
INFO: Run Behavior\ContentReplaceBehavior [ RunTime:0.000118s ]
INFO: [ template_filter ] --END-- [ RunTime:0.000203s ]
INFO: Run Behavior\ParseTemplateBehavior [ RunTime:0.015331s ]
INFO: [ view_parse ] --END-- [ RunTime:0.015392s ]
INFO: [ view_filter ] --START--
INFO: Run Behavior\WriteHtmlCacheBehavior [ RunTime:0.000413s ]
INFO: [ view_filter ] --END-- [ RunTime:0.000453s ]
INFO: [ app_end ] --START--
INFO: Run Behavior\ShowPageTraceBehavior [ RunTime:0.000749s ]
INFO: [ app_end ] --END-- [ RunTime:0.000813s ]

[ 2016-05-11T14:28:03+08:00 ] 14.120.235.33 /wiki/index.php/Home/Main/main/menu_id/57.html
INFO: [ app_init ] --START--
INFO: Run Behavior\BuildLiteBehavior [ RunTime:0.000019s ]
INFO: [ app_init ] --END-- [ RunTime:0.000465s ]
INFO: [ app_begin ] --START--
INFO: Run Behavior\ReadHtmlCacheBehavior [ RunTime:0.000784s ]
INFO: [ app_begin ] --END-- [ RunTime:0.000862s ]
SQL: SHOW COLUMNS FROM `wiki_menu` [ RunTime:0.0011s ]
SQL: SHOW COLUMNS FROM `wiki_menu` [ RunTime:0.0009s ]
SQL: SELECT * FROM `wiki_menu` WHERE ( menu_id = 57 ) LIMIT 1   [ RunTime:0.0006s ]
SQL: SHOW COLUMNS FROM `wiki_info` [ RunTime:0.0010s ]
SQL: SHOW COLUMNS FROM `wiki_info` [ RunTime:0.0012s ]
SQL: SELECT * FROM `wiki_info` WHERE ( menu_id = 57 ) ORDER BY sort_order DESC,add_time ASC  [ RunTime:0.0013s ]
INFO: [ view_parse ] --START--
INFO: [ template_filter ] --START--
INFO: Run Behavior\ContentReplaceBehavior [ RunTime:0.000109s ]
INFO: [ template_filter ] --END-- [ RunTime:0.000209s ]
INFO: Run Behavior\ParseTemplateBehavior [ RunTime:0.012506s ]
INFO: [ view_parse ] --END-- [ RunTime:0.012578s ]
INFO: [ view_filter ] --START--
INFO: Run Behavior\WriteHtmlCacheBehavior [ RunTime:0.000360s ]
INFO: [ view_filter ] --END-- [ RunTime:0.000414s ]
INFO: [ app_end ] --START--
INFO: Run Behavior\ShowPageTraceBehavior [ RunTime:0.000784s ]
INFO: [ app_end ] --END-- [ RunTime:0.000831s ]

[ 2016-05-11T14:28:03+08:00 ] 111.206.36.138 /wiki/index.php/Home/Main/main/menu_id/57.html
INFO: [ app_init ] --START--
INFO: Run Behavior\BuildLiteBehavior [ RunTime:0.000023s ]
INFO: [ app_init ] --END-- [ RunTime:0.000484s ]
INFO: [ app_begin ] --START--
INFO: Run Behavior\ReadHtmlCacheBehavior [ RunTime:0.000740s ]
INFO: [ app_begin ] --END-- [ RunTime:0.000795s ]
SQL: SHOW COLUMNS FROM `wiki_menu` [ RunTime:0.0012s ]
SQL: SHOW COLUMNS FROM `wiki_menu` [ RunTime:0.0025s ]
SQL: SELECT * FROM `wiki_menu` WHERE ( menu_id = 57 ) LIMIT 1   [ RunTime:0.0005s ]
SQL: SHOW COLUMNS FROM `wiki_info` [ RunTime:0.0010s ]
SQL: SHOW COLUMNS FROM `wiki_info` [ RunTime:0.0009s ]
SQL: SELECT * FROM `wiki_info` WHERE ( menu_id = 57 ) ORDER BY sort_order DESC,add_time ASC  [ RunTime:0.0010s ]
INFO: [ view_parse ] --START--
INFO: [ template_filter ] --START--
INFO: Run Behavior\ContentReplaceBehavior [ RunTime:0.000122s ]
INFO: [ template_filter ] --END-- [ RunTime:0.000203s ]
INFO: Run Behavior\ParseTemplateBehavior [ RunTime:0.013344s ]
INFO: [ view_parse ] --END-- [ RunTime:0.013427s ]
INFO: [ view_filter ] --START--
INFO: Run Behavior\WriteHtmlCacheBehavior [ RunTime:0.000402s ]
INFO: [ view_filter ] --END-- [ RunTime:0.000453s ]
INFO: [ app_end ] --START--
INFO: Run Behavior\ShowPageTraceBehavior [ RunTime:0.000673s ]
INFO: [ app_end ] --END-- [ RunTime:0.000716s ]

[ 2016-05-11T14:28:03+08:00 ] 14.120.235.33 /wiki/index.php/Home/Main/main/menu_id/58.html
INFO: [ app_init ] --START--
INFO: Run Behavior\BuildLiteBehavior [ RunTime:0.000021s ]
INFO: [ app_init ] --END-- [ RunTime:0.000467s ]
INFO: [ app_begin ] --START--
INFO: Run Behavior\ReadHtmlCacheBehavior [ RunTime:0.000722s ]
INFO: [ app_begin ] --END-- [ RunTime:0.000781s ]
SQL: SHOW COLUMNS FROM `wiki_menu` [ RunTime:0.0012s ]
SQL: SHOW COLUMNS FROM `wiki_menu` [ RunTime:0.0008s ]
SQL: SELECT * FROM `wiki_menu` WHERE ( menu_id = 58 ) LIMIT 1   [ RunTime:0.0006s ]
SQL: SHOW COLUMNS FROM `wiki_info` [ RunTime:0.0010s ]
SQL: SHOW COLUMNS FROM `wiki_info` [ RunTime:0.0009s ]
SQL: SELECT * FROM `wiki_info` WHERE ( menu_id = 58 ) ORDER BY sort_order DESC,add_time ASC  [ RunTime:0.0022s ]
INFO: [ view_parse ] --START--
INFO: [ template_filter ] --START--
INFO: Run Behavior\ContentReplaceBehavior [ RunTime:0.000103s ]
INFO: [ template_filter ] --END-- [ RunTime:0.000178s ]
INFO: Run Behavior\ParseTemplateBehavior [ RunTime:0.013545s ]
INFO: [ view_parse ] --END-- [ RunTime:0.013624s ]
INFO: [ view_filter ] --START--
INFO: Run Behavior\WriteHtmlCacheBehavior [ RunTime:0.000435s ]
INFO: [ view_filter ] --END-- [ RunTime:0.000481s ]
INFO: [ app_end ] --START--
INFO: Run Behavior\ShowPageTraceBehavior [ RunTime:0.000678s ]
INFO: [ app_end ] --END-- [ RunTime:0.000723s ]

[ 2016-05-11T14:28:04+08:00 ] 14.120.235.33 /wiki/index.php/Home/Main/main/menu_id/59.html
INFO: [ app_init ] --START--
INFO: Run Behavior\BuildLiteBehavior [ RunTime:0.000025s ]
INFO: [ app_init ] --END-- [ RunTime:0.000561s ]
INFO: [ app_begin ] --START--
INFO: Run Behavior\ReadHtmlCacheBehavior [ RunTime:0.000723s ]
INFO: [ app_begin ] --END-- [ RunTime:0.000780s ]
SQL: SHOW COLUMNS FROM `wiki_menu` [ RunTime:0.0012s ]
SQL: SHOW COLUMNS FROM `wiki_menu` [ RunTime:0.0009s ]
SQL: SELECT * FROM `wiki_menu` WHERE ( menu_id = 59 ) LIMIT 1   [ RunTime:0.0007s ]
SQL: SHOW COLUMNS FROM `wiki_info` [ RunTime:0.0009s ]
SQL: SHOW COLUMNS FROM `wiki_info` [ RunTime:0.0009s ]
SQL: SELECT * FROM `wiki_info` WHERE ( menu_id = 59 ) ORDER BY sort_order DESC,add_time ASC  [ RunTime:0.0016s ]
INFO: [ view_parse ] --START--
INFO: [ template_filter ] --START--
INFO: Run Behavior\ContentReplaceBehavior [ RunTime:0.000091s ]
INFO: [ template_filter ] --END-- [ RunTime:0.000153s ]
INFO: Run Behavior\ParseTemplateBehavior [ RunTime:0.014429s ]
INFO: [ view_parse ] --END-- [ RunTime:0.014492s ]
INFO: [ view_filter ] --START--
INFO: Run Behavior\WriteHtmlCacheBehavior [ RunTime:0.000324s ]
INFO: [ view_filter ] --END-- [ RunTime:0.000364s ]
INFO: [ app_end ] --START--
INFO: Run Behavior\ShowPageTraceBehavior [ RunTime:0.000712s ]
INFO: [ app_end ] --END-- [ RunTime:0.000756s ]

[ 2016-05-11T14:28:05+08:00 ] 14.120.235.33 /wiki/index.php/Home/Main/main/menu_id/54.html
INFO: [ app_init ] --START--
INFO: Run Behavior\BuildLiteBehavior [ RunTime:0.000018s ]
INFO: [ app_init ] --END-- [ RunTime:0.000452s ]
INFO: [ app_begin ] --START--
INFO: Run Behavior\ReadHtmlCacheBehavior [ RunTime:0.000700s ]
INFO: [ app_begin ] --END-- [ RunTime:0.000757s ]
SQL: SHOW COLUMNS FROM `wiki_menu` [ RunTime:0.0011s ]
SQL: SHOW COLUMNS FROM `wiki_menu` [ RunTime:0.0008s ]
SQL: SELECT * FROM `wiki_menu` WHERE ( menu_id = 54 ) LIMIT 1   [ RunTime:0.0006s ]
SQL: SHOW COLUMNS FROM `wiki_info` [ RunTime:0.0009s ]
SQL: SHOW COLUMNS FROM `wiki_info` [ RunTime:0.0009s ]
SQL: SELECT * FROM `wiki_info` WHERE ( menu_id = 54 ) ORDER BY sort_order DESC,add_time ASC  [ RunTime:0.0013s ]
NOTIC: [8] Undefined offset: 1 /data/home/qxu1591180029/htdocs/wiki/Apps/Home/Controller/MainController.class.php 第 42 行.
NOTIC: [8] Undefined offset: 2 /data/home/qxu1591180029/htdocs/wiki/Apps/Home/Controller/MainController.class.php 第 42 行.
INFO: [ view_parse ] --START--
INFO: [ template_filter ] --START--
INFO: Run Behavior\ContentReplaceBehavior [ RunTime:0.000092s ]
INFO: [ template_filter ] --END-- [ RunTime:0.000142s ]
INFO: Run Behavior\ParseTemplateBehavior [ RunTime:0.012284s ]
INFO: [ view_parse ] --END-- [ RunTime:0.012335s ]
INFO: [ view_filter ] --START--
INFO: Run Behavior\WriteHtmlCacheBehavior [ RunTime:0.000317s ]
INFO: [ view_filter ] --END-- [ RunTime:0.000361s ]
INFO: [ app_end ] --START--
INFO: Run Behavior\ShowPageTraceBehavior [ RunTime:0.000644s ]
INFO: [ app_end ] --END-- [ RunTime:0.000688s ]

[ 2016-05-11T14:28:06+08:00 ] 14.120.235.33 /wiki/index.php/Home/Main/main/menu_id/50.html
INFO: [ app_init ] --START--
INFO: Run Behavior\BuildLiteBehavior [ RunTime:0.000022s ]
INFO: [ app_init ] --END-- [ RunTime:0.000467s ]
INFO: [ app_begin ] --START--
INFO: Run Behavior\ReadHtmlCacheBehavior [ RunTime:0.000736s ]
INFO: [ app_begin ] --END-- [ RunTime:0.000797s ]
SQL: SHOW COLUMNS FROM `wiki_menu` [ RunTime:0.0012s ]
SQL: SHOW COLUMNS FROM `wiki_menu` [ RunTime:0.0008s ]
SQL: SELECT * FROM `wiki_menu` WHERE ( menu_id = 50 ) LIMIT 1   [ RunTime:0.0006s ]
SQL: SHOW COLUMNS FROM `wiki_info` [ RunTime:0.0010s ]
SQL: SHOW COLUMNS FROM `wiki_info` [ RunTime:0.0010s ]
SQL: SELECT * FROM `wiki_info` WHERE ( menu_id = 50 ) ORDER BY sort_order DESC,add_time ASC  [ RunTime:0.0022s ]
INFO: [ view_parse ] --START--
INFO: [ template_filter ] --START--
INFO: Run Behavior\ContentReplaceBehavior [ RunTime:0.000094s ]
INFO: [ template_filter ] --END-- [ RunTime:0.000171s ]
INFO: Run Behavior\ParseTemplateBehavior [ RunTime:0.013338s ]
INFO: [ view_parse ] --END-- [ RunTime:0.013392s ]
INFO: [ view_filter ] --START--
INFO: Run Behavior\WriteHtmlCacheBehavior [ RunTime:0.000385s ]
INFO: [ view_filter ] --END-- [ RunTime:0.000430s ]
INFO: [ app_end ] --START--
INFO: Run Behavior\ShowPageTraceBehavior [ RunTime:0.000674s ]
INFO: [ app_end ] --END-- [ RunTime:0.000726s ]

[ 2016-05-11T14:28:06+08:00 ] 14.120.235.33 /wiki/index.php/Home/Main/main/menu_id/55.html
INFO: [ app_init ] --START--
INFO: Run Behavior\BuildLiteBehavior [ RunTime:0.000022s ]
INFO: [ app_init ] --END-- [ RunTime:0.000459s ]
INFO: [ app_begin ] --START--
INFO: Run Behavior\ReadHtmlCacheBehavior [ RunTime:0.000828s ]
INFO: [ app_begin ] --END-- [ RunTime:0.000900s ]
SQL: SHOW COLUMNS FROM `wiki_menu` [ RunTime:0.0010s ]
SQL: SHOW COLUMNS FROM `wiki_menu` [ RunTime:0.0008s ]
SQL: SELECT * FROM `wiki_menu` WHERE ( menu_id = 55 ) LIMIT 1   [ RunTime:0.0006s ]
SQL: SHOW COLUMNS FROM `wiki_info` [ RunTime:0.0010s ]
SQL: SHOW COLUMNS FROM `wiki_info` [ RunTime:0.0008s ]
SQL: SELECT * FROM `wiki_info` WHERE ( menu_id = 55 ) ORDER BY sort_order DESC,add_time ASC  [ RunTime:0.0008s ]
INFO: [ view_parse ] --START--
INFO: [ template_filter ] --START--
INFO: Run Behavior\ContentReplaceBehavior [ RunTime:0.000087s ]
INFO: [ template_filter ] --END-- [ RunTime:0.000137s ]
INFO: Run Behavior\ParseTemplateBehavior [ RunTime:0.011085s ]
INFO: [ view_parse ] --END-- [ RunTime:0.011137s ]
INFO: [ view_filter ] --START--
INFO: Run Behavior\WriteHtmlCacheBehavior [ RunTime:0.000295s ]
INFO: [ view_filter ] --END-- [ RunTime:0.000345s ]
INFO: [ app_end ] --START--
INFO: Run Behavior\ShowPageTraceBehavior [ RunTime:0.000598s ]
INFO: [ app_end ] --END-- [ RunTime:0.000645s ]

[ 2016-05-11T14:28:07+08:00 ] 61.135.169.9 /wiki/index.php/Home/Main/main/menu_id/58.html
INFO: [ app_init ] --START--
INFO: Run Behavior\BuildLiteBehavior [ RunTime:0.000028s ]
INFO: [ app_init ] --END-- [ RunTime:0.000454s ]
INFO: [ app_begin ] --START--
INFO: Run Behavior\ReadHtmlCacheBehavior [ RunTime:0.000678s ]
INFO: [ app_begin ] --END-- [ RunTime:0.000733s ]
SQL: SHOW COLUMNS FROM `wiki_menu` [ RunTime:0.0012s ]
SQL: SHOW COLUMNS FROM `wiki_menu` [ RunTime:0.0009s ]
SQL: SELECT * FROM `wiki_menu` WHERE ( menu_id = 58 ) LIMIT 1   [ RunTime:0.0005s ]
SQL: SHOW COLUMNS FROM `wiki_info` [ RunTime:0.0010s ]
SQL: SHOW COLUMNS FROM `wiki_info` [ RunTime:0.0010s ]
SQL: SELECT * FROM `wiki_info` WHERE ( menu_id = 58 ) ORDER BY sort_order DESC,add_time ASC  [ RunTime:0.0017s ]
INFO: [ view_parse ] --START--
INFO: [ template_filter ] --START--
INFO: Run Behavior\ContentReplaceBehavior [ RunTime:0.000095s ]
INFO: [ template_filter ] --END-- [ RunTime:0.000168s ]
INFO: Run Behavior\ParseTemplateBehavior [ RunTime:0.015062s ]
INFO: [ view_parse ] --END-- [ RunTime:0.015127s ]
INFO: [ view_filter ] --START--
INFO: Run Behavior\WriteHtmlCacheBehavior [ RunTime:0.000325s ]
INFO: [ view_filter ] --END-- [ RunTime:0.000364s ]
INFO: [ app_end ] --START--
INFO: Run Behavior\ShowPageTraceBehavior [ RunTime:0.000668s ]
INFO: [ app_end ] --END-- [ RunTime:0.000712s ]

[ 2016-05-11T14:28:07+08:00 ] 111.206.36.139 /wiki/index.php/Home/Main/main/menu_id/55.html
INFO: [ app_init ] --START--
INFO: Run Behavior\BuildLiteBehavior [ RunTime:0.000022s ]
INFO: [ app_init ] --END-- [ RunTime:0.000614s ]
INFO: [ app_begin ] --START--
INFO: Run Behavior\ReadHtmlCacheBehavior [ RunTime:0.000726s ]
INFO: [ app_begin ] --END-- [ RunTime:0.000787s ]
SQL: SHOW COLUMNS FROM `wiki_menu` [ RunTime:0.0011s ]
SQL: SHOW COLUMNS FROM `wiki_menu` [ RunTime:0.0008s ]
SQL: SELECT * FROM `wiki_menu` WHERE ( menu_id = 55 ) LIMIT 1   [ RunTime:0.0005s ]
SQL: SHOW COLUMNS FROM `wiki_info` [ RunTime:0.0010s ]
SQL: SHOW COLUMNS FROM `wiki_info` [ RunTime:0.0009s ]
SQL: SELECT * FROM `wiki_info` WHERE ( menu_id = 55 ) ORDER BY sort_order DESC,add_time ASC  [ RunTime:0.0005s ]
INFO: [ view_parse ] --START--
INFO: [ template_filter ] --START--
INFO: Run Behavior\ContentReplaceBehavior [ RunTime:0.000088s ]
INFO: [ template_filter ] --END-- [ RunTime:0.000149s ]
INFO: Run Behavior\ParseTemplateBehavior [ RunTime:0.011655s ]
INFO: [ view_parse ] --END-- [ RunTime:0.011711s ]
INFO: [ view_filter ] --START--
INFO: Run Behavior\WriteHtmlCacheBehavior [ RunTime:0.000312s ]
INFO: [ view_filter ] --END-- [ RunTime:0.000353s ]
INFO: [ app_end ] --START--
INFO: Run Behavior\ShowPageTraceBehavior [ RunTime:0.000597s ]
INFO: [ app_end ] --END-- [ RunTime:0.000646s ]

[ 2016-05-11T14:28:08+08:00 ] 111.206.36.15 /wiki/index.php/Home/Main/main/menu_id/59.html
INFO: [ app_init ] --START--
INFO: Run Behavior\BuildLiteBehavior [ RunTime:0.000017s ]
INFO: [ app_init ] --END-- [ RunTime:0.000429s ]
INFO: [ app_begin ] --START--
INFO: Run Behavior\ReadHtmlCacheBehavior [ RunTime:0.000701s ]
INFO: [ app_begin ] --END-- [ RunTime:0.000756s ]
SQL: SHOW COLUMNS FROM `wiki_menu` [ RunTime:0.0011s ]
SQL: SHOW COLUMNS FROM `wiki_menu` [ RunTime:0.0008s ]
SQL: SELECT * FROM `wiki_menu` WHERE ( menu_id = 59 ) LIMIT 1   [ RunTime:0.0004s ]
SQL: SHOW COLUMNS FROM `wiki_info` [ RunTime:0.0009s ]
SQL: SHOW COLUMNS FROM `wiki_info` [ RunTime:0.0010s ]
SQL: SELECT * FROM `wiki_info` WHERE ( menu_id = 59 ) ORDER BY sort_order DESC,add_time ASC  [ RunTime:0.0014s ]
INFO: [ view_parse ] --START--
INFO: [ template_filter ] --START--
INFO: Run Behavior\ContentReplaceBehavior [ RunTime:0.000090s ]
INFO: [ template_filter ] --END-- [ RunTime:0.000149s ]
INFO: Run Behavior\ParseTemplateBehavior [ RunTime:0.013151s ]
INFO: [ view_parse ] --END-- [ RunTime:0.013222s ]
INFO: [ view_filter ] --START--
INFO: Run Behavior\WriteHtmlCacheBehavior [ RunTime:0.000465s ]
INFO: [ view_filter ] --END-- [ RunTime:0.000527s ]
INFO: [ app_end ] --START--
INFO: Run Behavior\ShowPageTraceBehavior [ RunTime:0.000872s ]
INFO: [ app_end ] --END-- [ RunTime:0.000933s ]

[ 2016-05-11T14:28:08+08:00 ] 14.120.235.33 /wiki/index.php/Home/Main/main/menu_id/47.html
INFO: [ app_init ] --START--
INFO: Run Behavior\BuildLiteBehavior [ RunTime:0.000016s ]
INFO: [ app_init ] --END-- [ RunTime:0.000417s ]
INFO: [ app_begin ] --START--
INFO: Run Behavior\ReadHtmlCacheBehavior [ RunTime:0.000659s ]
INFO: [ app_begin ] --END-- [ RunTime:0.000720s ]
SQL: SHOW COLUMNS FROM `wiki_menu` [ RunTime:0.0011s ]
SQL: SHOW COLUMNS FROM `wiki_menu` [ RunTime:0.0008s ]
SQL: SELECT * FROM `wiki_menu` WHERE ( menu_id = 47 ) LIMIT 1   [ RunTime:0.0006s ]
SQL: SHOW COLUMNS FROM `wiki_info` [ RunTime:0.0010s ]
SQL: SHOW COLUMNS FROM `wiki_info` [ RunTime:0.0009s ]
SQL: SELECT * FROM `wiki_info` WHERE ( menu_id = 47 ) ORDER BY sort_order DESC,add_time ASC  [ RunTime:0.0031s ]
NOTIC: [8] Undefined offset: 1 /data/home/qxu1591180029/htdocs/wiki/Apps/Home/Controller/MainController.class.php 第 58 行.
NOTIC: [8] Undefined offset: 1 /data/home/qxu1591180029/htdocs/wiki/Apps/Home/Controller/MainController.class.php 第 58 行.
NOTIC: [8] Undefined offset: 1 /data/home/qxu1591180029/htdocs/wiki/Apps/Home/Controller/MainController.class.php 第 42 行.
NOTIC: [8] Undefined offset: 2 /data/home/qxu1591180029/htdocs/wiki/Apps/Home/Controller/MainController.class.php 第 42 行.
NOTIC: [8] Undefined offset: 1 /data/home/qxu1591180029/htdocs/wiki/Apps/Home/Controller/MainController.class.php 第 58 行.
INFO: [ view_parse ] --START--
INFO: [ template_filter ] --START--
INFO: Run Behavior\ContentReplaceBehavior [ RunTime:0.000094s ]
INFO: [ template_filter ] --END-- [ RunTime:0.000179s ]
INFO: Run Behavior\ParseTemplateBehavior [ RunTime:0.019848s ]
INFO: [ view_parse ] --END-- [ RunTime:0.019914s ]
INFO: [ view_filter ] --START--
INFO: Run Behavior\WriteHtmlCacheBehavior [ RunTime:0.000404s ]
INFO: [ view_filter ] --END-- [ RunTime:0.000448s ]
INFO: [ app_end ] --START--
INFO: Run Behavior\ShowPageTraceBehavior [ RunTime:0.000728s ]
INFO: [ app_end ] --END-- [ RunTime:0.000839s ]

[ 2016-05-11T14:28:08+08:00 ] 61.135.169.41 /wiki/index.php/Home/Main/main/menu_id/54.html
INFO: [ app_init ] --START--
INFO: Run Behavior\BuildLiteBehavior [ RunTime:0.000017s ]
INFO: [ app_init ] --END-- [ RunTime:0.000417s ]
INFO: [ app_begin ] --START--
INFO: Run Behavior\ReadHtmlCacheBehavior [ RunTime:0.000704s ]
INFO: [ app_begin ] --END-- [ RunTime:0.000774s ]
SQL: SHOW COLUMNS FROM `wiki_menu` [ RunTime:0.0011s ]
SQL: SHOW COLUMNS FROM `wiki_menu` [ RunTime:0.0009s ]
SQL: SELECT * FROM `wiki_menu` WHERE ( menu_id = 54 ) LIMIT 1   [ RunTime:0.0004s ]
SQL: SHOW COLUMNS FROM `wiki_info` [ RunTime:0.0009s ]
SQL: SHOW COLUMNS FROM `wiki_info` [ RunTime:0.0009s ]
SQL: SELECT * FROM `wiki_info` WHERE ( menu_id = 54 ) ORDER BY sort_order DESC,add_time ASC  [ RunTime:0.0011s ]
NOTIC: [8] Undefined offset: 1 /data/home/qxu1591180029/htdocs/wiki/Apps/Home/Controller/MainController.class.php 第 42 行.
NOTIC: [8] Undefined offset: 2 /data/home/qxu1591180029/htdocs/wiki/Apps/Home/Controller/MainController.class.php 第 42 行.
INFO: [ view_parse ] --START--
INFO: [ template_filter ] --START--
INFO: Run Behavior\ContentReplaceBehavior [ RunTime:0.000094s ]
INFO: [ template_filter ] --END-- [ RunTime:0.000146s ]
INFO: Run Behavior\ParseTemplateBehavior [ RunTime:0.011560s ]
INFO: [ view_parse ] --END-- [ RunTime:0.011610s ]
INFO: [ view_filter ] --START--
INFO: Run Behavior\WriteHtmlCacheBehavior [ RunTime:0.000312s ]
INFO: [ view_filter ] --END-- [ RunTime:0.000350s ]
INFO: [ app_end ] --START--
INFO: Run Behavior\ShowPageTraceBehavior [ RunTime:0.000608s ]
INFO: [ app_end ] --END-- [ RunTime:0.000650s ]

[ 2016-05-11T14:28:10+08:00 ] 61.135.169.10 /wiki/index.php/Home/Main/main/menu_id/47.html
INFO: [ app_init ] --START--
INFO: Run Behavior\BuildLiteBehavior [ RunTime:0.000023s ]
INFO: [ app_init ] --END-- [ RunTime:0.000480s ]
INFO: [ app_begin ] --START--
INFO: Run Behavior\ReadHtmlCacheBehavior [ RunTime:0.000748s ]
INFO: [ app_begin ] --END-- [ RunTime:0.000807s ]
SQL: SHOW COLUMNS FROM `wiki_menu` [ RunTime:0.0011s ]
SQL: SHOW COLUMNS FROM `wiki_menu` [ RunTime:0.0008s ]
SQL: SELECT * FROM `wiki_menu` WHERE ( menu_id = 47 ) LIMIT 1   [ RunTime:0.0004s ]
SQL: SHOW COLUMNS FROM `wiki_info` [ RunTime:0.0010s ]
SQL: SHOW COLUMNS FROM `wiki_info` [ RunTime:0.0010s ]
SQL: SELECT * FROM `wiki_info` WHERE ( menu_id = 47 ) ORDER BY sort_order DESC,add_time ASC  [ RunTime:0.0026s ]
NOTIC: [8] Undefined offset: 1 /data/home/qxu1591180029/htdocs/wiki/Apps/Home/Controller/MainController.class.php 第 58 行.
NOTIC: [8] Undefined offset: 1 /data/home/qxu1591180029/htdocs/wiki/Apps/Home/Controller/MainController.class.php 第 58 行.
NOTIC: [8] Undefined offset: 1 /data/home/qxu1591180029/htdocs/wiki/Apps/Home/Controller/MainController.class.php 第 42 行.
NOTIC: [8] Undefined offset: 2 /data/home/qxu1591180029/htdocs/wiki/Apps/Home/Controller/MainController.class.php 第 42 行.
NOTIC: [8] Undefined offset: 1 /data/home/qxu1591180029/htdocs/wiki/Apps/Home/Controller/MainController.class.php 第 58 行.
INFO: [ view_parse ] --START--
INFO: [ template_filter ] --START--
INFO: Run Behavior\ContentReplaceBehavior [ RunTime:0.000086s ]
INFO: [ template_filter ] --END-- [ RunTime:0.000141s ]
INFO: Run Behavior\ParseTemplateBehavior [ RunTime:0.016076s ]
INFO: [ view_parse ] --END-- [ RunTime:0.016148s ]
INFO: [ view_filter ] --START--
INFO: Run Behavior\WriteHtmlCacheBehavior [ RunTime:0.000323s ]
INFO: [ view_filter ] --END-- [ RunTime:0.000367s ]
INFO: [ app_end ] --START--
INFO: Run Behavior\ShowPageTraceBehavior [ RunTime:0.000640s ]
INFO: [ app_end ] --END-- [ RunTime:0.000684s ]

[ 2016-05-11T14:28:12+08:00 ] 14.120.235.33 /wiki/index.php/Home/Main/main/menu_id/42.html
INFO: [ app_init ] --START--
INFO: Run Behavior\BuildLiteBehavior [ RunTime:0.000021s ]
INFO: [ app_init ] --END-- [ RunTime:0.000448s ]
INFO: [ app_begin ] --START--
INFO: Run Behavior\ReadHtmlCacheBehavior [ RunTime:0.000726s ]
INFO: [ app_begin ] --END-- [ RunTime:0.000782s ]
SQL: SHOW COLUMNS FROM `wiki_menu` [ RunTime:0.0012s ]
SQL: SHOW COLUMNS FROM `wiki_menu` [ RunTime:0.0008s ]
SQL: SELECT * FROM `wiki_menu` WHERE ( menu_id = 42 ) LIMIT 1   [ RunTime:0.0005s ]
SQL: SHOW COLUMNS FROM `wiki_info` [ RunTime:0.0010s ]
SQL: SHOW COLUMNS FROM `wiki_info` [ RunTime:0.0009s ]
SQL: SELECT * FROM `wiki_info` WHERE ( menu_id = 42 ) ORDER BY sort_order DESC,add_time ASC  [ RunTime:0.0009s ]
INFO: [ view_parse ] --START--
INFO: [ template_filter ] --START--
INFO: Run Behavior\ContentReplaceBehavior [ RunTime:0.000090s ]
INFO: [ template_filter ] --END-- [ RunTime:0.000150s ]
INFO: Run Behavior\ParseTemplateBehavior [ RunTime:0.012075s ]
INFO: [ view_parse ] --END-- [ RunTime:0.012148s ]
INFO: [ view_filter ] --START--
INFO: Run Behavior\WriteHtmlCacheBehavior [ RunTime:0.000326s ]
INFO: [ view_filter ] --END-- [ RunTime:0.000377s ]
INFO: [ app_end ] --START--
INFO: Run Behavior\ShowPageTraceBehavior [ RunTime:0.000662s ]
INFO: [ app_end ] --END-- [ RunTime:0.000714s ]

[ 2016-05-11T14:28:13+08:00 ] 14.120.235.33 /wiki/index.php/Home/Main/main/menu_id/42.html
INFO: [ app_init ] --START--
INFO: Run Behavior\BuildLiteBehavior [ RunTime:0.000018s ]
INFO: [ app_init ] --END-- [ RunTime:0.000436s ]
INFO: [ app_begin ] --START--
INFO: Run Behavior\ReadHtmlCacheBehavior [ RunTime:0.000710s ]
INFO: [ app_begin ] --END-- [ RunTime:0.000775s ]
SQL: SHOW COLUMNS FROM `wiki_menu` [ RunTime:0.0012s ]
SQL: SHOW COLUMNS FROM `wiki_menu` [ RunTime:0.0009s ]
SQL: SELECT * FROM `wiki_menu` WHERE ( menu_id = 42 ) LIMIT 1   [ RunTime:0.0005s ]
SQL: SHOW COLUMNS FROM `wiki_info` [ RunTime:0.0009s ]
SQL: SHOW COLUMNS FROM `wiki_info` [ RunTime:0.0009s ]
SQL: SELECT * FROM `wiki_info` WHERE ( menu_id = 42 ) ORDER BY sort_order DESC,add_time ASC  [ RunTime:0.0008s ]
INFO: [ view_parse ] --START--
INFO: [ template_filter ] --START--
INFO: Run Behavior\ContentReplaceBehavior [ RunTime:0.000103s ]
INFO: [ template_filter ] --END-- [ RunTime:0.000177s ]
INFO: Run Behavior\ParseTemplateBehavior [ RunTime:0.012486s ]
INFO: [ view_parse ] --END-- [ RunTime:0.012541s ]
INFO: [ view_filter ] --START--
INFO: Run Behavior\WriteHtmlCacheBehavior [ RunTime:0.000352s ]
INFO: [ view_filter ] --END-- [ RunTime:0.000390s ]
INFO: [ app_end ] --START--
INFO: Run Behavior\ShowPageTraceBehavior [ RunTime:0.000643s ]
INFO: [ app_end ] --END-- [ RunTime:0.000691s ]

[ 2016-05-11T14:28:18+08:00 ] 14.120.235.33 /wiki/index.php/Home/Main/article_edit/art_id/47.html
INFO: [ app_init ] --START--
INFO: Run Behavior\BuildLiteBehavior [ RunTime:0.000020s ]
INFO: [ app_init ] --END-- [ RunTime:0.000446s ]
INFO: [ app_begin ] --START--
INFO: Run Behavior\ReadHtmlCacheBehavior [ RunTime:0.000748s ]
INFO: [ app_begin ] --END-- [ RunTime:0.000821s ]
NOTIC: [8] Undefined index: user_id /data/home/qxu1591180029/htdocs/wiki/Apps/Common/Common/function.php 第 62 行.

[ 2016-05-11T14:28:21+08:00 ] 111.206.36.142 /wiki/index.php/Home/Main/article_edit/art_id/47.html
INFO: [ app_init ] --START--
INFO: Run Behavior\BuildLiteBehavior [ RunTime:0.000021s ]
INFO: [ app_init ] --END-- [ RunTime:0.000440s ]
INFO: [ app_begin ] --START--
INFO: Run Behavior\ReadHtmlCacheBehavior [ RunTime:0.000699s ]
INFO: [ app_begin ] --END-- [ RunTime:0.000754s ]
NOTIC: [8] Undefined index: user_id /data/home/qxu1591180029/htdocs/wiki/Apps/Common/Common/function.php 第 62 行.

[ 2016-05-11T14:28:23+08:00 ] 14.120.235.33 /wiki/index.php/Home/Main/article_edit/art_id/47.html
INFO: [ app_init ] --START--
INFO: Run Behavior\BuildLiteBehavior [ RunTime:0.000020s ]
INFO: [ app_init ] --END-- [ RunTime:0.000549s ]
INFO: [ app_begin ] --START--
INFO: Run Behavior\ReadHtmlCacheBehavior [ RunTime:0.000985s ]
INFO: [ app_begin ] --END-- [ RunTime:0.001070s ]
NOTIC: [8] Undefined index: user_id /data/home/qxu1591180029/htdocs/wiki/Apps/Common/Common/function.php 第 62 行.

