[ 2017-12-20T14:57:16+08:00 ] 219.137.141.128 /wiki/
INFO: [ app_init ] --START--
INFO: Run Behavior\BuildLiteBehavior [ RunTime:0.000026s ]
INFO: [ app_init ] --END-- [ RunTime:0.000614s ]
INFO: [ app_begin ] --START--
INFO: Run Behavior\ReadHtmlCacheBehavior [ RunTime:0.002961s ]
INFO: [ app_begin ] --END-- [ RunTime:0.003198s ]
INFO: [ view_parse ] --START--
INFO: [ template_filter ] --START--
INFO: Run Behavior\ContentReplaceBehavior [ RunTime:0.000072s ]
INFO: [ template_filter ] --END-- [ RunTime:0.000161s ]
INFO: Run Behavior\ParseTemplateBehavior [ RunTime:0.032791s ]
INFO: [ view_parse ] --END-- [ RunTime:0.032887s ]
INFO: [ view_filter ] --START--
INFO: Run Behavior\WriteHtmlCacheBehavior [ RunTime:0.010320s ]
INFO: [ view_filter ] --END-- [ RunTime:0.010410s ]
INFO: [ app_end ] --START--
INFO: Run Behavior\ShowPageTraceBehavior [ RunTime:0.014913s ]
INFO: [ app_end ] --END-- [ RunTime:0.015015s ]

[ 2017-12-20T14:57:16+08:00 ] 219.137.141.128 /wiki/index.php/Home/Index/top.html
INFO: [ app_init ] --START--
INFO: Run Behavior\BuildLiteBehavior [ RunTime:0.000039s ]
INFO: [ app_init ] --END-- [ RunTime:0.000777s ]
INFO: [ app_begin ] --START--
INFO: Run Behavior\ReadHtmlCacheBehavior [ RunTime:0.000886s ]
INFO: [ app_begin ] --END-- [ RunTime:0.000982s ]
NOTIC: [8] Undefined index: user_id /data/home/qxu1591180029/htdocs/wiki/Apps/Common/Common/function.php 第 62 行.
INFO: [ view_parse ] --START--
INFO: [ template_filter ] --START--
INFO: Run Behavior\ContentReplaceBehavior [ RunTime:0.000068s ]
INFO: [ template_filter ] --END-- [ RunTime:0.000153s ]
INFO: Run Behavior\ParseTemplateBehavior [ RunTime:0.028074s ]
INFO: [ view_parse ] --END-- [ RunTime:0.028153s ]
INFO: [ view_filter ] --START--
INFO: Run Behavior\WriteHtmlCacheBehavior [ RunTime:0.000366s ]
INFO: [ view_filter ] --END-- [ RunTime:0.000409s ]
INFO: [ app_end ] --START--
INFO: Run Behavior\ShowPageTraceBehavior [ RunTime:0.000669s ]
INFO: [ app_end ] --END-- [ RunTime:0.000771s ]

[ 2017-12-20T14:57:17+08:00 ] 219.137.141.128 /wiki/index.php/Home/Index/left.html
INFO: [ app_init ] --START--
INFO: Run Behavior\BuildLiteBehavior [ RunTime:0.000018s ]
INFO: [ app_init ] --END-- [ RunTime:0.000442s ]
INFO: [ app_begin ] --START--
INFO: Run Behavior\ReadHtmlCacheBehavior [ RunTime:0.000782s ]
INFO: [ app_begin ] --END-- [ RunTime:0.000844s ]
ERR: SQLSTATE[28000] [1045] Access denied for user 'qdm174464438'@'115.29.100.51' (using password: YES)

[ 2017-12-20T14:57:17+08:00 ] 219.137.141.128 /wiki/index.php/Home/Index/home.html
INFO: [ app_init ] --START--
INFO: Run Behavior\BuildLiteBehavior [ RunTime:0.000016s ]
INFO: [ app_init ] --END-- [ RunTime:0.000441s ]
INFO: [ app_begin ] --START--
INFO: Run Behavior\ReadHtmlCacheBehavior [ RunTime:0.000844s ]
INFO: [ app_begin ] --END-- [ RunTime:0.000907s ]
NOTIC: [8] Undefined index: user_id /data/home/qxu1591180029/htdocs/wiki/Apps/Common/Common/function.php 第 62 行.
INFO: [ view_parse ] --START--
INFO: [ template_filter ] --START--
INFO: Run Behavior\ContentReplaceBehavior [ RunTime:0.000064s ]
INFO: [ template_filter ] --END-- [ RunTime:0.000142s ]
INFO: Run Behavior\ParseTemplateBehavior [ RunTime:0.010461s ]
INFO: [ view_parse ] --END-- [ RunTime:0.010519s ]
INFO: [ view_filter ] --START--
INFO: Run Behavior\WriteHtmlCacheBehavior [ RunTime:0.000322s ]
INFO: [ view_filter ] --END-- [ RunTime:0.000362s ]
INFO: [ app_end ] --START--
INFO: Run Behavior\ShowPageTraceBehavior [ RunTime:0.000631s ]
INFO: [ app_end ] --END-- [ RunTime:0.000679s ]

[ 2017-12-20T14:57:26+08:00 ] 219.137.141.128 /wiki/
INFO: [ app_init ] --START--
INFO: Run Behavior\BuildLiteBehavior [ RunTime:0.000021s ]
INFO: [ app_init ] --END-- [ RunTime:0.000475s ]
INFO: [ app_begin ] --START--
INFO: Run Behavior\ReadHtmlCacheBehavior [ RunTime:0.000803s ]
INFO: [ app_begin ] --END-- [ RunTime:0.000874s ]
INFO: [ view_parse ] --START--
INFO: [ template_filter ] --START--
INFO: Run Behavior\ContentReplaceBehavior [ RunTime:0.000061s ]
INFO: [ template_filter ] --END-- [ RunTime:0.000129s ]
INFO: Run Behavior\ParseTemplateBehavior [ RunTime:0.006162s ]
INFO: [ view_parse ] --END-- [ RunTime:0.006216s ]
INFO: [ view_filter ] --START--
INFO: Run Behavior\WriteHtmlCacheBehavior [ RunTime:0.000312s ]
INFO: [ view_filter ] --END-- [ RunTime:0.000354s ]
INFO: [ app_end ] --START--
INFO: Run Behavior\ShowPageTraceBehavior [ RunTime:0.000640s ]
INFO: [ app_end ] --END-- [ RunTime:0.000687s ]

[ 2017-12-20T14:57:26+08:00 ] 219.137.141.128 /wiki/index.php/Home/Index/left.html
INFO: [ app_init ] --START--
INFO: Run Behavior\BuildLiteBehavior [ RunTime:0.000023s ]
INFO: [ app_init ] --END-- [ RunTime:0.000725s ]
INFO: [ app_begin ] --START--
INFO: Run Behavior\ReadHtmlCacheBehavior [ RunTime:0.000868s ]
INFO: [ app_begin ] --END-- [ RunTime:0.000925s ]
ERR: SQLSTATE[28000] [1045] Access denied for user 'qdm174464438'@'115.29.100.51' (using password: YES)

[ 2017-12-20T14:57:26+08:00 ] 219.137.141.128 /wiki/index.php/Home/Index/top.html
INFO: [ app_init ] --START--
INFO: Run Behavior\BuildLiteBehavior [ RunTime:0.000023s ]
INFO: [ app_init ] --END-- [ RunTime:0.000757s ]
INFO: [ app_begin ] --START--
INFO: Run Behavior\ReadHtmlCacheBehavior [ RunTime:0.001161s ]
INFO: [ app_begin ] --END-- [ RunTime:0.001271s ]
NOTIC: [8] Undefined index: user_id /data/home/qxu1591180029/htdocs/wiki/Apps/Common/Common/function.php 第 62 行.
INFO: [ view_parse ] --START--
INFO: [ template_filter ] --START--
INFO: Run Behavior\ContentReplaceBehavior [ RunTime:0.000061s ]
INFO: [ template_filter ] --END-- [ RunTime:0.000119s ]
INFO: Run Behavior\ParseTemplateBehavior [ RunTime:0.007064s ]
INFO: [ view_parse ] --END-- [ RunTime:0.007135s ]
INFO: [ view_filter ] --START--
INFO: Run Behavior\WriteHtmlCacheBehavior [ RunTime:0.000307s ]
INFO: [ view_filter ] --END-- [ RunTime:0.000347s ]
INFO: [ app_end ] --START--
INFO: Run Behavior\ShowPageTraceBehavior [ RunTime:0.000635s ]
INFO: [ app_end ] --END-- [ RunTime:0.000680s ]

[ 2017-12-20T14:57:26+08:00 ] 219.137.141.128 /wiki/index.php/Home/Index/home.html
INFO: [ app_init ] --START--
INFO: Run Behavior\BuildLiteBehavior [ RunTime:0.000030s ]
INFO: [ app_init ] --END-- [ RunTime:0.000742s ]
INFO: [ app_begin ] --START--
INFO: Run Behavior\ReadHtmlCacheBehavior [ RunTime:0.001117s ]
INFO: [ app_begin ] --END-- [ RunTime:0.001207s ]
NOTIC: [8] Undefined index: user_id /data/home/qxu1591180029/htdocs/wiki/Apps/Common/Common/function.php 第 62 行.
INFO: [ view_parse ] --START--
INFO: [ template_filter ] --START--
INFO: Run Behavior\ContentReplaceBehavior [ RunTime:0.000058s ]
INFO: [ template_filter ] --END-- [ RunTime:0.000122s ]
INFO: Run Behavior\ParseTemplateBehavior [ RunTime:0.007389s ]
INFO: [ view_parse ] --END-- [ RunTime:0.007452s ]
INFO: [ view_filter ] --START--
INFO: Run Behavior\WriteHtmlCacheBehavior [ RunTime:0.000304s ]
INFO: [ view_filter ] --END-- [ RunTime:0.000361s ]
INFO: [ app_end ] --START--
INFO: Run Behavior\ShowPageTraceBehavior [ RunTime:0.000642s ]
INFO: [ app_end ] --END-- [ RunTime:0.000689s ]

[ 2017-12-20T14:57:28+08:00 ] 219.137.141.128 /wiki/index.php/Home/Index/login.html
INFO: [ app_init ] --START--
INFO: Run Behavior\BuildLiteBehavior [ RunTime:0.000018s ]
INFO: [ app_init ] --END-- [ RunTime:0.000431s ]
INFO: [ app_begin ] --START--
INFO: Run Behavior\ReadHtmlCacheBehavior [ RunTime:0.000711s ]
INFO: [ app_begin ] --END-- [ RunTime:0.000768s ]
INFO: [ view_parse ] --START--
INFO: [ template_filter ] --START--
INFO: Run Behavior\ContentReplaceBehavior [ RunTime:0.000067s ]
INFO: [ template_filter ] --END-- [ RunTime:0.000145s ]
INFO: Run Behavior\ParseTemplateBehavior [ RunTime:0.056795s ]
INFO: [ view_parse ] --END-- [ RunTime:0.056884s ]
INFO: [ view_filter ] --START--
INFO: Run Behavior\WriteHtmlCacheBehavior [ RunTime:0.000434s ]
INFO: [ view_filter ] --END-- [ RunTime:0.000492s ]
INFO: [ app_end ] --START--
INFO: Run Behavior\ShowPageTraceBehavior [ RunTime:0.000732s ]
INFO: [ app_end ] --END-- [ RunTime:0.000783s ]

[ 2017-12-20T14:57:30+08:00 ] 219.137.141.128 /wiki/index.php/Home/Index/login_act.html
INFO: [ app_init ] --START--
INFO: Run Behavior\BuildLiteBehavior [ RunTime:0.000030s ]
INFO: [ app_init ] --END-- [ RunTime:0.000673s ]
INFO: [ app_begin ] --START--
INFO: Run Behavior\ReadHtmlCacheBehavior [ RunTime:0.000809s ]
INFO: [ app_begin ] --END-- [ RunTime:0.000886s ]

[ 2017-12-20T14:57:38+08:00 ] 219.137.141.128 /wiki/index.php/Home/Index/left.html
INFO: [ app_init ] --START--
INFO: Run Behavior\BuildLiteBehavior [ RunTime:0.000034s ]
INFO: [ app_init ] --END-- [ RunTime:0.000690s ]
INFO: [ app_begin ] --START--
INFO: Run Behavior\ReadHtmlCacheBehavior [ RunTime:0.000862s ]
INFO: [ app_begin ] --END-- [ RunTime:0.000942s ]
ERR: SQLSTATE[28000] [1045] Access denied for user 'qdm174464438'@'115.29.100.51' (using password: YES)

[ 2017-12-20T14:58:28+08:00 ] 120.204.17.69 /wiki/index.php/home/index/login.html
INFO: [ app_init ] --START--
INFO: Run Behavior\BuildLiteBehavior [ RunTime:0.000019s ]
INFO: [ app_init ] --END-- [ RunTime:0.000459s ]
INFO: [ app_begin ] --START--
INFO: Run Behavior\ReadHtmlCacheBehavior [ RunTime:0.000742s ]
INFO: [ app_begin ] --END-- [ RunTime:0.000798s ]
INFO: [ view_parse ] --START--
INFO: [ template_filter ] --START--
INFO: Run Behavior\ContentReplaceBehavior [ RunTime:0.000088s ]
INFO: [ template_filter ] --END-- [ RunTime:0.000156s ]
INFO: Run Behavior\ParseTemplateBehavior [ RunTime:0.006327s ]
INFO: [ view_parse ] --END-- [ RunTime:0.006380s ]
INFO: [ view_filter ] --START--
INFO: Run Behavior\WriteHtmlCacheBehavior [ RunTime:0.000492s ]
INFO: [ view_filter ] --END-- [ RunTime:0.000546s ]
INFO: [ app_end ] --START--
INFO: Run Behavior\ShowPageTraceBehavior [ RunTime:0.001035s ]
INFO: [ app_end ] --END-- [ RunTime:0.001101s ]

[ 2017-12-20T14:58:36+08:00 ] 219.137.141.128 /wiki/
INFO: [ app_init ] --START--
INFO: Run Behavior\BuildLiteBehavior [ RunTime:0.000029s ]
INFO: [ app_init ] --END-- [ RunTime:0.000637s ]
INFO: [ app_begin ] --START--
INFO: Run Behavior\ReadHtmlCacheBehavior [ RunTime:0.000954s ]
INFO: [ app_begin ] --END-- [ RunTime:0.001028s ]
INFO: [ view_parse ] --START--
INFO: [ template_filter ] --START--
INFO: Run Behavior\ContentReplaceBehavior [ RunTime:0.000080s ]
INFO: [ template_filter ] --END-- [ RunTime:0.000185s ]
INFO: Run Behavior\ParseTemplateBehavior [ RunTime:0.008367s ]
INFO: [ view_parse ] --END-- [ RunTime:0.008439s ]
INFO: [ view_filter ] --START--
INFO: Run Behavior\WriteHtmlCacheBehavior [ RunTime:0.000423s ]
INFO: [ view_filter ] --END-- [ RunTime:0.000476s ]
INFO: [ app_end ] --START--
INFO: Run Behavior\ShowPageTraceBehavior [ RunTime:0.000853s ]
INFO: [ app_end ] --END-- [ RunTime:0.000917s ]

[ 2017-12-20T14:58:36+08:00 ] 219.137.141.128 /wiki/index.php/Home/Index/top.html
INFO: [ app_init ] --START--
INFO: Run Behavior\BuildLiteBehavior [ RunTime:0.000031s ]
INFO: [ app_init ] --END-- [ RunTime:0.000708s ]
INFO: [ app_begin ] --START--
INFO: Run Behavior\ReadHtmlCacheBehavior [ RunTime:0.004334s ]
INFO: [ app_begin ] --END-- [ RunTime:0.004441s ]
NOTIC: [8] Undefined index: user_id /data/home/qxu1591180029/htdocs/wiki/Apps/Common/Common/function.php 第 62 行.
INFO: [ view_parse ] --START--
INFO: [ template_filter ] --START--
INFO: Run Behavior\ContentReplaceBehavior [ RunTime:0.000130s ]
INFO: [ template_filter ] --END-- [ RunTime:0.000357s ]
INFO: Run Behavior\ParseTemplateBehavior [ RunTime:0.009157s ]
INFO: [ view_parse ] --END-- [ RunTime:0.009266s ]
INFO: [ view_filter ] --START--
INFO: Run Behavior\WriteHtmlCacheBehavior [ RunTime:0.000346s ]
INFO: [ view_filter ] --END-- [ RunTime:0.000397s ]
INFO: [ app_end ] --START--
INFO: Run Behavior\ShowPageTraceBehavior [ RunTime:0.000733s ]
INFO: [ app_end ] --END-- [ RunTime:0.000784s ]

[ 2017-12-20T14:58:36+08:00 ] 219.137.141.128 /wiki/index.php/Home/Index/left.html
INFO: [ app_init ] --START--
INFO: Run Behavior\BuildLiteBehavior [ RunTime:0.000021s ]
INFO: [ app_init ] --END-- [ RunTime:0.000500s ]
INFO: [ app_begin ] --START--
INFO: Run Behavior\ReadHtmlCacheBehavior [ RunTime:0.000779s ]
INFO: [ app_begin ] --END-- [ RunTime:0.000843s ]
SQL: SHOW COLUMNS FROM `wiki_menu` [ RunTime:0.0013s ]
SQL: SHOW COLUMNS FROM `wiki_menu` [ RunTime:0.0012s ]
SQL: SELECT * FROM `wiki_menu` ORDER BY sort_order DESC,add_time ASC LIMIT 0,1000   [ RunTime:0.0008s ]
INFO: [ view_parse ] --START--
INFO: [ template_filter ] --START--
INFO: Run Behavior\ContentReplaceBehavior [ RunTime:0.000098s ]
INFO: [ template_filter ] --END-- [ RunTime:0.000202s ]
INFO: Run Behavior\ParseTemplateBehavior [ RunTime:0.030597s ]
INFO: [ view_parse ] --END-- [ RunTime:0.030724s ]
INFO: [ view_filter ] --START--
INFO: Run Behavior\WriteHtmlCacheBehavior [ RunTime:0.000642s ]
INFO: [ view_filter ] --END-- [ RunTime:0.000712s ]
INFO: [ app_end ] --START--
INFO: Run Behavior\ShowPageTraceBehavior [ RunTime:0.001037s ]
INFO: [ app_end ] --END-- [ RunTime:0.001115s ]

[ 2017-12-20T14:58:36+08:00 ] 219.137.141.128 /wiki/index.php/Home/Index/home.html
INFO: [ app_init ] --START--
INFO: Run Behavior\BuildLiteBehavior [ RunTime:0.000034s ]
INFO: [ app_init ] --END-- [ RunTime:0.000793s ]
INFO: [ app_begin ] --START--
INFO: Run Behavior\ReadHtmlCacheBehavior [ RunTime:0.001146s ]
INFO: [ app_begin ] --END-- [ RunTime:0.001235s ]
NOTIC: [8] Undefined index: user_id /data/home/qxu1591180029/htdocs/wiki/Apps/Common/Common/function.php 第 62 行.
INFO: [ view_parse ] --START--
INFO: [ template_filter ] --START--
INFO: Run Behavior\ContentReplaceBehavior [ RunTime:0.000075s ]
INFO: [ template_filter ] --END-- [ RunTime:0.000148s ]
INFO: Run Behavior\ParseTemplateBehavior [ RunTime:0.007354s ]
INFO: [ view_parse ] --END-- [ RunTime:0.007411s ]
INFO: [ view_filter ] --START--
INFO: Run Behavior\WriteHtmlCacheBehavior [ RunTime:0.000371s ]
INFO: [ view_filter ] --END-- [ RunTime:0.000415s ]
INFO: [ app_end ] --START--
INFO: Run Behavior\ShowPageTraceBehavior [ RunTime:0.000667s ]
INFO: [ app_end ] --END-- [ RunTime:0.000745s ]

[ 2017-12-20T14:58:41+08:00 ] 219.137.141.128 /wiki/index.php/Home/Main/main/menu_id/41.html
INFO: [ app_init ] --START--
INFO: Run Behavior\BuildLiteBehavior [ RunTime:0.000023s ]
INFO: [ app_init ] --END-- [ RunTime:0.000471s ]
INFO: [ app_begin ] --START--
INFO: Run Behavior\ReadHtmlCacheBehavior [ RunTime:0.000810s ]
INFO: [ app_begin ] --END-- [ RunTime:0.000871s ]
SQL: SHOW COLUMNS FROM `wiki_menu` [ RunTime:0.0012s ]
SQL: SHOW COLUMNS FROM `wiki_menu` [ RunTime:0.0010s ]
SQL: SELECT * FROM `wiki_menu` WHERE ( menu_id = 41 ) LIMIT 1   [ RunTime:0.0007s ]
SQL: SHOW COLUMNS FROM `wiki_info` [ RunTime:0.0012s ]
SQL: SHOW COLUMNS FROM `wiki_info` [ RunTime:0.0011s ]
SQL: SELECT * FROM `wiki_info` WHERE ( menu_id = 41 ) ORDER BY sort_order DESC,add_time ASC  [ RunTime:0.0021s ]
NOTIC: [8] Undefined offset: 1 /data/home/qxu1591180029/htdocs/wiki/Apps/Home/Controller/MainController.class.php 第 42 行.
NOTIC: [8] Undefined offset: 2 /data/home/qxu1591180029/htdocs/wiki/Apps/Home/Controller/MainController.class.php 第 42 行.
NOTIC: [8] Undefined offset: 1 /data/home/qxu1591180029/htdocs/wiki/Apps/Home/Controller/MainController.class.php 第 58 行.
NOTIC: [8] Undefined offset: 1 /data/home/qxu1591180029/htdocs/wiki/Apps/Home/Controller/MainController.class.php 第 42 行.
NOTIC: [8] Undefined offset: 2 /data/home/qxu1591180029/htdocs/wiki/Apps/Home/Controller/MainController.class.php 第 42 行.
NOTIC: [8] Undefined offset: 1 /data/home/qxu1591180029/htdocs/wiki/Apps/Home/Controller/MainController.class.php 第 58 行.
NOTIC: [8] Undefined offset: 1 /data/home/qxu1591180029/htdocs/wiki/Apps/Home/Controller/MainController.class.php 第 58 行.
NOTIC: [8] Undefined offset: 1 /data/home/qxu1591180029/htdocs/wiki/Apps/Home/Controller/MainController.class.php 第 42 行.
NOTIC: [8] Undefined offset: 2 /data/home/qxu1591180029/htdocs/wiki/Apps/Home/Controller/MainController.class.php 第 42 行.
NOTIC: [8] Undefined offset: 1 /data/home/qxu1591180029/htdocs/wiki/Apps/Home/Controller/MainController.class.php 第 58 行.
INFO: [ view_parse ] --START--
INFO: [ template_filter ] --START--
INFO: Run Behavior\ContentReplaceBehavior [ RunTime:0.000105s ]
INFO: [ template_filter ] --END-- [ RunTime:0.000206s ]
INFO: Run Behavior\ParseTemplateBehavior [ RunTime:0.047166s ]
INFO: [ view_parse ] --END-- [ RunTime:0.047287s ]
INFO: [ view_filter ] --START--
INFO: Run Behavior\WriteHtmlCacheBehavior [ RunTime:0.000363s ]
INFO: [ view_filter ] --END-- [ RunTime:0.000412s ]
INFO: [ app_end ] --START--
INFO: Run Behavior\ShowPageTraceBehavior [ RunTime:0.000676s ]
INFO: [ app_end ] --END-- [ RunTime:0.000726s ]

[ 2017-12-20T14:58:42+08:00 ] 219.137.141.128 /wiki/index.php/Home/Main/main/menu_id/31.html
INFO: [ app_init ] --START--
INFO: Run Behavior\BuildLiteBehavior [ RunTime:0.000020s ]
INFO: [ app_init ] --END-- [ RunTime:0.000458s ]
INFO: [ app_begin ] --START--
INFO: Run Behavior\ReadHtmlCacheBehavior [ RunTime:0.000754s ]
INFO: [ app_begin ] --END-- [ RunTime:0.000813s ]
SQL: SHOW COLUMNS FROM `wiki_menu` [ RunTime:0.0010s ]
SQL: SHOW COLUMNS FROM `wiki_menu` [ RunTime:0.0010s ]
SQL: SELECT * FROM `wiki_menu` WHERE ( menu_id = 31 ) LIMIT 1   [ RunTime:0.0007s ]
SQL: SHOW COLUMNS FROM `wiki_info` [ RunTime:0.0011s ]
SQL: SHOW COLUMNS FROM `wiki_info` [ RunTime:0.0011s ]
SQL: SELECT * FROM `wiki_info` WHERE ( menu_id = 31 ) ORDER BY sort_order DESC,add_time ASC  [ RunTime:0.0032s ]
INFO: [ view_parse ] --START--
INFO: [ template_filter ] --START--
INFO: Run Behavior\ContentReplaceBehavior [ RunTime:0.000111s ]
INFO: [ template_filter ] --END-- [ RunTime:0.000176s ]
INFO: Run Behavior\ParseTemplateBehavior [ RunTime:0.013775s ]
INFO: [ view_parse ] --END-- [ RunTime:0.013846s ]
INFO: [ view_filter ] --START--
INFO: Run Behavior\WriteHtmlCacheBehavior [ RunTime:0.000378s ]
INFO: [ view_filter ] --END-- [ RunTime:0.000420s ]
INFO: [ app_end ] --START--
INFO: Run Behavior\ShowPageTraceBehavior [ RunTime:0.000630s ]
INFO: [ app_end ] --END-- [ RunTime:0.000676s ]

[ 2017-12-20T14:58:42+08:00 ] 219.137.141.128 /wiki/index.php/Home/Main/main/menu_id/56.html
INFO: [ app_init ] --START--
INFO: Run Behavior\BuildLiteBehavior [ RunTime:0.000032s ]
INFO: [ app_init ] --END-- [ RunTime:0.000689s ]
INFO: [ app_begin ] --START--
INFO: Run Behavior\ReadHtmlCacheBehavior [ RunTime:0.001109s ]
INFO: [ app_begin ] --END-- [ RunTime:0.001196s ]
SQL: SHOW COLUMNS FROM `wiki_menu` [ RunTime:0.0013s ]
SQL: SHOW COLUMNS FROM `wiki_menu` [ RunTime:0.0010s ]
SQL: SELECT * FROM `wiki_menu` WHERE ( menu_id = 56 ) LIMIT 1   [ RunTime:0.0008s ]
SQL: SHOW COLUMNS FROM `wiki_info` [ RunTime:0.0011s ]
SQL: SHOW COLUMNS FROM `wiki_info` [ RunTime:0.0011s ]
SQL: SELECT * FROM `wiki_info` WHERE ( menu_id = 56 ) ORDER BY sort_order DESC,add_time ASC  [ RunTime:0.0015s ]
INFO: [ view_parse ] --START--
INFO: [ template_filter ] --START--
INFO: Run Behavior\ContentReplaceBehavior [ RunTime:0.000134s ]
INFO: [ template_filter ] --END-- [ RunTime:0.000252s ]
INFO: Run Behavior\ParseTemplateBehavior [ RunTime:0.015072s ]
INFO: [ view_parse ] --END-- [ RunTime:0.015185s ]
INFO: [ view_filter ] --START--
INFO: Run Behavior\WriteHtmlCacheBehavior [ RunTime:0.000540s ]
INFO: [ view_filter ] --END-- [ RunTime:0.000603s ]
INFO: [ app_end ] --START--
INFO: Run Behavior\ShowPageTraceBehavior [ RunTime:0.000966s ]
INFO: [ app_end ] --END-- [ RunTime:0.001036s ]

[ 2017-12-20T14:58:44+08:00 ] 219.137.141.128 /wiki/index.php/Home/Main/main/menu_id/40.html
INFO: [ app_init ] --START--
INFO: Run Behavior\BuildLiteBehavior [ RunTime:0.000022s ]
INFO: [ app_init ] --END-- [ RunTime:0.000488s ]
INFO: [ app_begin ] --START--
INFO: Run Behavior\ReadHtmlCacheBehavior [ RunTime:0.000781s ]
INFO: [ app_begin ] --END-- [ RunTime:0.000842s ]
SQL: SHOW COLUMNS FROM `wiki_menu` [ RunTime:0.0012s ]
SQL: SHOW COLUMNS FROM `wiki_menu` [ RunTime:0.0010s ]
SQL: SELECT * FROM `wiki_menu` WHERE ( menu_id = 40 ) LIMIT 1   [ RunTime:0.0010s ]
SQL: SHOW COLUMNS FROM `wiki_info` [ RunTime:0.0011s ]
SQL: SHOW COLUMNS FROM `wiki_info` [ RunTime:0.0011s ]
SQL: SELECT * FROM `wiki_info` WHERE ( menu_id = 40 ) ORDER BY sort_order DESC,add_time ASC  [ RunTime:0.0014s ]
INFO: [ view_parse ] --START--
INFO: [ template_filter ] --START--
INFO: Run Behavior\ContentReplaceBehavior [ RunTime:0.000109s ]
INFO: [ template_filter ] --END-- [ RunTime:0.000182s ]
INFO: Run Behavior\ParseTemplateBehavior [ RunTime:0.013133s ]
INFO: [ view_parse ] --END-- [ RunTime:0.013193s ]
INFO: [ view_filter ] --START--
INFO: Run Behavior\WriteHtmlCacheBehavior [ RunTime:0.000322s ]
INFO: [ view_filter ] --END-- [ RunTime:0.000381s ]
INFO: [ app_end ] --START--
INFO: Run Behavior\ShowPageTraceBehavior [ RunTime:0.000659s ]
INFO: [ app_end ] --END-- [ RunTime:0.000706s ]

[ 2017-12-20T14:58:44+08:00 ] 219.137.141.128 /wiki/index.php/Home/Main/main/menu_id/48.html
INFO: [ app_init ] --START--
INFO: Run Behavior\BuildLiteBehavior [ RunTime:0.000040s ]
INFO: [ app_init ] --END-- [ RunTime:0.000846s ]
INFO: [ app_begin ] --START--
INFO: Run Behavior\ReadHtmlCacheBehavior [ RunTime:0.000899s ]
INFO: [ app_begin ] --END-- [ RunTime:0.000979s ]
SQL: SHOW COLUMNS FROM `wiki_menu` [ RunTime:0.0030s ]
SQL: SHOW COLUMNS FROM `wiki_menu` [ RunTime:0.0010s ]
SQL: SELECT * FROM `wiki_menu` WHERE ( menu_id = 48 ) LIMIT 1   [ RunTime:0.0007s ]
SQL: SHOW COLUMNS FROM `wiki_info` [ RunTime:0.0015s ]
SQL: SHOW COLUMNS FROM `wiki_info` [ RunTime:0.0011s ]
SQL: SELECT * FROM `wiki_info` WHERE ( menu_id = 48 ) ORDER BY sort_order DESC,add_time ASC  [ RunTime:0.0015s ]
INFO: [ view_parse ] --START--
INFO: [ template_filter ] --START--
INFO: Run Behavior\ContentReplaceBehavior [ RunTime:0.000099s ]
INFO: [ template_filter ] --END-- [ RunTime:0.000175s ]
INFO: Run Behavior\ParseTemplateBehavior [ RunTime:0.012417s ]
INFO: [ view_parse ] --END-- [ RunTime:0.012490s ]
INFO: [ view_filter ] --START--
INFO: Run Behavior\WriteHtmlCacheBehavior [ RunTime:0.000352s ]
INFO: [ view_filter ] --END-- [ RunTime:0.000419s ]
INFO: [ app_end ] --START--
INFO: Run Behavior\ShowPageTraceBehavior [ RunTime:0.000658s ]
INFO: [ app_end ] --END-- [ RunTime:0.000704s ]

[ 2017-12-20T14:58:46+08:00 ] 219.137.141.128 /wiki/index.php/Home/Main/main/menu_id/57.html
INFO: [ app_init ] --START--
INFO: Run Behavior\BuildLiteBehavior [ RunTime:0.000021s ]
INFO: [ app_init ] --END-- [ RunTime:0.000463s ]
INFO: [ app_begin ] --START--
INFO: Run Behavior\ReadHtmlCacheBehavior [ RunTime:0.001097s ]
INFO: [ app_begin ] --END-- [ RunTime:0.001185s ]
SQL: SHOW COLUMNS FROM `wiki_menu` [ RunTime:0.0011s ]
SQL: SHOW COLUMNS FROM `wiki_menu` [ RunTime:0.0010s ]
SQL: SELECT * FROM `wiki_menu` WHERE ( menu_id = 57 ) LIMIT 1   [ RunTime:0.0006s ]
SQL: SHOW COLUMNS FROM `wiki_info` [ RunTime:0.0011s ]
SQL: SHOW COLUMNS FROM `wiki_info` [ RunTime:0.0011s ]
SQL: SELECT * FROM `wiki_info` WHERE ( menu_id = 57 ) ORDER BY sort_order DESC,add_time ASC  [ RunTime:0.0036s ]
INFO: [ view_parse ] --START--
INFO: [ template_filter ] --START--
INFO: Run Behavior\ContentReplaceBehavior [ RunTime:0.000091s ]
INFO: [ template_filter ] --END-- [ RunTime:0.000143s ]
INFO: Run Behavior\ParseTemplateBehavior [ RunTime:0.012481s ]
INFO: [ view_parse ] --END-- [ RunTime:0.012535s ]
INFO: [ view_filter ] --START--
INFO: Run Behavior\WriteHtmlCacheBehavior [ RunTime:0.000332s ]
INFO: [ view_filter ] --END-- [ RunTime:0.000374s ]
INFO: [ app_end ] --START--
INFO: Run Behavior\ShowPageTraceBehavior [ RunTime:0.000650s ]
INFO: [ app_end ] --END-- [ RunTime:0.000700s ]

[ 2017-12-20T14:58:47+08:00 ] 219.137.141.128 /wiki/index.php/Home/Main/main/menu_id/58.html
INFO: [ app_init ] --START--
INFO: Run Behavior\BuildLiteBehavior [ RunTime:0.000026s ]
INFO: [ app_init ] --END-- [ RunTime:0.000628s ]
INFO: [ app_begin ] --START--
INFO: Run Behavior\ReadHtmlCacheBehavior [ RunTime:0.000766s ]
INFO: [ app_begin ] --END-- [ RunTime:0.000837s ]
SQL: SHOW COLUMNS FROM `wiki_menu` [ RunTime:0.0014s ]
SQL: SHOW COLUMNS FROM `wiki_menu` [ RunTime:0.0012s ]
SQL: SELECT * FROM `wiki_menu` WHERE ( menu_id = 58 ) LIMIT 1   [ RunTime:0.0009s ]
SQL: SHOW COLUMNS FROM `wiki_info` [ RunTime:0.0012s ]
SQL: SHOW COLUMNS FROM `wiki_info` [ RunTime:0.0012s ]
SQL: SELECT * FROM `wiki_info` WHERE ( menu_id = 58 ) ORDER BY sort_order DESC,add_time ASC  [ RunTime:0.0030s ]
INFO: [ view_parse ] --START--
INFO: [ template_filter ] --START--
INFO: Run Behavior\ContentReplaceBehavior [ RunTime:0.000102s ]
INFO: [ template_filter ] --END-- [ RunTime:0.000177s ]
INFO: Run Behavior\ParseTemplateBehavior [ RunTime:0.013622s ]
INFO: [ view_parse ] --END-- [ RunTime:0.013689s ]
INFO: [ view_filter ] --START--
INFO: Run Behavior\WriteHtmlCacheBehavior [ RunTime:0.000381s ]
INFO: [ view_filter ] --END-- [ RunTime:0.000431s ]
INFO: [ app_end ] --START--
INFO: Run Behavior\ShowPageTraceBehavior [ RunTime:0.000699s ]
INFO: [ app_end ] --END-- [ RunTime:0.000747s ]

[ 2017-12-20T14:58:47+08:00 ] 219.137.141.128 /wiki/index.php/Home/Main/main/menu_id/59.html
INFO: [ app_init ] --START--
INFO: Run Behavior\BuildLiteBehavior [ RunTime:0.000031s ]
INFO: [ app_init ] --END-- [ RunTime:0.000512s ]
INFO: [ app_begin ] --START--
INFO: Run Behavior\ReadHtmlCacheBehavior [ RunTime:0.000724s ]
INFO: [ app_begin ] --END-- [ RunTime:0.000779s ]
SQL: SHOW COLUMNS FROM `wiki_menu` [ RunTime:0.0013s ]
SQL: SHOW COLUMNS FROM `wiki_menu` [ RunTime:0.0012s ]
SQL: SELECT * FROM `wiki_menu` WHERE ( menu_id = 59 ) LIMIT 1   [ RunTime:0.0007s ]
SQL: SHOW COLUMNS FROM `wiki_info` [ RunTime:0.0014s ]
SQL: SHOW COLUMNS FROM `wiki_info` [ RunTime:0.0026s ]
SQL: SELECT * FROM `wiki_info` WHERE ( menu_id = 59 ) ORDER BY sort_order DESC,add_time ASC  [ RunTime:0.0025s ]
INFO: [ view_parse ] --START--
INFO: [ template_filter ] --START--
INFO: Run Behavior\ContentReplaceBehavior [ RunTime:0.000092s ]
INFO: [ template_filter ] --END-- [ RunTime:0.000157s ]
INFO: Run Behavior\ParseTemplateBehavior [ RunTime:0.013295s ]
INFO: [ view_parse ] --END-- [ RunTime:0.013363s ]
INFO: [ view_filter ] --START--
INFO: Run Behavior\WriteHtmlCacheBehavior [ RunTime:0.000319s ]
INFO: [ view_filter ] --END-- [ RunTime:0.000359s ]
INFO: [ app_end ] --START--
INFO: Run Behavior\ShowPageTraceBehavior [ RunTime:0.000701s ]
INFO: [ app_end ] --END-- [ RunTime:0.000752s ]

[ 2017-12-20T14:59:19+08:00 ] 219.137.141.128 /wiki/index.php/Home/Main/main/menu_id/48.html
INFO: [ app_init ] --START--
INFO: Run Behavior\BuildLiteBehavior [ RunTime:0.000026s ]
INFO: [ app_init ] --END-- [ RunTime:0.000514s ]
INFO: [ app_begin ] --START--
INFO: Run Behavior\ReadHtmlCacheBehavior [ RunTime:0.000809s ]
INFO: [ app_begin ] --END-- [ RunTime:0.000902s ]
SQL: SHOW COLUMNS FROM `wiki_menu` [ RunTime:0.0013s ]
SQL: SHOW COLUMNS FROM `wiki_menu` [ RunTime:0.0010s ]
SQL: SELECT * FROM `wiki_menu` WHERE ( menu_id = 48 ) LIMIT 1   [ RunTime:0.0007s ]
SQL: SHOW COLUMNS FROM `wiki_info` [ RunTime:0.0012s ]
SQL: SHOW COLUMNS FROM `wiki_info` [ RunTime:0.0016s ]
SQL: SELECT * FROM `wiki_info` WHERE ( menu_id = 48 ) ORDER BY sort_order DESC,add_time ASC  [ RunTime:0.0014s ]
INFO: [ view_parse ] --START--
INFO: [ template_filter ] --START--
INFO: Run Behavior\ContentReplaceBehavior [ RunTime:0.000102s ]
INFO: [ template_filter ] --END-- [ RunTime:0.000182s ]
INFO: Run Behavior\ParseTemplateBehavior [ RunTime:0.013872s ]
INFO: [ view_parse ] --END-- [ RunTime:0.013935s ]
INFO: [ view_filter ] --START--
INFO: Run Behavior\WriteHtmlCacheBehavior [ RunTime:0.000343s ]
INFO: [ view_filter ] --END-- [ RunTime:0.000386s ]
INFO: [ app_end ] --START--
INFO: Run Behavior\ShowPageTraceBehavior [ RunTime:0.000661s ]
INFO: [ app_end ] --END-- [ RunTime:0.000706s ]

[ 2017-12-20T14:59:20+08:00 ] 219.137.141.128 /wiki/index.php/Home/Main/main/menu_id/54.html
INFO: [ app_init ] --START--
INFO: Run Behavior\BuildLiteBehavior [ RunTime:0.000022s ]
INFO: [ app_init ] --END-- [ RunTime:0.000491s ]
INFO: [ app_begin ] --START--
INFO: Run Behavior\ReadHtmlCacheBehavior [ RunTime:0.000797s ]
INFO: [ app_begin ] --END-- [ RunTime:0.000865s ]
SQL: SHOW COLUMNS FROM `wiki_menu` [ RunTime:0.0013s ]
SQL: SHOW COLUMNS FROM `wiki_menu` [ RunTime:0.0010s ]
SQL: SELECT * FROM `wiki_menu` WHERE ( menu_id = 54 ) LIMIT 1   [ RunTime:0.0008s ]
SQL: SHOW COLUMNS FROM `wiki_info` [ RunTime:0.0012s ]
SQL: SHOW COLUMNS FROM `wiki_info` [ RunTime:0.0012s ]
SQL: SELECT * FROM `wiki_info` WHERE ( menu_id = 54 ) ORDER BY sort_order DESC,add_time ASC  [ RunTime:0.0017s ]
NOTIC: [8] Undefined offset: 1 /data/home/qxu1591180029/htdocs/wiki/Apps/Home/Controller/MainController.class.php 第 42 行.
NOTIC: [8] Undefined offset: 2 /data/home/qxu1591180029/htdocs/wiki/Apps/Home/Controller/MainController.class.php 第 42 行.
INFO: [ view_parse ] --START--
INFO: [ template_filter ] --START--
INFO: Run Behavior\ContentReplaceBehavior [ RunTime:0.000109s ]
INFO: [ template_filter ] --END-- [ RunTime:0.000196s ]
INFO: Run Behavior\ParseTemplateBehavior [ RunTime:0.016785s ]
INFO: [ view_parse ] --END-- [ RunTime:0.016881s ]
INFO: [ view_filter ] --START--
INFO: Run Behavior\WriteHtmlCacheBehavior [ RunTime:0.000340s ]
INFO: [ view_filter ] --END-- [ RunTime:0.000383s ]
INFO: [ app_end ] --START--
INFO: Run Behavior\ShowPageTraceBehavior [ RunTime:0.000702s ]
INFO: [ app_end ] --END-- [ RunTime:0.000752s ]

[ 2017-12-20T14:59:21+08:00 ] 219.137.141.128 /wiki/index.php/Home/Main/main/menu_id/50.html
INFO: [ app_init ] --START--
INFO: Run Behavior\BuildLiteBehavior [ RunTime:0.000022s ]
INFO: [ app_init ] --END-- [ RunTime:0.000467s ]
INFO: [ app_begin ] --START--
INFO: Run Behavior\ReadHtmlCacheBehavior [ RunTime:0.000722s ]
INFO: [ app_begin ] --END-- [ RunTime:0.000785s ]
SQL: SHOW COLUMNS FROM `wiki_menu` [ RunTime:0.0012s ]
SQL: SHOW COLUMNS FROM `wiki_menu` [ RunTime:0.0010s ]
SQL: SELECT * FROM `wiki_menu` WHERE ( menu_id = 50 ) LIMIT 1   [ RunTime:0.0007s ]
SQL: SHOW COLUMNS FROM `wiki_info` [ RunTime:0.0011s ]
SQL: SHOW COLUMNS FROM `wiki_info` [ RunTime:0.0012s ]
SQL: SELECT * FROM `wiki_info` WHERE ( menu_id = 50 ) ORDER BY sort_order DESC,add_time ASC  [ RunTime:0.0026s ]
INFO: [ view_parse ] --START--
INFO: [ template_filter ] --START--
INFO: Run Behavior\ContentReplaceBehavior [ RunTime:0.000096s ]
INFO: [ template_filter ] --END-- [ RunTime:0.000174s ]
INFO: Run Behavior\ParseTemplateBehavior [ RunTime:0.013634s ]
INFO: [ view_parse ] --END-- [ RunTime:0.013693s ]
INFO: [ view_filter ] --START--
INFO: Run Behavior\WriteHtmlCacheBehavior [ RunTime:0.000382s ]
INFO: [ view_filter ] --END-- [ RunTime:0.000428s ]
INFO: [ app_end ] --START--
INFO: Run Behavior\ShowPageTraceBehavior [ RunTime:0.000678s ]
INFO: [ app_end ] --END-- [ RunTime:0.000725s ]

[ 2017-12-20T14:59:23+08:00 ] 219.137.141.128 /wiki/index.php/Home/Main/article_edit/art_id/67.html
INFO: [ app_init ] --START--
INFO: Run Behavior\BuildLiteBehavior [ RunTime:0.000024s ]
INFO: [ app_init ] --END-- [ RunTime:0.000513s ]
INFO: [ app_begin ] --START--
INFO: Run Behavior\ReadHtmlCacheBehavior [ RunTime:0.000914s ]
INFO: [ app_begin ] --END-- [ RunTime:0.001013s ]
NOTIC: [8] Undefined index: user_id /data/home/qxu1591180029/htdocs/wiki/Apps/Common/Common/function.php 第 62 行.

[ 2017-12-20T14:59:26+08:00 ] 219.137.141.128 /wiki/index.php/Home/Main/main/menu_id/41.html
INFO: [ app_init ] --START--
INFO: Run Behavior\BuildLiteBehavior [ RunTime:0.000031s ]
INFO: [ app_init ] --END-- [ RunTime:0.000746s ]
INFO: [ app_begin ] --START--
INFO: Run Behavior\ReadHtmlCacheBehavior [ RunTime:0.000724s ]
INFO: [ app_begin ] --END-- [ RunTime:0.000783s ]
SQL: SHOW COLUMNS FROM `wiki_menu` [ RunTime:0.0012s ]
SQL: SHOW COLUMNS FROM `wiki_menu` [ RunTime:0.0010s ]
SQL: SELECT * FROM `wiki_menu` WHERE ( menu_id = 41 ) LIMIT 1   [ RunTime:0.0006s ]
SQL: SHOW COLUMNS FROM `wiki_info` [ RunTime:0.0011s ]
SQL: SHOW COLUMNS FROM `wiki_info` [ RunTime:0.0011s ]
SQL: SELECT * FROM `wiki_info` WHERE ( menu_id = 41 ) ORDER BY sort_order DESC,add_time ASC  [ RunTime:0.0018s ]
NOTIC: [8] Undefined offset: 1 /data/home/qxu1591180029/htdocs/wiki/Apps/Home/Controller/MainController.class.php 第 42 行.
NOTIC: [8] Undefined offset: 2 /data/home/qxu1591180029/htdocs/wiki/Apps/Home/Controller/MainController.class.php 第 42 行.
NOTIC: [8] Undefined offset: 1 /data/home/qxu1591180029/htdocs/wiki/Apps/Home/Controller/MainController.class.php 第 58 行.
NOTIC: [8] Undefined offset: 1 /data/home/qxu1591180029/htdocs/wiki/Apps/Home/Controller/MainController.class.php 第 42 行.
NOTIC: [8] Undefined offset: 2 /data/home/qxu1591180029/htdocs/wiki/Apps/Home/Controller/MainController.class.php 第 42 行.
NOTIC: [8] Undefined offset: 1 /data/home/qxu1591180029/htdocs/wiki/Apps/Home/Controller/MainController.class.php 第 58 行.
NOTIC: [8] Undefined offset: 1 /data/home/qxu1591180029/htdocs/wiki/Apps/Home/Controller/MainController.class.php 第 58 行.
NOTIC: [8] Undefined offset: 1 /data/home/qxu1591180029/htdocs/wiki/Apps/Home/Controller/MainController.class.php 第 42 行.
NOTIC: [8] Undefined offset: 2 /data/home/qxu1591180029/htdocs/wiki/Apps/Home/Controller/MainController.class.php 第 42 行.
NOTIC: [8] Undefined offset: 1 /data/home/qxu1591180029/htdocs/wiki/Apps/Home/Controller/MainController.class.php 第 58 行.
INFO: [ view_parse ] --START--
INFO: [ template_filter ] --START--
INFO: Run Behavior\ContentReplaceBehavior [ RunTime:0.000105s ]
INFO: [ template_filter ] --END-- [ RunTime:0.000182s ]
INFO: Run Behavior\ParseTemplateBehavior [ RunTime:0.014012s ]
INFO: [ view_parse ] --END-- [ RunTime:0.014178s ]
INFO: [ view_filter ] --START--
INFO: Run Behavior\WriteHtmlCacheBehavior [ RunTime:0.000455s ]
INFO: [ view_filter ] --END-- [ RunTime:0.000525s ]
INFO: [ app_end ] --START--
INFO: Run Behavior\ShowPageTraceBehavior [ RunTime:0.000734s ]
INFO: [ app_end ] --END-- [ RunTime:0.000794s ]

[ 2017-12-20T14:59:30+08:00 ] 219.137.141.128 /wiki/index.php/Home/Main/article_add/menu_id/41.html
INFO: [ app_init ] --START--
INFO: Run Behavior\BuildLiteBehavior [ RunTime:0.000025s ]
INFO: [ app_init ] --END-- [ RunTime:0.000479s ]
INFO: [ app_begin ] --START--
INFO: Run Behavior\ReadHtmlCacheBehavior [ RunTime:0.000743s ]
INFO: [ app_begin ] --END-- [ RunTime:0.000798s ]
NOTIC: [8] Undefined index: user_id /data/home/qxu1591180029/htdocs/wiki/Apps/Common/Common/function.php 第 62 行.

[ 2017-12-20T14:59:32+08:00 ] 219.137.141.128 /wiki/index.php/Home/Main/main/menu_id/41.html
INFO: [ app_init ] --START--
INFO: Run Behavior\BuildLiteBehavior [ RunTime:0.000024s ]
INFO: [ app_init ] --END-- [ RunTime:0.000565s ]
INFO: [ app_begin ] --START--
INFO: Run Behavior\ReadHtmlCacheBehavior [ RunTime:0.000766s ]
INFO: [ app_begin ] --END-- [ RunTime:0.000825s ]
SQL: SHOW COLUMNS FROM `wiki_menu` [ RunTime:0.0012s ]
SQL: SHOW COLUMNS FROM `wiki_menu` [ RunTime:0.0010s ]
SQL: SELECT * FROM `wiki_menu` WHERE ( menu_id = 41 ) LIMIT 1   [ RunTime:0.0007s ]
SQL: SHOW COLUMNS FROM `wiki_info` [ RunTime:0.0010s ]
SQL: SHOW COLUMNS FROM `wiki_info` [ RunTime:0.0011s ]
SQL: SELECT * FROM `wiki_info` WHERE ( menu_id = 41 ) ORDER BY sort_order DESC,add_time ASC  [ RunTime:0.0020s ]
NOTIC: [8] Undefined offset: 1 /data/home/qxu1591180029/htdocs/wiki/Apps/Home/Controller/MainController.class.php 第 42 行.
NOTIC: [8] Undefined offset: 2 /data/home/qxu1591180029/htdocs/wiki/Apps/Home/Controller/MainController.class.php 第 42 行.
NOTIC: [8] Undefined offset: 1 /data/home/qxu1591180029/htdocs/wiki/Apps/Home/Controller/MainController.class.php 第 58 行.
NOTIC: [8] Undefined offset: 1 /data/home/qxu1591180029/htdocs/wiki/Apps/Home/Controller/MainController.class.php 第 42 行.
NOTIC: [8] Undefined offset: 2 /data/home/qxu1591180029/htdocs/wiki/Apps/Home/Controller/MainController.class.php 第 42 行.
NOTIC: [8] Undefined offset: 1 /data/home/qxu1591180029/htdocs/wiki/Apps/Home/Controller/MainController.class.php 第 58 行.
NOTIC: [8] Undefined offset: 1 /data/home/qxu1591180029/htdocs/wiki/Apps/Home/Controller/MainController.class.php 第 58 行.
NOTIC: [8] Undefined offset: 1 /data/home/qxu1591180029/htdocs/wiki/Apps/Home/Controller/MainController.class.php 第 42 行.
NOTIC: [8] Undefined offset: 2 /data/home/qxu1591180029/htdocs/wiki/Apps/Home/Controller/MainController.class.php 第 42 行.
NOTIC: [8] Undefined offset: 1 /data/home/qxu1591180029/htdocs/wiki/Apps/Home/Controller/MainController.class.php 第 58 行.
INFO: [ view_parse ] --START--
INFO: [ template_filter ] --START--
INFO: Run Behavior\ContentReplaceBehavior [ RunTime:0.000129s ]
INFO: [ template_filter ] --END-- [ RunTime:0.000232s ]
INFO: Run Behavior\ParseTemplateBehavior [ RunTime:0.016117s ]
INFO: [ view_parse ] --END-- [ RunTime:0.016221s ]
INFO: [ view_filter ] --START--
INFO: Run Behavior\WriteHtmlCacheBehavior [ RunTime:0.000403s ]
INFO: [ view_filter ] --END-- [ RunTime:0.000447s ]
INFO: [ app_end ] --START--
INFO: Run Behavior\ShowPageTraceBehavior [ RunTime:0.000752s ]
INFO: [ app_end ] --END-- [ RunTime:0.000808s ]

[ 2017-12-20T14:59:33+08:00 ] 219.137.141.128 /wiki/index.php/Home/Main/main/menu_id/47.html
INFO: [ app_init ] --START--
INFO: Run Behavior\BuildLiteBehavior [ RunTime:0.000032s ]
INFO: [ app_init ] --END-- [ RunTime:0.000703s ]
INFO: [ app_begin ] --START--
INFO: Run Behavior\ReadHtmlCacheBehavior [ RunTime:0.000714s ]
INFO: [ app_begin ] --END-- [ RunTime:0.000771s ]
SQL: SHOW COLUMNS FROM `wiki_menu` [ RunTime:0.0011s ]
SQL: SHOW COLUMNS FROM `wiki_menu` [ RunTime:0.0010s ]
SQL: SELECT * FROM `wiki_menu` WHERE ( menu_id = 47 ) LIMIT 1   [ RunTime:0.0007s ]
SQL: SHOW COLUMNS FROM `wiki_info` [ RunTime:0.0012s ]
SQL: SHOW COLUMNS FROM `wiki_info` [ RunTime:0.0011s ]
SQL: SELECT * FROM `wiki_info` WHERE ( menu_id = 47 ) ORDER BY sort_order DESC,add_time ASC  [ RunTime:0.0038s ]
NOTIC: [8] Undefined offset: 1 /data/home/qxu1591180029/htdocs/wiki/Apps/Home/Controller/MainController.class.php 第 58 行.
NOTIC: [8] Undefined offset: 1 /data/home/qxu1591180029/htdocs/wiki/Apps/Home/Controller/MainController.class.php 第 58 行.
NOTIC: [8] Undefined offset: 1 /data/home/qxu1591180029/htdocs/wiki/Apps/Home/Controller/MainController.class.php 第 42 行.
NOTIC: [8] Undefined offset: 2 /data/home/qxu1591180029/htdocs/wiki/Apps/Home/Controller/MainController.class.php 第 42 行.
NOTIC: [8] Undefined offset: 1 /data/home/qxu1591180029/htdocs/wiki/Apps/Home/Controller/MainController.class.php 第 58 行.
INFO: [ view_parse ] --START--
INFO: [ template_filter ] --START--
INFO: Run Behavior\ContentReplaceBehavior [ RunTime:0.000100s ]
INFO: [ template_filter ] --END-- [ RunTime:0.000180s ]
INFO: Run Behavior\ParseTemplateBehavior [ RunTime:0.017359s ]
INFO: [ view_parse ] --END-- [ RunTime:0.017438s ]
INFO: [ view_filter ] --START--
INFO: Run Behavior\WriteHtmlCacheBehavior [ RunTime:0.000415s ]
INFO: [ view_filter ] --END-- [ RunTime:0.000462s ]
INFO: [ app_end ] --START--
INFO: Run Behavior\ShowPageTraceBehavior [ RunTime:0.000879s ]
INFO: [ app_end ] --END-- [ RunTime:0.000933s ]

[ 2017-12-20T14:59:34+08:00 ] 219.137.141.128 /wiki/index.php/Home/Main/main/menu_id/55.html
INFO: [ app_init ] --START--
INFO: Run Behavior\BuildLiteBehavior [ RunTime:0.000025s ]
INFO: [ app_init ] --END-- [ RunTime:0.000505s ]
INFO: [ app_begin ] --START--
INFO: Run Behavior\ReadHtmlCacheBehavior [ RunTime:0.000727s ]
INFO: [ app_begin ] --END-- [ RunTime:0.000789s ]
SQL: SHOW COLUMNS FROM `wiki_menu` [ RunTime:0.0013s ]
SQL: SHOW COLUMNS FROM `wiki_menu` [ RunTime:0.0010s ]
SQL: SELECT * FROM `wiki_menu` WHERE ( menu_id = 55 ) LIMIT 1   [ RunTime:0.0007s ]
SQL: SHOW COLUMNS FROM `wiki_info` [ RunTime:0.0011s ]
SQL: SHOW COLUMNS FROM `wiki_info` [ RunTime:0.0011s ]
SQL: SELECT * FROM `wiki_info` WHERE ( menu_id = 55 ) ORDER BY sort_order DESC,add_time ASC  [ RunTime:0.0009s ]
INFO: [ view_parse ] --START--
INFO: [ template_filter ] --START--
INFO: Run Behavior\ContentReplaceBehavior [ RunTime:0.000112s ]
INFO: [ template_filter ] --END-- [ RunTime:0.000189s ]
INFO: Run Behavior\ParseTemplateBehavior [ RunTime:0.012124s ]
INFO: [ view_parse ] --END-- [ RunTime:0.012190s ]
INFO: [ view_filter ] --START--
INFO: Run Behavior\WriteHtmlCacheBehavior [ RunTime:0.000345s ]
INFO: [ view_filter ] --END-- [ RunTime:0.000393s ]
INFO: [ app_end ] --START--
INFO: Run Behavior\ShowPageTraceBehavior [ RunTime:0.000629s ]
INFO: [ app_end ] --END-- [ RunTime:0.000681s ]

[ 2017-12-20T14:59:46+08:00 ] 219.137.141.128 /wiki/index.php/Home/Main/search.html?keyword=%E4%BC%A0%E6%8E%A5
INFO: [ app_init ] --START--
INFO: Run Behavior\BuildLiteBehavior [ RunTime:0.000021s ]
INFO: [ app_init ] --END-- [ RunTime:0.000450s ]
INFO: [ app_begin ] --START--
INFO: Run Behavior\ReadHtmlCacheBehavior [ RunTime:0.000778s ]
INFO: [ app_begin ] --END-- [ RunTime:0.000837s ]
SQL: SHOW COLUMNS FROM `wiki_info` [ RunTime:0.0013s ]
SQL: SHOW COLUMNS FROM `wiki_info` [ RunTime:0.0010s ]
SQL: SELECT * FROM `wiki_info` WHERE ( (title like '%传接%' or summary like '%传接%' or description like '%传接%') and is_show = 1 ) ORDER BY sort_order DESC,add_time ASC LIMIT 0,1000   [ RunTime:0.0012s ]
INFO: [ view_parse ] --START--
INFO: [ template_filter ] --START--
INFO: Run Behavior\ContentReplaceBehavior [ RunTime:0.000062s ]
INFO: [ template_filter ] --END-- [ RunTime:0.000117s ]
INFO: Run Behavior\ParseTemplateBehavior [ RunTime:0.015414s ]
INFO: [ view_parse ] --END-- [ RunTime:0.015509s ]
INFO: [ view_filter ] --START--
INFO: Run Behavior\WriteHtmlCacheBehavior [ RunTime:0.000436s ]
INFO: [ view_filter ] --END-- [ RunTime:0.000496s ]
INFO: [ app_end ] --START--
INFO: Run Behavior\ShowPageTraceBehavior [ RunTime:0.000686s ]
INFO: [ app_end ] --END-- [ RunTime:0.000796s ]

[ 2017-12-20T14:59:48+08:00 ] 219.137.141.128 /wiki/index.php/Home/Main/main/menu_id/55.html
INFO: [ app_init ] --START--
INFO: Run Behavior\BuildLiteBehavior [ RunTime:0.000028s ]
INFO: [ app_init ] --END-- [ RunTime:0.000661s ]
INFO: [ app_begin ] --START--
INFO: Run Behavior\ReadHtmlCacheBehavior [ RunTime:0.000802s ]
INFO: [ app_begin ] --END-- [ RunTime:0.000874s ]
SQL: SHOW COLUMNS FROM `wiki_menu` [ RunTime:0.0012s ]
SQL: SHOW COLUMNS FROM `wiki_menu` [ RunTime:0.0010s ]
SQL: SELECT * FROM `wiki_menu` WHERE ( menu_id = 55 ) LIMIT 1   [ RunTime:0.0006s ]
SQL: SHOW COLUMNS FROM `wiki_info` [ RunTime:0.0011s ]
SQL: SHOW COLUMNS FROM `wiki_info` [ RunTime:0.0012s ]
SQL: SELECT * FROM `wiki_info` WHERE ( menu_id = 55 ) ORDER BY sort_order DESC,add_time ASC  [ RunTime:0.0008s ]
INFO: [ view_parse ] --START--
INFO: [ template_filter ] --START--
INFO: Run Behavior\ContentReplaceBehavior [ RunTime:0.000133s ]
INFO: [ template_filter ] --END-- [ RunTime:0.000229s ]
INFO: Run Behavior\ParseTemplateBehavior [ RunTime:0.013448s ]
INFO: [ view_parse ] --END-- [ RunTime:0.013531s ]
INFO: [ view_filter ] --START--
INFO: Run Behavior\WriteHtmlCacheBehavior [ RunTime:0.000331s ]
INFO: [ view_filter ] --END-- [ RunTime:0.000375s ]
INFO: [ app_end ] --START--
INFO: Run Behavior\ShowPageTraceBehavior [ RunTime:0.000661s ]
INFO: [ app_end ] --END-- [ RunTime:0.000715s ]

[ 2017-12-20T14:59:57+08:00 ] 219.137.141.128 /wiki/
INFO: [ app_init ] --START--
INFO: Run Behavior\BuildLiteBehavior [ RunTime:0.000024s ]
INFO: [ app_init ] --END-- [ RunTime:0.000482s ]
INFO: [ app_begin ] --START--
INFO: Run Behavior\ReadHtmlCacheBehavior [ RunTime:0.000884s ]
INFO: [ app_begin ] --END-- [ RunTime:0.000983s ]
INFO: [ view_parse ] --START--
INFO: [ template_filter ] --START--
INFO: Run Behavior\ContentReplaceBehavior [ RunTime:0.000060s ]
INFO: [ template_filter ] --END-- [ RunTime:0.000133s ]
INFO: Run Behavior\ParseTemplateBehavior [ RunTime:0.007153s ]
INFO: [ view_parse ] --END-- [ RunTime:0.007214s ]
INFO: [ view_filter ] --START--
INFO: Run Behavior\WriteHtmlCacheBehavior [ RunTime:0.000325s ]
INFO: [ view_filter ] --END-- [ RunTime:0.000367s ]
INFO: [ app_end ] --START--
INFO: Run Behavior\ShowPageTraceBehavior [ RunTime:0.000675s ]
INFO: [ app_end ] --END-- [ RunTime:0.000723s ]

[ 2017-12-20T14:59:57+08:00 ] 219.137.141.128 /wiki/index.php/Home/Index/top.html
INFO: [ app_init ] --START--
INFO: Run Behavior\BuildLiteBehavior [ RunTime:0.000026s ]
INFO: [ app_init ] --END-- [ RunTime:0.000517s ]
INFO: [ app_begin ] --START--
INFO: Run Behavior\ReadHtmlCacheBehavior [ RunTime:0.000735s ]
INFO: [ app_begin ] --END-- [ RunTime:0.000828s ]
NOTIC: [8] Undefined index: user_id /data/home/qxu1591180029/htdocs/wiki/Apps/Common/Common/function.php 第 62 行.
INFO: [ view_parse ] --START--
INFO: [ template_filter ] --START--
INFO: Run Behavior\ContentReplaceBehavior [ RunTime:0.000068s ]
INFO: [ template_filter ] --END-- [ RunTime:0.000141s ]
INFO: Run Behavior\ParseTemplateBehavior [ RunTime:0.007362s ]
INFO: [ view_parse ] --END-- [ RunTime:0.007510s ]
INFO: [ view_filter ] --START--
INFO: Run Behavior\WriteHtmlCacheBehavior [ RunTime:0.000336s ]
INFO: [ view_filter ] --END-- [ RunTime:0.000382s ]
INFO: [ app_end ] --START--
INFO: Run Behavior\ShowPageTraceBehavior [ RunTime:0.000650s ]
INFO: [ app_end ] --END-- [ RunTime:0.000707s ]

[ 2017-12-20T14:59:57+08:00 ] 219.137.141.128 /wiki/index.php/Home/Index/left.html
INFO: [ app_init ] --START--
INFO: Run Behavior\BuildLiteBehavior [ RunTime:0.000027s ]
INFO: [ app_init ] --END-- [ RunTime:0.000530s ]
INFO: [ app_begin ] --START--
INFO: Run Behavior\ReadHtmlCacheBehavior [ RunTime:0.000725s ]
INFO: [ app_begin ] --END-- [ RunTime:0.000824s ]
SQL: SHOW COLUMNS FROM `wiki_menu` [ RunTime:0.0013s ]
SQL: SHOW COLUMNS FROM `wiki_menu` [ RunTime:0.0010s ]
SQL: SELECT * FROM `wiki_menu` ORDER BY sort_order DESC,add_time ASC LIMIT 0,1000   [ RunTime:0.0007s ]
INFO: [ view_parse ] --START--
INFO: [ template_filter ] --START--
INFO: Run Behavior\ContentReplaceBehavior [ RunTime:0.000075s ]
INFO: [ template_filter ] --END-- [ RunTime:0.000155s ]
INFO: Run Behavior\ParseTemplateBehavior [ RunTime:0.009469s ]
INFO: [ view_parse ] --END-- [ RunTime:0.009602s ]
INFO: [ view_filter ] --START--
INFO: Run Behavior\WriteHtmlCacheBehavior [ RunTime:0.000470s ]
INFO: [ view_filter ] --END-- [ RunTime:0.000517s ]
INFO: [ app_end ] --START--
INFO: Run Behavior\ShowPageTraceBehavior [ RunTime:0.000740s ]
INFO: [ app_end ] --END-- [ RunTime:0.000791s ]

[ 2017-12-20T14:59:57+08:00 ] 219.137.141.128 /wiki/index.php/Home/Index/home.html
INFO: [ app_init ] --START--
INFO: Run Behavior\BuildLiteBehavior [ RunTime:0.000018s ]
INFO: [ app_init ] --END-- [ RunTime:0.000509s ]
INFO: [ app_begin ] --START--
INFO: Run Behavior\ReadHtmlCacheBehavior [ RunTime:0.001003s ]
INFO: [ app_begin ] --END-- [ RunTime:0.001090s ]
NOTIC: [8] Undefined index: user_id /data/home/qxu1591180029/htdocs/wiki/Apps/Common/Common/function.php 第 62 行.
INFO: [ view_parse ] --START--
INFO: [ template_filter ] --START--
INFO: Run Behavior\ContentReplaceBehavior [ RunTime:0.000070s ]
INFO: [ template_filter ] --END-- [ RunTime:0.000160s ]
INFO: Run Behavior\ParseTemplateBehavior [ RunTime:0.007563s ]
INFO: [ view_parse ] --END-- [ RunTime:0.007631s ]
INFO: [ view_filter ] --START--
INFO: Run Behavior\WriteHtmlCacheBehavior [ RunTime:0.000326s ]
INFO: [ view_filter ] --END-- [ RunTime:0.000367s ]
INFO: [ app_end ] --START--
INFO: Run Behavior\ShowPageTraceBehavior [ RunTime:0.000660s ]
INFO: [ app_end ] --END-- [ RunTime:0.000724s ]

[ 2017-12-20T14:59:59+08:00 ] 219.137.141.128 /wiki/index.php/Home/Index/login.html
INFO: [ app_init ] --START--
INFO: Run Behavior\BuildLiteBehavior [ RunTime:0.000025s ]
INFO: [ app_init ] --END-- [ RunTime:0.000542s ]
INFO: [ app_begin ] --START--
INFO: Run Behavior\ReadHtmlCacheBehavior [ RunTime:0.000809s ]
INFO: [ app_begin ] --END-- [ RunTime:0.000873s ]
INFO: [ view_parse ] --START--
INFO: [ template_filter ] --START--
INFO: Run Behavior\ContentReplaceBehavior [ RunTime:0.000074s ]
INFO: [ template_filter ] --END-- [ RunTime:0.000141s ]
INFO: Run Behavior\ParseTemplateBehavior [ RunTime:0.006345s ]
INFO: [ view_parse ] --END-- [ RunTime:0.006484s ]
INFO: [ view_filter ] --START--
INFO: Run Behavior\WriteHtmlCacheBehavior [ RunTime:0.000338s ]
INFO: [ view_filter ] --END-- [ RunTime:0.000382s ]
INFO: [ app_end ] --START--
INFO: Run Behavior\ShowPageTraceBehavior [ RunTime:0.000708s ]
INFO: [ app_end ] --END-- [ RunTime:0.000770s ]

[ 2017-12-20T15:00:00+08:00 ] 219.137.141.128 /wiki/index.php/Home/Index/login_act.html
INFO: [ app_init ] --START--
INFO: Run Behavior\BuildLiteBehavior [ RunTime:0.000030s ]
INFO: [ app_init ] --END-- [ RunTime:0.000700s ]
INFO: [ app_begin ] --START--
INFO: Run Behavior\ReadHtmlCacheBehavior [ RunTime:0.000755s ]
INFO: [ app_begin ] --END-- [ RunTime:0.000819s ]

[ 2017-12-20T15:00:08+08:00 ] 219.137.141.128 /wiki/index.php/Home/Index/login_act.html
INFO: [ app_init ] --START--
INFO: Run Behavior\BuildLiteBehavior [ RunTime:0.000102s ]
INFO: [ app_init ] --END-- [ RunTime:0.002384s ]
INFO: [ app_begin ] --START--
INFO: Run Behavior\ReadHtmlCacheBehavior [ RunTime:0.019921s ]
INFO: [ app_begin ] --END-- [ RunTime:0.020082s ]

[ 2017-12-20T15:00:16+08:00 ] 219.137.141.128 /wiki/index.php/Home/Index/login_act.html
INFO: [ app_init ] --START--
INFO: Run Behavior\BuildLiteBehavior [ RunTime:0.000022s ]
INFO: [ app_init ] --END-- [ RunTime:0.000480s ]
INFO: [ app_begin ] --START--
INFO: Run Behavior\ReadHtmlCacheBehavior [ RunTime:0.001172s ]
INFO: [ app_begin ] --END-- [ RunTime:0.001302s ]

[ 2017-12-20T15:00:22+08:00 ] 219.137.141.128 /wiki/index.php/Home/Index/login_act.html
INFO: [ app_init ] --START--
INFO: Run Behavior\BuildLiteBehavior [ RunTime:0.000022s ]
INFO: [ app_init ] --END-- [ RunTime:0.000464s ]
INFO: [ app_begin ] --START--
INFO: Run Behavior\ReadHtmlCacheBehavior [ RunTime:0.000732s ]
INFO: [ app_begin ] --END-- [ RunTime:0.000805s ]

[ 2017-12-20T15:00:28+08:00 ] 219.137.141.128 /wiki/index.php/Home/Index/login_act.html
INFO: [ app_init ] --START--
INFO: Run Behavior\BuildLiteBehavior [ RunTime:0.000022s ]
INFO: [ app_init ] --END-- [ RunTime:0.000464s ]
INFO: [ app_begin ] --START--
INFO: Run Behavior\ReadHtmlCacheBehavior [ RunTime:0.000746s ]
INFO: [ app_begin ] --END-- [ RunTime:0.000806s ]

[ 2017-12-20T15:00:43+08:00 ] 219.137.141.128 /wiki/index.php/Home/Index/login.html
INFO: [ app_init ] --START--
INFO: Run Behavior\BuildLiteBehavior [ RunTime:0.000032s ]
INFO: [ app_init ] --END-- [ RunTime:0.000705s ]
INFO: [ app_begin ] --START--
INFO: Run Behavior\ReadHtmlCacheBehavior [ RunTime:0.000779s ]
INFO: [ app_begin ] --END-- [ RunTime:0.000847s ]
INFO: [ view_parse ] --START--
INFO: [ template_filter ] --START--
INFO: Run Behavior\ContentReplaceBehavior [ RunTime:0.000069s ]
INFO: [ template_filter ] --END-- [ RunTime:0.000151s ]
INFO: Run Behavior\ParseTemplateBehavior [ RunTime:0.006889s ]
INFO: [ view_parse ] --END-- [ RunTime:0.006957s ]
INFO: [ view_filter ] --START--
INFO: Run Behavior\WriteHtmlCacheBehavior [ RunTime:0.000395s ]
INFO: [ view_filter ] --END-- [ RunTime:0.000457s ]
INFO: [ app_end ] --START--
INFO: Run Behavior\ShowPageTraceBehavior [ RunTime:0.000678s ]
INFO: [ app_end ] --END-- [ RunTime:0.000729s ]

[ 2017-12-20T15:10:07+08:00 ] 219.137.141.128 /wiki/index.php/Home/Index/login.html
INFO: [ app_init ] --START--
INFO: Run Behavior\BuildLiteBehavior [ RunTime:0.000029s ]
INFO: [ app_init ] --END-- [ RunTime:0.000560s ]
INFO: [ app_begin ] --START--
INFO: Run Behavior\ReadHtmlCacheBehavior [ RunTime:0.001066s ]
INFO: [ app_begin ] --END-- [ RunTime:0.001149s ]
INFO: [ view_parse ] --START--
INFO: [ template_filter ] --START--
INFO: Run Behavior\ContentReplaceBehavior [ RunTime:0.000105s ]
INFO: [ template_filter ] --END-- [ RunTime:0.000219s ]
INFO: Run Behavior\ParseTemplateBehavior [ RunTime:0.007253s ]
INFO: [ view_parse ] --END-- [ RunTime:0.007310s ]
INFO: [ view_filter ] --START--
INFO: Run Behavior\WriteHtmlCacheBehavior [ RunTime:0.000328s ]
INFO: [ view_filter ] --END-- [ RunTime:0.000372s ]
INFO: [ app_end ] --START--
INFO: Run Behavior\ShowPageTraceBehavior [ RunTime:0.000731s ]
INFO: [ app_end ] --END-- [ RunTime:0.000780s ]

[ 2017-12-20T15:15:31+08:00 ] 219.137.141.128 /wiki/index.php/Home/Index/login_act.html
INFO: [ app_init ] --START--
INFO: Run Behavior\BuildLiteBehavior [ RunTime:0.000032s ]
INFO: [ app_init ] --END-- [ RunTime:0.000550s ]
INFO: [ app_begin ] --START--
INFO: Run Behavior\ReadHtmlCacheBehavior [ RunTime:0.000880s ]
INFO: [ app_begin ] --END-- [ RunTime:0.000958s ]

[ 2017-12-20T15:15:32+08:00 ] 219.137.141.128 /wiki/index.php/Home/Index/index.html
INFO: [ app_init ] --START--
INFO: Run Behavior\BuildLiteBehavior [ RunTime:0.000026s ]
INFO: [ app_init ] --END-- [ RunTime:0.000477s ]
INFO: [ app_begin ] --START--
INFO: Run Behavior\ReadHtmlCacheBehavior [ RunTime:0.000739s ]
INFO: [ app_begin ] --END-- [ RunTime:0.000795s ]
INFO: [ view_parse ] --START--
INFO: [ template_filter ] --START--
INFO: Run Behavior\ContentReplaceBehavior [ RunTime:0.000062s ]
INFO: [ template_filter ] --END-- [ RunTime:0.000130s ]
INFO: Run Behavior\ParseTemplateBehavior [ RunTime:0.006446s ]
INFO: [ view_parse ] --END-- [ RunTime:0.006501s ]
INFO: [ view_filter ] --START--
INFO: Run Behavior\WriteHtmlCacheBehavior [ RunTime:0.000315s ]
INFO: [ view_filter ] --END-- [ RunTime:0.000356s ]
INFO: [ app_end ] --START--
INFO: Run Behavior\ShowPageTraceBehavior [ RunTime:0.000686s ]
INFO: [ app_end ] --END-- [ RunTime:0.000734s ]

[ 2017-12-20T15:15:32+08:00 ] 219.137.141.128 /wiki/index.php/Home/Index/top.html
INFO: [ app_init ] --START--
INFO: Run Behavior\BuildLiteBehavior [ RunTime:0.000023s ]
INFO: [ app_init ] --END-- [ RunTime:0.000474s ]
INFO: [ app_begin ] --START--
INFO: Run Behavior\ReadHtmlCacheBehavior [ RunTime:0.000800s ]
INFO: [ app_begin ] --END-- [ RunTime:0.000856s ]
INFO: [ view_parse ] --START--
INFO: [ template_filter ] --START--
INFO: Run Behavior\ContentReplaceBehavior [ RunTime:0.000056s ]
INFO: [ template_filter ] --END-- [ RunTime:0.000120s ]
INFO: Run Behavior\ParseTemplateBehavior [ RunTime:0.006641s ]
INFO: [ view_parse ] --END-- [ RunTime:0.006694s ]
INFO: [ view_filter ] --START--
INFO: Run Behavior\WriteHtmlCacheBehavior [ RunTime:0.000318s ]
INFO: [ view_filter ] --END-- [ RunTime:0.000359s ]
INFO: [ app_end ] --START--
INFO: Run Behavior\ShowPageTraceBehavior [ RunTime:0.000638s ]
INFO: [ app_end ] --END-- [ RunTime:0.000683s ]

[ 2017-12-20T15:15:32+08:00 ] 219.137.141.128 /wiki/index.php/Home/Index/left.html
INFO: [ app_init ] --START--
INFO: Run Behavior\BuildLiteBehavior [ RunTime:0.000017s ]
INFO: [ app_init ] --END-- [ RunTime:0.000481s ]
INFO: [ app_begin ] --START--
INFO: Run Behavior\ReadHtmlCacheBehavior [ RunTime:0.000777s ]
INFO: [ app_begin ] --END-- [ RunTime:0.000840s ]
SQL: SHOW COLUMNS FROM `wiki_menu` [ RunTime:0.0012s ]
SQL: SHOW COLUMNS FROM `wiki_menu` [ RunTime:0.0009s ]
SQL: SELECT * FROM `wiki_menu` ORDER BY sort_order DESC,add_time ASC LIMIT 0,1000   [ RunTime:0.0007s ]
INFO: [ view_parse ] --START--
INFO: [ template_filter ] --START--
INFO: Run Behavior\ContentReplaceBehavior [ RunTime:0.000090s ]
INFO: [ template_filter ] --END-- [ RunTime:0.000166s ]
INFO: Run Behavior\ParseTemplateBehavior [ RunTime:0.009675s ]
INFO: [ view_parse ] --END-- [ RunTime:0.009755s ]
INFO: [ view_filter ] --START--
INFO: Run Behavior\WriteHtmlCacheBehavior [ RunTime:0.000354s ]
INFO: [ view_filter ] --END-- [ RunTime:0.000397s ]
INFO: [ app_end ] --START--
INFO: Run Behavior\ShowPageTraceBehavior [ RunTime:0.000686s ]
INFO: [ app_end ] --END-- [ RunTime:0.000748s ]

[ 2017-12-20T15:15:32+08:00 ] 219.137.141.128 /wiki/index.php/Home/Index/home.html
INFO: [ app_init ] --START--
INFO: Run Behavior\BuildLiteBehavior [ RunTime:0.000020s ]
INFO: [ app_init ] --END-- [ RunTime:0.000485s ]
INFO: [ app_begin ] --START--
INFO: Run Behavior\ReadHtmlCacheBehavior [ RunTime:0.000915s ]
INFO: [ app_begin ] --END-- [ RunTime:0.000977s ]
INFO: [ view_parse ] --START--
INFO: [ template_filter ] --START--
INFO: Run Behavior\ContentReplaceBehavior [ RunTime:0.000077s ]
INFO: [ template_filter ] --END-- [ RunTime:0.000153s ]
INFO: Run Behavior\ParseTemplateBehavior [ RunTime:0.007480s ]
INFO: [ view_parse ] --END-- [ RunTime:0.007550s ]
INFO: [ view_filter ] --START--
INFO: Run Behavior\WriteHtmlCacheBehavior [ RunTime:0.000359s ]
INFO: [ view_filter ] --END-- [ RunTime:0.000400s ]
INFO: [ app_end ] --START--
INFO: Run Behavior\ShowPageTraceBehavior [ RunTime:0.000630s ]
INFO: [ app_end ] --END-- [ RunTime:0.000683s ]

[ 2017-12-20T15:15:35+08:00 ] 219.137.141.128 /wiki/index.php/Home/Main/main/menu_id/42.html
INFO: [ app_init ] --START--
INFO: Run Behavior\BuildLiteBehavior [ RunTime:0.000021s ]
INFO: [ app_init ] --END-- [ RunTime:0.000479s ]
INFO: [ app_begin ] --START--
INFO: Run Behavior\ReadHtmlCacheBehavior [ RunTime:0.000732s ]
INFO: [ app_begin ] --END-- [ RunTime:0.000788s ]
SQL: SHOW COLUMNS FROM `wiki_menu` [ RunTime:0.0012s ]
SQL: SHOW COLUMNS FROM `wiki_menu` [ RunTime:0.0010s ]
SQL: SELECT * FROM `wiki_menu` WHERE ( menu_id = 42 ) LIMIT 1   [ RunTime:0.0007s ]
SQL: SHOW COLUMNS FROM `wiki_info` [ RunTime:0.0011s ]
SQL: SHOW COLUMNS FROM `wiki_info` [ RunTime:0.0010s ]
SQL: SELECT * FROM `wiki_info` WHERE ( menu_id = 42 ) ORDER BY sort_order DESC,add_time ASC  [ RunTime:0.0014s ]
INFO: [ view_parse ] --START--
INFO: [ template_filter ] --START--
INFO: Run Behavior\ContentReplaceBehavior [ RunTime:0.000091s ]
INFO: [ template_filter ] --END-- [ RunTime:0.000147s ]
INFO: Run Behavior\ParseTemplateBehavior [ RunTime:0.012143s ]
INFO: [ view_parse ] --END-- [ RunTime:0.012208s ]
INFO: [ view_filter ] --START--
INFO: Run Behavior\WriteHtmlCacheBehavior [ RunTime:0.000330s ]
INFO: [ view_filter ] --END-- [ RunTime:0.000371s ]
INFO: [ app_end ] --START--
INFO: Run Behavior\ShowPageTraceBehavior [ RunTime:0.000867s ]
INFO: [ app_end ] --END-- [ RunTime:0.000930s ]

[ 2017-12-20T15:15:37+08:00 ] 219.137.141.128 /wiki/index.php/Home/Main/menu_list.html
INFO: [ app_init ] --START--
INFO: Run Behavior\BuildLiteBehavior [ RunTime:0.000037s ]
INFO: [ app_init ] --END-- [ RunTime:0.000878s ]
INFO: [ app_begin ] --START--
INFO: Run Behavior\ReadHtmlCacheBehavior [ RunTime:0.000813s ]
INFO: [ app_begin ] --END-- [ RunTime:0.000890s ]
SQL: SHOW COLUMNS FROM `wiki_menu` [ RunTime:0.0012s ]
SQL: SHOW COLUMNS FROM `wiki_menu` [ RunTime:0.0010s ]
SQL: SELECT * FROM `wiki_menu` WHERE ( parent_id = 0 ) ORDER BY sort_order DESC,add_time ASC LIMIT 0,1000   [ RunTime:0.0007s ]
SQL: SELECT * FROM `wiki_menu` WHERE ( menu_id = 26 ) LIMIT 1   [ RunTime:0.0007s ]
SQL: SELECT * FROM `wiki_menu` WHERE ( parent_id = 26 ) ORDER BY sort_order DESC,add_time ASC LIMIT 0,1000   [ RunTime:0.0009s ]
SQL: SHOW COLUMNS FROM `wiki_info` [ RunTime:0.0011s ]
SQL: SHOW COLUMNS FROM `wiki_info` [ RunTime:0.0011s ]
SQL: SELECT * FROM `wiki_info` WHERE ( menu_id = 41 ) ORDER BY sort_order DESC,add_time ASC  [ RunTime:0.0015s ]
SQL: SELECT * FROM `wiki_info` WHERE ( menu_id = 31 ) ORDER BY sort_order DESC,add_time ASC  [ RunTime:0.0015s ]
SQL: SELECT * FROM `wiki_info` WHERE ( menu_id = 42 ) ORDER BY sort_order DESC,add_time ASC  [ RunTime:0.0008s ]
SQL: SELECT * FROM `wiki_info` WHERE ( menu_id = 47 ) ORDER BY sort_order DESC,add_time ASC  [ RunTime:0.0022s ]
SQL: SELECT * FROM `wiki_info` WHERE ( menu_id = 56 ) ORDER BY sort_order DESC,add_time ASC  [ RunTime:0.0009s ]
SQL: SELECT * FROM `wiki_info` WHERE ( menu_id = 27 ) ORDER BY sort_order DESC,add_time ASC  [ RunTime:0.0011s ]
SQL: SELECT * FROM `wiki_info` WHERE ( menu_id = 40 ) ORDER BY sort_order DESC,add_time ASC  [ RunTime:0.0010s ]
SQL: SELECT * FROM `wiki_info` WHERE ( menu_id = 48 ) ORDER BY sort_order DESC,add_time ASC  [ RunTime:0.0007s ]
SQL: SELECT * FROM `wiki_info` WHERE ( menu_id = 52 ) ORDER BY sort_order DESC,add_time ASC  [ RunTime:0.0011s ]
SQL: SELECT * FROM `wiki_info` WHERE ( menu_id = 53 ) ORDER BY sort_order DESC,add_time ASC  [ RunTime:0.0011s ]
SQL: SELECT * FROM `wiki_info` WHERE ( menu_id = 57 ) ORDER BY sort_order DESC,add_time ASC  [ RunTime:0.0008s ]
SQL: SELECT * FROM `wiki_info` WHERE ( menu_id = 58 ) ORDER BY sort_order DESC,add_time ASC  [ RunTime:0.0008s ]
SQL: SELECT * FROM `wiki_info` WHERE ( menu_id = 59 ) ORDER BY sort_order DESC,add_time ASC  [ RunTime:0.0009s ]
INFO: [ view_parse ] --START--
INFO: [ template_filter ] --START--
INFO: Run Behavior\ContentReplaceBehavior [ RunTime:0.000103s ]
INFO: [ template_filter ] --END-- [ RunTime:0.000181s ]
INFO: Run Behavior\ParseTemplateBehavior [ RunTime:0.030447s ]
INFO: [ view_parse ] --END-- [ RunTime:0.030583s ]
INFO: [ view_filter ] --START--
INFO: Run Behavior\WriteHtmlCacheBehavior [ RunTime:0.000369s ]
INFO: [ view_filter ] --END-- [ RunTime:0.000424s ]
INFO: [ app_end ] --START--
INFO: Run Behavior\ShowPageTraceBehavior [ RunTime:0.000775s ]
INFO: [ app_end ] --END-- [ RunTime:0.000830s ]

[ 2017-12-20T15:15:52+08:00 ] 219.137.141.128 /wiki/index.php/Home/Action/menu/act/sort/menu_id/27.html
INFO: [ app_init ] --START--
INFO: Run Behavior\BuildLiteBehavior [ RunTime:0.000069s ]
INFO: [ app_init ] --END-- [ RunTime:0.000705s ]
INFO: [ app_begin ] --START--
INFO: Run Behavior\ReadHtmlCacheBehavior [ RunTime:0.001218s ]
INFO: [ app_begin ] --END-- [ RunTime:0.001332s ]
SQL: SHOW COLUMNS FROM `wiki_menu` [ RunTime:0.0012s ]
SQL: SHOW COLUMNS FROM `wiki_menu` [ RunTime:0.0009s ]
SQL: SELECT * FROM `wiki_menu` WHERE ( menu_id = 27 ) LIMIT 1   [ RunTime:0.0008s ]
SQL: SELECT * FROM `wiki_menu` WHERE ( parent_id = 26 ) ORDER BY sort_order DESC,add_time ASC LIMIT 0,1000   [ RunTime:0.0016s ]
SQL: UPDATE `wiki_menu` SET `sort_order`='13',`update_time`='1513754152' WHERE ( menu_id = 41 ) [ RunTime:0.0011s ]
SQL: UPDATE `wiki_menu` SET `sort_order`='12',`update_time`='1513754152' WHERE ( menu_id = 31 ) [ RunTime:0.0006s ]
SQL: UPDATE `wiki_menu` SET `sort_order`='11',`update_time`='1513754152' WHERE ( menu_id = 42 ) [ RunTime:0.0006s ]
SQL: UPDATE `wiki_menu` SET `sort_order`='10',`update_time`='1513754152' WHERE ( menu_id = 47 ) [ RunTime:0.0006s ]
SQL: UPDATE `wiki_menu` SET `sort_order`='9',`update_time`='1513754152' WHERE ( menu_id = 56 ) [ RunTime:0.0006s ]
SQL: UPDATE `wiki_menu` SET `sort_order`='8',`update_time`='1513754152' WHERE ( menu_id = 27 ) [ RunTime:0.0006s ]
SQL: UPDATE `wiki_menu` SET `sort_order`='7',`update_time`='1513754152' WHERE ( menu_id = 40 ) [ RunTime:0.0006s ]
SQL: UPDATE `wiki_menu` SET `sort_order`='6',`update_time`='1513754152' WHERE ( menu_id = 48 ) [ RunTime:0.0006s ]
SQL: UPDATE `wiki_menu` SET `sort_order`='5',`update_time`='1513754152' WHERE ( menu_id = 52 ) [ RunTime:0.0006s ]
SQL: UPDATE `wiki_menu` SET `sort_order`='4',`update_time`='1513754152' WHERE ( menu_id = 53 ) [ RunTime:0.0006s ]
SQL: UPDATE `wiki_menu` SET `sort_order`='3',`update_time`='1513754152' WHERE ( menu_id = 57 ) [ RunTime:0.0006s ]
SQL: UPDATE `wiki_menu` SET `sort_order`='2',`update_time`='1513754152' WHERE ( menu_id = 58 ) [ RunTime:0.0006s ]
SQL: UPDATE `wiki_menu` SET `sort_order`='1',`update_time`='1513754152' WHERE ( menu_id = 59 ) [ RunTime:0.0006s ]
SQL: UPDATE `wiki_menu` SET `sort_order`='9',`update_time`='1513754152' WHERE ( menu_id = 27 ) [ RunTime:0.0007s ]
SQL: UPDATE `wiki_menu` SET `sort_order`='8',`update_time`='1513754152' WHERE ( menu_id = 56 ) [ RunTime:0.0006s ]

[ 2017-12-20T15:15:52+08:00 ] 219.137.141.128 /wiki/index.php/Home/Main/menu_list/menu_id/26.html
INFO: [ app_init ] --START--
INFO: Run Behavior\BuildLiteBehavior [ RunTime:0.000025s ]
INFO: [ app_init ] --END-- [ RunTime:0.000524s ]
INFO: [ app_begin ] --START--
INFO: Run Behavior\ReadHtmlCacheBehavior [ RunTime:0.000814s ]
INFO: [ app_begin ] --END-- [ RunTime:0.000877s ]
SQL: SHOW COLUMNS FROM `wiki_menu` [ RunTime:0.0011s ]
SQL: SHOW COLUMNS FROM `wiki_menu` [ RunTime:0.0010s ]
SQL: SELECT * FROM `wiki_menu` WHERE ( parent_id = 0 ) ORDER BY sort_order DESC,add_time ASC LIMIT 0,1000   [ RunTime:0.0007s ]
SQL: SELECT * FROM `wiki_menu` WHERE ( menu_id = 26 ) LIMIT 1   [ RunTime:0.0007s ]
SQL: SELECT * FROM `wiki_menu` WHERE ( parent_id = 26 ) ORDER BY sort_order DESC,add_time ASC LIMIT 0,1000   [ RunTime:0.0008s ]
SQL: SHOW COLUMNS FROM `wiki_info` [ RunTime:0.0011s ]
SQL: SHOW COLUMNS FROM `wiki_info` [ RunTime:0.0012s ]
SQL: SELECT * FROM `wiki_info` WHERE ( menu_id = 41 ) ORDER BY sort_order DESC,add_time ASC  [ RunTime:0.0014s ]
SQL: SELECT * FROM `wiki_info` WHERE ( menu_id = 31 ) ORDER BY sort_order DESC,add_time ASC  [ RunTime:0.0014s ]
SQL: SELECT * FROM `wiki_info` WHERE ( menu_id = 42 ) ORDER BY sort_order DESC,add_time ASC  [ RunTime:0.0008s ]
SQL: SELECT * FROM `wiki_info` WHERE ( menu_id = 47 ) ORDER BY sort_order DESC,add_time ASC  [ RunTime:0.0021s ]
SQL: SELECT * FROM `wiki_info` WHERE ( menu_id = 27 ) ORDER BY sort_order DESC,add_time ASC  [ RunTime:0.0009s ]
SQL: SELECT * FROM `wiki_info` WHERE ( menu_id = 56 ) ORDER BY sort_order DESC,add_time ASC  [ RunTime:0.0009s ]
SQL: SELECT * FROM `wiki_info` WHERE ( menu_id = 40 ) ORDER BY sort_order DESC,add_time ASC  [ RunTime:0.0025s ]
SQL: SELECT * FROM `wiki_info` WHERE ( menu_id = 48 ) ORDER BY sort_order DESC,add_time ASC  [ RunTime:0.0008s ]
SQL: SELECT * FROM `wiki_info` WHERE ( menu_id = 52 ) ORDER BY sort_order DESC,add_time ASC  [ RunTime:0.0008s ]
SQL: SELECT * FROM `wiki_info` WHERE ( menu_id = 53 ) ORDER BY sort_order DESC,add_time ASC  [ RunTime:0.0009s ]
SQL: SELECT * FROM `wiki_info` WHERE ( menu_id = 57 ) ORDER BY sort_order DESC,add_time ASC  [ RunTime:0.0009s ]
SQL: SELECT * FROM `wiki_info` WHERE ( menu_id = 58 ) ORDER BY sort_order DESC,add_time ASC  [ RunTime:0.0008s ]
SQL: SELECT * FROM `wiki_info` WHERE ( menu_id = 59 ) ORDER BY sort_order DESC,add_time ASC  [ RunTime:0.0008s ]
INFO: [ view_parse ] --START--
INFO: [ template_filter ] --START--
INFO: Run Behavior\ContentReplaceBehavior [ RunTime:0.000108s ]
INFO: [ template_filter ] --END-- [ RunTime:0.000173s ]
INFO: Run Behavior\ParseTemplateBehavior [ RunTime:0.011167s ]
INFO: [ view_parse ] --END-- [ RunTime:0.011249s ]
INFO: [ view_filter ] --START--
INFO: Run Behavior\WriteHtmlCacheBehavior [ RunTime:0.000553s ]
INFO: [ view_filter ] --END-- [ RunTime:0.000627s ]
INFO: [ app_end ] --START--
INFO: Run Behavior\ShowPageTraceBehavior [ RunTime:0.001132s ]
INFO: [ app_end ] --END-- [ RunTime:0.001243s ]

[ 2017-12-20T15:15:54+08:00 ] 219.137.141.128 /wiki/index.php/Home/Action/menu/act/sort/menu_id/56.html
INFO: [ app_init ] --START--
INFO: Run Behavior\BuildLiteBehavior [ RunTime:0.000044s ]
INFO: [ app_init ] --END-- [ RunTime:0.000542s ]
INFO: [ app_begin ] --START--
INFO: Run Behavior\ReadHtmlCacheBehavior [ RunTime:0.000736s ]
INFO: [ app_begin ] --END-- [ RunTime:0.000802s ]
SQL: SHOW COLUMNS FROM `wiki_menu` [ RunTime:0.0011s ]
SQL: SHOW COLUMNS FROM `wiki_menu` [ RunTime:0.0010s ]
SQL: SELECT * FROM `wiki_menu` WHERE ( menu_id = 56 ) LIMIT 1   [ RunTime:0.0007s ]
SQL: SELECT * FROM `wiki_menu` WHERE ( parent_id = 26 ) ORDER BY sort_order DESC,add_time ASC LIMIT 0,1000   [ RunTime:0.0007s ]
SQL: UPDATE `wiki_menu` SET `sort_order`='13',`update_time`='1513754154' WHERE ( menu_id = 41 ) [ RunTime:0.0008s ]
SQL: UPDATE `wiki_menu` SET `sort_order`='12',`update_time`='1513754154' WHERE ( menu_id = 31 ) [ RunTime:0.0006s ]
SQL: UPDATE `wiki_menu` SET `sort_order`='11',`update_time`='1513754154' WHERE ( menu_id = 42 ) [ RunTime:0.0006s ]
SQL: UPDATE `wiki_menu` SET `sort_order`='10',`update_time`='1513754154' WHERE ( menu_id = 47 ) [ RunTime:0.0007s ]
SQL: UPDATE `wiki_menu` SET `sort_order`='9',`update_time`='1513754154' WHERE ( menu_id = 27 ) [ RunTime:0.0007s ]
SQL: UPDATE `wiki_menu` SET `sort_order`='8',`update_time`='1513754154' WHERE ( menu_id = 56 ) [ RunTime:0.0006s ]
SQL: UPDATE `wiki_menu` SET `sort_order`='7',`update_time`='1513754154' WHERE ( menu_id = 40 ) [ RunTime:0.0006s ]
SQL: UPDATE `wiki_menu` SET `sort_order`='6',`update_time`='1513754154' WHERE ( menu_id = 48 ) [ RunTime:0.0006s ]
SQL: UPDATE `wiki_menu` SET `sort_order`='5',`update_time`='1513754154' WHERE ( menu_id = 52 ) [ RunTime:0.0006s ]
SQL: UPDATE `wiki_menu` SET `sort_order`='4',`update_time`='1513754154' WHERE ( menu_id = 53 ) [ RunTime:0.0006s ]
SQL: UPDATE `wiki_menu` SET `sort_order`='3',`update_time`='1513754154' WHERE ( menu_id = 57 ) [ RunTime:0.0006s ]
SQL: UPDATE `wiki_menu` SET `sort_order`='2',`update_time`='1513754154' WHERE ( menu_id = 58 ) [ RunTime:0.0006s ]
SQL: UPDATE `wiki_menu` SET `sort_order`='1',`update_time`='1513754154' WHERE ( menu_id = 59 ) [ RunTime:0.0006s ]
SQL: UPDATE `wiki_menu` SET `sort_order`='9',`update_time`='1513754154' WHERE ( menu_id = 56 ) [ RunTime:0.0006s ]
SQL: UPDATE `wiki_menu` SET `sort_order`='8',`update_time`='1513754154' WHERE ( menu_id = 27 ) [ RunTime:0.0007s ]

[ 2017-12-20T15:15:54+08:00 ] 219.137.141.128 /wiki/index.php/Home/Main/menu_list/menu_id/26.html
INFO: [ app_init ] --START--
INFO: Run Behavior\BuildLiteBehavior [ RunTime:0.000025s ]
INFO: [ app_init ] --END-- [ RunTime:0.000501s ]
INFO: [ app_begin ] --START--
INFO: Run Behavior\ReadHtmlCacheBehavior [ RunTime:0.000779s ]
INFO: [ app_begin ] --END-- [ RunTime:0.000837s ]
SQL: SHOW COLUMNS FROM `wiki_menu` [ RunTime:0.0011s ]
SQL: SHOW COLUMNS FROM `wiki_menu` [ RunTime:0.0010s ]
SQL: SELECT * FROM `wiki_menu` WHERE ( parent_id = 0 ) ORDER BY sort_order DESC,add_time ASC LIMIT 0,1000   [ RunTime:0.0007s ]
SQL: SELECT * FROM `wiki_menu` WHERE ( menu_id = 26 ) LIMIT 1   [ RunTime:0.0007s ]
SQL: SELECT * FROM `wiki_menu` WHERE ( parent_id = 26 ) ORDER BY sort_order DESC,add_time ASC LIMIT 0,1000   [ RunTime:0.0008s ]
SQL: SHOW COLUMNS FROM `wiki_info` [ RunTime:0.0010s ]
SQL: SHOW COLUMNS FROM `wiki_info` [ RunTime:0.0011s ]
SQL: SELECT * FROM `wiki_info` WHERE ( menu_id = 41 ) ORDER BY sort_order DESC,add_time ASC  [ RunTime:0.0016s ]
SQL: SELECT * FROM `wiki_info` WHERE ( menu_id = 31 ) ORDER BY sort_order DESC,add_time ASC  [ RunTime:0.0015s ]
SQL: SELECT * FROM `wiki_info` WHERE ( menu_id = 42 ) ORDER BY sort_order DESC,add_time ASC  [ RunTime:0.0008s ]
SQL: SELECT * FROM `wiki_info` WHERE ( menu_id = 47 ) ORDER BY sort_order DESC,add_time ASC  [ RunTime:0.0021s ]
SQL: SELECT * FROM `wiki_info` WHERE ( menu_id = 56 ) ORDER BY sort_order DESC,add_time ASC  [ RunTime:0.0009s ]
SQL: SELECT * FROM `wiki_info` WHERE ( menu_id = 27 ) ORDER BY sort_order DESC,add_time ASC  [ RunTime:0.0009s ]
SQL: SELECT * FROM `wiki_info` WHERE ( menu_id = 40 ) ORDER BY sort_order DESC,add_time ASC  [ RunTime:0.0008s ]
SQL: SELECT * FROM `wiki_info` WHERE ( menu_id = 48 ) ORDER BY sort_order DESC,add_time ASC  [ RunTime:0.0007s ]
SQL: SELECT * FROM `wiki_info` WHERE ( menu_id = 52 ) ORDER BY sort_order DESC,add_time ASC  [ RunTime:0.0009s ]
SQL: SELECT * FROM `wiki_info` WHERE ( menu_id = 53 ) ORDER BY sort_order DESC,add_time ASC  [ RunTime:0.0009s ]
SQL: SELECT * FROM `wiki_info` WHERE ( menu_id = 57 ) ORDER BY sort_order DESC,add_time ASC  [ RunTime:0.0007s ]
SQL: SELECT * FROM `wiki_info` WHERE ( menu_id = 58 ) ORDER BY sort_order DESC,add_time ASC  [ RunTime:0.0009s ]
SQL: SELECT * FROM `wiki_info` WHERE ( menu_id = 59 ) ORDER BY sort_order DESC,add_time ASC  [ RunTime:0.0008s ]
INFO: [ view_parse ] --START--
INFO: [ template_filter ] --START--
INFO: Run Behavior\ContentReplaceBehavior [ RunTime:0.000095s ]
INFO: [ template_filter ] --END-- [ RunTime:0.000169s ]
INFO: Run Behavior\ParseTemplateBehavior [ RunTime:0.012238s ]
INFO: [ view_parse ] --END-- [ RunTime:0.012297s ]
INFO: [ view_filter ] --START--
INFO: Run Behavior\WriteHtmlCacheBehavior [ RunTime:0.000334s ]
INFO: [ view_filter ] --END-- [ RunTime:0.000378s ]
INFO: [ app_end ] --START--
INFO: Run Behavior\ShowPageTraceBehavior [ RunTime:0.000661s ]
INFO: [ app_end ] --END-- [ RunTime:0.000711s ]

[ 2017-12-20T15:15:59+08:00 ] 219.137.141.128 /wiki/index.php/Home/Main/menu_add/menu_id/26.html
INFO: [ app_init ] --START--
INFO: Run Behavior\BuildLiteBehavior [ RunTime:0.000021s ]
INFO: [ app_init ] --END-- [ RunTime:0.000482s ]
INFO: [ app_begin ] --START--
INFO: Run Behavior\ReadHtmlCacheBehavior [ RunTime:0.000733s ]
INFO: [ app_begin ] --END-- [ RunTime:0.000791s ]
SQL: SHOW COLUMNS FROM `wiki_menu` [ RunTime:0.0012s ]
SQL: SHOW COLUMNS FROM `wiki_menu` [ RunTime:0.0010s ]
SQL: SELECT * FROM `wiki_menu` WHERE ( menu_id = 26 ) LIMIT 1   [ RunTime:0.0006s ]
INFO: [ view_parse ] --START--
INFO: [ template_filter ] --START--
INFO: Run Behavior\ContentReplaceBehavior [ RunTime:0.000095s ]
INFO: [ template_filter ] --END-- [ RunTime:0.000186s ]
INFO: Run Behavior\ParseTemplateBehavior [ RunTime:0.022376s ]
INFO: [ view_parse ] --END-- [ RunTime:0.022481s ]
INFO: [ view_filter ] --START--
INFO: Run Behavior\WriteHtmlCacheBehavior [ RunTime:0.000563s ]
INFO: [ view_filter ] --END-- [ RunTime:0.000626s ]
INFO: [ app_end ] --START--
INFO: Run Behavior\ShowPageTraceBehavior [ RunTime:0.000695s ]
INFO: [ app_end ] --END-- [ RunTime:0.000743s ]

[ 2017-12-20T15:16:04+08:00 ] 219.137.141.128 /wiki/index.php/Home/Main/menu_list.html
INFO: [ app_init ] --START--
INFO: Run Behavior\BuildLiteBehavior [ RunTime:0.000023s ]
INFO: [ app_init ] --END-- [ RunTime:0.000476s ]
INFO: [ app_begin ] --START--
INFO: Run Behavior\ReadHtmlCacheBehavior [ RunTime:0.000725s ]
INFO: [ app_begin ] --END-- [ RunTime:0.000791s ]
SQL: SHOW COLUMNS FROM `wiki_menu` [ RunTime:0.0012s ]
SQL: SHOW COLUMNS FROM `wiki_menu` [ RunTime:0.0010s ]
SQL: SELECT * FROM `wiki_menu` WHERE ( parent_id = 0 ) ORDER BY sort_order DESC,add_time ASC LIMIT 0,1000   [ RunTime:0.0007s ]
SQL: SELECT * FROM `wiki_menu` WHERE ( menu_id = 26 ) LIMIT 1   [ RunTime:0.0006s ]
SQL: SELECT * FROM `wiki_menu` WHERE ( parent_id = 26 ) ORDER BY sort_order DESC,add_time ASC LIMIT 0,1000   [ RunTime:0.0006s ]
SQL: SHOW COLUMNS FROM `wiki_info` [ RunTime:0.0012s ]
SQL: SHOW COLUMNS FROM `wiki_info` [ RunTime:0.0011s ]
SQL: SELECT * FROM `wiki_info` WHERE ( menu_id = 41 ) ORDER BY sort_order DESC,add_time ASC  [ RunTime:0.0014s ]
SQL: SELECT * FROM `wiki_info` WHERE ( menu_id = 31 ) ORDER BY sort_order DESC,add_time ASC  [ RunTime:0.0014s ]
SQL: SELECT * FROM `wiki_info` WHERE ( menu_id = 42 ) ORDER BY sort_order DESC,add_time ASC  [ RunTime:0.0007s ]
SQL: SELECT * FROM `wiki_info` WHERE ( menu_id = 47 ) ORDER BY sort_order DESC,add_time ASC  [ RunTime:0.0022s ]
SQL: SELECT * FROM `wiki_info` WHERE ( menu_id = 56 ) ORDER BY sort_order DESC,add_time ASC  [ RunTime:0.0034s ]
SQL: SELECT * FROM `wiki_info` WHERE ( menu_id = 27 ) ORDER BY sort_order DESC,add_time ASC  [ RunTime:0.0008s ]
SQL: SELECT * FROM `wiki_info` WHERE ( menu_id = 40 ) ORDER BY sort_order DESC,add_time ASC  [ RunTime:0.0008s ]
SQL: SELECT * FROM `wiki_info` WHERE ( menu_id = 48 ) ORDER BY sort_order DESC,add_time ASC  [ RunTime:0.0008s ]
SQL: SELECT * FROM `wiki_info` WHERE ( menu_id = 52 ) ORDER BY sort_order DESC,add_time ASC  [ RunTime:0.0009s ]
SQL: SELECT * FROM `wiki_info` WHERE ( menu_id = 53 ) ORDER BY sort_order DESC,add_time ASC  [ RunTime:0.0009s ]
SQL: SELECT * FROM `wiki_info` WHERE ( menu_id = 57 ) ORDER BY sort_order DESC,add_time ASC  [ RunTime:0.0008s ]
SQL: SELECT * FROM `wiki_info` WHERE ( menu_id = 58 ) ORDER BY sort_order DESC,add_time ASC  [ RunTime:0.0008s ]
SQL: SELECT * FROM `wiki_info` WHERE ( menu_id = 59 ) ORDER BY sort_order DESC,add_time ASC  [ RunTime:0.0008s ]
INFO: [ view_parse ] --START--
INFO: [ template_filter ] --START--
INFO: Run Behavior\ContentReplaceBehavior [ RunTime:0.000085s ]
INFO: [ template_filter ] --END-- [ RunTime:0.000137s ]
INFO: Run Behavior\ParseTemplateBehavior [ RunTime:0.010710s ]
INFO: [ view_parse ] --END-- [ RunTime:0.010774s ]
INFO: [ view_filter ] --START--
INFO: Run Behavior\WriteHtmlCacheBehavior [ RunTime:0.000326s ]
INFO: [ view_filter ] --END-- [ RunTime:0.000369s ]
INFO: [ app_end ] --START--
INFO: Run Behavior\ShowPageTraceBehavior [ RunTime:0.000590s ]
INFO: [ app_end ] --END-- [ RunTime:0.000681s ]

[ 2017-12-20T15:16:05+08:00 ] 219.137.141.128 /wiki/index.php/Home/Main/menu_list.html
INFO: [ app_init ] --START--
INFO: Run Behavior\BuildLiteBehavior [ RunTime:0.000022s ]
INFO: [ app_init ] --END-- [ RunTime:0.000491s ]
INFO: [ app_begin ] --START--
INFO: Run Behavior\ReadHtmlCacheBehavior [ RunTime:0.000848s ]
INFO: [ app_begin ] --END-- [ RunTime:0.000930s ]
SQL: SHOW COLUMNS FROM `wiki_menu` [ RunTime:0.0011s ]
SQL: SHOW COLUMNS FROM `wiki_menu` [ RunTime:0.0010s ]
SQL: SELECT * FROM `wiki_menu` WHERE ( parent_id = 0 ) ORDER BY sort_order DESC,add_time ASC LIMIT 0,1000   [ RunTime:0.0006s ]
SQL: SELECT * FROM `wiki_menu` WHERE ( menu_id = 26 ) LIMIT 1   [ RunTime:0.0006s ]
SQL: SELECT * FROM `wiki_menu` WHERE ( parent_id = 26 ) ORDER BY sort_order DESC,add_time ASC LIMIT 0,1000   [ RunTime:0.0006s ]
SQL: SHOW COLUMNS FROM `wiki_info` [ RunTime:0.0011s ]
SQL: SHOW COLUMNS FROM `wiki_info` [ RunTime:0.0011s ]
SQL: SELECT * FROM `wiki_info` WHERE ( menu_id = 41 ) ORDER BY sort_order DESC,add_time ASC  [ RunTime:0.0014s ]
SQL: SELECT * FROM `wiki_info` WHERE ( menu_id = 31 ) ORDER BY sort_order DESC,add_time ASC  [ RunTime:0.0015s ]
SQL: SELECT * FROM `wiki_info` WHERE ( menu_id = 42 ) ORDER BY sort_order DESC,add_time ASC  [ RunTime:0.0007s ]
SQL: SELECT * FROM `wiki_info` WHERE ( menu_id = 47 ) ORDER BY sort_order DESC,add_time ASC  [ RunTime:0.0022s ]
SQL: SELECT * FROM `wiki_info` WHERE ( menu_id = 56 ) ORDER BY sort_order DESC,add_time ASC  [ RunTime:0.0008s ]
SQL: SELECT * FROM `wiki_info` WHERE ( menu_id = 27 ) ORDER BY sort_order DESC,add_time ASC  [ RunTime:0.0010s ]
SQL: SELECT * FROM `wiki_info` WHERE ( menu_id = 40 ) ORDER BY sort_order DESC,add_time ASC  [ RunTime:0.0007s ]
SQL: SELECT * FROM `wiki_info` WHERE ( menu_id = 48 ) ORDER BY sort_order DESC,add_time ASC  [ RunTime:0.0008s ]
SQL: SELECT * FROM `wiki_info` WHERE ( menu_id = 52 ) ORDER BY sort_order DESC,add_time ASC  [ RunTime:0.0008s ]
SQL: SELECT * FROM `wiki_info` WHERE ( menu_id = 53 ) ORDER BY sort_order DESC,add_time ASC  [ RunTime:0.0008s ]
SQL: SELECT * FROM `wiki_info` WHERE ( menu_id = 57 ) ORDER BY sort_order DESC,add_time ASC  [ RunTime:0.0008s ]
SQL: SELECT * FROM `wiki_info` WHERE ( menu_id = 58 ) ORDER BY sort_order DESC,add_time ASC  [ RunTime:0.0009s ]
SQL: SELECT * FROM `wiki_info` WHERE ( menu_id = 59 ) ORDER BY sort_order DESC,add_time ASC  [ RunTime:0.0010s ]
INFO: [ view_parse ] --START--
INFO: [ template_filter ] --START--
INFO: Run Behavior\ContentReplaceBehavior [ RunTime:0.000106s ]
INFO: [ template_filter ] --END-- [ RunTime:0.000199s ]
INFO: Run Behavior\ParseTemplateBehavior [ RunTime:0.015086s ]
INFO: [ view_parse ] --END-- [ RunTime:0.015176s ]
INFO: [ view_filter ] --START--
INFO: Run Behavior\WriteHtmlCacheBehavior [ RunTime:0.000382s ]
INFO: [ view_filter ] --END-- [ RunTime:0.000442s ]
INFO: [ app_end ] --START--
INFO: Run Behavior\ShowPageTraceBehavior [ RunTime:0.000953s ]
INFO: [ app_end ] --END-- [ RunTime:0.001025s ]

[ 2017-12-20T15:16:07+08:00 ] 219.137.141.128 /wiki/index.php/Home/Main/menu_list.html?menu_id=49
INFO: [ app_init ] --START--
INFO: Run Behavior\BuildLiteBehavior [ RunTime:0.000025s ]
INFO: [ app_init ] --END-- [ RunTime:0.000559s ]
INFO: [ app_begin ] --START--
INFO: Run Behavior\ReadHtmlCacheBehavior [ RunTime:0.000929s ]
INFO: [ app_begin ] --END-- [ RunTime:0.001004s ]
SQL: SHOW COLUMNS FROM `wiki_menu` [ RunTime:0.0012s ]
SQL: SHOW COLUMNS FROM `wiki_menu` [ RunTime:0.0010s ]
SQL: SELECT * FROM `wiki_menu` WHERE ( parent_id = 0 ) ORDER BY sort_order DESC,add_time ASC LIMIT 0,1000   [ RunTime:0.0006s ]
SQL: SELECT * FROM `wiki_menu` WHERE ( menu_id = 49 ) LIMIT 1   [ RunTime:0.0008s ]
SQL: SELECT * FROM `wiki_menu` WHERE ( parent_id = 49 ) ORDER BY sort_order DESC,add_time ASC LIMIT 0,1000   [ RunTime:0.0010s ]
SQL: SHOW COLUMNS FROM `wiki_info` [ RunTime:0.0012s ]
SQL: SHOW COLUMNS FROM `wiki_info` [ RunTime:0.0011s ]
SQL: SELECT * FROM `wiki_info` WHERE ( menu_id = 54 ) ORDER BY sort_order DESC,add_time ASC  [ RunTime:0.0014s ]
SQL: SELECT * FROM `wiki_info` WHERE ( menu_id = 50 ) ORDER BY sort_order DESC,add_time ASC  [ RunTime:0.0014s ]
SQL: SELECT * FROM `wiki_info` WHERE ( menu_id = 55 ) ORDER BY sort_order DESC,add_time ASC  [ RunTime:0.0008s ]
INFO: [ view_parse ] --START--
INFO: [ template_filter ] --START--
INFO: Run Behavior\ContentReplaceBehavior [ RunTime:0.000096s ]
INFO: [ template_filter ] --END-- [ RunTime:0.000167s ]
INFO: Run Behavior\ParseTemplateBehavior [ RunTime:0.009878s ]
INFO: [ view_parse ] --END-- [ RunTime:0.009950s ]
INFO: [ view_filter ] --START--
INFO: Run Behavior\WriteHtmlCacheBehavior [ RunTime:0.000321s ]
INFO: [ view_filter ] --END-- [ RunTime:0.000363s ]
INFO: [ app_end ] --START--
INFO: Run Behavior\ShowPageTraceBehavior [ RunTime:0.000666s ]
INFO: [ app_end ] --END-- [ RunTime:0.000723s ]

[ 2017-12-20T15:16:09+08:00 ] 219.137.141.128 /wiki/index.php/Home/Main/menu_list.html?menu_id=26
INFO: [ app_init ] --START--
INFO: Run Behavior\BuildLiteBehavior [ RunTime:0.000027s ]
INFO: [ app_init ] --END-- [ RunTime:0.000505s ]
INFO: [ app_begin ] --START--
INFO: Run Behavior\ReadHtmlCacheBehavior [ RunTime:0.000757s ]
INFO: [ app_begin ] --END-- [ RunTime:0.000815s ]
SQL: SHOW COLUMNS FROM `wiki_menu` [ RunTime:0.0012s ]
SQL: SHOW COLUMNS FROM `wiki_menu` [ RunTime:0.0010s ]
SQL: SELECT * FROM `wiki_menu` WHERE ( parent_id = 0 ) ORDER BY sort_order DESC,add_time ASC LIMIT 0,1000   [ RunTime:0.0006s ]
SQL: SELECT * FROM `wiki_menu` WHERE ( menu_id = 26 ) LIMIT 1   [ RunTime:0.0009s ]
SQL: SELECT * FROM `wiki_menu` WHERE ( parent_id = 26 ) ORDER BY sort_order DESC,add_time ASC LIMIT 0,1000   [ RunTime:0.0007s ]
SQL: SHOW COLUMNS FROM `wiki_info` [ RunTime:0.0011s ]
SQL: SHOW COLUMNS FROM `wiki_info` [ RunTime:0.0013s ]
SQL: SELECT * FROM `wiki_info` WHERE ( menu_id = 41 ) ORDER BY sort_order DESC,add_time ASC  [ RunTime:0.0015s ]
SQL: SELECT * FROM `wiki_info` WHERE ( menu_id = 31 ) ORDER BY sort_order DESC,add_time ASC  [ RunTime:0.0015s ]
SQL: SELECT * FROM `wiki_info` WHERE ( menu_id = 42 ) ORDER BY sort_order DESC,add_time ASC  [ RunTime:0.0008s ]
SQL: SELECT * FROM `wiki_info` WHERE ( menu_id = 47 ) ORDER BY sort_order DESC,add_time ASC  [ RunTime:0.0021s ]
SQL: SELECT * FROM `wiki_info` WHERE ( menu_id = 56 ) ORDER BY sort_order DESC,add_time ASC  [ RunTime:0.0008s ]
SQL: SELECT * FROM `wiki_info` WHERE ( menu_id = 27 ) ORDER BY sort_order DESC,add_time ASC  [ RunTime:0.0009s ]
SQL: SELECT * FROM `wiki_info` WHERE ( menu_id = 40 ) ORDER BY sort_order DESC,add_time ASC  [ RunTime:0.0009s ]
SQL: SELECT * FROM `wiki_info` WHERE ( menu_id = 48 ) ORDER BY sort_order DESC,add_time ASC  [ RunTime:0.0008s ]
SQL: SELECT * FROM `wiki_info` WHERE ( menu_id = 52 ) ORDER BY sort_order DESC,add_time ASC  [ RunTime:0.0009s ]
SQL: SELECT * FROM `wiki_info` WHERE ( menu_id = 53 ) ORDER BY sort_order DESC,add_time ASC  [ RunTime:0.0009s ]
SQL: SELECT * FROM `wiki_info` WHERE ( menu_id = 57 ) ORDER BY sort_order DESC,add_time ASC  [ RunTime:0.0009s ]
SQL: SELECT * FROM `wiki_info` WHERE ( menu_id = 58 ) ORDER BY sort_order DESC,add_time ASC  [ RunTime:0.0009s ]
SQL: SELECT * FROM `wiki_info` WHERE ( menu_id = 59 ) ORDER BY sort_order DESC,add_time ASC  [ RunTime:0.0009s ]
INFO: [ view_parse ] --START--
INFO: [ template_filter ] --START--
INFO: Run Behavior\ContentReplaceBehavior [ RunTime:0.000093s ]
INFO: [ template_filter ] --END-- [ RunTime:0.000162s ]
INFO: Run Behavior\ParseTemplateBehavior [ RunTime:0.012557s ]
INFO: [ view_parse ] --END-- [ RunTime:0.012642s ]
INFO: [ view_filter ] --START--
INFO: Run Behavior\WriteHtmlCacheBehavior [ RunTime:0.000361s ]
INFO: [ view_filter ] --END-- [ RunTime:0.000442s ]
INFO: [ app_end ] --START--
INFO: Run Behavior\ShowPageTraceBehavior [ RunTime:0.000751s ]
INFO: [ app_end ] --END-- [ RunTime:0.000815s ]

[ 2017-12-20T15:16:14+08:00 ] 219.137.141.128 /wiki/index.php/Home/Main/article_add/menu_id/42.html
INFO: [ app_init ] --START--
INFO: Run Behavior\BuildLiteBehavior [ RunTime:0.000022s ]
INFO: [ app_init ] --END-- [ RunTime:0.000566s ]
INFO: [ app_begin ] --START--
INFO: Run Behavior\ReadHtmlCacheBehavior [ RunTime:0.000815s ]
INFO: [ app_begin ] --END-- [ RunTime:0.000890s ]
SQL: SHOW COLUMNS FROM `wiki_menu` [ RunTime:0.0013s ]
SQL: SHOW COLUMNS FROM `wiki_menu` [ RunTime:0.0010s ]
SQL: SELECT * FROM `wiki_menu` WHERE ( menu_id = 42 ) LIMIT 1   [ RunTime:0.0008s ]
INFO: [ view_parse ] --START--
INFO: [ template_filter ] --START--
INFO: Run Behavior\ContentReplaceBehavior [ RunTime:0.000143s ]
INFO: [ template_filter ] --END-- [ RunTime:0.000237s ]
INFO: Run Behavior\ParseTemplateBehavior [ RunTime:0.025253s ]
INFO: [ view_parse ] --END-- [ RunTime:0.025370s ]
INFO: [ view_filter ] --START--
INFO: Run Behavior\WriteHtmlCacheBehavior [ RunTime:0.000578s ]
INFO: [ view_filter ] --END-- [ RunTime:0.000654s ]
INFO: [ app_end ] --START--
INFO: Run Behavior\ShowPageTraceBehavior [ RunTime:0.001194s ]
INFO: [ app_end ] --END-- [ RunTime:0.001277s ]

[ 2017-12-20T15:16:55+08:00 ] 219.137.141.128 /wiki/index.php/Home/Main/main/menu_id/59.html
INFO: [ app_init ] --START--
INFO: Run Behavior\BuildLiteBehavior [ RunTime:0.000020s ]
INFO: [ app_init ] --END-- [ RunTime:0.000494s ]
INFO: [ app_begin ] --START--
INFO: Run Behavior\ReadHtmlCacheBehavior [ RunTime:0.000702s ]
INFO: [ app_begin ] --END-- [ RunTime:0.000757s ]
SQL: SHOW COLUMNS FROM `wiki_menu` [ RunTime:0.0012s ]
SQL: SHOW COLUMNS FROM `wiki_menu` [ RunTime:0.0010s ]
SQL: SELECT * FROM `wiki_menu` WHERE ( menu_id = 59 ) LIMIT 1   [ RunTime:0.0008s ]
SQL: SHOW COLUMNS FROM `wiki_info` [ RunTime:0.0011s ]
SQL: SHOW COLUMNS FROM `wiki_info` [ RunTime:0.0011s ]
SQL: SELECT * FROM `wiki_info` WHERE ( menu_id = 59 ) ORDER BY sort_order DESC,add_time ASC  [ RunTime:0.0019s ]
INFO: [ view_parse ] --START--
INFO: [ template_filter ] --START--
INFO: Run Behavior\ContentReplaceBehavior [ RunTime:0.000159s ]
INFO: [ template_filter ] --END-- [ RunTime:0.000267s ]
INFO: Run Behavior\ParseTemplateBehavior [ RunTime:0.014361s ]
INFO: [ view_parse ] --END-- [ RunTime:0.014418s ]
INFO: [ view_filter ] --START--
INFO: Run Behavior\WriteHtmlCacheBehavior [ RunTime:0.000376s ]
INFO: [ view_filter ] --END-- [ RunTime:0.000419s ]
INFO: [ app_end ] --START--
INFO: Run Behavior\ShowPageTraceBehavior [ RunTime:0.000662s ]
INFO: [ app_end ] --END-- [ RunTime:0.000719s ]

